2025-10-10 12:41:39.590 [info] [main] Log level: Info
2025-10-10 12:41:39.590 [info] [main] Validating found git in: "git"
2025-10-10 12:41:39.590 [info] [main] Using git "2.51.0" from "git"
2025-10-10 12:41:39.590 [info] [Model][doInitialScan] Initial repository scan started
2025-10-10 12:41:39.590 [info] > git rev-parse --show-toplevel [1ms]
2025-10-10 12:41:39.590 [info] fatal: not a git repository (or any parent up to mount point /)
Stopping at filesystem boundary (GIT_DISCOVERY_ACROSS_FILESYSTEM not set).
2025-10-10 12:41:39.590 [info] [Model][doInitialScan] Initial repository scan completed - repositories (0), closed repositories (0), parent repositories (0), unsafe repositories (0)
2025-10-10 12:41:39.616 [info] > git rev-parse --show-toplevel [3ms]
2025-10-10 12:41:39.616 [info] fatal: not a git repository (or any parent up to mount point /)
Stopping at filesystem boundary (GIT_DISCOVERY_ACROSS_FILESYSTEM not set).
2025-10-10 12:41:39.760 [info] > git rev-parse --show-toplevel [0ms]
2025-10-10 12:41:39.760 [info] fatal: not a git repository (or any parent up to mount point /)
Stopping at filesystem boundary (GIT_DISCOVERY_ACROSS_FILESYSTEM not set).
2025-10-10 12:41:41.404 [info] > git rev-parse --show-toplevel [2ms]
2025-10-10 12:41:41.404 [info] fatal: not a git repository (or any parent up to mount point /)
Stopping at filesystem boundary (GIT_DISCOVERY_ACROSS_FILESYSTEM not set).
2025-10-10 12:41:42.272 [info] > git rev-parse --show-toplevel [1ms]
2025-10-10 12:41:42.272 [info] fatal: not a git repository (or any parent up to mount point /)
Stopping at filesystem boundary (GIT_DISCOVERY_ACROSS_FILESYSTEM not set).
2025-10-10 12:41:42.495 [info] > git rev-parse --show-toplevel [0ms]
2025-10-10 12:41:42.495 [info] fatal: not a git repository (or any parent up to mount point /)
Stopping at filesystem boundary (GIT_DISCOVERY_ACROSS_FILESYSTEM not set).
2025-10-10 12:41:47.409 [info] > git rev-parse --show-toplevel [52ms]
2025-10-10 12:41:47.409 [info] fatal: not a git repository (or any parent up to mount point /)
Stopping at filesystem boundary (GIT_DISCOVERY_ACROSS_FILESYSTEM not set).
2025-10-10 12:41:47.976 [info] > git rev-parse --show-toplevel [6ms]
2025-10-10 12:41:47.976 [info] fatal: not a git repository (or any parent up to mount point /)
Stopping at filesystem boundary (GIT_DISCOVERY_ACROSS_FILESYSTEM not set).
2025-10-10 12:41:51.309 [info] > git rev-parse --show-toplevel [0ms]
2025-10-10 12:41:51.309 [info] fatal: not a git repository (or any parent up to mount point /)
Stopping at filesystem boundary (GIT_DISCOVERY_ACROSS_FILESYSTEM not set).
2025-10-10 12:41:51.343 [info] > git rev-parse --show-toplevel [1ms]
2025-10-10 12:41:51.343 [info] fatal: not a git repository (or any parent up to mount point /)
Stopping at filesystem boundary (GIT_DISCOVERY_ACROSS_FILESYSTEM not set).
2025-10-10 12:41:51.799 [info] > git rev-parse --show-toplevel [0ms]
2025-10-10 12:41:51.799 [info] fatal: not a git repository (or any parent up to mount point /)
Stopping at filesystem boundary (GIT_DISCOVERY_ACROSS_FILESYSTEM not set).
2025-10-10 12:42:31.959 [info] > git rev-parse --show-toplevel [1ms]
2025-10-10 12:42:31.959 [info] fatal: not a git repository (or any parent up to mount point /)
Stopping at filesystem boundary (GIT_DISCOVERY_ACROSS_FILESYSTEM not set).
2025-10-10 12:42:39.651 [info] > git rev-parse --show-toplevel [1ms]
2025-10-10 12:42:39.651 [info] fatal: not a git repository (or any parent up to mount point /)
Stopping at filesystem boundary (GIT_DISCOVERY_ACROSS_FILESYSTEM not set).
2025-10-10 12:42:50.514 [info] [main] Log level: Info
2025-10-10 12:42:50.514 [info] [main] Validating found git in: "git"
2025-10-10 12:42:50.514 [info] [main] Using git "2.51.0" from "git"
2025-10-10 12:42:50.514 [info] [Model][doInitialScan] Initial repository scan started
2025-10-10 12:42:50.514 [info] > git rev-parse --show-toplevel [4ms]
2025-10-10 12:42:50.514 [info] fatal: not a git repository (or any parent up to mount point /)
Stopping at filesystem boundary (GIT_DISCOVERY_ACROSS_FILESYSTEM not set).
2025-10-10 12:42:50.514 [info] > git rev-parse --show-toplevel [1ms]
2025-10-10 12:42:50.514 [info] fatal: not a git repository (or any parent up to mount point /)
Stopping at filesystem boundary (GIT_DISCOVERY_ACROSS_FILESYSTEM not set).
2025-10-10 12:42:50.517 [info] [Model][doInitialScan] Initial repository scan completed - repositories (0), closed repositories (0), parent repositories (0), unsafe repositories (0)
2025-10-10 12:43:13.694 [info] > git rev-parse --show-toplevel [1ms]
2025-10-10 12:43:13.694 [info] fatal: not a git repository (or any parent up to mount point /)
Stopping at filesystem boundary (GIT_DISCOVERY_ACROSS_FILESYSTEM not set).
2025-10-10 12:43:13.931 [info] > git rev-parse --show-toplevel [0ms]
2025-10-10 12:43:13.931 [info] fatal: not a git repository (or any parent up to mount point /)
Stopping at filesystem boundary (GIT_DISCOVERY_ACROSS_FILESYSTEM not set).
2025-10-10 12:43:41.422 [info] > git rev-parse --show-toplevel [0ms]
2025-10-10 12:43:41.422 [info] fatal: not a git repository (or any parent up to mount point /)
Stopping at filesystem boundary (GIT_DISCOVERY_ACROSS_FILESYSTEM not set).
2025-10-10 12:44:19.628 [info] > git rev-parse --show-toplevel [2ms]
2025-10-10 12:44:19.628 [info] fatal: not a git repository (or any parent up to mount point /)
Stopping at filesystem boundary (GIT_DISCOVERY_ACROSS_FILESYSTEM not set).
2025-10-10 12:45:03.105 [info] > git rev-parse --show-toplevel [1ms]
2025-10-10 12:45:03.105 [info] fatal: not a git repository (or any parent up to mount point /)
Stopping at filesystem boundary (GIT_DISCOVERY_ACROSS_FILESYSTEM not set).
2025-10-10 14:10:49.676 [info] > git rev-parse --show-toplevel [1ms]
2025-10-10 14:10:49.677 [info] fatal: not a git repository (or any parent up to mount point /)
Stopping at filesystem boundary (GIT_DISCOVERY_ACROSS_FILESYSTEM not set).
2025-10-10 14:11:18.937 [info] [main] Log level: Info
2025-10-10 14:11:18.937 [info] [main] Validating found git in: "git"
2025-10-10 14:11:18.937 [info] [main] Using git "2.51.0" from "git"
2025-10-10 14:11:18.937 [info] [Model][doInitialScan] Initial repository scan started
2025-10-10 14:11:18.937 [info] > git rev-parse --show-toplevel [6ms]
2025-10-10 14:11:18.937 [info] fatal: not a git repository (or any parent up to mount point /)
Stopping at filesystem boundary (GIT_DISCOVERY_ACROSS_FILESYSTEM not set).
2025-10-10 14:11:18.937 [info] > git rev-parse --show-toplevel [2ms]
2025-10-10 14:11:18.937 [info] fatal: not a git repository (or any parent up to mount point /)
Stopping at filesystem boundary (GIT_DISCOVERY_ACROSS_FILESYSTEM not set).
2025-10-10 14:11:18.937 [info] [Model][doInitialScan] Initial repository scan completed - repositories (0), closed repositories (0), parent repositories (0), unsafe repositories (0)
2025-10-10 14:11:19.516 [info] > git rev-parse --show-toplevel [1ms]
2025-10-10 14:11:19.516 [info] fatal: not a git repository (or any parent up to mount point /)
Stopping at filesystem boundary (GIT_DISCOVERY_ACROSS_FILESYSTEM not set).
2025-10-10 14:11:20.085 [info] > git rev-parse --show-toplevel [2ms]
2025-10-10 14:11:20.085 [info] fatal: not a git repository (or any parent up to mount point /)
Stopping at filesystem boundary (GIT_DISCOVERY_ACROSS_FILESYSTEM not set).
2025-10-10 14:11:24.940 [info] [main] Log level: Info
2025-10-10 14:11:24.940 [info] [main] Validating found git in: "git"
2025-10-10 14:11:24.940 [info] [main] Using git "2.51.0" from "git"
2025-10-10 14:11:24.940 [info] [Model][doInitialScan] Initial repository scan started
2025-10-10 14:11:24.940 [info] > git rev-parse --show-toplevel [8ms]
2025-10-10 14:11:24.940 [info] fatal: not a git repository (or any parent up to mount point /)
Stopping at filesystem boundary (GIT_DISCOVERY_ACROSS_FILESYSTEM not set).
2025-10-10 14:11:24.940 [info] [Model][doInitialScan] Initial repository scan completed - repositories (0), closed repositories (0), parent repositories (0), unsafe repositories (0)
2025-10-10 14:11:26.974 [info] > git rev-parse --show-toplevel [1ms]
2025-10-10 14:11:26.974 [info] fatal: not a git repository (or any parent up to mount point /)
Stopping at filesystem boundary (GIT_DISCOVERY_ACROSS_FILESYSTEM not set).
2025-10-10 14:11:30.174 [info] > git rev-parse --show-toplevel [5ms]
2025-10-10 14:11:30.174 [info] fatal: not a git repository (or any parent up to mount point /)
Stopping at filesystem boundary (GIT_DISCOVERY_ACROSS_FILESYSTEM not set).
2025-10-10 14:11:31.139 [info] > git rev-parse --show-toplevel [1ms]
2025-10-10 14:11:31.139 [info] fatal: not a git repository (or any parent up to mount point /)
Stopping at filesystem boundary (GIT_DISCOVERY_ACROSS_FILESYSTEM not set).
2025-10-10 14:12:55.675 [info] > git rev-parse --show-toplevel [1ms]
2025-10-10 14:12:55.675 [info] fatal: not a git repository (or any parent up to mount point /)
Stopping at filesystem boundary (GIT_DISCOVERY_ACROSS_FILESYSTEM not set).
2025-10-10 14:16:24.499 [info] > git rev-parse --show-toplevel [1ms]
2025-10-10 14:16:24.499 [info] fatal: not a git repository (or any parent up to mount point /)
Stopping at filesystem boundary (GIT_DISCOVERY_ACROSS_FILESYSTEM not set).
2025-10-10 14:16:28.635 [info] > git rev-parse --show-toplevel [1ms]
2025-10-10 14:16:28.635 [info] fatal: not a git repository (or any parent up to mount point /)
Stopping at filesystem boundary (GIT_DISCOVERY_ACROSS_FILESYSTEM not set).
2025-10-10 14:16:31.756 [info] > git rev-parse --show-toplevel [1ms]
2025-10-10 14:16:31.756 [info] fatal: not a git repository (or any parent up to mount point /)
Stopping at filesystem boundary (GIT_DISCOVERY_ACROSS_FILESYSTEM not set).
2025-10-10 14:16:42.704 [info] > git rev-parse --show-toplevel [2ms]
2025-10-10 14:16:42.704 [info] fatal: not a git repository (or any parent up to mount point /)
Stopping at filesystem boundary (GIT_DISCOVERY_ACROSS_FILESYSTEM not set).
2025-10-10 14:16:42.750 [info] > git rev-parse --show-toplevel [2ms]
2025-10-10 14:16:42.750 [info] fatal: not a git repository (or any parent up to mount point /)
Stopping at filesystem boundary (GIT_DISCOVERY_ACROSS_FILESYSTEM not set).
2025-10-10 14:16:44.711 [info] > git rev-parse --show-toplevel [1ms]
2025-10-10 14:16:44.711 [info] fatal: not a git repository (or any parent up to mount point /)
Stopping at filesystem boundary (GIT_DISCOVERY_ACROSS_FILESYSTEM not set).
2025-10-10 14:19:13.762 [info] > git rev-parse --show-toplevel [1ms]
2025-10-10 14:19:13.762 [info] fatal: not a git repository (or any parent up to mount point /)
Stopping at filesystem boundary (GIT_DISCOVERY_ACROSS_FILESYSTEM not set).
2025-10-10 14:24:33.148 [info] [main] Log level: Info
2025-10-10 14:24:33.148 [info] [main] Validating found git in: "git"
2025-10-10 14:24:33.148 [info] [main] Using git "2.51.0" from "git"
2025-10-10 14:24:33.148 [info] [Model][doInitialScan] Initial repository scan started
2025-10-10 14:24:33.148 [info] > git rev-parse --show-toplevel [5ms]
2025-10-10 14:24:33.148 [info] fatal: not a git repository (or any parent up to mount point /)
Stopping at filesystem boundary (GIT_DISCOVERY_ACROSS_FILESYSTEM not set).
2025-10-10 14:24:33.150 [info] > git rev-parse --show-toplevel [6ms]
2025-10-10 14:24:33.150 [info] fatal: not a git repository (or any parent up to mount point /)
Stopping at filesystem boundary (GIT_DISCOVERY_ACROSS_FILESYSTEM not set).
2025-10-10 14:24:33.153 [info] [Model][doInitialScan] Initial repository scan completed - repositories (0), closed repositories (0), parent repositories (0), unsafe repositories (0)
2025-10-10 14:24:33.270 [info] > git rev-parse --show-toplevel [7ms]
2025-10-10 14:24:33.270 [info] fatal: not a git repository (or any parent up to mount point /)
Stopping at filesystem boundary (GIT_DISCOVERY_ACROSS_FILESYSTEM not set).
2025-10-10 14:24:33.357 [info] > git rev-parse --show-toplevel [1ms]
2025-10-10 14:24:33.357 [info] fatal: not a git repository (or any parent up to mount point /)
Stopping at filesystem boundary (GIT_DISCOVERY_ACROSS_FILESYSTEM not set).
2025-10-10 14:24:33.460 [info] > git rev-parse --show-toplevel [1ms]
2025-10-10 14:24:33.460 [info] fatal: not a git repository (or any parent up to mount point /)
Stopping at filesystem boundary (GIT_DISCOVERY_ACROSS_FILESYSTEM not set).
2025-10-10 14:24:34.117 [info] > git rev-parse --show-toplevel [1ms]
2025-10-10 14:24:34.117 [info] fatal: not a git repository (or any parent up to mount point /)
Stopping at filesystem boundary (GIT_DISCOVERY_ACROSS_FILESYSTEM not set).
2025-10-10 14:34:20.889 [info] > git rev-parse --show-toplevel [4ms]
2025-10-10 14:34:20.889 [info] fatal: not a git repository (or any parent up to mount point /)
Stopping at filesystem boundary (GIT_DISCOVERY_ACROSS_FILESYSTEM not set).
2025-10-10 14:34:23.443 [info] > git rev-parse --show-toplevel [2ms]
2025-10-10 14:34:23.443 [info] fatal: not a git repository (or any parent up to mount point /)
Stopping at filesystem boundary (GIT_DISCOVERY_ACROSS_FILESYSTEM not set).
2025-10-10 14:34:32.164 [info] > git rev-parse --show-toplevel [1ms]
2025-10-10 14:34:32.164 [info] fatal: not a git repository (or any parent up to mount point /)
Stopping at filesystem boundary (GIT_DISCOVERY_ACROSS_FILESYSTEM not set).
2025-10-10 14:34:34.801 [info] > git rev-parse --show-toplevel [1ms]
2025-10-10 14:34:34.801 [info] fatal: not a git repository (or any parent up to mount point /)
Stopping at filesystem boundary (GIT_DISCOVERY_ACROSS_FILESYSTEM not set).
2025-10-10 14:39:54.418 [info] > git rev-parse --show-toplevel [1ms]
2025-10-10 14:39:54.418 [info] fatal: not a git repository (or any parent up to mount point /)
Stopping at filesystem boundary (GIT_DISCOVERY_ACROSS_FILESYSTEM not set).
2025-10-10 14:39:57.476 [info] > git rev-parse --show-toplevel [1ms]
2025-10-10 14:39:57.476 [info] fatal: not a git repository (or any parent up to mount point /)
Stopping at filesystem boundary (GIT_DISCOVERY_ACROSS_FILESYSTEM not set).
2025-10-10 14:39:57.803 [info] > git rev-parse --show-toplevel [1ms]
2025-10-10 14:39:57.803 [info] fatal: not a git repository (or any parent up to mount point /)
Stopping at filesystem boundary (GIT_DISCOVERY_ACROSS_FILESYSTEM not set).
2025-10-10 14:40:24.567 [info] > git rev-parse --show-toplevel [1ms]
2025-10-10 14:40:24.567 [info] fatal: not a git repository (or any parent up to mount point /)
Stopping at filesystem boundary (GIT_DISCOVERY_ACROSS_FILESYSTEM not set).
2025-10-10 14:40:27.271 [info] > git rev-parse --show-toplevel [1ms]
2025-10-10 14:40:27.271 [info] fatal: not a git repository (or any parent up to mount point /)
Stopping at filesystem boundary (GIT_DISCOVERY_ACROSS_FILESYSTEM not set).
2025-10-10 14:41:54.164 [info] > git rev-parse --show-toplevel [2ms]
2025-10-10 14:41:54.164 [info] fatal: not a git repository (or any parent up to mount point /)
Stopping at filesystem boundary (GIT_DISCOVERY_ACROSS_FILESYSTEM not set).
