2025-10-17 18:36:03.103 [info] [main] Log level: Info
2025-10-17 18:36:03.103 [info] [main] Validating found git in: "git"
2025-10-17 18:36:03.103 [info] [main] Using git "2.51.1.dirty" from "git"
2025-10-17 18:36:03.103 [info] [Model][doInitialScan] Initial repository scan started
2025-10-17 18:36:03.103 [info] > git rev-parse --show-toplevel [4ms]
2025-10-17 18:36:03.103 [info] fatal: not a git repository (or any parent up to mount point /)
Stopping at filesystem boundary (GIT_DISCOVERY_ACROSS_FILESYSTEM not set).
2025-10-17 18:36:03.103 [info] > git rev-parse --show-toplevel [2ms]
2025-10-17 18:36:03.103 [info] fatal: not a git repository (or any parent up to mount point /)
Stopping at filesystem boundary (GIT_DISCOVERY_ACROSS_FILESYSTEM not set).
2025-10-17 18:36:03.103 [info] > git rev-parse --show-toplevel [2ms]
2025-10-17 18:36:03.103 [info] fatal: not a git repository (or any parent up to mount point /)
Stopping at filesystem boundary (GIT_DISCOVERY_ACROSS_FILESYSTEM not set).
2025-10-17 18:36:03.103 [info] > git rev-parse --show-toplevel [2ms]
2025-10-17 18:36:03.103 [info] fatal: not a git repository (or any parent up to mount point /)
Stopping at filesystem boundary (GIT_DISCOVERY_ACROSS_FILESYSTEM not set).
2025-10-17 18:36:03.103 [info] [Model][doInitialScan] Initial repository scan completed - repositories (0), closed repositories (0), parent repositories (0), unsafe repositories (0)
2025-10-17 18:36:03.350 [info] > git rev-parse --show-toplevel [6ms]
2025-10-17 18:36:03.350 [info] fatal: not a git repository (or any parent up to mount point /)
Stopping at filesystem boundary (GIT_DISCOVERY_ACROSS_FILESYSTEM not set).
2025-10-17 18:36:03.621 [info] > git rev-parse --show-toplevel [2ms]
2025-10-17 18:36:03.621 [info] fatal: not a git repository (or any parent up to mount point /)
Stopping at filesystem boundary (GIT_DISCOVERY_ACROSS_FILESYSTEM not set).
2025-10-17 18:36:03.698 [info] > git rev-parse --show-toplevel [2ms]
2025-10-17 18:36:03.698 [info] fatal: not a git repository (or any parent up to mount point /)
Stopping at filesystem boundary (GIT_DISCOVERY_ACROSS_FILESYSTEM not set).
2025-10-17 18:36:03.905 [info] > git rev-parse --show-toplevel [2ms]
2025-10-17 18:36:03.905 [info] fatal: not a git repository (or any parent up to mount point /)
Stopping at filesystem boundary (GIT_DISCOVERY_ACROSS_FILESYSTEM not set).
2025-10-17 18:36:12.435 [info] [main] Log level: Info
2025-10-17 18:36:12.435 [info] [main] Validating found git in: "git"
2025-10-17 18:36:12.435 [info] [main] Using git "2.51.1.dirty" from "git"
2025-10-17 18:36:12.435 [info] [Model][doInitialScan] Initial repository scan started
2025-10-17 18:36:12.435 [info] > git rev-parse --show-toplevel [19ms]
2025-10-17 18:36:12.438 [info] > git rev-parse --git-dir --git-common-dir --show-superproject-working-tree [33ms]
2025-10-17 18:36:12.450 [info] [Model][openRepository] Opened repository (path): /home/arshan/Code/scripts
2025-10-17 18:36:12.450 [info] [Model][openRepository] Opened repository (real path): /home/arshan/Code/scripts
2025-10-17 18:36:12.450 [info] [Model][openRepository] Opened repository (kind): repository
2025-10-17 18:36:12.469 [info] > git rev-parse --show-toplevel [5ms]
2025-10-17 18:36:12.471 [info] [Model][doInitialScan] Initial repository scan completed - repositories (1), closed repositories (0), parent repositories (0), unsafe repositories (0)
2025-10-17 18:36:12.471 [info] > git config --get commit.template [11ms]
2025-10-17 18:36:12.503 [info] > git for-each-ref --format=%(refname)%00%(upstream:short)%00%(objectname)%00%(upstream:track)%00%(upstream:remotename)%00%(upstream:remoteref) refs/heads/main refs/remotes/main [26ms]
2025-10-17 18:36:12.521 [info] > git status -z -uall [5ms]
2025-10-17 18:36:12.522 [info] > git for-each-ref --sort -committerdate --format %(refname)%00%(objectname)%00%(*objectname) [2ms]
2025-10-17 18:36:12.558 [info] > git for-each-ref --format=%(refname)%00%(upstream:short)%00%(objectname)%00%(upstream:track)%00%(upstream:remotename)%00%(upstream:remoteref) refs/heads/main refs/remotes/main [17ms]
2025-10-17 18:36:12.622 [info] > git config --get --local branch.main.vscode-merge-base [58ms]
2025-10-17 18:36:12.622 [warning] [Git][config] git config failed: Failed to execute git
2025-10-17 18:36:12.625 [info] > git config --get commit.template [76ms]
2025-10-17 18:36:12.654 [info] > git reflog main --grep-reflog=branch: Created from *. [29ms]
2025-10-17 18:36:12.664 [info] > git symbolic-ref --short refs/remotes/origin/HEAD [6ms]
2025-10-17 18:36:12.664 [info] fatal: ref refs/remotes/origin/HEAD is not a symbolic ref
2025-10-17 18:36:12.664 [warning] [Repository][getDefaultBranch] Failed to get default branch details: Failed to execute git.
2025-10-17 18:36:12.670 [info] > git merge-base refs/heads/main refs/remotes/origin/main [3ms]
2025-10-17 18:36:12.675 [info] > git for-each-ref --format=%(refname)%00%(upstream:short)%00%(objectname)%00%(upstream:track)%00%(upstream:remotename)%00%(upstream:remoteref) refs/heads/main refs/remotes/main [13ms]
2025-10-17 18:36:12.677 [info] > git diff --name-status -z --diff-filter=ADMR cb9cdbbc96466fe40bf69530e512111b65b93fee...refs/remotes/origin/main [2ms]
2025-10-17 18:36:12.694 [info] > git status -z -uall [13ms]
2025-10-17 18:36:12.695 [info] > git for-each-ref --sort -committerdate --format %(refname)%00%(objectname)%00%(*objectname) [8ms]
2025-10-17 18:36:13.131 [info] > git check-ignore -v -z --stdin [49ms]
2025-10-17 18:36:14.577 [info] > git show --textconv :nvidiacheck.sh [5ms]
2025-10-17 18:36:14.578 [info] > git ls-files --stage -- nvidiacheck.sh [1ms]
2025-10-17 18:36:14.583 [info] > git cat-file -s 3a52dee588721e76cf5a6cc686674b087e229d18 [1ms]
2025-10-17 18:36:15.079 [info] > git blame --root --incremental cb9cdbbc96466fe40bf69530e512111b65b93fee -- nvidiacheck.sh [5ms]
2025-10-17 18:36:31.552 [info] > git show --textconv :ilt [4ms]
2025-10-17 18:36:31.555 [info] > git ls-files --stage -- ilt [3ms]
2025-10-17 18:36:31.558 [info] > git hash-object -t tree /dev/null [3ms]
2025-10-17 18:36:31.558 [warning] [GitFileSystemProvider][readFile] File not found - git:/home/arshan/Code/scripts/ilt.git?%7B%22path%22%3A%22%2Fhome%2Farshan%2FCode%2Fscripts%2Filt%22%2C%22ref%22%3A%22%22%7D
2025-10-17 18:36:31.559 [info] > git hash-object -t tree /dev/null [1ms]
2025-10-17 18:36:31.559 [warning] [GitFileSystemProvider][stat] File not found - git:/home/arshan/Code/scripts/ilt.git?%7B%22path%22%3A%22%2Fhome%2Farshan%2FCode%2Fscripts%2Filt%22%2C%22ref%22%3A%22%22%7D
2025-10-17 18:36:31.833 [info] > git check-ignore -v -z --stdin [1ms]
2025-10-17 18:36:32.392 [info] > git config --get commit.template [4ms]
2025-10-17 18:36:32.392 [info] > git for-each-ref --format=%(refname)%00%(upstream:short)%00%(objectname)%00%(upstream:track)%00%(upstream:remotename)%00%(upstream:remoteref) refs/heads/main refs/remotes/main [1ms]
2025-10-17 18:36:32.398 [info] > git status -z -uall [3ms]
2025-10-17 18:36:32.398 [info] > git for-each-ref --sort -committerdate --format %(refname)%00%(objectname)%00%(*objectname) [0ms]
2025-10-17 18:36:37.508 [info] > git show --textconv :ilt.py [5ms]
2025-10-17 18:36:37.509 [warning] [GitFileSystemProvider][readFile] File not found - git:/home/arshan/Code/scripts/ilt.py.git?%7B%22path%22%3A%22%2Fhome%2Farshan%2FCode%2Fscripts%2Filt.py%22%2C%22ref%22%3A%22%22%7D
2025-10-17 18:36:37.510 [info] > git ls-files --stage -- ilt.py [3ms]
2025-10-17 18:36:37.511 [warning] [GitFileSystemProvider][stat] File not found - git:/home/arshan/Code/scripts/ilt.py.git?%7B%22path%22%3A%22%2Fhome%2Farshan%2FCode%2Fscripts%2Filt.py%22%2C%22ref%22%3A%22%22%7D
2025-10-17 18:36:37.787 [info] > git check-ignore -v -z --stdin [1ms]
2025-10-17 18:36:38.410 [info] > git config --get commit.template [10ms]
2025-10-17 18:36:38.415 [info] > git for-each-ref --format=%(refname)%00%(upstream:short)%00%(objectname)%00%(upstream:track)%00%(upstream:remotename)%00%(upstream:remoteref) refs/heads/main refs/remotes/main [1ms]
2025-10-17 18:36:38.425 [info] > git status -z -uall [4ms]
2025-10-17 18:36:38.426 [info] > git for-each-ref --sort -committerdate --format %(refname)%00%(objectname)%00%(*objectname) [1ms]
2025-10-17 18:36:51.569 [info] > git config --get commit.template [11ms]
2025-10-17 18:36:51.571 [info] > git for-each-ref --format=%(refname)%00%(upstream:short)%00%(objectname)%00%(upstream:track)%00%(upstream:remotename)%00%(upstream:remoteref) refs/heads/main refs/remotes/main [2ms]
2025-10-17 18:36:51.585 [info] > git status -z -uall [6ms]
2025-10-17 18:36:51.587 [info] > git for-each-ref --sort -committerdate --format %(refname)%00%(objectname)%00%(*objectname) [3ms]
2025-10-17 18:37:01.000 [info] > git config --get commit.template [2ms]
2025-10-17 18:37:01.005 [info] > git for-each-ref --format=%(refname)%00%(upstream:short)%00%(objectname)%00%(upstream:track)%00%(upstream:remotename)%00%(upstream:remoteref) refs/heads/main refs/remotes/main [1ms]
2025-10-17 18:37:01.015 [info] > git status -z -uall [6ms]
2025-10-17 18:37:01.015 [info] > git for-each-ref --sort -committerdate --format %(refname)%00%(objectname)%00%(*objectname) [1ms]
2025-10-17 18:38:15.567 [info] > git config --get commit.template [14ms]
2025-10-17 18:38:15.568 [info] > git for-each-ref --format=%(refname)%00%(upstream:short)%00%(objectname)%00%(upstream:track)%00%(upstream:remotename)%00%(upstream:remoteref) refs/heads/main refs/remotes/main [3ms]
2025-10-17 18:38:15.582 [info] > git status -z -uall [4ms]
2025-10-17 18:38:15.582 [info] > git for-each-ref --sort -committerdate --format %(refname)%00%(objectname)%00%(*objectname) [1ms]
2025-10-17 18:38:20.531 [info] > git show --textconv :ilt. [4ms]
2025-10-17 18:38:20.531 [warning] [GitFileSystemProvider][readFile] File not found - git:/home/arshan/Code/scripts/ilt..git?%7B%22path%22%3A%22%2Fhome%2Farshan%2FCode%2Fscripts%2Filt.%22%2C%22ref%22%3A%22%22%7D
2025-10-17 18:38:20.532 [info] > git ls-files --stage -- ilt. [1ms]
2025-10-17 18:38:20.532 [warning] [GitFileSystemProvider][stat] File not found - git:/home/arshan/Code/scripts/ilt..git?%7B%22path%22%3A%22%2Fhome%2Farshan%2FCode%2Fscripts%2Filt.%22%2C%22ref%22%3A%22%22%7D
2025-10-17 18:38:20.807 [info] > git check-ignore -v -z --stdin [1ms]
2025-10-17 18:38:21.361 [info] > git config --get commit.template [1ms]
2025-10-17 18:38:21.364 [info] > git for-each-ref --format=%(refname)%00%(upstream:short)%00%(objectname)%00%(upstream:track)%00%(upstream:remotename)%00%(upstream:remoteref) refs/heads/main refs/remotes/main [1ms]
2025-10-17 18:38:21.371 [info] > git status -z -uall [4ms]
2025-10-17 18:38:21.372 [info] > git for-each-ref --sort -committerdate --format %(refname)%00%(objectname)%00%(*objectname) [1ms]
2025-10-17 18:38:26.036 [info] > git show --textconv :ilt.gp [4ms]
2025-10-17 18:38:26.037 [warning] [GitFileSystemProvider][readFile] File not found - git:/home/arshan/Code/scripts/ilt.gp.git?%7B%22path%22%3A%22%2Fhome%2Farshan%2FCode%2Fscripts%2Filt.gp%22%2C%22ref%22%3A%22%22%7D
2025-10-17 18:38:26.037 [info] > git ls-files --stage -- ilt.gp [2ms]
2025-10-17 18:38:26.038 [warning] [GitFileSystemProvider][stat] File not found - git:/home/arshan/Code/scripts/ilt.gp.git?%7B%22path%22%3A%22%2Fhome%2Farshan%2FCode%2Fscripts%2Filt.gp%22%2C%22ref%22%3A%22%22%7D
2025-10-17 18:38:26.325 [info] > git check-ignore -v -z --stdin [0ms]
2025-10-17 18:38:26.889 [info] > git config --get commit.template [4ms]
2025-10-17 18:38:26.889 [info] > git for-each-ref --format=%(refname)%00%(upstream:short)%00%(objectname)%00%(upstream:track)%00%(upstream:remotename)%00%(upstream:remoteref) refs/heads/main refs/remotes/main [1ms]
2025-10-17 18:38:26.894 [info] > git status -z -uall [2ms]
2025-10-17 18:38:26.895 [info] > git for-each-ref --sort -committerdate --format %(refname)%00%(objectname)%00%(*objectname) [1ms]
2025-10-17 18:38:28.959 [info] > git show --textconv :ilt.go [18ms]
2025-10-17 18:38:28.961 [warning] [GitFileSystemProvider][readFile] File not found - git:/home/arshan/Code/scripts/ilt.go.git?%7B%22path%22%3A%22%2Fhome%2Farshan%2FCode%2Fscripts%2Filt.go%22%2C%22ref%22%3A%22%22%7D
2025-10-17 18:38:28.962 [info] > git ls-files --stage -- ilt.go [10ms]
2025-10-17 18:38:28.962 [warning] [GitFileSystemProvider][stat] File not found - git:/home/arshan/Code/scripts/ilt.go.git?%7B%22path%22%3A%22%2Fhome%2Farshan%2FCode%2Fscripts%2Filt.go%22%2C%22ref%22%3A%22%22%7D
2025-10-17 18:38:29.229 [info] > git check-ignore -v -z --stdin [1ms]
2025-10-17 18:38:31.904 [info] > git config --get commit.template [3ms]
2025-10-17 18:38:31.904 [info] > git for-each-ref --format=%(refname)%00%(upstream:short)%00%(objectname)%00%(upstream:track)%00%(upstream:remotename)%00%(upstream:remoteref) refs/heads/main refs/remotes/main [0ms]
2025-10-17 18:38:31.910 [info] > git status -z -uall [3ms]
2025-10-17 18:38:31.910 [info] > git for-each-ref --sort -committerdate --format %(refname)%00%(objectname)%00%(*objectname) [1ms]
2025-10-17 18:40:07.777 [info] > git config --get commit.template [3ms]
2025-10-17 18:40:07.778 [info] > git for-each-ref --format=%(refname)%00%(upstream:short)%00%(objectname)%00%(upstream:track)%00%(upstream:remotename)%00%(upstream:remoteref) refs/heads/main refs/remotes/main [1ms]
2025-10-17 18:40:07.791 [info] > git status -z -uall [7ms]
2025-10-17 18:40:07.791 [info] > git for-each-ref --sort -committerdate --format %(refname)%00%(objectname)%00%(*objectname) [2ms]
