2025-10-11 14:33:48.245 [info] Try to start language server - activation (enabled: true)
2025-10-11 14:33:48.319 [info] Running language server gopls(v0.20.0/go1.25.1)
2025-10-11 14:34:29.090 [info] Running checks...
2025-10-11 14:34:29.091 [info] Starting linting the current package at /home/arshan/Code/gotut
2025-10-11 14:34:29.128 [info] /home/arshan/Code/gotut>Finished running tool: /home/arshan/go/bin/staticcheck
2025-10-11 14:34:29.128 [info] 
2025-10-11 14:34:36.237 [info] Running checks...
2025-10-11 14:34:36.237 [info] Starting linting the current package at /home/arshan/Code/gotut
2025-10-11 14:34:36.269 [info] /home/arshan/Code/gotut>Finished running tool: /home/arshan/go/bin/staticcheck
2025-10-11 14:34:36.269 [info] 
2025-10-11 14:34:41.242 [info] Running checks...
2025-10-11 14:34:41.242 [info] Starting linting the current package at /home/arshan/Code/gotut
2025-10-11 14:34:41.273 [info] /home/arshan/Code/gotut>Finished running tool: /home/arshan/go/bin/staticcheck
2025-10-11 14:34:41.273 [info] 
2025-10-11 14:34:44.532 [info] Running checks...
2025-10-11 14:34:44.532 [info] Starting linting the current package at /home/arshan/Code/gotut
2025-10-11 14:34:44.566 [info] /home/arshan/Code/gotut>Finished running tool: /home/arshan/go/bin/staticcheck
2025-10-11 14:34:44.567 [info] 
2025-10-11 14:34:47.009 [info] Running checks...
2025-10-11 14:34:47.009 [info] Starting linting the current package at /home/arshan/Code/gotut
2025-10-11 14:34:47.037 [info] /home/arshan/Code/gotut>Finished running tool: /home/arshan/go/bin/staticcheck
2025-10-11 14:34:47.037 [info] 
2025-10-11 14:34:50.932 [info] Running checks...
2025-10-11 14:34:50.932 [info] Starting linting the current package at /home/arshan/Code/gotut
2025-10-11 14:34:50.961 [info] /home/arshan/Code/gotut>Finished running tool: /home/arshan/go/bin/staticcheck
2025-10-11 14:34:50.961 [info] 
2025-10-11 14:35:02.885 [info] Running checks...
2025-10-11 14:35:02.885 [info] Starting linting the current package at /home/arshan/Code/gotut
2025-10-11 14:35:02.910 [info] /home/arshan/Code/gotut>Finished running tool: /home/arshan/go/bin/staticcheck
2025-10-11 14:35:02.910 [info] 
2025-10-11 14:35:08.209 [info] Running checks...
2025-10-11 14:35:08.209 [info] Starting linting the current package at /home/arshan/Code/gotut
2025-10-11 14:35:08.237 [info] /home/arshan/Code/gotut>Finished running tool: /home/arshan/go/bin/staticcheck
2025-10-11 14:35:08.237 [info] 
2025-10-11 14:35:11.358 [info] Running checks...
2025-10-11 14:35:11.358 [info] Starting linting the current package at /home/arshan/Code/gotut
2025-10-11 14:35:11.387 [info] /home/arshan/Code/gotut>Finished running tool: /home/arshan/go/bin/staticcheck
2025-10-11 14:35:11.387 [info] 
2025-10-11 14:35:28.835 [info] Running checks...
2025-10-11 14:35:28.835 [info] Starting linting the current package at /home/arshan/Code/gotut
2025-10-11 14:35:28.864 [info] /home/arshan/Code/gotut>Finished running tool: /home/arshan/go/bin/staticcheck
2025-10-11 14:35:28.864 [info] 
2025-10-11 14:35:31.879 [info] Running checks...
2025-10-11 14:35:31.879 [info] Starting linting the current package at /home/arshan/Code/gotut
2025-10-11 14:35:31.904 [info] /home/arshan/Code/gotut>Finished running tool: /home/arshan/go/bin/staticcheck
2025-10-11 14:35:31.904 [info] 
2025-10-11 14:35:33.579 [info] Running checks...
2025-10-11 14:35:33.579 [info] Starting linting the current package at /home/arshan/Code/gotut
2025-10-11 14:35:33.608 [info] /home/arshan/Code/gotut>Finished running tool: /home/arshan/go/bin/staticcheck
2025-10-11 14:35:33.608 [info] 
2025-10-11 14:35:37.723 [info] Running checks...
2025-10-11 14:35:37.723 [info] Starting linting the current package at /home/arshan/Code/gotut
2025-10-11 14:35:37.749 [info] /home/arshan/Code/gotut>Finished running tool: /home/arshan/go/bin/staticcheck
2025-10-11 14:35:37.749 [info] 
2025-10-11 14:35:40.860 [info] Running checks...
2025-10-11 14:35:40.860 [info] Starting linting the current package at /home/arshan/Code/gotut
2025-10-11 14:35:40.886 [info] /home/arshan/Code/gotut>Finished running tool: /home/arshan/go/bin/staticcheck
2025-10-11 14:35:40.886 [info] 
2025-10-11 14:35:44.258 [info] Running checks...
2025-10-11 14:35:44.258 [info] Starting linting the current package at /home/arshan/Code/gotut
2025-10-11 14:35:44.284 [info] /home/arshan/Code/gotut>Finished running tool: /home/arshan/go/bin/staticcheck
2025-10-11 14:35:44.284 [info] 
2025-10-11 14:35:46.396 [info] Running checks...
2025-10-11 14:35:46.396 [info] Starting linting the current package at /home/arshan/Code/gotut
2025-10-11 14:35:46.423 [info] /home/arshan/Code/gotut>Finished running tool: /home/arshan/go/bin/staticcheck
2025-10-11 14:35:46.423 [info] 
2025-10-11 14:35:46.638 [info] Running checks...
2025-10-11 14:35:46.638 [info] Starting linting the current package at /home/arshan/Code/gotut
2025-10-11 14:35:46.667 [info] /home/arshan/Code/gotut>Finished running tool: /home/arshan/go/bin/staticcheck
2025-10-11 14:35:46.667 [info] 
2025-10-11 14:35:52.917 [info] Running checks...
2025-10-11 14:35:52.917 [info] Starting linting the current package at /home/arshan/Code/gotut
2025-10-11 14:35:52.944 [info] /home/arshan/Code/gotut>Finished running tool: /home/arshan/go/bin/staticcheck
2025-10-11 14:35:52.944 [info] 
2025-10-11 14:35:54.292 [info] Running checks...
2025-10-11 14:35:54.292 [info] Starting linting the current package at /home/arshan/Code/gotut
2025-10-11 14:35:54.318 [info] /home/arshan/Code/gotut>Finished running tool: /home/arshan/go/bin/staticcheck
2025-10-11 14:35:54.318 [info] 
2025-10-11 14:35:55.476 [info] Running checks...
2025-10-11 14:35:55.476 [info] Starting linting the current package at /home/arshan/Code/gotut
2025-10-11 14:35:55.502 [info] /home/arshan/Code/gotut>Finished running tool: /home/arshan/go/bin/staticcheck
2025-10-11 14:35:55.502 [info] 
2025-10-11 14:35:58.194 [info] Running checks...
2025-10-11 14:35:58.194 [info] Starting linting the current package at /home/arshan/Code/gotut
2025-10-11 14:35:58.221 [info] /home/arshan/Code/gotut>Finished running tool: /home/arshan/go/bin/staticcheck
2025-10-11 14:35:58.221 [info] 
2025-10-11 15:03:48.959 [info] Fetching latest go developer survey
2025-10-11 15:03:49.100 [info] Using fetched Go developer survey: v0.1.0
2025-10-11 15:03:49.100 [info] Survey active from Mon Sep 08 2025 to Tue Sep 30 2025
2025-10-11 15:37:30.772 [info] Running checks...
2025-10-11 15:37:30.772 [info] Starting linting the current package at /home/arshan/Code/gotut
2025-10-11 15:37:30.800 [info] /home/arshan/Code/gotut>Finished running tool: /home/arshan/go/bin/staticcheck
2025-10-11 15:37:30.800 [info] 
2025-10-11 15:37:40.600 [info] Running checks...
2025-10-11 15:37:40.600 [info] Starting linting the current package at /home/arshan/Code/gotut
2025-10-11 15:37:40.626 [info] /home/arshan/Code/gotut>Finished running tool: /home/arshan/go/bin/staticcheck
2025-10-11 15:37:40.626 [info] 
2025-10-11 15:37:44.971 [info] Running checks...
2025-10-11 15:37:44.971 [info] Starting linting the current package at /home/arshan/Code/gotut
2025-10-11 15:37:45.005 [info] /home/arshan/Code/gotut>Finished running tool: /home/arshan/go/bin/staticcheck
2025-10-11 15:37:45.005 [info] 
2025-10-11 15:37:50.254 [info] Running checks...
2025-10-11 15:37:50.254 [info] Starting linting the current package at /home/arshan/Code/gotut
2025-10-11 15:37:50.282 [info] /home/arshan/Code/gotut>Finished running tool: /home/arshan/go/bin/staticcheck
2025-10-11 15:37:50.282 [info] 
2025-10-11 15:38:02.632 [info] Running checks...
2025-10-11 15:38:02.632 [info] Starting linting the current package at /home/arshan/Code/gotut
2025-10-11 15:38:02.658 [info] /home/arshan/Code/gotut>Finished running tool: /home/arshan/go/bin/staticcheck
2025-10-11 15:38:02.658 [info] 
2025-10-11 15:38:04.016 [info] Running checks...
2025-10-11 15:38:04.016 [info] Starting linting the current package at /home/arshan/Code/gotut
2025-10-11 15:38:04.043 [info] /home/arshan/Code/gotut>Finished running tool: /home/arshan/go/bin/staticcheck
2025-10-11 15:38:04.043 [info] 
2025-10-11 15:38:08.218 [info] Running checks...
2025-10-11 15:38:08.218 [info] Starting linting the current package at /home/arshan/Code/gotut
2025-10-11 15:38:08.243 [info] /home/arshan/Code/gotut>Finished running tool: /home/arshan/go/bin/staticcheck
2025-10-11 15:38:08.243 [info] 
2025-10-11 15:38:13.393 [info] Running checks...
2025-10-11 15:38:13.393 [info] Starting linting the current package at /home/arshan/Code/gotut
2025-10-11 15:38:13.427 [info] /home/arshan/Code/gotut>Finished running tool: /home/arshan/go/bin/staticcheck
2025-10-11 15:38:13.427 [info] 
2025-10-11 15:38:16.353 [info] Running checks...
2025-10-11 15:38:16.353 [info] Starting linting the current package at /home/arshan/Code/gotut
2025-10-11 15:38:16.378 [info] /home/arshan/Code/gotut>Finished running tool: /home/arshan/go/bin/staticcheck
2025-10-11 15:38:16.378 [info] 
2025-10-11 15:38:18.795 [info] Running checks...
2025-10-11 15:38:18.795 [info] Starting linting the current package at /home/arshan/Code/gotut
2025-10-11 15:38:18.820 [info] /home/arshan/Code/gotut>Finished running tool: /home/arshan/go/bin/staticcheck
2025-10-11 15:38:18.820 [info] 
2025-10-11 15:38:21.774 [info] Running checks...
2025-10-11 15:38:21.774 [info] Starting linting the current package at /home/arshan/Code/gotut
2025-10-11 15:38:21.800 [info] /home/arshan/Code/gotut>Finished running tool: /home/arshan/go/bin/staticcheck
2025-10-11 15:38:21.800 [info] 
2025-10-11 15:38:31.944 [info] Running checks...
2025-10-11 15:38:31.944 [info] Starting linting the current package at /home/arshan/Code/gotut
2025-10-11 15:38:31.971 [info] /home/arshan/Code/gotut>Finished running tool: /home/arshan/go/bin/staticcheck
2025-10-11 15:38:31.971 [info] 
2025-10-11 15:38:33.611 [info] Running checks...
2025-10-11 15:38:33.611 [info] Starting linting the current package at /home/arshan/Code/gotut
2025-10-11 15:38:33.636 [info] /home/arshan/Code/gotut>Finished running tool: /home/arshan/go/bin/staticcheck
2025-10-11 15:38:33.636 [info] 
2025-10-11 15:38:41.894 [info] Running checks...
2025-10-11 15:38:41.894 [info] Starting linting the current package at /home/arshan/Code/gotut
2025-10-11 15:38:41.919 [info] /home/arshan/Code/gotut>Finished running tool: /home/arshan/go/bin/staticcheck
2025-10-11 15:38:41.919 [info] 
2025-10-11 15:38:49.688 [info] Running checks...
2025-10-11 15:38:49.688 [info] Starting linting the current package at /home/arshan/Code/gotut
2025-10-11 15:38:49.714 [info] /home/arshan/Code/gotut>Finished running tool: /home/arshan/go/bin/staticcheck
2025-10-11 15:38:49.714 [info] 
2025-10-11 15:38:57.797 [info] Running checks...
2025-10-11 15:38:57.797 [info] Starting linting the current package at /home/arshan/Code/gotut
2025-10-11 15:38:57.823 [info] /home/arshan/Code/gotut>Finished running tool: /home/arshan/go/bin/staticcheck
2025-10-11 15:38:57.823 [info] 
2025-10-11 15:39:00.511 [info] Running checks...
2025-10-11 15:39:00.511 [info] Starting linting the current package at /home/arshan/Code/gotut
2025-10-11 15:39:00.538 [info] /home/arshan/Code/gotut>Finished running tool: /home/arshan/go/bin/staticcheck
2025-10-11 15:39:00.538 [info] 
2025-10-11 15:39:02.913 [info] Running checks...
2025-10-11 15:39:02.913 [info] Starting linting the current package at /home/arshan/Code/gotut
2025-10-11 15:39:02.938 [info] /home/arshan/Code/gotut>Finished running tool: /home/arshan/go/bin/staticcheck
2025-10-11 15:39:02.938 [info] 
2025-10-11 15:39:08.602 [info] Running checks...
2025-10-11 15:39:08.602 [info] Starting linting the current package at /home/arshan/Code/gotut
2025-10-11 15:39:08.627 [info] /home/arshan/Code/gotut>Finished running tool: /home/arshan/go/bin/staticcheck
2025-10-11 15:39:08.627 [info] 
2025-10-11 15:39:14.951 [info] Running checks...
2025-10-11 15:39:14.951 [info] Starting linting the current package at /home/arshan/Code/gotut
2025-10-11 15:39:14.979 [info] /home/arshan/Code/gotut>Finished running tool: /home/arshan/go/bin/staticcheck
2025-10-11 15:39:14.979 [info] 
2025-10-11 15:39:16.470 [info] Running checks...
2025-10-11 15:39:16.470 [info] Starting linting the current package at /home/arshan/Code/gotut
2025-10-11 15:39:16.496 [info] /home/arshan/Code/gotut>Finished running tool: /home/arshan/go/bin/staticcheck
2025-10-11 15:39:16.496 [info] 
2025-10-11 15:39:20.470 [info] Running checks...
2025-10-11 15:39:20.470 [info] Starting linting the current package at /home/arshan/Code/gotut
2025-10-11 15:39:20.500 [info] /home/arshan/Code/gotut>Finished running tool: /home/arshan/go/bin/staticcheck
2025-10-11 15:39:20.500 [info] 
2025-10-11 15:39:21.899 [info] Running checks...
2025-10-11 15:39:21.899 [info] Starting linting the current package at /home/arshan/Code/gotut
2025-10-11 15:39:21.932 [info] /home/arshan/Code/gotut>Finished running tool: /home/arshan/go/bin/staticcheck
2025-10-11 15:39:21.932 [info] 
2025-10-11 15:39:23.647 [info] Running checks...
2025-10-11 15:39:23.647 [info] Starting linting the current package at /home/arshan/Code/gotut
2025-10-11 15:39:23.675 [info] /home/arshan/Code/gotut>Finished running tool: /home/arshan/go/bin/staticcheck
2025-10-11 15:39:23.675 [info] 
2025-10-11 15:39:38.039 [info] Running checks...
2025-10-11 15:39:38.039 [info] Starting linting the current package at /home/arshan/Code/gotut
2025-10-11 15:39:38.064 [info] /home/arshan/Code/gotut>Finished running tool: /home/arshan/go/bin/staticcheck
2025-10-11 15:39:38.064 [info] 
2025-10-11 15:39:47.125 [info] Running checks...
2025-10-11 15:39:47.125 [info] Starting linting the current package at /home/arshan/Code/gotut
2025-10-11 15:39:47.151 [info] /home/arshan/Code/gotut>Finished running tool: /home/arshan/go/bin/staticcheck
2025-10-11 15:39:47.151 [info] 
2025-10-11 15:39:52.208 [info] Running checks...
2025-10-11 15:39:52.208 [info] Starting linting the current package at /home/arshan/Code/gotut
2025-10-11 15:39:52.234 [info] /home/arshan/Code/gotut>Finished running tool: /home/arshan/go/bin/staticcheck
2025-10-11 15:39:52.234 [info] 
2025-10-11 15:39:55.786 [info] Running checks...
2025-10-11 15:39:55.786 [info] Starting linting the current package at /home/arshan/Code/gotut
2025-10-11 15:39:55.813 [info] /home/arshan/Code/gotut>Finished running tool: /home/arshan/go/bin/staticcheck
2025-10-11 15:39:55.813 [info] 
2025-10-11 15:39:58.024 [info] Running checks...
2025-10-11 15:39:58.024 [info] Starting linting the current package at /home/arshan/Code/gotut
2025-10-11 15:39:58.049 [info] /home/arshan/Code/gotut>Finished running tool: /home/arshan/go/bin/staticcheck
2025-10-11 15:39:58.049 [info] 
2025-10-11 15:40:08.375 [info] Running checks...
2025-10-11 15:40:08.375 [info] Starting linting the current package at /home/arshan/Code/gotut
2025-10-11 15:40:08.402 [info] /home/arshan/Code/gotut>Finished running tool: /home/arshan/go/bin/staticcheck
2025-10-11 15:40:08.402 [info] 
2025-10-11 15:40:13.487 [info] Running checks...
2025-10-11 15:40:13.487 [info] Starting linting the current package at /home/arshan/Code/gotut
2025-10-11 15:40:13.513 [info] /home/arshan/Code/gotut>Finished running tool: /home/arshan/go/bin/staticcheck
2025-10-11 15:40:13.513 [info] 
2025-10-11 15:40:15.340 [info] Running checks...
2025-10-11 15:40:15.340 [info] Starting linting the current package at /home/arshan/Code/gotut
2025-10-11 15:40:15.365 [info] /home/arshan/Code/gotut>Finished running tool: /home/arshan/go/bin/staticcheck
2025-10-11 15:40:15.365 [info] 
2025-10-11 15:40:21.048 [info] Running checks...
2025-10-11 15:40:21.048 [info] Starting linting the current package at /home/arshan/Code/gotut
2025-10-11 15:40:21.074 [info] /home/arshan/Code/gotut>Finished running tool: /home/arshan/go/bin/staticcheck
2025-10-11 15:40:21.074 [info] 
2025-10-11 15:40:23.413 [info] Running checks...
2025-10-11 15:40:23.413 [info] Starting linting the current package at /home/arshan/Code/gotut
2025-10-11 15:40:23.438 [info] /home/arshan/Code/gotut>Finished running tool: /home/arshan/go/bin/staticcheck
2025-10-11 15:40:23.438 [info] 
2025-10-11 15:40:26.351 [info] Running checks...
2025-10-11 15:40:26.351 [info] Starting linting the current package at /home/arshan/Code/gotut
2025-10-11 15:40:26.383 [info] /home/arshan/Code/gotut>Finished running tool: /home/arshan/go/bin/staticcheck
2025-10-11 15:40:26.383 [info] 
2025-10-11 15:40:28.621 [info] Running checks...
2025-10-11 15:40:28.621 [info] Starting linting the current package at /home/arshan/Code/gotut
2025-10-11 15:40:28.648 [info] /home/arshan/Code/gotut>Finished running tool: /home/arshan/go/bin/staticcheck
2025-10-11 15:40:28.648 [info] 
2025-10-11 15:40:46.127 [info] Running checks...
2025-10-11 15:40:46.127 [info] Starting linting the current package at /home/arshan/Code/gotut
2025-10-11 15:40:46.153 [info] /home/arshan/Code/gotut>Finished running tool: /home/arshan/go/bin/staticcheck
2025-10-11 15:40:46.153 [info] 
2025-10-11 15:40:51.250 [info] Running checks...
2025-10-11 15:40:51.250 [info] Starting linting the current package at /home/arshan/Code/gotut
2025-10-11 15:40:51.275 [info] /home/arshan/Code/gotut>Finished running tool: /home/arshan/go/bin/staticcheck
2025-10-11 15:40:51.275 [info] 
2025-10-11 15:40:53.616 [info] Running checks...
2025-10-11 15:40:53.616 [info] Starting linting the current package at /home/arshan/Code/gotut
2025-10-11 15:40:53.642 [info] /home/arshan/Code/gotut>Finished running tool: /home/arshan/go/bin/staticcheck
2025-10-11 15:40:53.642 [info] 
2025-10-11 15:40:55.833 [info] Running checks...
2025-10-11 15:40:55.833 [info] Starting linting the current package at /home/arshan/Code/gotut
2025-10-11 15:40:55.861 [info] /home/arshan/Code/gotut>Finished running tool: /home/arshan/go/bin/staticcheck
2025-10-11 15:40:55.861 [info] 
2025-10-11 15:41:03.255 [info] Running checks...
2025-10-11 15:41:03.255 [info] Starting linting the current package at /home/arshan/Code/gotut
2025-10-11 15:41:03.281 [info] /home/arshan/Code/gotut>Finished running tool: /home/arshan/go/bin/staticcheck
2025-10-11 15:41:03.281 [info] 
2025-10-11 15:41:06.554 [info] Running checks...
2025-10-11 15:41:06.554 [info] Starting linting the current package at /home/arshan/Code/gotut
2025-10-11 15:41:06.580 [info] /home/arshan/Code/gotut>Finished running tool: /home/arshan/go/bin/staticcheck
2025-10-11 15:41:06.580 [info] 
2025-10-11 15:41:08.919 [info] Running checks...
2025-10-11 15:41:08.919 [info] Starting linting the current package at /home/arshan/Code/gotut
2025-10-11 15:41:08.944 [info] /home/arshan/Code/gotut>Finished running tool: /home/arshan/go/bin/staticcheck
2025-10-11 15:41:08.944 [info] 
2025-10-11 15:41:19.785 [info] Running checks...
2025-10-11 15:41:19.785 [info] Starting linting the current package at /home/arshan/Code/gotut
2025-10-11 15:41:19.812 [info] /home/arshan/Code/gotut>Finished running tool: /home/arshan/go/bin/staticcheck
2025-10-11 15:41:19.812 [info] 
2025-10-11 15:41:24.234 [info] Running checks...
2025-10-11 15:41:24.234 [info] Starting linting the current package at /home/arshan/Code/gotut
2025-10-11 15:41:24.260 [info] /home/arshan/Code/gotut>Finished running tool: /home/arshan/go/bin/staticcheck
2025-10-11 15:41:24.260 [info] 
2025-10-11 15:41:28.469 [info] Running checks...
2025-10-11 15:41:28.469 [info] Starting linting the current package at /home/arshan/Code/gotut
2025-10-11 15:41:28.494 [info] /home/arshan/Code/gotut>Finished running tool: /home/arshan/go/bin/staticcheck
2025-10-11 15:41:28.494 [info] 
2025-10-11 15:41:33.363 [info] Running checks...
2025-10-11 15:41:33.363 [info] Starting linting the current package at /home/arshan/Code/gotut
2025-10-11 15:41:33.388 [info] /home/arshan/Code/gotut>Finished running tool: /home/arshan/go/bin/staticcheck
2025-10-11 15:41:33.389 [info] 
2025-10-11 15:41:36.326 [info] Running checks...
2025-10-11 15:41:36.326 [info] Starting linting the current package at /home/arshan/Code/gotut
2025-10-11 15:41:36.351 [info] /home/arshan/Code/gotut>Finished running tool: /home/arshan/go/bin/staticcheck
2025-10-11 15:41:36.351 [info] 
2025-10-11 15:41:39.576 [info] Running checks...
2025-10-11 15:41:39.576 [info] Starting linting the current package at /home/arshan/Code/gotut
2025-10-11 15:41:39.602 [info] /home/arshan/Code/gotut>Finished running tool: /home/arshan/go/bin/staticcheck
2025-10-11 15:41:39.602 [info] 
2025-10-11 15:42:00.701 [info] Running checks...
2025-10-11 15:42:00.701 [info] Starting linting the current package at /home/arshan/Code/gotut
2025-10-11 15:42:00.727 [info] /home/arshan/Code/gotut>Finished running tool: /home/arshan/go/bin/staticcheck
2025-10-11 15:42:00.727 [info] 
2025-10-11 15:42:05.779 [info] Running checks...
2025-10-11 15:42:05.779 [info] Starting linting the current package at /home/arshan/Code/gotut
2025-10-11 15:42:05.815 [info] /home/arshan/Code/gotut>Finished running tool: /home/arshan/go/bin/staticcheck
2025-10-11 15:42:05.815 [info] 
2025-10-11 15:42:35.976 [info] Running checks...
2025-10-11 15:42:35.976 [info] Starting linting the current package at /home/arshan/Code/gotut
2025-10-11 15:42:36.002 [info] /home/arshan/Code/gotut>Finished running tool: /home/arshan/go/bin/staticcheck
2025-10-11 15:42:36.002 [info] 
2025-10-11 15:42:37.101 [info] Running checks...
2025-10-11 15:42:37.101 [info] Starting linting the current package at /home/arshan/Code/gotut
2025-10-11 15:42:37.128 [info] /home/arshan/Code/gotut>Finished running tool: /home/arshan/go/bin/staticcheck
2025-10-11 15:42:37.128 [info] 
2025-10-11 15:43:09.161 [info] Running checks...
2025-10-11 15:43:09.161 [info] Starting linting the current package at /home/arshan/Code/gotut
2025-10-11 15:43:09.200 [info] /home/arshan/Code/gotut>Finished running tool: /home/arshan/go/bin/staticcheck
2025-10-11 15:43:09.200 [info] 
2025-10-11 15:59:23.799 [info] Running checks...
2025-10-11 15:59:23.799 [info] Starting linting the current package at /home/arshan/Code/gotut
2025-10-11 15:59:23.831 [info] /home/arshan/Code/gotut>Finished running tool: /home/arshan/go/bin/staticcheck
2025-10-11 15:59:23.831 [info] 
2025-10-11 15:59:31.133 [info] Running checks...
2025-10-11 15:59:31.133 [info] Starting linting the current package at /home/arshan/Code/gotut
2025-10-11 15:59:31.160 [info] /home/arshan/Code/gotut>Finished running tool: /home/arshan/go/bin/staticcheck
2025-10-11 15:59:31.160 [info] 
2025-10-11 15:59:33.967 [info] Running checks...
2025-10-11 15:59:33.967 [info] Starting linting the current package at /home/arshan/Code/gotut
2025-10-11 15:59:33.994 [info] /home/arshan/Code/gotut>Finished running tool: /home/arshan/go/bin/staticcheck
2025-10-11 15:59:33.994 [info] 
2025-10-11 15:59:43.081 [info] Running checks...
2025-10-11 15:59:43.081 [info] Starting linting the current package at /home/arshan/Code/gotut
2025-10-11 15:59:43.113 [info] /home/arshan/Code/gotut>Finished running tool: /home/arshan/go/bin/staticcheck
2025-10-11 15:59:43.113 [info] 
2025-10-11 16:00:15.489 [info] Running checks...
2025-10-11 16:00:15.489 [info] Starting linting the current package at /home/arshan/Code/gotut
2025-10-11 16:00:15.519 [info] /home/arshan/Code/gotut>Finished running tool: /home/arshan/go/bin/staticcheck
2025-10-11 16:00:15.519 [info] 
2025-10-11 16:00:18.176 [info] Running checks...
2025-10-11 16:00:18.176 [info] Starting linting the current package at /home/arshan/Code/gotut
2025-10-11 16:00:18.206 [info] /home/arshan/Code/gotut>Finished running tool: /home/arshan/go/bin/staticcheck
2025-10-11 16:00:18.206 [info] 
2025-10-11 16:00:21.241 [info] Running checks...
2025-10-11 16:00:21.241 [info] Starting linting the current package at /home/arshan/Code/gotut
2025-10-11 16:00:21.270 [info] /home/arshan/Code/gotut>Finished running tool: /home/arshan/go/bin/staticcheck
2025-10-11 16:00:21.270 [info] 
2025-10-11 16:00:23.682 [info] Running checks...
2025-10-11 16:00:23.682 [info] Starting linting the current package at /home/arshan/Code/gotut
2025-10-11 16:00:23.710 [info] /home/arshan/Code/gotut>Finished running tool: /home/arshan/go/bin/staticcheck
2025-10-11 16:00:23.710 [info] 
2025-10-11 16:00:24.939 [info] Running checks...
2025-10-11 16:00:24.939 [info] Starting linting the current package at /home/arshan/Code/gotut
2025-10-11 16:00:24.966 [info] /home/arshan/Code/gotut>Finished running tool: /home/arshan/go/bin/staticcheck
2025-10-11 16:00:24.966 [info] 
2025-10-11 16:00:32.698 [info] Running checks...
2025-10-11 16:00:32.698 [info] Starting linting the current package at /home/arshan/Code/gotut
2025-10-11 16:00:32.725 [info] /home/arshan/Code/gotut>Finished running tool: /home/arshan/go/bin/staticcheck
2025-10-11 16:00:32.725 [info] 
2025-10-11 16:00:36.399 [info] Running checks...
2025-10-11 16:00:36.399 [info] Starting linting the current package at /home/arshan/Code/gotut
2025-10-11 16:00:36.426 [info] /home/arshan/Code/gotut>Finished running tool: /home/arshan/go/bin/staticcheck
2025-10-11 16:00:36.426 [info] 
2025-10-11 16:00:45.381 [info] Running checks...
2025-10-11 16:00:45.381 [info] Starting linting the current package at /home/arshan/Code/gotut
2025-10-11 16:00:45.409 [info] /home/arshan/Code/gotut>Finished running tool: /home/arshan/go/bin/staticcheck
2025-10-11 16:00:45.409 [info] 
2025-10-11 16:00:55.949 [info] Running checks...
2025-10-11 16:00:55.949 [info] Starting linting the current package at /home/arshan/Code/gotut
2025-10-11 16:00:55.975 [info] /home/arshan/Code/gotut>Finished running tool: /home/arshan/go/bin/staticcheck
2025-10-11 16:00:55.975 [info] 
2025-10-11 16:01:17.155 [info] Running checks...
2025-10-11 16:01:17.155 [info] Starting linting the current package at /home/arshan/Code/gotut
2025-10-11 16:01:17.183 [info] /home/arshan/Code/gotut>Finished running tool: /home/arshan/go/bin/staticcheck
2025-10-11 16:01:17.183 [info] 
2025-10-11 16:01:20.541 [info] Running checks...
2025-10-11 16:01:20.541 [info] Starting linting the current package at /home/arshan/Code/gotut
2025-10-11 16:01:20.595 [info] /home/arshan/Code/gotut>Finished running tool: /home/arshan/go/bin/staticcheck
2025-10-11 16:01:20.595 [info] 
2025-10-11 16:01:22.799 [info] Running checks...
2025-10-11 16:01:22.799 [info] Starting linting the current package at /home/arshan/Code/gotut
2025-10-11 16:01:22.828 [info] /home/arshan/Code/gotut>Finished running tool: /home/arshan/go/bin/staticcheck
2025-10-11 16:01:22.828 [info] 
2025-10-11 16:01:24.696 [info] Running checks...
2025-10-11 16:01:24.696 [info] Starting linting the current package at /home/arshan/Code/gotut
2025-10-11 16:01:24.724 [info] /home/arshan/Code/gotut>Finished running tool: /home/arshan/go/bin/staticcheck
2025-10-11 16:01:24.724 [info] 
2025-10-11 16:01:41.622 [info] Running checks...
2025-10-11 16:01:41.622 [info] Starting linting the current package at /home/arshan/Code/gotut
2025-10-11 16:01:41.649 [info] /home/arshan/Code/gotut>Finished running tool: /home/arshan/go/bin/staticcheck
2025-10-11 16:01:41.649 [info] 
2025-10-11 16:01:44.408 [info] Running checks...
2025-10-11 16:01:44.408 [info] Starting linting the current package at /home/arshan/Code/gotut
2025-10-11 16:01:44.437 [info] /home/arshan/Code/gotut>Finished running tool: /home/arshan/go/bin/staticcheck
2025-10-11 16:01:44.437 [info] 
2025-10-11 16:01:48.997 [info] Running checks...
2025-10-11 16:01:48.997 [info] Starting linting the current package at /home/arshan/Code/gotut
2025-10-11 16:01:49.033 [info] /home/arshan/Code/gotut>Finished running tool: /home/arshan/go/bin/staticcheck
2025-10-11 16:01:49.033 [info] 
2025-10-11 16:02:12.003 [info] Running checks...
2025-10-11 16:02:12.003 [info] Starting linting the current package at /home/arshan/Code/gotut
2025-10-11 16:02:12.033 [info] /home/arshan/Code/gotut>Finished running tool: /home/arshan/go/bin/staticcheck
2025-10-11 16:02:12.033 [info] 
2025-10-11 16:02:33.641 [info] Running checks...
2025-10-11 16:02:33.641 [info] Starting linting the current package at /home/arshan/Code/gotut
2025-10-11 16:02:33.668 [info] /home/arshan/Code/gotut>Finished running tool: /home/arshan/go/bin/staticcheck
2025-10-11 16:02:33.668 [info] 
2025-10-11 16:02:41.571 [info] Running checks...
2025-10-11 16:02:41.571 [info] Starting linting the current package at /home/arshan/Code/gotut
2025-10-11 16:02:41.606 [info] /home/arshan/Code/gotut>Finished running tool: /home/arshan/go/bin/staticcheck
2025-10-11 16:02:41.606 [info] 
2025-10-11 16:02:57.687 [info] Running checks...
2025-10-11 16:02:57.687 [info] Starting linting the current package at /home/arshan/Code/gotut
2025-10-11 16:02:57.714 [info] /home/arshan/Code/gotut>Finished running tool: /home/arshan/go/bin/staticcheck
2025-10-11 16:02:57.714 [info] 
2025-10-11 16:02:59.866 [info] Running checks...
2025-10-11 16:02:59.866 [info] Starting linting the current package at /home/arshan/Code/gotut
2025-10-11 16:02:59.895 [info] /home/arshan/Code/gotut>Finished running tool: /home/arshan/go/bin/staticcheck
2025-10-11 16:02:59.895 [info] 
2025-10-11 16:03:08.050 [info] Running checks...
2025-10-11 16:03:08.050 [info] Starting linting the current package at /home/arshan/Code/gotut
2025-10-11 16:03:08.076 [info] /home/arshan/Code/gotut>Finished running tool: /home/arshan/go/bin/staticcheck
2025-10-11 16:03:08.076 [info] 
2025-10-11 16:03:12.731 [info] Running checks...
2025-10-11 16:03:12.731 [info] Starting linting the current package at /home/arshan/Code/gotut
2025-10-11 16:03:12.757 [info] /home/arshan/Code/gotut>Finished running tool: /home/arshan/go/bin/staticcheck
2025-10-11 16:03:12.757 [info] 
2025-10-11 16:03:15.231 [info] Running checks...
2025-10-11 16:03:15.231 [info] Starting linting the current package at /home/arshan/Code/gotut
2025-10-11 16:03:15.259 [info] /home/arshan/Code/gotut>Finished running tool: /home/arshan/go/bin/staticcheck
2025-10-11 16:03:15.259 [info] 
2025-10-11 16:03:17.741 [info] Running checks...
2025-10-11 16:03:17.741 [info] Starting linting the current package at /home/arshan/Code/gotut
2025-10-11 16:03:17.766 [info] /home/arshan/Code/gotut>Finished running tool: /home/arshan/go/bin/staticcheck
2025-10-11 16:03:17.766 [info] 
2025-10-11 16:03:24.337 [info] Running checks...
2025-10-11 16:03:24.337 [info] Starting linting the current package at /home/arshan/Code/gotut
2025-10-11 16:03:24.364 [info] /home/arshan/Code/gotut>Finished running tool: /home/arshan/go/bin/staticcheck
2025-10-11 16:03:24.364 [info] 
2025-10-11 16:03:29.550 [info] Running checks...
2025-10-11 16:03:29.550 [info] Starting linting the current package at /home/arshan/Code/gotut
2025-10-11 16:03:29.577 [info] /home/arshan/Code/gotut>Finished running tool: /home/arshan/go/bin/staticcheck
2025-10-11 16:03:29.577 [info] 
2025-10-11 16:03:32.921 [info] Running checks...
2025-10-11 16:03:32.921 [info] Starting linting the current package at /home/arshan/Code/gotut
2025-10-11 16:03:32.948 [info] /home/arshan/Code/gotut>Finished running tool: /home/arshan/go/bin/staticcheck
2025-10-11 16:03:32.948 [info] 
2025-10-11 16:03:36.850 [info] Running checks...
2025-10-11 16:03:36.850 [info] Starting linting the current package at /home/arshan/Code/gotut
2025-10-11 16:03:36.883 [info] /home/arshan/Code/gotut>Finished running tool: /home/arshan/go/bin/staticcheck
2025-10-11 16:03:36.883 [info] 
2025-10-11 16:03:44.706 [info] Running checks...
2025-10-11 16:03:44.706 [info] Starting linting the current package at /home/arshan/Code/gotut
2025-10-11 16:03:44.732 [info] /home/arshan/Code/gotut>Finished running tool: /home/arshan/go/bin/staticcheck
2025-10-11 16:03:44.732 [info] 
2025-10-11 16:03:54.018 [info] Running checks...
2025-10-11 16:03:54.018 [info] Starting linting the current package at /home/arshan/Code/gotut
2025-10-11 16:03:54.049 [info] /home/arshan/Code/gotut>Finished running tool: /home/arshan/go/bin/staticcheck
2025-10-11 16:03:54.049 [info] 
2025-10-11 16:03:57.282 [info] Running checks...
2025-10-11 16:03:57.282 [info] Starting linting the current package at /home/arshan/Code/gotut
2025-10-11 16:03:57.309 [info] /home/arshan/Code/gotut>Finished running tool: /home/arshan/go/bin/staticcheck
2025-10-11 16:03:57.309 [info] 
2025-10-11 16:04:01.227 [info] Running checks...
2025-10-11 16:04:01.227 [info] Starting linting the current package at /home/arshan/Code/gotut
2025-10-11 16:04:01.254 [info] /home/arshan/Code/gotut>Finished running tool: /home/arshan/go/bin/staticcheck
2025-10-11 16:04:01.254 [info] 
2025-10-11 16:04:03.504 [info] Running checks...
2025-10-11 16:04:03.504 [info] Starting linting the current package at /home/arshan/Code/gotut
2025-10-11 16:04:03.531 [info] /home/arshan/Code/gotut>Finished running tool: /home/arshan/go/bin/staticcheck
2025-10-11 16:04:03.531 [info] 
2025-10-11 16:04:08.390 [info] Running checks...
2025-10-11 16:04:08.390 [info] Starting linting the current package at /home/arshan/Code/gotut
2025-10-11 16:04:08.422 [info] /home/arshan/Code/gotut>Finished running tool: /home/arshan/go/bin/staticcheck
2025-10-11 16:04:08.422 [info] 
2025-10-11 16:04:11.098 [info] Running checks...
2025-10-11 16:04:11.098 [info] Starting linting the current package at /home/arshan/Code/gotut
2025-10-11 16:04:11.124 [info] /home/arshan/Code/gotut>Finished running tool: /home/arshan/go/bin/staticcheck
2025-10-11 16:04:11.124 [info] 
2025-10-11 16:04:14.478 [info] Running checks...
2025-10-11 16:04:14.478 [info] Starting linting the current package at /home/arshan/Code/gotut
2025-10-11 16:04:14.505 [info] /home/arshan/Code/gotut>Finished running tool: /home/arshan/go/bin/staticcheck
2025-10-11 16:04:14.505 [info] 
2025-10-11 16:04:17.689 [info] Running checks...
2025-10-11 16:04:17.689 [info] Starting linting the current package at /home/arshan/Code/gotut
2025-10-11 16:04:17.717 [info] /home/arshan/Code/gotut>Finished running tool: /home/arshan/go/bin/staticcheck
2025-10-11 16:04:17.717 [info] 
2025-10-11 16:04:20.886 [info] Running checks...
2025-10-11 16:04:20.886 [info] Starting linting the current package at /home/arshan/Code/gotut
2025-10-11 16:04:20.914 [info] /home/arshan/Code/gotut>Finished running tool: /home/arshan/go/bin/staticcheck
2025-10-11 16:04:20.914 [info] 
2025-10-11 16:04:27.171 [info] Running checks...
2025-10-11 16:04:27.171 [info] Starting linting the current package at /home/arshan/Code/gotut
2025-10-11 16:04:27.198 [info] /home/arshan/Code/gotut>Finished running tool: /home/arshan/go/bin/staticcheck
2025-10-11 16:04:27.198 [info] 
2025-10-11 16:04:36.500 [info] Running checks...
2025-10-11 16:04:36.500 [info] Starting linting the current package at /home/arshan/Code/gotut
2025-10-11 16:04:36.527 [info] /home/arshan/Code/gotut>Finished running tool: /home/arshan/go/bin/staticcheck
2025-10-11 16:04:36.527 [info] 
2025-10-11 16:04:41.978 [info] Running checks...
2025-10-11 16:04:41.978 [info] Starting linting the current package at /home/arshan/Code/gotut
2025-10-11 16:04:42.004 [info] /home/arshan/Code/gotut>Finished running tool: /home/arshan/go/bin/staticcheck
2025-10-11 16:04:42.004 [info] 
2025-10-11 16:04:47.980 [info] Running checks...
2025-10-11 16:04:47.980 [info] Starting linting the current package at /home/arshan/Code/gotut
2025-10-11 16:04:48.019 [info] /home/arshan/Code/gotut>Finished running tool: /home/arshan/go/bin/staticcheck
2025-10-11 16:04:48.019 [info] 
2025-10-11 16:05:17.993 [info] Running checks...
2025-10-11 16:05:17.993 [info] Starting linting the current package at /home/arshan/Code/gotut
2025-10-11 16:05:18.019 [info] /home/arshan/Code/gotut>Finished running tool: /home/arshan/go/bin/staticcheck
2025-10-11 16:05:18.019 [info] 
2025-10-11 16:05:23.304 [info] Running checks...
2025-10-11 16:05:23.305 [info] Starting linting the current package at /home/arshan/Code/gotut
2025-10-11 16:05:23.331 [info] /home/arshan/Code/gotut>Finished running tool: /home/arshan/go/bin/staticcheck
2025-10-11 16:05:23.331 [info] 
2025-10-11 16:05:24.705 [info] Running checks...
2025-10-11 16:05:24.705 [info] Starting linting the current package at /home/arshan/Code/gotut
2025-10-11 16:05:24.731 [info] /home/arshan/Code/gotut>Finished running tool: /home/arshan/go/bin/staticcheck
2025-10-11 16:05:24.731 [info] 
2025-10-11 16:05:29.618 [info] Running checks...
2025-10-11 16:05:29.618 [info] Starting linting the current package at /home/arshan/Code/gotut
2025-10-11 16:05:29.644 [info] /home/arshan/Code/gotut>Finished running tool: /home/arshan/go/bin/staticcheck
2025-10-11 16:05:29.644 [info] 
2025-10-11 16:05:33.158 [info] Running checks...
2025-10-11 16:05:33.158 [info] Starting linting the current package at /home/arshan/Code/gotut
2025-10-11 16:05:33.186 [info] /home/arshan/Code/gotut>Finished running tool: /home/arshan/go/bin/staticcheck
2025-10-11 16:05:33.186 [info] 
2025-10-11 16:05:34.779 [info] Running checks...
2025-10-11 16:05:34.779 [info] Starting linting the current package at /home/arshan/Code/gotut
2025-10-11 16:05:34.806 [info] /home/arshan/Code/gotut>Finished running tool: /home/arshan/go/bin/staticcheck
2025-10-11 16:05:34.806 [info] 
2025-10-11 16:05:38.055 [info] Running checks...
2025-10-11 16:05:38.055 [info] Starting linting the current package at /home/arshan/Code/gotut
2025-10-11 16:05:38.082 [info] /home/arshan/Code/gotut>Finished running tool: /home/arshan/go/bin/staticcheck
2025-10-11 16:05:38.082 [info] 
2025-10-11 16:09:09.917 [info] Running checks...
2025-10-11 16:09:09.917 [info] Starting linting the current package at /home/arshan/Code/gotut
2025-10-11 16:09:09.945 [info] /home/arshan/Code/gotut>Finished running tool: /home/arshan/go/bin/staticcheck
2025-10-11 16:09:09.945 [info] 
2025-10-11 16:09:15.830 [info] Running checks...
2025-10-11 16:09:15.830 [info] Starting linting the current package at /home/arshan/Code/gotut
2025-10-11 16:09:15.863 [info] /home/arshan/Code/gotut>Finished running tool: /home/arshan/go/bin/staticcheck
2025-10-11 16:09:15.863 [info] 
2025-10-11 16:09:17.296 [info] Running checks...
2025-10-11 16:09:17.296 [info] Starting linting the current package at /home/arshan/Code/gotut
2025-10-11 16:09:17.323 [info] /home/arshan/Code/gotut>Finished running tool: /home/arshan/go/bin/staticcheck
2025-10-11 16:09:17.323 [info] 
2025-10-11 16:09:22.075 [info] Running checks...
2025-10-11 16:09:22.075 [info] Starting linting the current package at /home/arshan/Code/gotut
2025-10-11 16:09:22.105 [info] /home/arshan/Code/gotut>Finished running tool: /home/arshan/go/bin/staticcheck
2025-10-11 16:09:22.105 [info] 
2025-10-11 16:09:35.487 [info] Running checks...
2025-10-11 16:09:35.487 [info] Starting linting the current package at /home/arshan/Code/gotut
2025-10-11 16:09:35.515 [info] /home/arshan/Code/gotut>Finished running tool: /home/arshan/go/bin/staticcheck
2025-10-11 16:09:35.515 [info] 
2025-10-11 16:09:45.384 [info] Running checks...
2025-10-11 16:09:45.384 [info] Starting linting the current package at /home/arshan/Code/gotut
2025-10-11 16:09:45.413 [info] /home/arshan/Code/gotut>Finished running tool: /home/arshan/go/bin/staticcheck
2025-10-11 16:09:45.413 [info] 
2025-10-11 16:09:48.559 [info] Running checks...
2025-10-11 16:09:48.559 [info] Starting linting the current package at /home/arshan/Code/gotut
2025-10-11 16:09:48.585 [info] /home/arshan/Code/gotut>Finished running tool: /home/arshan/go/bin/staticcheck
2025-10-11 16:09:48.585 [info] 
2025-10-11 16:09:50.898 [info] Running checks...
2025-10-11 16:09:50.898 [info] Starting linting the current package at /home/arshan/Code/gotut
2025-10-11 16:09:50.924 [info] /home/arshan/Code/gotut>Finished running tool: /home/arshan/go/bin/staticcheck
2025-10-11 16:09:50.924 [info] 
2025-10-11 16:09:54.006 [info] Running checks...
2025-10-11 16:09:54.006 [info] Starting linting the current package at /home/arshan/Code/gotut
2025-10-11 16:09:54.031 [info] /home/arshan/Code/gotut>Finished running tool: /home/arshan/go/bin/staticcheck
2025-10-11 16:09:54.031 [info] 
2025-10-11 16:09:59.431 [info] Running checks...
2025-10-11 16:09:59.431 [info] Starting linting the current package at /home/arshan/Code/gotut
2025-10-11 16:09:59.473 [info] /home/arshan/Code/gotut>Finished running tool: /home/arshan/go/bin/staticcheck
2025-10-11 16:09:59.473 [info] 
2025-10-11 16:10:09.642 [info] Running checks...
2025-10-11 16:10:09.642 [info] Starting linting the current package at /home/arshan/Code/gotut
2025-10-11 16:10:09.669 [info] /home/arshan/Code/gotut>Finished running tool: /home/arshan/go/bin/staticcheck
2025-10-11 16:10:09.669 [info] 
2025-10-11 16:10:15.983 [info] Running checks...
2025-10-11 16:10:15.983 [info] Starting linting the current package at /home/arshan/Code/gotut
2025-10-11 16:10:16.009 [info] /home/arshan/Code/gotut>Finished running tool: /home/arshan/go/bin/staticcheck
2025-10-11 16:10:16.009 [info] 
2025-10-11 16:10:16.161 [info] Running checks...
2025-10-11 16:10:16.161 [info] Starting linting the current package at /home/arshan/Code/gotut
2025-10-11 16:10:16.201 [info] /home/arshan/Code/gotut>Finished running tool: /home/arshan/go/bin/staticcheck
2025-10-11 16:10:16.201 [info] 
2025-10-11 16:10:20.724 [info] Running checks...
2025-10-11 16:10:20.724 [info] Starting linting the current package at /home/arshan/Code/gotut
2025-10-11 16:10:20.751 [info] /home/arshan/Code/gotut>Finished running tool: /home/arshan/go/bin/staticcheck
2025-10-11 16:10:20.751 [info] 
2025-10-11 16:10:24.533 [info] Running checks...
2025-10-11 16:10:24.533 [info] Starting linting the current package at /home/arshan/Code/gotut
2025-10-11 16:10:24.559 [info] /home/arshan/Code/gotut>Finished running tool: /home/arshan/go/bin/staticcheck
2025-10-11 16:10:24.559 [info] 
2025-10-11 16:10:25.646 [info] Running checks...
2025-10-11 16:10:25.646 [info] Starting linting the current package at /home/arshan/Code/gotut
2025-10-11 16:10:25.673 [info] /home/arshan/Code/gotut>Finished running tool: /home/arshan/go/bin/staticcheck
2025-10-11 16:10:25.673 [info] 
2025-10-11 16:10:29.040 [info] Running checks...
2025-10-11 16:10:29.040 [info] Starting linting the current package at /home/arshan/Code/gotut
2025-10-11 16:10:29.067 [info] /home/arshan/Code/gotut>Finished running tool: /home/arshan/go/bin/staticcheck
2025-10-11 16:10:29.067 [info] 
2025-10-11 16:10:33.267 [info] Running checks...
2025-10-11 16:10:33.267 [info] Starting linting the current package at /home/arshan/Code/gotut
2025-10-11 16:10:33.304 [info] /home/arshan/Code/gotut>Finished running tool: /home/arshan/go/bin/staticcheck
2025-10-11 16:10:33.304 [info] 
2025-10-11 16:10:37.974 [info] Running checks...
2025-10-11 16:10:37.974 [info] Starting linting the current package at /home/arshan/Code/gotut
2025-10-11 16:10:38.001 [info] /home/arshan/Code/gotut>Finished running tool: /home/arshan/go/bin/staticcheck
2025-10-11 16:10:38.001 [info] 
2025-10-11 16:10:41.378 [info] Running checks...
2025-10-11 16:10:41.378 [info] Starting linting the current package at /home/arshan/Code/gotut
2025-10-11 16:10:41.403 [info] /home/arshan/Code/gotut>Finished running tool: /home/arshan/go/bin/staticcheck
2025-10-11 16:10:41.403 [info] 
2025-10-11 16:10:45.181 [info] Running checks...
2025-10-11 16:10:45.182 [info] Starting linting the current package at /home/arshan/Code/gotut
2025-10-11 16:10:45.211 [info] /home/arshan/Code/gotut>Finished running tool: /home/arshan/go/bin/staticcheck
2025-10-11 16:10:45.211 [info] 
2025-10-11 16:10:46.478 [info] Running checks...
2025-10-11 16:10:46.478 [info] Starting linting the current package at /home/arshan/Code/gotut
2025-10-11 16:10:46.505 [info] /home/arshan/Code/gotut>Finished running tool: /home/arshan/go/bin/staticcheck
2025-10-11 16:10:46.505 [info] 
2025-10-11 16:10:59.462 [info] Running checks...
2025-10-11 16:10:59.462 [info] Starting linting the current package at /home/arshan/Code/gotut
2025-10-11 16:10:59.488 [info] /home/arshan/Code/gotut>Finished running tool: /home/arshan/go/bin/staticcheck
2025-10-11 16:10:59.488 [info] 
2025-10-11 16:11:05.463 [info] Running checks...
2025-10-11 16:11:05.463 [info] Starting linting the current package at /home/arshan/Code/gotut
2025-10-11 16:11:05.490 [info] /home/arshan/Code/gotut>Finished running tool: /home/arshan/go/bin/staticcheck
2025-10-11 16:11:05.490 [info] 
2025-10-11 16:11:23.052 [info] Running checks...
2025-10-11 16:11:23.052 [info] Starting linting the current package at /home/arshan/Code/gotut
2025-10-11 16:11:23.080 [info] /home/arshan/Code/gotut>Finished running tool: /home/arshan/go/bin/staticcheck
2025-10-11 16:11:23.080 [info] 
2025-10-11 16:12:12.580 [info] Running checks...
2025-10-11 16:12:12.580 [info] Starting linting the current package at /home/arshan/Code/gotut
2025-10-11 16:12:12.608 [info] /home/arshan/Code/gotut>Finished running tool: /home/arshan/go/bin/staticcheck
2025-10-11 16:12:12.608 [info] 
2025-10-11 16:12:13.219 [info] Running checks...
2025-10-11 16:12:13.219 [info] Starting linting the current package at /home/arshan/Code/gotut
2025-10-11 16:12:13.245 [info] /home/arshan/Code/gotut>Finished running tool: /home/arshan/go/bin/staticcheck
2025-10-11 16:12:13.245 [info] 
2025-10-11 16:12:33.477 [info] Running checks...
2025-10-11 16:12:33.478 [info] Starting linting the current package at /home/arshan/Code/gotut
2025-10-11 16:12:33.503 [info] /home/arshan/Code/gotut>Finished running tool: /home/arshan/go/bin/staticcheck
2025-10-11 16:12:33.503 [info] 
2025-10-11 16:13:03.183 [info] Running checks...
2025-10-11 16:13:03.183 [info] Starting linting the current package at /home/arshan/Code/gotut
2025-10-11 16:13:03.216 [info] /home/arshan/Code/gotut>Finished running tool: /home/arshan/go/bin/staticcheck
2025-10-11 16:13:03.216 [info] 
2025-10-11 16:13:25.716 [info] Running checks...
2025-10-11 16:13:25.716 [info] Starting linting the current package at /home/arshan/Code/gotut
2025-10-11 16:13:25.744 [info] /home/arshan/Code/gotut>Finished running tool: /home/arshan/go/bin/staticcheck
2025-10-11 16:13:25.744 [info] 
2025-10-11 16:13:29.158 [info] Running checks...
2025-10-11 16:13:29.158 [info] Starting linting the current package at /home/arshan/Code/gotut
2025-10-11 16:13:29.186 [info] /home/arshan/Code/gotut>Finished running tool: /home/arshan/go/bin/staticcheck
2025-10-11 16:13:29.186 [info] 
2025-10-11 16:13:48.024 [info] Running checks...
2025-10-11 16:13:48.024 [info] Starting linting the current package at /home/arshan/Code/gotut
2025-10-11 16:13:48.051 [info] /home/arshan/Code/gotut>Finished running tool: /home/arshan/go/bin/staticcheck
2025-10-11 16:13:48.051 [info] 
2025-10-11 16:13:51.011 [info] Running checks...
2025-10-11 16:13:51.011 [info] Starting linting the current package at /home/arshan/Code/gotut
2025-10-11 16:13:51.039 [info] /home/arshan/Code/gotut>Finished running tool: /home/arshan/go/bin/staticcheck
2025-10-11 16:13:51.039 [info] 
2025-10-11 16:13:54.834 [info] Running checks...
2025-10-11 16:13:54.834 [info] Starting linting the current package at /home/arshan/Code/gotut
2025-10-11 16:13:54.861 [info] /home/arshan/Code/gotut>Finished running tool: /home/arshan/go/bin/staticcheck
2025-10-11 16:13:54.861 [info] 
2025-10-11 16:14:01.882 [info] Running checks...
2025-10-11 16:14:01.882 [info] Starting linting the current package at /home/arshan/Code/gotut
2025-10-11 16:14:01.908 [info] /home/arshan/Code/gotut>Finished running tool: /home/arshan/go/bin/staticcheck
2025-10-11 16:14:01.908 [info] 
2025-10-11 16:14:05.156 [info] Running checks...
2025-10-11 16:14:05.156 [info] Starting linting the current package at /home/arshan/Code/gotut
2025-10-11 16:14:05.182 [info] /home/arshan/Code/gotut>Finished running tool: /home/arshan/go/bin/staticcheck
2025-10-11 16:14:05.182 [info] 
2025-10-11 16:14:07.804 [info] Running checks...
2025-10-11 16:14:07.804 [info] Starting linting the current package at /home/arshan/Code/gotut
2025-10-11 16:14:07.831 [info] /home/arshan/Code/gotut>Finished running tool: /home/arshan/go/bin/staticcheck
2025-10-11 16:14:07.831 [info] 
2025-10-11 16:14:09.226 [info] Running checks...
2025-10-11 16:14:09.226 [info] Starting linting the current package at /home/arshan/Code/gotut
2025-10-11 16:14:09.254 [info] /home/arshan/Code/gotut>Finished running tool: /home/arshan/go/bin/staticcheck
2025-10-11 16:14:09.254 [info] 
2025-10-11 16:14:11.783 [info] Running checks...
2025-10-11 16:14:11.783 [info] Starting linting the current package at /home/arshan/Code/gotut
2025-10-11 16:14:11.810 [info] /home/arshan/Code/gotut>Finished running tool: /home/arshan/go/bin/staticcheck
2025-10-11 16:14:11.810 [info] 
2025-10-11 16:14:14.951 [info] Running checks...
2025-10-11 16:14:14.951 [info] Starting linting the current package at /home/arshan/Code/gotut
2025-10-11 16:14:14.981 [info] /home/arshan/Code/gotut>Finished running tool: /home/arshan/go/bin/staticcheck
2025-10-11 16:14:14.981 [info] 
2025-10-11 16:14:16.319 [info] Running checks...
2025-10-11 16:14:16.319 [info] Starting linting the current package at /home/arshan/Code/gotut
2025-10-11 16:14:16.345 [info] /home/arshan/Code/gotut>Finished running tool: /home/arshan/go/bin/staticcheck
2025-10-11 16:14:16.345 [info] 
2025-10-11 16:14:20.789 [info] Running checks...
2025-10-11 16:14:20.789 [info] Starting linting the current package at /home/arshan/Code/gotut
2025-10-11 16:14:20.816 [info] /home/arshan/Code/gotut>Finished running tool: /home/arshan/go/bin/staticcheck
2025-10-11 16:14:20.816 [info] 
2025-10-11 16:14:26.964 [info] Running checks...
2025-10-11 16:14:26.964 [info] Starting linting the current package at /home/arshan/Code/gotut
2025-10-11 16:14:26.992 [info] /home/arshan/Code/gotut>Finished running tool: /home/arshan/go/bin/staticcheck
2025-10-11 16:14:26.992 [info] 
2025-10-11 16:14:29.829 [info] Running checks...
2025-10-11 16:14:29.829 [info] Starting linting the current package at /home/arshan/Code/gotut
2025-10-11 16:14:29.856 [info] /home/arshan/Code/gotut>Finished running tool: /home/arshan/go/bin/staticcheck
2025-10-11 16:14:29.856 [info] 
2025-10-11 16:14:34.038 [info] Running checks...
2025-10-11 16:14:34.039 [info] Starting linting the current package at /home/arshan/Code/gotut
2025-10-11 16:14:34.065 [info] /home/arshan/Code/gotut>Finished running tool: /home/arshan/go/bin/staticcheck
2025-10-11 16:14:34.065 [info] 
2025-10-11 16:14:37.579 [info] Running checks...
2025-10-11 16:14:37.579 [info] Starting linting the current package at /home/arshan/Code/gotut
2025-10-11 16:14:37.607 [info] /home/arshan/Code/gotut>Finished running tool: /home/arshan/go/bin/staticcheck
2025-10-11 16:14:37.607 [info] 
2025-10-11 16:14:41.838 [info] Running checks...
2025-10-11 16:14:41.838 [info] Starting linting the current package at /home/arshan/Code/gotut
2025-10-11 16:14:41.865 [info] /home/arshan/Code/gotut>Finished running tool: /home/arshan/go/bin/staticcheck
2025-10-11 16:14:41.865 [info] 
2025-10-11 16:14:45.772 [info] Running checks...
2025-10-11 16:14:45.772 [info] Starting linting the current package at /home/arshan/Code/gotut
2025-10-11 16:14:45.799 [info] /home/arshan/Code/gotut>Finished running tool: /home/arshan/go/bin/staticcheck
2025-10-11 16:14:45.799 [info] 
2025-10-11 16:14:48.553 [info] Running checks...
2025-10-11 16:14:48.553 [info] Starting linting the current package at /home/arshan/Code/gotut
2025-10-11 16:14:48.579 [info] /home/arshan/Code/gotut>Finished running tool: /home/arshan/go/bin/staticcheck
2025-10-11 16:14:48.579 [info] 
2025-10-11 16:14:49.970 [info] Running checks...
2025-10-11 16:14:49.970 [info] Starting linting the current package at /home/arshan/Code/gotut
2025-10-11 16:14:49.997 [info] /home/arshan/Code/gotut>Finished running tool: /home/arshan/go/bin/staticcheck
2025-10-11 16:14:49.997 [info] 
2025-10-11 16:15:23.020 [info] Running checks...
2025-10-11 16:15:23.020 [info] Starting linting the current package at /home/arshan/Code/gotut
2025-10-11 16:15:23.049 [info] /home/arshan/Code/gotut>Finished running tool: /home/arshan/go/bin/staticcheck
2025-10-11 16:15:23.049 [info] 
2025-10-11 16:15:36.885 [info] Running checks...
2025-10-11 16:15:36.885 [info] Starting linting the current package at /home/arshan/Code/gotut
2025-10-11 16:15:36.913 [info] /home/arshan/Code/gotut>Finished running tool: /home/arshan/go/bin/staticcheck
2025-10-11 16:15:36.913 [info] 
2025-10-11 16:15:51.019 [info] Running checks...
2025-10-11 16:15:51.019 [info] Starting linting the current package at /home/arshan/Code/gotut
2025-10-11 16:15:51.046 [info] /home/arshan/Code/gotut>Finished running tool: /home/arshan/go/bin/staticcheck
2025-10-11 16:15:51.046 [info] 
2025-10-11 16:15:56.476 [info] Running checks...
2025-10-11 16:15:56.476 [info] Starting linting the current package at /home/arshan/Code/gotut
2025-10-11 16:15:56.503 [info] /home/arshan/Code/gotut>Finished running tool: /home/arshan/go/bin/staticcheck
2025-10-11 16:15:56.503 [info] 
2025-10-11 16:15:58.090 [info] Running checks...
2025-10-11 16:15:58.090 [info] Starting linting the current package at /home/arshan/Code/gotut
2025-10-11 16:15:58.128 [info] /home/arshan/Code/gotut>Finished running tool: /home/arshan/go/bin/staticcheck
2025-10-11 16:15:58.128 [info] 
2025-10-11 16:16:01.072 [info] Running checks...
2025-10-11 16:16:01.072 [info] Starting linting the current package at /home/arshan/Code/gotut
2025-10-11 16:16:01.098 [info] /home/arshan/Code/gotut>Finished running tool: /home/arshan/go/bin/staticcheck
2025-10-11 16:16:01.098 [info] 
2025-10-11 16:16:03.786 [info] Running checks...
2025-10-11 16:16:03.786 [info] Starting linting the current package at /home/arshan/Code/gotut
2025-10-11 16:16:03.812 [info] /home/arshan/Code/gotut>Finished running tool: /home/arshan/go/bin/staticcheck
2025-10-11 16:16:03.812 [info] 
2025-10-11 16:16:09.259 [info] Running checks...
2025-10-11 16:16:09.259 [info] Starting linting the current package at /home/arshan/Code/gotut
2025-10-11 16:16:09.286 [info] /home/arshan/Code/gotut>Finished running tool: /home/arshan/go/bin/staticcheck
2025-10-11 16:16:09.286 [info] 
2025-10-11 16:16:12.351 [info] Running checks...
2025-10-11 16:16:12.351 [info] Starting linting the current package at /home/arshan/Code/gotut
2025-10-11 16:16:12.378 [info] /home/arshan/Code/gotut>Finished running tool: /home/arshan/go/bin/staticcheck
2025-10-11 16:16:12.378 [info] 
2025-10-11 16:16:18.230 [info] Running checks...
2025-10-11 16:16:18.230 [info] Starting linting the current package at /home/arshan/Code/gotut
2025-10-11 16:16:18.256 [info] /home/arshan/Code/gotut>Finished running tool: /home/arshan/go/bin/staticcheck
2025-10-11 16:16:18.256 [info] 
2025-10-11 16:16:21.969 [info] Running checks...
2025-10-11 16:16:21.969 [info] Starting linting the current package at /home/arshan/Code/gotut
2025-10-11 16:16:21.994 [info] /home/arshan/Code/gotut>Finished running tool: /home/arshan/go/bin/staticcheck
2025-10-11 16:16:21.994 [info] 
2025-10-11 16:16:27.041 [info] Running checks...
2025-10-11 16:16:27.041 [info] Starting linting the current package at /home/arshan/Code/gotut
2025-10-11 16:16:27.067 [info] /home/arshan/Code/gotut>Finished running tool: /home/arshan/go/bin/staticcheck
2025-10-11 16:16:27.067 [info] 
2025-10-11 16:16:33.373 [info] Running checks...
2025-10-11 16:16:33.373 [info] Starting linting the current package at /home/arshan/Code/gotut
2025-10-11 16:16:33.400 [info] /home/arshan/Code/gotut>Finished running tool: /home/arshan/go/bin/staticcheck
2025-10-11 16:16:33.400 [info] 
2025-10-11 16:16:35.480 [info] Running checks...
2025-10-11 16:16:35.480 [info] Starting linting the current package at /home/arshan/Code/gotut
2025-10-11 16:16:35.506 [info] /home/arshan/Code/gotut>Finished running tool: /home/arshan/go/bin/staticcheck
2025-10-11 16:16:35.506 [info] 
2025-10-11 16:16:39.312 [info] Running checks...
2025-10-11 16:16:39.312 [info] Starting linting the current package at /home/arshan/Code/gotut
2025-10-11 16:16:39.338 [info] /home/arshan/Code/gotut>Finished running tool: /home/arshan/go/bin/staticcheck
2025-10-11 16:16:39.338 [info] 
2025-10-11 16:16:45.574 [info] Running checks...
2025-10-11 16:16:45.574 [info] Starting linting the current package at /home/arshan/Code/gotut
2025-10-11 16:16:45.602 [info] /home/arshan/Code/gotut>Finished running tool: /home/arshan/go/bin/staticcheck
2025-10-11 16:16:45.602 [info] 
2025-10-11 16:16:49.709 [info] Running checks...
2025-10-11 16:16:49.709 [info] Starting linting the current package at /home/arshan/Code/gotut
2025-10-11 16:16:49.736 [info] /home/arshan/Code/gotut>Finished running tool: /home/arshan/go/bin/staticcheck
2025-10-11 16:16:49.736 [info] 
2025-10-11 16:16:54.190 [info] Running checks...
2025-10-11 16:16:54.190 [info] Starting linting the current package at /home/arshan/Code/gotut
2025-10-11 16:16:54.217 [info] /home/arshan/Code/gotut>Finished running tool: /home/arshan/go/bin/staticcheck
2025-10-11 16:16:54.217 [info] 
2025-10-11 16:16:58.421 [info] Running checks...
2025-10-11 16:16:58.421 [info] Starting linting the current package at /home/arshan/Code/gotut
2025-10-11 16:16:58.447 [info] /home/arshan/Code/gotut>Finished running tool: /home/arshan/go/bin/staticcheck
2025-10-11 16:16:58.447 [info] 
2025-10-11 16:17:00.540 [info] Running checks...
2025-10-11 16:17:00.540 [info] Starting linting the current package at /home/arshan/Code/gotut
2025-10-11 16:17:00.567 [info] /home/arshan/Code/gotut>Finished running tool: /home/arshan/go/bin/staticcheck
2025-10-11 16:17:00.567 [info] 
2025-10-11 16:17:03.005 [info] Running checks...
2025-10-11 16:17:03.005 [info] Starting linting the current package at /home/arshan/Code/gotut
2025-10-11 16:17:03.031 [info] /home/arshan/Code/gotut>Finished running tool: /home/arshan/go/bin/staticcheck
2025-10-11 16:17:03.031 [info] 
2025-10-11 16:17:05.130 [info] Running checks...
2025-10-11 16:17:05.130 [info] Starting linting the current package at /home/arshan/Code/gotut
2025-10-11 16:17:05.155 [info] /home/arshan/Code/gotut>Finished running tool: /home/arshan/go/bin/staticcheck
2025-10-11 16:17:05.155 [info] 
2025-10-11 16:25:34.597 [info] Running checks...
2025-10-11 16:25:34.597 [info] Starting linting the current package at /home/arshan/Code/gotut
2025-10-11 16:25:34.624 [info] /home/arshan/Code/gotut>Finished running tool: /home/arshan/go/bin/staticcheck
2025-10-11 16:25:34.624 [info] 
2025-10-11 16:25:37.878 [info] Running checks...
2025-10-11 16:25:37.878 [info] Starting linting the current package at /home/arshan/Code/gotut
2025-10-11 16:25:37.906 [info] /home/arshan/Code/gotut>Finished running tool: /home/arshan/go/bin/staticcheck
2025-10-11 16:25:37.906 [info] 
2025-10-11 16:25:39.758 [info] Running checks...
2025-10-11 16:25:39.758 [info] Starting linting the current package at /home/arshan/Code/gotut
2025-10-11 16:25:39.784 [info] /home/arshan/Code/gotut>Finished running tool: /home/arshan/go/bin/staticcheck
2025-10-11 16:25:39.784 [info] 
2025-10-11 16:25:41.592 [info] Running checks...
2025-10-11 16:25:41.592 [info] Starting linting the current package at /home/arshan/Code/gotut
2025-10-11 16:25:41.618 [info] /home/arshan/Code/gotut>Finished running tool: /home/arshan/go/bin/staticcheck
2025-10-11 16:25:41.618 [info] 
2025-10-11 16:25:43.858 [info] Running checks...
2025-10-11 16:25:43.858 [info] Starting linting the current package at /home/arshan/Code/gotut
2025-10-11 16:25:43.885 [info] /home/arshan/Code/gotut>Finished running tool: /home/arshan/go/bin/staticcheck
2025-10-11 16:25:43.885 [info] 
2025-10-11 16:25:43.979 [info] Running checks...
2025-10-11 16:25:43.979 [info] Starting linting the current package at /home/arshan/Code/gotut
2025-10-11 16:25:44.007 [info] /home/arshan/Code/gotut>Finished running tool: /home/arshan/go/bin/staticcheck
2025-10-11 16:25:44.007 [info] 
2025-10-11 16:25:51.013 [info] Running checks...
2025-10-11 16:25:51.013 [info] Starting linting the current package at /home/arshan/Code/gotut
2025-10-11 16:25:51.039 [info] /home/arshan/Code/gotut>Finished running tool: /home/arshan/go/bin/staticcheck
2025-10-11 16:25:51.039 [info] 
2025-10-11 16:25:53.708 [info] Running checks...
2025-10-11 16:25:53.708 [info] Starting linting the current package at /home/arshan/Code/gotut
2025-10-11 16:25:53.734 [info] /home/arshan/Code/gotut>Finished running tool: /home/arshan/go/bin/staticcheck
2025-10-11 16:25:53.734 [info] 
2025-10-11 16:25:55.551 [info] Running checks...
2025-10-11 16:25:55.551 [info] Starting linting the current package at /home/arshan/Code/gotut
2025-10-11 16:25:55.578 [info] /home/arshan/Code/gotut>Finished running tool: /home/arshan/go/bin/staticcheck
2025-10-11 16:25:55.578 [info] 
2025-10-11 16:25:59.575 [info] Running checks...
2025-10-11 16:25:59.575 [info] Starting linting the current package at /home/arshan/Code/gotut
2025-10-11 16:25:59.602 [info] /home/arshan/Code/gotut>Finished running tool: /home/arshan/go/bin/staticcheck
2025-10-11 16:25:59.602 [info] 
2025-10-11 16:26:01.963 [info] Running checks...
2025-10-11 16:26:01.963 [info] Starting linting the current package at /home/arshan/Code/gotut
2025-10-11 16:26:01.989 [info] /home/arshan/Code/gotut>Finished running tool: /home/arshan/go/bin/staticcheck
2025-10-11 16:26:01.989 [info] 
2025-10-11 16:26:26.587 [info] Running checks...
2025-10-11 16:26:26.587 [info] Starting linting the current package at /home/arshan/Code/gotut
2025-10-11 16:26:26.613 [info] /home/arshan/Code/gotut>Finished running tool: /home/arshan/go/bin/staticcheck
2025-10-11 16:26:26.613 [info] 
2025-10-11 16:31:36.625 [info] Running checks...
2025-10-11 16:31:36.625 [info] Starting linting the current package at /home/arshan/Code/gotut
2025-10-11 16:31:36.656 [info] /home/arshan/Code/gotut>Finished running tool: /home/arshan/go/bin/staticcheck
2025-10-11 16:31:36.656 [info] 
2025-10-11 16:32:40.249 [info] Running checks...
2025-10-11 16:32:40.249 [info] Starting linting the current package at /home/arshan/Code/gotut
2025-10-11 16:32:40.279 [info] /home/arshan/Code/gotut>Finished running tool: /home/arshan/go/bin/staticcheck
2025-10-11 16:32:40.279 [info] 
2025-10-11 16:32:42.205 [info] Running checks...
2025-10-11 16:32:42.205 [info] Starting linting the current package at /home/arshan/Code/gotut
2025-10-11 16:32:42.232 [info] /home/arshan/Code/gotut>Finished running tool: /home/arshan/go/bin/staticcheck
2025-10-11 16:32:42.232 [info] 
2025-10-11 16:32:48.778 [info] Running checks...
2025-10-11 16:32:48.778 [info] Starting linting the current package at /home/arshan/Code/gotut
2025-10-11 16:32:48.805 [info] /home/arshan/Code/gotut>Finished running tool: /home/arshan/go/bin/staticcheck
2025-10-11 16:32:48.805 [info] 
2025-10-11 16:32:50.631 [info] Running checks...
2025-10-11 16:32:50.631 [info] Starting linting the current package at /home/arshan/Code/gotut
2025-10-11 16:32:50.658 [info] /home/arshan/Code/gotut>Finished running tool: /home/arshan/go/bin/staticcheck
2025-10-11 16:32:50.658 [info] 
2025-10-11 16:33:15.261 [info] Running checks...
2025-10-11 16:33:15.261 [info] Starting linting the current package at /home/arshan/Code/gotut
2025-10-11 16:33:15.290 [info] /home/arshan/Code/gotut>Finished running tool: /home/arshan/go/bin/staticcheck
2025-10-11 16:33:15.290 [info] 
2025-10-11 16:33:46.867 [info] Running checks...
2025-10-11 16:33:46.867 [info] Starting linting the current package at /home/arshan/Code/gotut
2025-10-11 16:33:46.904 [info] /home/arshan/Code/gotut>Finished running tool: /home/arshan/go/bin/staticcheck
2025-10-11 16:33:46.904 [info] 
2025-10-11 16:33:57.442 [info] Running checks...
2025-10-11 16:33:57.442 [info] Starting linting the current package at /home/arshan/Code/gotut
2025-10-11 16:33:57.471 [info] /home/arshan/Code/gotut>Finished running tool: /home/arshan/go/bin/staticcheck
2025-10-11 16:33:57.471 [info] 
2025-10-11 16:33:59.984 [info] Running checks...
2025-10-11 16:33:59.984 [info] Starting linting the current package at /home/arshan/Code/gotut
2025-10-11 16:34:00.012 [info] /home/arshan/Code/gotut>Finished running tool: /home/arshan/go/bin/staticcheck
2025-10-11 16:34:00.012 [info] 
2025-10-11 16:34:13.259 [info] Running checks...
2025-10-11 16:34:13.259 [info] Starting linting the current package at /home/arshan/Code/gotut
2025-10-11 16:34:13.287 [info] /home/arshan/Code/gotut>Finished running tool: /home/arshan/go/bin/staticcheck
2025-10-11 16:34:13.287 [info] 
2025-10-11 16:34:22.664 [info] Running checks...
2025-10-11 16:34:22.664 [info] Starting linting the current package at /home/arshan/Code/gotut
2025-10-11 16:34:22.691 [info] /home/arshan/Code/gotut>Finished running tool: /home/arshan/go/bin/staticcheck
2025-10-11 16:34:22.691 [info] 
2025-10-11 16:34:23.706 [info] Running checks...
2025-10-11 16:34:23.706 [info] Starting linting the current package at /home/arshan/Code/gotut
2025-10-11 16:34:23.733 [info] /home/arshan/Code/gotut>Finished running tool: /home/arshan/go/bin/staticcheck
2025-10-11 16:34:23.733 [info] 
2025-10-11 16:34:30.461 [info] Running checks...
2025-10-11 16:34:30.461 [info] Starting linting the current package at /home/arshan/Code/gotut
2025-10-11 16:34:30.488 [info] /home/arshan/Code/gotut>Finished running tool: /home/arshan/go/bin/staticcheck
2025-10-11 16:34:30.488 [info] 
2025-10-11 16:34:32.964 [info] Running checks...
2025-10-11 16:34:32.964 [info] Starting linting the current package at /home/arshan/Code/gotut
2025-10-11 16:34:33.003 [info] /home/arshan/Code/gotut>Finished running tool: /home/arshan/go/bin/staticcheck
2025-10-11 16:34:33.003 [info] 
2025-10-11 16:34:34.847 [info] Running checks...
2025-10-11 16:34:34.847 [info] Starting linting the current package at /home/arshan/Code/gotut
2025-10-11 16:34:34.880 [info] /home/arshan/Code/gotut>Finished running tool: /home/arshan/go/bin/staticcheck
2025-10-11 16:34:34.880 [info] 
2025-10-11 16:36:42.904 [info] Running checks...
2025-10-11 16:36:42.904 [info] Starting linting the current package at /home/arshan/Code/gotut
2025-10-11 16:36:42.932 [info] /home/arshan/Code/gotut>Finished running tool: /home/arshan/go/bin/staticcheck
2025-10-11 16:36:42.932 [info] 
2025-10-11 16:36:44.428 [info] Running checks...
2025-10-11 16:36:44.428 [info] Starting linting the current package at /home/arshan/Code/gotut
2025-10-11 16:36:44.455 [info] /home/arshan/Code/gotut>Finished running tool: /home/arshan/go/bin/staticcheck
2025-10-11 16:36:44.455 [info] 
2025-10-11 16:36:51.270 [info] Running checks...
2025-10-11 16:36:51.270 [info] Starting linting the current package at /home/arshan/Code/gotut
2025-10-11 16:36:51.297 [info] /home/arshan/Code/gotut>Finished running tool: /home/arshan/go/bin/staticcheck
2025-10-11 16:36:51.297 [info] 
2025-10-11 16:36:55.137 [info] Running checks...
2025-10-11 16:36:55.137 [info] Starting linting the current package at /home/arshan/Code/gotut
2025-10-11 16:36:55.165 [info] /home/arshan/Code/gotut>Finished running tool: /home/arshan/go/bin/staticcheck
2025-10-11 16:36:55.165 [info] 
2025-10-11 16:36:57.258 [info] Running checks...
2025-10-11 16:36:57.258 [info] Starting linting the current package at /home/arshan/Code/gotut
2025-10-11 16:36:57.286 [info] /home/arshan/Code/gotut>Finished running tool: /home/arshan/go/bin/staticcheck
2025-10-11 16:36:57.286 [info] 
2025-10-11 16:37:12.260 [info] Running checks...
2025-10-11 16:37:12.260 [info] Starting linting the current package at /home/arshan/Code/gotut
2025-10-11 16:37:12.294 [info] /home/arshan/Code/gotut>Finished running tool: /home/arshan/go/bin/staticcheck
2025-10-11 16:37:12.294 [info] 
2025-10-11 16:37:16.394 [info] Running checks...
2025-10-11 16:37:16.394 [info] Starting linting the current package at /home/arshan/Code/gotut
2025-10-11 16:37:16.420 [info] /home/arshan/Code/gotut>Finished running tool: /home/arshan/go/bin/staticcheck
2025-10-11 16:37:16.420 [info] 
2025-10-11 16:37:18.720 [info] Running checks...
2025-10-11 16:37:18.720 [info] Starting linting the current package at /home/arshan/Code/gotut
2025-10-11 16:37:18.754 [info] /home/arshan/Code/gotut>Finished running tool: /home/arshan/go/bin/staticcheck
2025-10-11 16:37:18.754 [info] 
2025-10-11 16:37:21.162 [info] Running checks...
2025-10-11 16:37:21.162 [info] Starting linting the current package at /home/arshan/Code/gotut
2025-10-11 16:37:21.188 [info] /home/arshan/Code/gotut>Finished running tool: /home/arshan/go/bin/staticcheck
2025-10-11 16:37:21.188 [info] 
2025-10-11 16:37:24.495 [info] Running checks...
2025-10-11 16:37:24.495 [info] Starting linting the current package at /home/arshan/Code/gotut
2025-10-11 16:37:24.523 [info] /home/arshan/Code/gotut>Finished running tool: /home/arshan/go/bin/staticcheck
2025-10-11 16:37:24.523 [info] 
2025-10-11 16:37:27.064 [info] Running checks...
2025-10-11 16:37:27.064 [info] Starting linting the current package at /home/arshan/Code/gotut
2025-10-11 16:37:27.090 [info] /home/arshan/Code/gotut>Finished running tool: /home/arshan/go/bin/staticcheck
2025-10-11 16:37:27.090 [info] 
2025-10-11 16:37:29.832 [info] Running checks...
2025-10-11 16:37:29.832 [info] Starting linting the current package at /home/arshan/Code/gotut
2025-10-11 16:37:29.859 [info] /home/arshan/Code/gotut>Finished running tool: /home/arshan/go/bin/staticcheck
2025-10-11 16:37:29.859 [info] 
2025-10-11 16:37:33.500 [info] Running checks...
2025-10-11 16:37:33.500 [info] Starting linting the current package at /home/arshan/Code/gotut
2025-10-11 16:37:33.528 [info] /home/arshan/Code/gotut>Finished running tool: /home/arshan/go/bin/staticcheck
2025-10-11 16:37:33.528 [info] 
2025-10-11 16:37:36.827 [info] Running checks...
2025-10-11 16:37:36.827 [info] Starting linting the current package at /home/arshan/Code/gotut
2025-10-11 16:37:36.853 [info] /home/arshan/Code/gotut>Finished running tool: /home/arshan/go/bin/staticcheck
2025-10-11 16:37:36.853 [info] 
2025-10-11 16:37:39.659 [info] Running checks...
2025-10-11 16:37:39.659 [info] Starting linting the current package at /home/arshan/Code/gotut
2025-10-11 16:37:39.686 [info] /home/arshan/Code/gotut>Finished running tool: /home/arshan/go/bin/staticcheck
2025-10-11 16:37:39.686 [info] 
2025-10-11 16:37:42.422 [info] Running checks...
2025-10-11 16:37:42.422 [info] Starting linting the current package at /home/arshan/Code/gotut
2025-10-11 16:37:42.449 [info] /home/arshan/Code/gotut>Finished running tool: /home/arshan/go/bin/staticcheck
2025-10-11 16:37:42.449 [info] 
2025-10-11 16:37:44.484 [info] Running checks...
2025-10-11 16:37:44.484 [info] Starting linting the current package at /home/arshan/Code/gotut
2025-10-11 16:37:44.511 [info] /home/arshan/Code/gotut>Finished running tool: /home/arshan/go/bin/staticcheck
2025-10-11 16:37:44.511 [info] 
2025-10-11 16:37:47.224 [info] Running checks...
2025-10-11 16:37:47.224 [info] Starting linting the current package at /home/arshan/Code/gotut
2025-10-11 16:37:47.252 [info] /home/arshan/Code/gotut>Finished running tool: /home/arshan/go/bin/staticcheck
2025-10-11 16:37:47.252 [info] 
2025-10-11 16:37:49.014 [info] Running checks...
2025-10-11 16:37:49.014 [info] Starting linting the current package at /home/arshan/Code/gotut
2025-10-11 16:37:49.042 [info] /home/arshan/Code/gotut>Finished running tool: /home/arshan/go/bin/staticcheck
2025-10-11 16:37:49.042 [info] 
2025-10-11 16:37:50.684 [info] Running checks...
2025-10-11 16:37:50.684 [info] Starting linting the current package at /home/arshan/Code/gotut
2025-10-11 16:37:50.711 [info] /home/arshan/Code/gotut>Finished running tool: /home/arshan/go/bin/staticcheck
2025-10-11 16:37:50.711 [info] 
2025-10-11 16:38:05.711 [info] Running checks...
2025-10-11 16:38:05.711 [info] Starting linting the current package at /home/arshan/Code/gotut
2025-10-11 16:38:05.746 [info] /home/arshan/Code/gotut>Finished running tool: /home/arshan/go/bin/staticcheck
2025-10-11 16:38:05.746 [info] 
2025-10-11 16:40:14.237 [info] Running checks...
2025-10-11 16:40:14.237 [info] Starting linting the current package at /home/arshan/Code/gotut
2025-10-11 16:40:14.266 [info] /home/arshan/Code/gotut>Finished running tool: /home/arshan/go/bin/staticcheck
2025-10-11 16:40:14.266 [info] 
2025-10-11 16:40:22.527 [info] Running checks...
2025-10-11 16:40:22.527 [info] Starting linting the current package at /home/arshan/Code/gotut
2025-10-11 16:40:22.555 [info] /home/arshan/Code/gotut>Finished running tool: /home/arshan/go/bin/staticcheck
2025-10-11 16:40:22.555 [info] 
2025-10-11 16:40:26.953 [info] Running checks...
2025-10-11 16:40:26.953 [info] Starting linting the current package at /home/arshan/Code/gotut
2025-10-11 16:40:26.982 [info] /home/arshan/Code/gotut>Finished running tool: /home/arshan/go/bin/staticcheck
2025-10-11 16:40:26.982 [info] 
2025-10-11 16:40:42.717 [info] Running checks...
2025-10-11 16:40:42.717 [info] Starting linting the current package at /home/arshan/Code/gotut
2025-10-11 16:40:42.749 [info] /home/arshan/Code/gotut>Finished running tool: /home/arshan/go/bin/staticcheck
2025-10-11 16:40:42.749 [info] 
2025-10-11 16:40:47.108 [info] Running checks...
2025-10-11 16:40:47.108 [info] Starting linting the current package at /home/arshan/Code/gotut
2025-10-11 16:40:47.135 [info] /home/arshan/Code/gotut>Finished running tool: /home/arshan/go/bin/staticcheck
2025-10-11 16:40:47.135 [info] 
2025-10-11 16:40:49.420 [info] Running checks...
2025-10-11 16:40:49.420 [info] Starting linting the current package at /home/arshan/Code/gotut
2025-10-11 16:40:49.449 [info] /home/arshan/Code/gotut>Finished running tool: /home/arshan/go/bin/staticcheck
2025-10-11 16:40:49.449 [info] 
2025-10-11 16:40:51.997 [info] Running checks...
2025-10-11 16:40:51.997 [info] Starting linting the current package at /home/arshan/Code/gotut
2025-10-11 16:40:52.024 [info] /home/arshan/Code/gotut>Finished running tool: /home/arshan/go/bin/staticcheck
2025-10-11 16:40:52.024 [info] 
2025-10-11 16:40:57.507 [info] Running checks...
2025-10-11 16:40:57.507 [info] Starting linting the current package at /home/arshan/Code/gotut
2025-10-11 16:40:57.534 [info] /home/arshan/Code/gotut>Finished running tool: /home/arshan/go/bin/staticcheck
2025-10-11 16:40:57.534 [info] 
2025-10-11 16:41:01.100 [info] Running checks...
2025-10-11 16:41:01.100 [info] Starting linting the current package at /home/arshan/Code/gotut
2025-10-11 16:41:01.126 [info] /home/arshan/Code/gotut>Finished running tool: /home/arshan/go/bin/staticcheck
2025-10-11 16:41:01.126 [info] 
2025-10-11 16:41:03.949 [info] Running checks...
2025-10-11 16:41:03.949 [info] Starting linting the current package at /home/arshan/Code/gotut
2025-10-11 16:41:03.976 [info] /home/arshan/Code/gotut>Finished running tool: /home/arshan/go/bin/staticcheck
2025-10-11 16:41:03.976 [info] 
2025-10-11 16:41:12.959 [info] Running checks...
2025-10-11 16:41:12.959 [info] Starting linting the current package at /home/arshan/Code/gotut
2025-10-11 16:41:12.990 [info] /home/arshan/Code/gotut>Finished running tool: /home/arshan/go/bin/staticcheck
2025-10-11 16:41:12.990 [info] 
2025-10-11 16:41:15.314 [info] Running checks...
2025-10-11 16:41:15.314 [info] Starting linting the current package at /home/arshan/Code/gotut
2025-10-11 16:41:15.342 [info] /home/arshan/Code/gotut>Finished running tool: /home/arshan/go/bin/staticcheck
2025-10-11 16:41:15.342 [info] 
2025-10-11 16:41:20.153 [info] Running checks...
2025-10-11 16:41:20.153 [info] Starting linting the current package at /home/arshan/Code/gotut
2025-10-11 16:41:20.181 [info] /home/arshan/Code/gotut>Finished running tool: /home/arshan/go/bin/staticcheck
2025-10-11 16:41:20.181 [info] 
2025-10-11 16:41:21.573 [info] Running checks...
2025-10-11 16:41:21.573 [info] Starting linting the current package at /home/arshan/Code/gotut
2025-10-11 16:41:21.608 [info] /home/arshan/Code/gotut>Finished running tool: /home/arshan/go/bin/staticcheck
2025-10-11 16:41:21.608 [info] 
2025-10-11 16:41:23.972 [info] Running checks...
2025-10-11 16:41:23.972 [info] Starting linting the current package at /home/arshan/Code/gotut
2025-10-11 16:41:24.002 [info] /home/arshan/Code/gotut>Finished running tool: /home/arshan/go/bin/staticcheck
2025-10-11 16:41:24.002 [info] 
2025-10-11 16:41:44.132 [info] Running checks...
2025-10-11 16:41:44.132 [info] Starting linting the current package at /home/arshan/Code/gotut
2025-10-11 16:41:44.159 [info] /home/arshan/Code/gotut>Finished running tool: /home/arshan/go/bin/staticcheck
2025-10-11 16:41:44.159 [info] 
2025-10-11 16:41:46.766 [info] Running checks...
2025-10-11 16:41:46.766 [info] Starting linting the current package at /home/arshan/Code/gotut
2025-10-11 16:41:46.793 [info] /home/arshan/Code/gotut>Finished running tool: /home/arshan/go/bin/staticcheck
2025-10-11 16:41:46.793 [info] 
2025-10-11 16:41:49.422 [info] Running checks...
2025-10-11 16:41:49.422 [info] Starting linting the current package at /home/arshan/Code/gotut
2025-10-11 16:41:49.456 [info] /home/arshan/Code/gotut>Finished running tool: /home/arshan/go/bin/staticcheck
2025-10-11 16:41:49.456 [info] 
2025-10-11 16:41:51.144 [info] Running checks...
2025-10-11 16:41:51.144 [info] Starting linting the current package at /home/arshan/Code/gotut
2025-10-11 16:41:51.172 [info] /home/arshan/Code/gotut>Finished running tool: /home/arshan/go/bin/staticcheck
2025-10-11 16:41:51.172 [info] 
2025-10-11 16:41:53.774 [info] Running checks...
2025-10-11 16:41:53.774 [info] Starting linting the current package at /home/arshan/Code/gotut
2025-10-11 16:41:53.802 [info] /home/arshan/Code/gotut>Finished running tool: /home/arshan/go/bin/staticcheck
2025-10-11 16:41:53.802 [info] 
2025-10-11 16:41:56.879 [info] Running checks...
2025-10-11 16:41:56.880 [info] Starting linting the current package at /home/arshan/Code/gotut
2025-10-11 16:41:56.905 [info] /home/arshan/Code/gotut>Finished running tool: /home/arshan/go/bin/staticcheck
2025-10-11 16:41:56.905 [info] 
2025-10-11 16:41:58.873 [info] Running checks...
2025-10-11 16:41:58.873 [info] Starting linting the current package at /home/arshan/Code/gotut
2025-10-11 16:41:58.905 [info] /home/arshan/Code/gotut>Finished running tool: /home/arshan/go/bin/staticcheck
2025-10-11 16:41:58.905 [info] 
2025-10-11 16:42:04.822 [info] Running checks...
2025-10-11 16:42:04.822 [info] Starting linting the current package at /home/arshan/Code/gotut
2025-10-11 16:42:04.850 [info] /home/arshan/Code/gotut>Finished running tool: /home/arshan/go/bin/staticcheck
2025-10-11 16:42:04.850 [info] 
2025-10-11 16:42:08.767 [info] Running checks...
2025-10-11 16:42:08.767 [info] Starting linting the current package at /home/arshan/Code/gotut
2025-10-11 16:42:08.793 [info] /home/arshan/Code/gotut>Finished running tool: /home/arshan/go/bin/staticcheck
2025-10-11 16:42:08.793 [info] 
2025-10-11 16:42:12.432 [info] Running checks...
2025-10-11 16:42:12.432 [info] Starting linting the current package at /home/arshan/Code/gotut
2025-10-11 16:42:12.460 [info] /home/arshan/Code/gotut>Finished running tool: /home/arshan/go/bin/staticcheck
2025-10-11 16:42:12.460 [info] 
2025-10-11 16:42:27.944 [info] Running checks...
2025-10-11 16:42:27.944 [info] Starting linting the current package at /home/arshan/Code/gotut
2025-10-11 16:42:27.972 [info] /home/arshan/Code/gotut>Finished running tool: /home/arshan/go/bin/staticcheck
2025-10-11 16:42:27.972 [info] 
2025-10-11 16:42:29.023 [info] Running checks...
2025-10-11 16:42:29.023 [info] Starting linting the current package at /home/arshan/Code/gotut
2025-10-11 16:42:29.051 [info] /home/arshan/Code/gotut>Finished running tool: /home/arshan/go/bin/staticcheck
2025-10-11 16:42:29.051 [info] 
2025-10-11 16:42:40.829 [info] Running checks...
2025-10-11 16:42:40.829 [info] Starting linting the current package at /home/arshan/Code/gotut
2025-10-11 16:42:40.856 [info] /home/arshan/Code/gotut>Finished running tool: /home/arshan/go/bin/staticcheck
2025-10-11 16:42:40.856 [info] 
2025-10-11 16:42:42.934 [info] Running checks...
2025-10-11 16:42:42.934 [info] Starting linting the current package at /home/arshan/Code/gotut
2025-10-11 16:42:42.962 [info] /home/arshan/Code/gotut>Finished running tool: /home/arshan/go/bin/staticcheck
2025-10-11 16:42:42.962 [info] 
2025-10-11 16:42:46.051 [info] Running checks...
2025-10-11 16:42:46.051 [info] Starting linting the current package at /home/arshan/Code/gotut
2025-10-11 16:42:46.077 [info] /home/arshan/Code/gotut>Finished running tool: /home/arshan/go/bin/staticcheck
2025-10-11 16:42:46.077 [info] 
2025-10-11 16:42:49.325 [info] Running checks...
2025-10-11 16:42:49.325 [info] Starting linting the current package at /home/arshan/Code/gotut
2025-10-11 16:42:49.354 [info] /home/arshan/Code/gotut>Finished running tool: /home/arshan/go/bin/staticcheck
2025-10-11 16:42:49.354 [info] 
2025-10-11 16:42:52.748 [info] Running checks...
2025-10-11 16:42:52.748 [info] Starting linting the current package at /home/arshan/Code/gotut
2025-10-11 16:42:52.777 [info] /home/arshan/Code/gotut>Finished running tool: /home/arshan/go/bin/staticcheck
2025-10-11 16:42:52.777 [info] 
2025-10-11 16:42:54.322 [info] Running checks...
2025-10-11 16:42:54.322 [info] Starting linting the current package at /home/arshan/Code/gotut
2025-10-11 16:42:54.348 [info] /home/arshan/Code/gotut>Finished running tool: /home/arshan/go/bin/staticcheck
2025-10-11 16:42:54.348 [info] 
2025-10-11 16:42:57.648 [info] Running checks...
2025-10-11 16:42:57.648 [info] Starting linting the current package at /home/arshan/Code/gotut
2025-10-11 16:42:57.676 [info] /home/arshan/Code/gotut>Finished running tool: /home/arshan/go/bin/staticcheck
2025-10-11 16:42:57.676 [info] 
2025-10-11 16:43:00.134 [info] Running checks...
2025-10-11 16:43:00.134 [info] Starting linting the current package at /home/arshan/Code/gotut
2025-10-11 16:43:00.162 [info] /home/arshan/Code/gotut>Finished running tool: /home/arshan/go/bin/staticcheck
2025-10-11 16:43:00.162 [info] 
2025-10-11 16:43:01.567 [info] Running checks...
2025-10-11 16:43:01.567 [info] Starting linting the current package at /home/arshan/Code/gotut
2025-10-11 16:43:01.596 [info] /home/arshan/Code/gotut>Finished running tool: /home/arshan/go/bin/staticcheck
2025-10-11 16:43:01.596 [info] 
2025-10-11 16:43:03.688 [info] Running checks...
2025-10-11 16:43:03.688 [info] Starting linting the current package at /home/arshan/Code/gotut
2025-10-11 16:43:03.715 [info] /home/arshan/Code/gotut>Finished running tool: /home/arshan/go/bin/staticcheck
2025-10-11 16:43:03.716 [info] 
2025-10-11 16:43:09.865 [info] Running checks...
2025-10-11 16:43:09.865 [info] Starting linting the current package at /home/arshan/Code/gotut
2025-10-11 16:43:09.892 [info] /home/arshan/Code/gotut>Finished running tool: /home/arshan/go/bin/staticcheck
2025-10-11 16:43:09.892 [info] 
2025-10-11 16:43:30.383 [info] Running checks...
2025-10-11 16:43:30.383 [info] Starting linting the current package at /home/arshan/Code/gotut
2025-10-11 16:43:30.412 [info] /home/arshan/Code/gotut>Finished running tool: /home/arshan/go/bin/staticcheck
2025-10-11 16:43:30.412 [info] 
2025-10-11 16:43:32.536 [info] Running checks...
2025-10-11 16:43:32.536 [info] Starting linting the current package at /home/arshan/Code/gotut
2025-10-11 16:43:32.563 [info] /home/arshan/Code/gotut>Finished running tool: /home/arshan/go/bin/staticcheck
2025-10-11 16:43:32.563 [info] 
2025-10-11 16:45:29.730 [info] Running checks...
2025-10-11 16:45:29.730 [info] Starting linting the current package at /home/arshan/Code/gotut
2025-10-11 16:45:29.758 [info] /home/arshan/Code/gotut>Finished running tool: /home/arshan/go/bin/staticcheck
2025-10-11 16:45:29.758 [info] 
2025-10-11 16:45:36.188 [info] Running checks...
2025-10-11 16:45:36.188 [info] Starting linting the current package at /home/arshan/Code/gotut
2025-10-11 16:45:36.219 [info] /home/arshan/Code/gotut>Finished running tool: /home/arshan/go/bin/staticcheck
2025-10-11 16:45:36.219 [info] 
2025-10-11 16:45:38.548 [info] Running checks...
2025-10-11 16:45:38.548 [info] Starting linting the current package at /home/arshan/Code/gotut
2025-10-11 16:45:38.575 [info] /home/arshan/Code/gotut>Finished running tool: /home/arshan/go/bin/staticcheck
2025-10-11 16:45:38.575 [info] 
2025-10-11 16:45:44.925 [info] Running checks...
2025-10-11 16:45:44.925 [info] Starting linting the current package at /home/arshan/Code/gotut
2025-10-11 16:45:44.954 [info] /home/arshan/Code/gotut>Finished running tool: /home/arshan/go/bin/staticcheck
2025-10-11 16:45:44.954 [info] 
2025-10-11 16:45:49.144 [info] Running checks...
2025-10-11 16:45:49.144 [info] Starting linting the current package at /home/arshan/Code/gotut
2025-10-11 16:45:49.171 [info] /home/arshan/Code/gotut>Finished running tool: /home/arshan/go/bin/staticcheck
2025-10-11 16:45:49.171 [info] 
2025-10-11 16:46:59.473 [info] Running checks...
2025-10-11 16:46:59.473 [info] Starting linting the current package at /home/arshan/Code/gotut
2025-10-11 16:46:59.509 [info] /home/arshan/Code/gotut>Finished running tool: /home/arshan/go/bin/staticcheck
2025-10-11 16:46:59.509 [info] 
2025-10-11 16:47:04.582 [info] Running checks...
2025-10-11 16:47:04.582 [info] Starting linting the current package at /home/arshan/Code/gotut
2025-10-11 16:47:04.607 [info] /home/arshan/Code/gotut>Finished running tool: /home/arshan/go/bin/staticcheck
2025-10-11 16:47:04.607 [info] 
2025-10-11 16:47:05.676 [info] Running checks...
2025-10-11 16:47:05.676 [info] Starting linting the current package at /home/arshan/Code/gotut
2025-10-11 16:47:05.703 [info] /home/arshan/Code/gotut>Finished running tool: /home/arshan/go/bin/staticcheck
2025-10-11 16:47:05.703 [info] 
2025-10-11 16:47:28.441 [info] Running checks...
2025-10-11 16:47:28.441 [info] Starting linting the current package at /home/arshan/Code/gotut
2025-10-11 16:47:28.467 [info] /home/arshan/Code/gotut>Finished running tool: /home/arshan/go/bin/staticcheck
2025-10-11 16:47:28.467 [info] 
2025-10-11 16:47:29.737 [info] Running checks...
2025-10-11 16:47:29.737 [info] Starting linting the current package at /home/arshan/Code/gotut
2025-10-11 16:47:29.774 [info] /home/arshan/Code/gotut>Finished running tool: /home/arshan/go/bin/staticcheck
2025-10-11 16:47:29.774 [info] 
2025-10-11 16:47:37.367 [info] Running checks...
2025-10-11 16:47:37.367 [info] Starting linting the current package at /home/arshan/Code/gotut
2025-10-11 16:47:37.393 [info] /home/arshan/Code/gotut>Finished running tool: /home/arshan/go/bin/staticcheck
2025-10-11 16:47:37.393 [info] 
2025-10-11 16:47:39.572 [info] Running checks...
2025-10-11 16:47:39.572 [info] Starting linting the current package at /home/arshan/Code/gotut
2025-10-11 16:47:39.598 [info] /home/arshan/Code/gotut>Finished running tool: /home/arshan/go/bin/staticcheck
2025-10-11 16:47:39.598 [info] 
2025-10-11 16:47:44.895 [info] Running checks...
2025-10-11 16:47:44.895 [info] Starting linting the current package at /home/arshan/Code/gotut
2025-10-11 16:47:44.932 [info] /home/arshan/Code/gotut>Finished running tool: /home/arshan/go/bin/staticcheck
2025-10-11 16:47:44.932 [info] 
2025-10-11 16:47:46.529 [info] Running checks...
2025-10-11 16:47:46.529 [info] Starting linting the current package at /home/arshan/Code/gotut
2025-10-11 16:47:46.557 [info] /home/arshan/Code/gotut>Finished running tool: /home/arshan/go/bin/staticcheck
2025-10-11 16:47:46.557 [info] 
2025-10-11 16:47:50.203 [info] Running checks...
2025-10-11 16:47:50.203 [info] Starting linting the current package at /home/arshan/Code/gotut
2025-10-11 16:47:50.232 [info] /home/arshan/Code/gotut>Finished running tool: /home/arshan/go/bin/staticcheck
2025-10-11 16:47:50.232 [info] 
2025-10-11 16:47:52.079 [info] Running checks...
2025-10-11 16:47:52.079 [info] Starting linting the current package at /home/arshan/Code/gotut
2025-10-11 16:47:52.111 [info] /home/arshan/Code/gotut>Finished running tool: /home/arshan/go/bin/staticcheck
2025-10-11 16:47:52.111 [info] 
2025-10-11 16:47:54.774 [info] Running checks...
2025-10-11 16:47:54.774 [info] Starting linting the current package at /home/arshan/Code/gotut
2025-10-11 16:47:54.805 [info] /home/arshan/Code/gotut>Finished running tool: /home/arshan/go/bin/staticcheck
2025-10-11 16:47:54.805 [info] 
2025-10-11 16:47:59.644 [info] Running checks...
2025-10-11 16:47:59.645 [info] Starting linting the current package at /home/arshan/Code/gotut
2025-10-11 16:47:59.671 [info] /home/arshan/Code/gotut>Finished running tool: /home/arshan/go/bin/staticcheck
2025-10-11 16:47:59.671 [info] 
2025-10-11 16:48:02.868 [info] Running checks...
2025-10-11 16:48:02.868 [info] Starting linting the current package at /home/arshan/Code/gotut
2025-10-11 16:48:02.898 [info] /home/arshan/Code/gotut>Finished running tool: /home/arshan/go/bin/staticcheck
2025-10-11 16:48:02.898 [info] 
2025-10-11 16:48:04.326 [info] Running checks...
2025-10-11 16:48:04.326 [info] Starting linting the current package at /home/arshan/Code/gotut
2025-10-11 16:48:04.354 [info] /home/arshan/Code/gotut>Finished running tool: /home/arshan/go/bin/staticcheck
2025-10-11 16:48:04.354 [info] 
2025-10-11 16:48:07.289 [info] Running checks...
2025-10-11 16:48:07.289 [info] Starting linting the current package at /home/arshan/Code/gotut
2025-10-11 16:48:07.315 [info] /home/arshan/Code/gotut>Finished running tool: /home/arshan/go/bin/staticcheck
2025-10-11 16:48:07.315 [info] 
2025-10-11 16:48:10.375 [info] Running checks...
2025-10-11 16:48:10.375 [info] Starting linting the current package at /home/arshan/Code/gotut
2025-10-11 16:48:10.402 [info] /home/arshan/Code/gotut>Finished running tool: /home/arshan/go/bin/staticcheck
2025-10-11 16:48:10.402 [info] 
2025-10-11 16:48:14.560 [info] Running checks...
2025-10-11 16:48:14.560 [info] Starting linting the current package at /home/arshan/Code/gotut
2025-10-11 16:48:14.592 [info] /home/arshan/Code/gotut>Finished running tool: /home/arshan/go/bin/staticcheck
2025-10-11 16:48:14.592 [info] 
2025-10-11 16:48:16.115 [info] Running checks...
2025-10-11 16:48:16.115 [info] Starting linting the current package at /home/arshan/Code/gotut
2025-10-11 16:48:16.146 [info] /home/arshan/Code/gotut>Finished running tool: /home/arshan/go/bin/staticcheck
2025-10-11 16:48:16.146 [info] 
2025-10-11 16:48:18.476 [info] Running checks...
2025-10-11 16:48:18.476 [info] Starting linting the current package at /home/arshan/Code/gotut
2025-10-11 16:48:18.504 [info] /home/arshan/Code/gotut>Finished running tool: /home/arshan/go/bin/staticcheck
2025-10-11 16:48:18.504 [info] 
2025-10-11 16:48:23.558 [info] Running checks...
2025-10-11 16:48:23.558 [info] Starting linting the current package at /home/arshan/Code/gotut
2025-10-11 16:48:23.584 [info] /home/arshan/Code/gotut>Finished running tool: /home/arshan/go/bin/staticcheck
2025-10-11 16:48:23.584 [info] 
2025-10-11 16:48:25.847 [info] Running checks...
2025-10-11 16:48:25.847 [info] Starting linting the current package at /home/arshan/Code/gotut
2025-10-11 16:48:25.874 [info] /home/arshan/Code/gotut>Finished running tool: /home/arshan/go/bin/staticcheck
2025-10-11 16:48:25.874 [info] 
2025-10-11 16:48:38.844 [info] Running checks...
2025-10-11 16:48:38.844 [info] Starting linting the current package at /home/arshan/Code/gotut
2025-10-11 16:48:38.872 [info] /home/arshan/Code/gotut>Finished running tool: /home/arshan/go/bin/staticcheck
2025-10-11 16:48:38.872 [info] 
2025-10-11 16:48:47.926 [info] Running checks...
2025-10-11 16:48:47.926 [info] Starting linting the current package at /home/arshan/Code/gotut
2025-10-11 16:48:47.954 [info] /home/arshan/Code/gotut>Finished running tool: /home/arshan/go/bin/staticcheck
2025-10-11 16:48:47.954 [info] 
2025-10-11 16:48:53.637 [info] Running checks...
2025-10-11 16:48:53.637 [info] Starting linting the current package at /home/arshan/Code/gotut
2025-10-11 16:48:53.667 [info] /home/arshan/Code/gotut>Finished running tool: /home/arshan/go/bin/staticcheck
2025-10-11 16:48:53.667 [info] 
2025-10-11 16:48:58.402 [info] Running checks...
2025-10-11 16:48:58.402 [info] Starting linting the current package at /home/arshan/Code/gotut
2025-10-11 16:48:58.429 [info] /home/arshan/Code/gotut>Finished running tool: /home/arshan/go/bin/staticcheck
2025-10-11 16:48:58.429 [info] 
2025-10-11 16:49:00.592 [info] Running checks...
2025-10-11 16:49:00.592 [info] Starting linting the current package at /home/arshan/Code/gotut
2025-10-11 16:49:00.620 [info] /home/arshan/Code/gotut>Finished running tool: /home/arshan/go/bin/staticcheck
2025-10-11 16:49:00.620 [info] 
2025-10-11 16:49:07.459 [info] Running checks...
2025-10-11 16:49:07.459 [info] Starting linting the current package at /home/arshan/Code/gotut
2025-10-11 16:49:07.486 [info] /home/arshan/Code/gotut>Finished running tool: /home/arshan/go/bin/staticcheck
2025-10-11 16:49:07.486 [info] 
2025-10-11 16:49:17.230 [info] Running checks...
2025-10-11 16:49:17.230 [info] Starting linting the current package at /home/arshan/Code/gotut
2025-10-11 16:49:17.256 [info] /home/arshan/Code/gotut>Finished running tool: /home/arshan/go/bin/staticcheck
2025-10-11 16:49:17.256 [info] 
2025-10-11 16:49:19.481 [info] Running checks...
2025-10-11 16:49:19.481 [info] Starting linting the current package at /home/arshan/Code/gotut
2025-10-11 16:49:19.508 [info] /home/arshan/Code/gotut>Finished running tool: /home/arshan/go/bin/staticcheck
2025-10-11 16:49:19.508 [info] 
2025-10-11 16:49:21.469 [info] Running checks...
2025-10-11 16:49:21.469 [info] Starting linting the current package at /home/arshan/Code/gotut
2025-10-11 16:49:21.498 [info] /home/arshan/Code/gotut>Finished running tool: /home/arshan/go/bin/staticcheck
2025-10-11 16:49:21.498 [info] 
2025-10-11 16:49:24.953 [info] Running checks...
2025-10-11 16:49:24.953 [info] Starting linting the current package at /home/arshan/Code/gotut
2025-10-11 16:49:24.983 [info] /home/arshan/Code/gotut>Finished running tool: /home/arshan/go/bin/staticcheck
2025-10-11 16:49:24.983 [info] 
2025-10-11 16:49:27.378 [info] Running checks...
2025-10-11 16:49:27.378 [info] Starting linting the current package at /home/arshan/Code/gotut
2025-10-11 16:49:27.406 [info] /home/arshan/Code/gotut>Finished running tool: /home/arshan/go/bin/staticcheck
2025-10-11 16:49:27.406 [info] 
2025-10-11 16:49:42.166 [info] Running checks...
2025-10-11 16:49:42.166 [info] Starting linting the current package at /home/arshan/Code/gotut
2025-10-11 16:49:42.193 [info] /home/arshan/Code/gotut>Finished running tool: /home/arshan/go/bin/staticcheck
2025-10-11 16:49:42.193 [info] 
2025-10-11 16:49:44.739 [info] Running checks...
2025-10-11 16:49:44.739 [info] Starting linting the current package at /home/arshan/Code/gotut
2025-10-11 16:49:44.765 [info] /home/arshan/Code/gotut>Finished running tool: /home/arshan/go/bin/staticcheck
2025-10-11 16:49:44.765 [info] 
2025-10-11 16:49:46.610 [info] Running checks...
2025-10-11 16:49:46.610 [info] Starting linting the current package at /home/arshan/Code/gotut
2025-10-11 16:49:46.641 [info] /home/arshan/Code/gotut>Finished running tool: /home/arshan/go/bin/staticcheck
2025-10-11 16:49:46.641 [info] 
2025-10-11 16:49:48.610 [info] Running checks...
2025-10-11 16:49:48.610 [info] Starting linting the current package at /home/arshan/Code/gotut
2025-10-11 16:49:48.641 [info] /home/arshan/Code/gotut>Finished running tool: /home/arshan/go/bin/staticcheck
2025-10-11 16:49:48.641 [info] 
2025-10-11 16:49:50.812 [info] Running checks...
2025-10-11 16:49:50.812 [info] Starting linting the current package at /home/arshan/Code/gotut
2025-10-11 16:49:50.838 [info] /home/arshan/Code/gotut>Finished running tool: /home/arshan/go/bin/staticcheck
2025-10-11 16:49:50.838 [info] 
2025-10-11 16:49:54.130 [info] Running checks...
2025-10-11 16:49:54.130 [info] Starting linting the current package at /home/arshan/Code/gotut
2025-10-11 16:49:54.161 [info] /home/arshan/Code/gotut>Finished running tool: /home/arshan/go/bin/staticcheck
2025-10-11 16:49:54.161 [info] 
2025-10-11 16:49:59.253 [info] Running checks...
2025-10-11 16:49:59.253 [info] Starting linting the current package at /home/arshan/Code/gotut
2025-10-11 16:49:59.283 [info] /home/arshan/Code/gotut>Finished running tool: /home/arshan/go/bin/staticcheck
2025-10-11 16:49:59.283 [info] 
2025-10-11 16:50:01.228 [info] Running checks...
2025-10-11 16:50:01.228 [info] Starting linting the current package at /home/arshan/Code/gotut
2025-10-11 16:50:01.265 [info] /home/arshan/Code/gotut>Finished running tool: /home/arshan/go/bin/staticcheck
2025-10-11 16:50:01.265 [info] 
2025-10-11 16:50:05.899 [info] Running checks...
2025-10-11 16:50:05.899 [info] Starting linting the current package at /home/arshan/Code/gotut
2025-10-11 16:50:05.928 [info] /home/arshan/Code/gotut>Finished running tool: /home/arshan/go/bin/staticcheck
2025-10-11 16:50:05.928 [info] 
2025-10-11 16:50:09.904 [info] Running checks...
2025-10-11 16:50:09.904 [info] Starting linting the current package at /home/arshan/Code/gotut
2025-10-11 16:50:09.931 [info] /home/arshan/Code/gotut>Finished running tool: /home/arshan/go/bin/staticcheck
2025-10-11 16:50:09.931 [info] 
2025-10-11 16:50:14.480 [info] Running checks...
2025-10-11 16:50:14.480 [info] Starting linting the current package at /home/arshan/Code/gotut
2025-10-11 16:50:14.509 [info] /home/arshan/Code/gotut>Finished running tool: /home/arshan/go/bin/staticcheck
2025-10-11 16:50:14.509 [info] 
