2025-10-17 17:45:35.608 [info] Try to start language server - activation (enabled: true)
2025-10-17 17:45:35.691 [info] Running language server gopls(v0.20.0/go1.25.1)
2025-10-17 17:45:42.822 [info] Running checks...
2025-10-17 17:45:42.822 [info] Starting linting the current package at /home/arshan/Code/omni/cmd
2025-10-17 17:45:42.886 [info] /home/arshan/Code/omni/cmd>Finished running tool: /home/arshan/go/bin/staticcheck
2025-10-17 17:45:42.886 [info] /home/arshan/Code/omni/cmd/main.go:4:2 "fmt" imported and not used
2025-10-17 17:45:42.886 [info] /home/arshan/Code/omni/cmd/main.go:6:2 "os/exec" imported and not used
2025-10-17 17:45:42.886 [info] /home/arshan/Code/omni/cmd/main.go:10:2 os.Args (variable of type []string) is not used (compile)
2025-10-17 17:45:42.886 [info] 
2025-10-17 17:45:46.806 [info] Running checks...
2025-10-17 17:45:46.806 [info] Starting linting the current package at /home/arshan/Code/omni/cmd
2025-10-17 17:45:46.865 [info] /home/arshan/Code/omni/cmd>Finished running tool: /home/arshan/go/bin/staticcheck
2025-10-17 17:45:46.865 [info] /home/arshan/Code/omni/cmd/main.go:4:2 "fmt" imported and not used
2025-10-17 17:45:46.865 [info] /home/arshan/Code/omni/cmd/main.go:5:2 "os" imported and not used
2025-10-17 17:45:46.865 [info] /home/arshan/Code/omni/cmd/main.go:6:2 "os/exec" imported and not used (compile)
2025-10-17 17:45:46.865 [info] 
2025-10-17 17:45:51.036 [info] Running checks...
2025-10-17 17:45:51.036 [info] Starting linting the current package at /home/arshan/Code/omni/cmd
2025-10-17 17:45:51.094 [info] /home/arshan/Code/omni/cmd>Finished running tool: /home/arshan/go/bin/staticcheck
2025-10-17 17:45:51.094 [info] /home/arshan/Code/omni/cmd/main.go:4:2 "fmt" imported and not used
2025-10-17 17:45:51.094 [info] /home/arshan/Code/omni/cmd/main.go:5:2 "os" imported and not used
2025-10-17 17:45:51.094 [info] /home/arshan/Code/omni/cmd/main.go:15:2 exec.Cmd (type) is not an expression (compile)
2025-10-17 17:45:51.094 [info] 
2025-10-17 17:47:05.546 [info] Running checks...
2025-10-17 17:47:05.546 [info] Starting linting the current package at /home/arshan/Code/omni/cmd
2025-10-17 17:47:05.606 [info] /home/arshan/Code/omni/cmd>Finished running tool: /home/arshan/go/bin/staticcheck
2025-10-17 17:47:05.606 [info] /home/arshan/Code/omni/cmd/main.go:4:2 "fmt" imported and not used
2025-10-17 17:47:05.606 [info] /home/arshan/Code/omni/cmd/main.go:5:2 "os" imported and not used
2025-10-17 17:47:05.606 [info] /home/arshan/Code/omni/cmd/main.go:15:7 undefined: exec.Cm (compile)
2025-10-17 17:47:05.606 [info] 
2025-10-17 17:47:11.798 [info] Running checks...
2025-10-17 17:47:11.798 [info] Starting linting the current package at /home/arshan/Code/omni/cmd
2025-10-17 17:47:11.855 [info] /home/arshan/Code/omni/cmd>Finished running tool: /home/arshan/go/bin/staticcheck
2025-10-17 17:47:11.855 [info] /home/arshan/Code/omni/cmd/main.go:8:2 no required module provides package gotest.tools/gotestsum/cmd; to add it:
2025-10-17 17:47:11.855 [info] 
2025-10-17 17:47:14.463 [info] Running checks...
2025-10-17 17:47:14.463 [info] Starting linting the current package at /home/arshan/Code/omni/cmd
2025-10-17 17:47:14.524 [info] /home/arshan/Code/omni/cmd>Finished running tool: /home/arshan/go/bin/staticcheck
2025-10-17 17:47:14.524 [info] /home/arshan/Code/omni/cmd/main.go:4:2 "fmt" imported and not used
2025-10-17 17:47:14.524 [info] /home/arshan/Code/omni/cmd/main.go:5:2 "os" imported and not used
2025-10-17 17:47:14.524 [info] /home/arshan/Code/omni/cmd/main.go:6:2 "os/exec" imported and not used (compile)
2025-10-17 17:47:14.524 [info] 
2025-10-17 17:47:40.711 [info] Running checks...
2025-10-17 17:47:40.711 [info] Starting linting the current package at /home/arshan/Code/omni/cmd
2025-10-17 17:47:40.767 [info] /home/arshan/Code/omni/cmd>Finished running tool: /home/arshan/go/bin/staticcheck
2025-10-17 17:47:40.767 [info] /home/arshan/Code/omni/cmd/main.go:16:1 syntax error: unexpected }, expected expression (compile)
2025-10-17 17:47:40.767 [info] 
2025-10-17 17:47:43.375 [info] Running checks...
2025-10-17 17:47:43.375 [info] Starting linting the current package at /home/arshan/Code/omni/cmd
2025-10-17 17:47:43.458 [info] /home/arshan/Code/omni/cmd>Finished running tool: /home/arshan/go/bin/staticcheck
2025-10-17 17:47:43.458 [info] /home/arshan/Code/omni/cmd/main.go:13:2 declared and not used: cmd
2025-10-17 17:47:43.458 [info] /home/arshan/Code/omni/cmd/main.go:13:9 exec.Cmd (type) is not an expression (compile)
2025-10-17 17:47:43.458 [info] 
2025-10-17 17:47:43.925 [info] Running checks...
2025-10-17 17:47:43.925 [info] Starting linting the current package at /home/arshan/Code/omni/cmd
2025-10-17 17:47:43.981 [info] /home/arshan/Code/omni/cmd>Finished running tool: /home/arshan/go/bin/staticcheck
2025-10-17 17:47:43.981 [info] /home/arshan/Code/omni/cmd/main.go:13:2 declared and not used: cmd
2025-10-17 17:47:43.981 [info] /home/arshan/Code/omni/cmd/main.go:13:9 exec.Cmd (type) is not an expression (compile)
2025-10-17 17:47:43.981 [info] 
2025-10-17 17:47:47.072 [info] Running checks...
2025-10-17 17:47:47.072 [info] Starting linting the current package at /home/arshan/Code/omni/cmd
2025-10-17 17:47:47.129 [info] /home/arshan/Code/omni/cmd>Finished running tool: /home/arshan/go/bin/staticcheck
2025-10-17 17:47:47.129 [info] /home/arshan/Code/omni/cmd/main.go:13:2 declared and not used: cmd
2025-10-17 17:47:47.129 [info] /home/arshan/Code/omni/cmd/main.go:13:9 missing argument in conversion to exec.Cmd (compile)
2025-10-17 17:47:47.129 [info] 
2025-10-17 17:47:55.713 [info] Running checks...
2025-10-17 17:47:55.713 [info] Starting linting the current package at /home/arshan/Code/omni/cmd
2025-10-17 17:47:55.781 [info] /home/arshan/Code/omni/cmd>Finished running tool: /home/arshan/go/bin/staticcheck
2025-10-17 17:47:55.781 [info] /home/arshan/Code/omni/cmd/main.go:13:2 declared and not used: cmd
2025-10-17 17:47:55.781 [info] /home/arshan/Code/omni/cmd/main.go:13:9 not enough arguments in call to exec.Command
2025-10-17 17:47:55.781 [info] 
2025-10-17 17:48:07.631 [info] Running checks...
2025-10-17 17:48:07.631 [info] Starting linting the current package at /home/arshan/Code/omni/cmd
2025-10-17 17:48:07.690 [info] /home/arshan/Code/omni/cmd>Finished running tool: /home/arshan/go/bin/staticcheck
2025-10-17 17:48:07.690 [info] /home/arshan/Code/omni/cmd/main.go:13:2 declared and not used: cmd (compile)
2025-10-17 17:48:07.690 [info] 
2025-10-17 17:48:10.066 [info] Running checks...
2025-10-17 17:48:10.066 [info] Starting linting the current package at /home/arshan/Code/omni/cmd
2025-10-17 17:48:10.125 [info] /home/arshan/Code/omni/cmd>Finished running tool: /home/arshan/go/bin/staticcheck
2025-10-17 17:48:10.125 [info] /home/arshan/Code/omni/cmd/main.go:13:2 declared and not used: cmd (compile)
2025-10-17 17:48:10.125 [info] 
2025-10-17 17:48:21.034 [info] Running checks...
2025-10-17 17:48:21.034 [info] Starting linting the current package at /home/arshan/Code/omni/cmd
2025-10-17 17:48:21.092 [info] /home/arshan/Code/omni/cmd>Finished running tool: /home/arshan/go/bin/staticcheck
2025-10-17 17:48:21.092 [info] /home/arshan/Code/omni/cmd/main.go:13:2 declared and not used: cmd (compile)
2025-10-17 17:48:21.092 [info] 
2025-10-17 17:48:34.835 [info] Running checks...
2025-10-17 17:48:34.835 [info] Starting linting the current package at /home/arshan/Code/omni/cmd
2025-10-17 17:48:34.898 [info] /home/arshan/Code/omni/cmd>Finished running tool: /home/arshan/go/bin/staticcheck
2025-10-17 17:48:34.898 [info] /home/arshan/Code/omni/cmd/main.go:13:42 newline in string
2025-10-17 17:48:34.898 [info] /home/arshan/Code/omni/cmd/main.go:13:42 syntax error: unexpected newline in argument list; possibly missing comma or ) (compile)
2025-10-17 17:48:34.898 [info] 
2025-10-17 17:48:35.855 [info] Running checks...
2025-10-17 17:48:35.855 [info] Starting linting the current package at /home/arshan/Code/omni/cmd
2025-10-17 17:48:35.914 [info] /home/arshan/Code/omni/cmd>Finished running tool: /home/arshan/go/bin/staticcheck
2025-10-17 17:48:35.914 [info] /home/arshan/Code/omni/cmd/main.go:13:2 declared and not used: cmd (compile)
2025-10-17 17:48:35.914 [info] 
2025-10-17 17:48:39.568 [info] Running checks...
2025-10-17 17:48:39.568 [info] Starting linting the current package at /home/arshan/Code/omni/cmd
2025-10-17 17:48:39.636 [info] /home/arshan/Code/omni/cmd>Finished running tool: /home/arshan/go/bin/staticcheck
2025-10-17 17:48:39.636 [info] /home/arshan/Code/omni/cmd/main.go:13:2 declared and not used: cmd (compile)
2025-10-17 17:48:39.636 [info] 
2025-10-17 17:49:06.177 [info] Running checks...
2025-10-17 17:49:06.177 [info] Starting linting the current package at /home/arshan/Code/omni/cmd
2025-10-17 17:49:06.240 [info] /home/arshan/Code/omni/cmd>Finished running tool: /home/arshan/go/bin/staticcheck
2025-10-17 17:49:06.240 [info] /home/arshan/Code/omni/cmd/main.go:14:6 cmd.St undefined (type *exec.Cmd has no field or method St) (compile)
2025-10-17 17:49:06.240 [info] 
2025-10-17 17:49:08.884 [info] Running checks...
2025-10-17 17:49:08.884 [info] Starting linting the current package at /home/arshan/Code/omni/cmd
2025-10-17 17:49:08.952 [info] /home/arshan/Code/omni/cmd>Finished running tool: /home/arshan/go/bin/staticcheck
2025-10-17 17:49:08.952 [info] /home/arshan/Code/omni/cmd/main.go:14:2 cmd.Stdout (variable of interface type io.Writer) is not used (compile)
2025-10-17 17:49:08.952 [info] 
2025-10-17 17:49:22.021 [info] Running checks...
2025-10-17 17:49:22.021 [info] Starting linting the current package at /home/arshan/Code/omni/cmd
2025-10-17 17:49:22.083 [info] /home/arshan/Code/omni/cmd>Finished running tool: /home/arshan/go/bin/staticcheck
2025-10-17 17:49:22.083 [info] /home/arshan/Code/omni/cmd/main.go:16:6 cmd.St undefined (type *exec.Cmd has no field or method St) (compile)
2025-10-17 17:49:22.083 [info] 
2025-10-17 17:49:30.811 [info] Running checks...
2025-10-17 17:49:30.811 [info] Starting linting the current package at /home/arshan/Code/omni/cmd
2025-10-17 17:49:30.887 [info] /home/arshan/Code/omni/cmd>Finished running tool: /home/arshan/go/bin/staticcheck
2025-10-17 17:49:30.887 [info] /home/arshan/Code/omni/cmd/main.go:13:6 func sysUpd is unused (U1000)
2025-10-17 17:49:30.887 [info] 
2025-10-17 17:49:38.120 [info] Running checks...
2025-10-17 17:49:38.120 [info] Starting linting the current package at /home/arshan/Code/omni/cmd
2025-10-17 17:49:38.181 [info] /home/arshan/Code/omni/cmd>Finished running tool: /home/arshan/go/bin/staticcheck
2025-10-17 17:49:38.181 [info] /home/arshan/Code/omni/cmd/main.go:17:2 declared and not used: err (compile)
2025-10-17 17:49:38.181 [info] 
2025-10-17 17:49:47.201 [info] Running checks...
2025-10-17 17:49:47.201 [info] Starting linting the current package at /home/arshan/Code/omni/cmd
2025-10-17 17:49:47.261 [info] /home/arshan/Code/omni/cmd>Finished running tool: /home/arshan/go/bin/staticcheck
2025-10-17 17:49:47.261 [info] /home/arshan/Code/omni/cmd/main.go:19:12 undefined: nik (compile)
2025-10-17 17:49:47.261 [info] 
2025-10-17 17:49:50.964 [info] Running checks...
2025-10-17 17:49:50.964 [info] Starting linting the current package at /home/arshan/Code/omni/cmd
2025-10-17 17:49:51.026 [info] /home/arshan/Code/omni/cmd>Finished running tool: /home/arshan/go/bin/staticcheck
2025-10-17 17:49:51.026 [info] /home/arshan/Code/omni/cmd/main.go:19:12 undefined: nik (compile)
2025-10-17 17:49:51.026 [info] 
2025-10-17 17:49:55.414 [info] Running checks...
2025-10-17 17:49:55.414 [info] Starting linting the current package at /home/arshan/Code/omni/cmd
2025-10-17 17:49:55.473 [info] /home/arshan/Code/omni/cmd>Finished running tool: /home/arshan/go/bin/staticcheck
2025-10-17 17:49:55.473 [info] /home/arshan/Code/omni/cmd/main.go:19:12 undefined: nik (compile)
2025-10-17 17:49:55.473 [info] 
2025-10-17 17:49:56.266 [info] Running checks...
2025-10-17 17:49:56.266 [info] Starting linting the current package at /home/arshan/Code/omni/cmd
2025-10-17 17:49:56.324 [info] /home/arshan/Code/omni/cmd>Finished running tool: /home/arshan/go/bin/staticcheck
2025-10-17 17:49:56.324 [info] /home/arshan/Code/omni/cmd/main.go:19:12 undefined: nik (compile)
2025-10-17 17:49:56.324 [info] 
2025-10-17 17:49:59.133 [info] Running checks...
2025-10-17 17:49:59.133 [info] Starting linting the current package at /home/arshan/Code/omni/cmd
2025-10-17 17:49:59.199 [info] /home/arshan/Code/omni/cmd>Finished running tool: /home/arshan/go/bin/staticcheck
2025-10-17 17:49:59.199 [info] /home/arshan/Code/omni/cmd/main.go:10:2 sysUpd (value of type func()) is not used
2025-10-17 17:49:59.199 [info] /home/arshan/Code/omni/cmd/main.go:19:12 undefined: nik (compile)
2025-10-17 17:49:59.199 [info] 
2025-10-17 17:50:00.943 [info] Running checks...
2025-10-17 17:50:00.943 [info] Starting linting the current package at /home/arshan/Code/omni/cmd
2025-10-17 17:50:01.008 [info] /home/arshan/Code/omni/cmd>Finished running tool: /home/arshan/go/bin/staticcheck
2025-10-17 17:50:01.008 [info] /home/arshan/Code/omni/cmd/main.go:19:12 undefined: nik (compile)
2025-10-17 17:50:01.008 [info] 
2025-10-17 17:50:13.840 [info] Running checks...
2025-10-17 17:50:13.840 [info] Starting linting the current package at /home/arshan/Code/omni/cmd
2025-10-17 17:50:13.921 [info] /home/arshan/Code/omni/cmd>Finished running tool: /home/arshan/go/bin/staticcheck
2025-10-17 17:50:13.921 [info] 
2025-10-17 17:50:31.783 [info] Running checks...
2025-10-17 17:50:31.783 [info] Starting linting the current package at /home/arshan/Code/omni/cmd
2025-10-17 17:50:31.862 [info] /home/arshan/Code/omni/cmd>Finished running tool: /home/arshan/go/bin/staticcheck
2025-10-17 17:50:31.862 [info] /home/arshan/Code/omni/cmd/main.go:14:6 func sysUpd is unused (U1000)
2025-10-17 17:50:31.862 [info] 
2025-10-17 17:50:35.572 [info] Running checks...
2025-10-17 17:50:35.572 [info] Starting linting the current package at /home/arshan/Code/omni/cmd
2025-10-17 17:50:35.639 [info] /home/arshan/Code/omni/cmd>Finished running tool: /home/arshan/go/bin/staticcheck
2025-10-17 17:50:35.639 [info] /home/arshan/Code/omni/cmd/main.go:14:6 func sysUpd is unused (U1000)
2025-10-17 17:50:35.639 [info] 
2025-10-17 17:50:40.144 [info] Running checks...
2025-10-17 17:50:40.144 [info] Starting linting the current package at /home/arshan/Code/omni/cmd
2025-10-17 17:50:40.210 [info] /home/arshan/Code/omni/cmd>Finished running tool: /home/arshan/go/bin/staticcheck
2025-10-17 17:50:40.210 [info] /home/arshan/Code/omni/cmd/main.go:25:9 syntax error: unexpected EOF, expected ( (compile)
2025-10-17 17:50:40.210 [info] 
2025-10-17 17:50:42.247 [info] Running checks...
2025-10-17 17:50:42.247 [info] Starting linting the current package at /home/arshan/Code/omni/cmd
2025-10-17 17:50:42.312 [info] /home/arshan/Code/omni/cmd>Finished running tool: /home/arshan/go/bin/staticcheck
2025-10-17 17:50:42.312 [info] /home/arshan/Code/omni/cmd/main.go:25:12 syntax error: unexpected EOF, expected ( (compile)
2025-10-17 17:50:42.312 [info] 
2025-10-17 17:50:43.798 [info] Running checks...
2025-10-17 17:50:43.798 [info] Starting linting the current package at /home/arshan/Code/omni/cmd
2025-10-17 17:50:43.867 [info] /home/arshan/Code/omni/cmd>Finished running tool: /home/arshan/go/bin/staticcheck
2025-10-17 17:50:43.867 [info] /home/arshan/Code/omni/cmd/main.go:25:6 missing function body (compile)
2025-10-17 17:50:43.867 [info] 
2025-10-17 17:50:50.575 [info] Running checks...
2025-10-17 17:50:50.575 [info] Starting linting the current package at /home/arshan/Code/omni/cmd
2025-10-17 17:50:50.638 [info] /home/arshan/Code/omni/cmd>Finished running tool: /home/arshan/go/bin/staticcheck
2025-10-17 17:50:50.639 [info] /home/arshan/Code/omni/cmd/main.go:26:2 undefined: cmd (compile)
2025-10-17 17:50:50.639 [info] 
2025-10-17 17:50:52.973 [info] Running checks...
2025-10-17 17:50:52.973 [info] Starting linting the current package at /home/arshan/Code/omni/cmd
2025-10-17 17:50:53.030 [info] /home/arshan/Code/omni/cmd>Finished running tool: /home/arshan/go/bin/staticcheck
2025-10-17 17:50:53.030 [info] /home/arshan/Code/omni/cmd/main.go:8:2 no required module provides package gotest.tools/gotestsum/cmd; to add it:
2025-10-17 17:50:53.030 [info] 
2025-10-17 17:50:57.797 [info] Running checks...
2025-10-17 17:50:57.797 [info] Starting linting the current package at /home/arshan/Code/omni/cmd
2025-10-17 17:50:57.858 [info] /home/arshan/Code/omni/cmd>Finished running tool: /home/arshan/go/bin/staticcheck
2025-10-17 17:50:57.858 [info] /home/arshan/Code/omni/cmd/main.go:26:2 label cmd defined and not used (compile)
2025-10-17 17:50:57.858 [info] 
2025-10-17 17:51:02.736 [info] Running checks...
2025-10-17 17:51:02.736 [info] Starting linting the current package at /home/arshan/Code/omni/cmd
2025-10-17 17:51:02.797 [info] /home/arshan/Code/omni/cmd>Finished running tool: /home/arshan/go/bin/staticcheck
2025-10-17 17:51:02.797 [info] /home/arshan/Code/omni/cmd/main.go:26:2 declared and not used: cmd (compile)
2025-10-17 17:51:02.797 [info] 
2025-10-17 17:51:51.068 [info] Running checks...
2025-10-17 17:51:51.068 [info] Starting linting the current package at /home/arshan/Code/omni/cmd
2025-10-17 17:51:51.131 [info] /home/arshan/Code/omni/cmd>Finished running tool: /home/arshan/go/bin/staticcheck
2025-10-17 17:51:51.131 [info] /home/arshan/Code/omni/cmd/main.go:4:2 "fmt" imported and not used
2025-10-17 17:51:51.131 [info] /home/arshan/Code/omni/cmd/main.go:5:2 "os" imported and not used
2025-10-17 17:51:51.131 [info] /home/arshan/Code/omni/cmd/main.go:6:2 "os/exec" imported and not used (compile)
2025-10-17 17:51:51.131 [info] 
2025-10-17 17:51:52.902 [info] Running checks...
2025-10-17 17:51:52.902 [info] Starting linting the current package at /home/arshan/Code/omni/cmd
2025-10-17 17:51:52.960 [info] /home/arshan/Code/omni/cmd>Finished running tool: /home/arshan/go/bin/staticcheck
2025-10-17 17:51:52.960 [info] /home/arshan/Code/omni/cmd/main.go:4:2 "fmt" imported and not used
2025-10-17 17:51:52.960 [info] /home/arshan/Code/omni/cmd/main.go:5:2 "os" imported and not used
2025-10-17 17:51:52.960 [info] /home/arshan/Code/omni/cmd/main.go:6:2 "os/exec" imported and not used (compile)
2025-10-17 17:51:52.960 [info] 
2025-10-17 17:51:59.507 [info] Running checks...
2025-10-17 17:51:59.507 [info] Starting linting the current package at /home/arshan/Code/omni/cmd
2025-10-17 17:51:59.569 [info] /home/arshan/Code/omni/cmd>Finished running tool: /home/arshan/go/bin/staticcheck
2025-10-17 17:51:59.569 [info] /home/arshan/Code/omni/cmd/main.go:4:2 "fmt" imported and not used
2025-10-17 17:51:59.569 [info] /home/arshan/Code/omni/cmd/main.go:5:2 "os" imported and not used
2025-10-17 17:51:59.569 [info] /home/arshan/Code/omni/cmd/main.go:6:2 "os/exec" imported and not used (compile)
2025-10-17 17:51:59.569 [info] 
2025-10-17 17:52:06.448 [info] Running checks...
2025-10-17 17:52:06.448 [info] Starting linting the current package at /home/arshan/Code/omni/cmd
2025-10-17 17:52:06.506 [info] /home/arshan/Code/omni/cmd>Finished running tool: /home/arshan/go/bin/staticcheck
2025-10-17 17:52:06.506 [info] /home/arshan/Code/omni/cmd/main.go:4:2 "fmt" imported and not used
2025-10-17 17:52:06.506 [info] /home/arshan/Code/omni/cmd/main.go:5:2 "os" imported and not used
2025-10-17 17:52:06.506 [info] /home/arshan/Code/omni/cmd/main.go:6:2 "os/exec" imported and not used (compile)
2025-10-17 17:52:06.506 [info] 
2025-10-17 17:52:17.172 [info] Running checks...
2025-10-17 17:52:17.172 [info] Starting linting the current package at /home/arshan/Code/omni/cmd
2025-10-17 17:52:17.231 [info] /home/arshan/Code/omni/cmd>Finished running tool: /home/arshan/go/bin/staticcheck
2025-10-17 17:52:17.231 [info] /home/arshan/Code/omni/cmd/main.go:4:2 "fmt" imported and not used
2025-10-17 17:52:17.231 [info] /home/arshan/Code/omni/cmd/main.go:5:2 "os" imported and not used
2025-10-17 17:52:17.231 [info] /home/arshan/Code/omni/cmd/main.go:6:2 "os/exec" imported and not used (compile)
2025-10-17 17:52:17.231 [info] 
2025-10-17 17:52:20.537 [info] Running checks...
2025-10-17 17:52:20.537 [info] Starting linting the current package at /home/arshan/Code/omni/cmd
2025-10-17 17:52:20.596 [info] /home/arshan/Code/omni/cmd>Finished running tool: /home/arshan/go/bin/staticcheck
2025-10-17 17:52:20.596 [info] /home/arshan/Code/omni/cmd/main.go:4:2 "fmt" imported and not used
2025-10-17 17:52:20.596 [info] /home/arshan/Code/omni/cmd/main.go:5:2 "os" imported and not used
2025-10-17 17:52:20.596 [info] /home/arshan/Code/omni/cmd/main.go:6:2 "os/exec" imported and not used (compile)
2025-10-17 17:52:20.596 [info] 
2025-10-17 17:52:21.880 [info] Running checks...
2025-10-17 17:52:21.880 [info] Starting linting the current package at /home/arshan/Code/omni/cmd
2025-10-17 17:52:21.939 [info] /home/arshan/Code/omni/cmd>Finished running tool: /home/arshan/go/bin/staticcheck
2025-10-17 17:52:21.939 [info] /home/arshan/Code/omni/cmd/main.go:4:2 "fmt" imported and not used
2025-10-17 17:52:21.939 [info] /home/arshan/Code/omni/cmd/main.go:5:2 "os" imported and not used
2025-10-17 17:52:21.939 [info] /home/arshan/Code/omni/cmd/main.go:6:2 "os/exec" imported and not used (compile)
2025-10-17 17:52:21.939 [info] 
2025-10-17 17:53:19.168 [info] Running checks...
2025-10-17 17:53:19.168 [info] Starting linting the current package at /home/arshan/Code/omni/cmd
2025-10-17 17:53:19.227 [info] /home/arshan/Code/omni/cmd>Finished running tool: /home/arshan/go/bin/staticcheck
2025-10-17 17:53:19.227 [info] /home/arshan/Code/omni/cmd/main.go:4:2 "fmt" imported and not used
2025-10-17 17:53:19.227 [info] /home/arshan/Code/omni/cmd/main.go:5:2 "os" imported and not used
2025-10-17 17:53:19.227 [info] /home/arshan/Code/omni/cmd/main.go:6:2 "os/exec" imported and not used (compile)
2025-10-17 17:53:19.227 [info] 
2025-10-17 17:53:26.053 [info] Running checks...
2025-10-17 17:53:26.053 [info] Starting linting the current package at /home/arshan/Code/omni/cmd
2025-10-17 17:53:26.118 [info] /home/arshan/Code/omni/cmd>Finished running tool: /home/arshan/go/bin/staticcheck
2025-10-17 17:53:26.118 [info] /home/arshan/Code/omni/cmd/main.go:4:2 "fmt" imported and not used
2025-10-17 17:53:26.118 [info] /home/arshan/Code/omni/cmd/main.go:5:2 "os" imported and not used
2025-10-17 17:53:26.118 [info] /home/arshan/Code/omni/cmd/main.go:30:2 declared and not used: cmd
2025-10-17 17:53:26.118 [info] /home/arshan/Code/omni/cmd/main.go:30:9 not enough arguments in call to exec.Command
2025-10-17 17:53:26.118 [info] 
2025-10-17 17:53:31.191 [info] Running checks...
2025-10-17 17:53:31.191 [info] Starting linting the current package at /home/arshan/Code/omni/cmd
2025-10-17 17:53:31.267 [info] /home/arshan/Code/omni/cmd>Finished running tool: /home/arshan/go/bin/staticcheck
2025-10-17 17:53:31.267 [info] /home/arshan/Code/omni/cmd/main.go:4:2 "fmt" imported and not used
2025-10-17 17:53:31.267 [info] /home/arshan/Code/omni/cmd/main.go:5:2 "os" imported and not used
2025-10-17 17:53:31.267 [info] /home/arshan/Code/omni/cmd/main.go:30:2 declared and not used: cmd (compile)
2025-10-17 17:53:31.267 [info] 
2025-10-17 17:54:15.398 [info] Running checks...
2025-10-17 17:54:15.398 [info] Starting linting the current package at /home/arshan/Code/omni/cmd
2025-10-17 17:54:15.475 [info] /home/arshan/Code/omni/cmd>Finished running tool: /home/arshan/go/bin/staticcheck
2025-10-17 17:54:15.475 [info] /home/arshan/Code/omni/cmd/main.go:29:10 syntax error: unexpected EOF, expected ( (compile)
2025-10-17 17:54:15.475 [info] 
2025-10-17 17:54:16.918 [info] Running checks...
2025-10-17 17:54:16.918 [info] Starting linting the current package at /home/arshan/Code/omni/cmd
2025-10-17 17:54:16.978 [info] /home/arshan/Code/omni/cmd>Finished running tool: /home/arshan/go/bin/staticcheck
2025-10-17 17:54:16.978 [info] /home/arshan/Code/omni/cmd/main.go:29:12 syntax error: unexpected EOF, expected ( (compile)
2025-10-17 17:54:16.978 [info] 
2025-10-17 17:54:28.273 [info] Running checks...
2025-10-17 17:54:28.273 [info] Starting linting the current package at /home/arshan/Code/omni/cmd
2025-10-17 17:54:28.334 [info] /home/arshan/Code/omni/cmd>Finished running tool: /home/arshan/go/bin/staticcheck
2025-10-17 17:54:28.334 [info] /home/arshan/Code/omni/cmd/main.go:29:20 syntax error: unexpected EOF, expected ( (compile)
2025-10-17 17:54:28.334 [info] 
2025-10-17 17:54:30.401 [info] Running checks...
2025-10-17 17:54:30.401 [info] Starting linting the current package at /home/arshan/Code/omni/cmd
2025-10-17 17:54:30.465 [info] /home/arshan/Code/omni/cmd>Finished running tool: /home/arshan/go/bin/staticcheck
2025-10-17 17:54:30.465 [info] /home/arshan/Code/omni/cmd/main.go:29:20 syntax error: unexpected EOF, expected ( (compile)
2025-10-17 17:54:30.465 [info] 
2025-10-17 17:54:34.002 [info] Running checks...
2025-10-17 17:54:34.002 [info] Starting linting the current package at /home/arshan/Code/omni/cmd
2025-10-17 17:54:34.063 [info] /home/arshan/Code/omni/cmd>Finished running tool: /home/arshan/go/bin/staticcheck
2025-10-17 17:54:34.063 [info] /home/arshan/Code/omni/cmd/main.go:29:21 syntax error: unexpected EOF, expected ( (compile)
2025-10-17 17:54:34.063 [info] 
2025-10-17 17:54:39.631 [info] Running checks...
2025-10-17 17:54:39.631 [info] Starting linting the current package at /home/arshan/Code/omni/cmd
2025-10-17 17:54:39.696 [info] /home/arshan/Code/omni/cmd>Finished running tool: /home/arshan/go/bin/staticcheck
2025-10-17 17:54:39.696 [info] /home/arshan/Code/omni/cmd/main.go:29:20 syntax error: unexpected EOF, expected ( (compile)
2025-10-17 17:54:39.696 [info] 
2025-10-17 17:54:41.829 [info] Running checks...
2025-10-17 17:54:41.829 [info] Starting linting the current package at /home/arshan/Code/omni/cmd
2025-10-17 17:54:41.889 [info] /home/arshan/Code/omni/cmd>Finished running tool: /home/arshan/go/bin/staticcheck
2025-10-17 17:54:41.889 [info] /home/arshan/Code/omni/cmd/main.go:4:2 "fmt" imported and not used
2025-10-17 17:54:41.889 [info] /home/arshan/Code/omni/cmd/main.go:5:2 "os" imported and not used
2025-10-17 17:54:41.889 [info] /home/arshan/Code/omni/cmd/main.go:6:2 "os/exec" imported and not used (compile)
2025-10-17 17:54:41.889 [info] 
2025-10-17 17:54:44.186 [info] Running checks...
2025-10-17 17:54:44.186 [info] Starting linting the current package at /home/arshan/Code/omni/cmd
2025-10-17 17:54:44.251 [info] /home/arshan/Code/omni/cmd>Finished running tool: /home/arshan/go/bin/staticcheck
2025-10-17 17:54:44.251 [info] /home/arshan/Code/omni/cmd/main.go:4:2 "fmt" imported and not used
2025-10-17 17:54:44.251 [info] /home/arshan/Code/omni/cmd/main.go:5:2 "os" imported and not used
2025-10-17 17:54:44.251 [info] /home/arshan/Code/omni/cmd/main.go:6:2 "os/exec" imported and not used (compile)
2025-10-17 17:54:44.251 [info] 
2025-10-17 17:54:45.893 [info] Running checks...
2025-10-17 17:54:45.893 [info] Starting linting the current package at /home/arshan/Code/omni/cmd
2025-10-17 17:54:45.954 [info] /home/arshan/Code/omni/cmd>Finished running tool: /home/arshan/go/bin/staticcheck
2025-10-17 17:54:45.954 [info] /home/arshan/Code/omni/cmd/main.go:4:2 "fmt" imported and not used
2025-10-17 17:54:45.954 [info] /home/arshan/Code/omni/cmd/main.go:5:2 "os" imported and not used
2025-10-17 17:54:45.954 [info] /home/arshan/Code/omni/cmd/main.go:6:2 "os/exec" imported and not used (compile)
2025-10-17 17:54:45.954 [info] 
2025-10-17 17:54:59.756 [info] Running checks...
2025-10-17 17:54:59.756 [info] Starting linting the current package at /home/arshan/Code/omni/cmd
2025-10-17 17:54:59.822 [info] /home/arshan/Code/omni/cmd>Finished running tool: /home/arshan/go/bin/staticcheck
2025-10-17 17:54:59.822 [info] /home/arshan/Code/omni/cmd/main.go:4:2 "fmt" imported and not used
2025-10-17 17:54:59.822 [info] /home/arshan/Code/omni/cmd/main.go:5:2 "os" imported and not used
2025-10-17 17:54:59.822 [info] /home/arshan/Code/omni/cmd/main.go:6:2 "os/exec" imported and not used (compile)
2025-10-17 17:54:59.822 [info] 
2025-10-17 17:55:03.337 [info] Running checks...
2025-10-17 17:55:03.338 [info] Starting linting the current package at /home/arshan/Code/omni/cmd
2025-10-17 17:55:03.399 [info] /home/arshan/Code/omni/cmd>Finished running tool: /home/arshan/go/bin/staticcheck
2025-10-17 17:55:03.399 [info] /home/arshan/Code/omni/cmd/main.go:4:2 "fmt" imported and not used
2025-10-17 17:55:03.399 [info] /home/arshan/Code/omni/cmd/main.go:5:2 "os" imported and not used
2025-10-17 17:55:03.399 [info] /home/arshan/Code/omni/cmd/main.go:6:2 "os/exec" imported and not used (compile)
2025-10-17 17:55:03.399 [info] 
2025-10-17 17:55:06.831 [info] Running checks...
2025-10-17 17:55:06.831 [info] Starting linting the current package at /home/arshan/Code/omni/cmd
2025-10-17 17:55:06.910 [info] /home/arshan/Code/omni/cmd>Finished running tool: /home/arshan/go/bin/staticcheck
2025-10-17 17:55:06.910 [info] /home/arshan/Code/omni/cmd/main.go:31:1 syntax error: unexpected }, expected expression (compile)
2025-10-17 17:55:06.910 [info] 
2025-10-17 17:55:09.539 [info] Running checks...
2025-10-17 17:55:09.539 [info] Starting linting the current package at /home/arshan/Code/omni/cmd
2025-10-17 17:55:09.626 [info] /home/arshan/Code/omni/cmd>Finished running tool: /home/arshan/go/bin/staticcheck
2025-10-17 17:55:09.626 [info] /home/arshan/Code/omni/cmd/main.go:31:1 syntax error: unexpected }, expected name or ( (compile)
2025-10-17 17:55:09.626 [info] 
2025-10-17 17:55:12.799 [info] Running checks...
2025-10-17 17:55:12.799 [info] Starting linting the current package at /home/arshan/Code/omni/cmd
2025-10-17 17:55:12.866 [info] /home/arshan/Code/omni/cmd>Finished running tool: /home/arshan/go/bin/staticcheck
2025-10-17 17:55:12.866 [info] /home/arshan/Code/omni/cmd/main.go:4:2 "fmt" imported and not used
2025-10-17 17:55:12.866 [info] /home/arshan/Code/omni/cmd/main.go:5:2 "os" imported and not used
2025-10-17 17:55:12.866 [info] /home/arshan/Code/omni/cmd/main.go:6:2 "os/exec" imported and not used
2025-10-17 17:55:12.866 [info] /home/arshan/Code/omni/cmd/main.go:30:2 declared and not used: parts
2025-10-17 17:55:12.866 [info] /home/arshan/Code/omni/cmd/main.go:30:11 undefined: strings (compile)
2025-10-17 17:55:12.866 [info] 
2025-10-17 17:55:14.019 [info] Running checks...
2025-10-17 17:55:14.019 [info] Starting linting the current package at /home/arshan/Code/omni/cmd
2025-10-17 17:55:14.078 [info] /home/arshan/Code/omni/cmd>Finished running tool: /home/arshan/go/bin/staticcheck
2025-10-17 17:55:14.078 [info] /home/arshan/Code/omni/cmd/main.go:4:2 "fmt" imported and not used
2025-10-17 17:55:14.078 [info] /home/arshan/Code/omni/cmd/main.go:5:2 "os" imported and not used
2025-10-17 17:55:14.078 [info] /home/arshan/Code/omni/cmd/main.go:6:2 "os/exec" imported and not used
2025-10-17 17:55:14.078 [info] /home/arshan/Code/omni/cmd/main.go:7:2 "strings" imported and not used
2025-10-17 17:55:14.078 [info] /home/arshan/Code/omni/cmd/main.go:31:2 declared and not used: parts
2025-10-17 17:55:14.078 [info] /home/arshan/Code/omni/cmd/main.go:31:11 use of package strings not in selector (compile)
2025-10-17 17:55:14.078 [info] 
2025-10-17 17:55:18.923 [info] Running checks...
2025-10-17 17:55:18.923 [info] Starting linting the current package at /home/arshan/Code/omni/cmd
2025-10-17 17:55:19.003 [info] /home/arshan/Code/omni/cmd>Finished running tool: /home/arshan/go/bin/staticcheck
2025-10-17 17:55:19.003 [info] /home/arshan/Code/omni/cmd/main.go:4:2 "fmt" imported and not used
2025-10-17 17:55:19.003 [info] /home/arshan/Code/omni/cmd/main.go:5:2 "os" imported and not used
2025-10-17 17:55:19.003 [info] /home/arshan/Code/omni/cmd/main.go:6:2 "os/exec" imported and not used
2025-10-17 17:55:19.003 [info] /home/arshan/Code/omni/cmd/main.go:31:2 declared and not used: parts (compile)
2025-10-17 17:55:19.003 [info] 
2025-10-17 17:55:45.082 [info] Running checks...
2025-10-17 17:55:45.082 [info] Starting linting the current package at /home/arshan/Code/omni/cmd
2025-10-17 17:55:45.156 [info] /home/arshan/Code/omni/cmd>Finished running tool: /home/arshan/go/bin/staticcheck
2025-10-17 17:55:45.156 [info] /home/arshan/Code/omni/cmd/main.go:4:2 "fmt" imported and not used
2025-10-17 17:55:45.156 [info] /home/arshan/Code/omni/cmd/main.go:5:2 "os" imported and not used
2025-10-17 17:55:45.156 [info] /home/arshan/Code/omni/cmd/main.go:6:2 "os/exec" imported and not used
2025-10-17 17:55:45.156 [info] /home/arshan/Code/omni/cmd/main.go:31:2 declared and not used: parts (compile)
2025-10-17 17:55:45.156 [info] 
2025-10-17 17:55:50.078 [info] Running checks...
2025-10-17 17:55:50.078 [info] Starting linting the current package at /home/arshan/Code/omni/cmd
2025-10-17 17:55:50.143 [info] /home/arshan/Code/omni/cmd>Finished running tool: /home/arshan/go/bin/staticcheck
2025-10-17 17:55:50.143 [info] /home/arshan/Code/omni/cmd/main.go:33:1 syntax error: unexpected }, expected expression (compile)
2025-10-17 17:55:50.143 [info] 
2025-10-17 17:55:53.609 [info] Running checks...
2025-10-17 17:55:53.609 [info] Starting linting the current package at /home/arshan/Code/omni/cmd
2025-10-17 17:55:53.670 [info] /home/arshan/Code/omni/cmd>Finished running tool: /home/arshan/go/bin/staticcheck
2025-10-17 17:55:53.670 [info] /home/arshan/Code/omni/cmd/main.go:33:1 syntax error: unexpected }, expected expression (compile)
2025-10-17 17:55:53.670 [info] 
2025-10-17 17:55:55.493 [info] Running checks...
2025-10-17 17:55:55.493 [info] Starting linting the current package at /home/arshan/Code/omni/cmd
2025-10-17 17:55:55.577 [info] /home/arshan/Code/omni/cmd>Finished running tool: /home/arshan/go/bin/staticcheck
2025-10-17 17:55:55.577 [info] /home/arshan/Code/omni/cmd/main.go:33:1 syntax error: unexpected }, expected expression (compile)
2025-10-17 17:55:55.577 [info] 
2025-10-17 17:55:58.580 [info] Running checks...
2025-10-17 17:55:58.580 [info] Starting linting the current package at /home/arshan/Code/omni/cmd
2025-10-17 17:55:58.639 [info] /home/arshan/Code/omni/cmd>Finished running tool: /home/arshan/go/bin/staticcheck
2025-10-17 17:55:58.639 [info] /home/arshan/Code/omni/cmd/main.go:4:2 "fmt" imported and not used
2025-10-17 17:55:58.639 [info] /home/arshan/Code/omni/cmd/main.go:5:2 "os" imported and not used
2025-10-17 17:55:58.639 [info] /home/arshan/Code/omni/cmd/main.go:6:2 "os/exec" imported and not used (compile)
2025-10-17 17:55:58.639 [info] 
2025-10-17 17:56:09.035 [info] Running checks...
2025-10-17 17:56:09.035 [info] Starting linting the current package at /home/arshan/Code/omni/cmd
2025-10-17 17:56:09.093 [info] /home/arshan/Code/omni/cmd>Finished running tool: /home/arshan/go/bin/staticcheck
2025-10-17 17:56:09.093 [info] /home/arshan/Code/omni/cmd/main.go:5:2 "os" imported and not used
2025-10-17 17:56:09.093 [info] /home/arshan/Code/omni/cmd/main.go:6:2 "os/exec" imported and not used (compile)
2025-10-17 17:56:09.093 [info] 
2025-10-17 17:56:10.287 [info] Running checks...
2025-10-17 17:56:10.287 [info] Starting linting the current package at /home/arshan/Code/omni/cmd
2025-10-17 17:56:10.347 [info] /home/arshan/Code/omni/cmd>Finished running tool: /home/arshan/go/bin/staticcheck
2025-10-17 17:56:10.347 [info] /home/arshan/Code/omni/cmd/main.go:5:2 "os" imported and not used
2025-10-17 17:56:10.347 [info] /home/arshan/Code/omni/cmd/main.go:6:2 "os/exec" imported and not used (compile)
2025-10-17 17:56:10.347 [info] 
2025-10-17 17:56:17.192 [info] Running checks...
2025-10-17 17:56:17.192 [info] Starting linting the current package at /home/arshan/Code/omni/cmd
2025-10-17 17:56:17.255 [info] /home/arshan/Code/omni/cmd>Finished running tool: /home/arshan/go/bin/staticcheck
2025-10-17 17:56:17.255 [info] /home/arshan/Code/omni/cmd/main.go:5:2 "os" imported and not used
2025-10-17 17:56:17.255 [info] /home/arshan/Code/omni/cmd/main.go:6:2 "os/exec" imported and not used (compile)
2025-10-17 17:56:17.255 [info] 
2025-10-17 17:56:33.793 [info] Running checks...
2025-10-17 17:56:33.793 [info] Starting linting the current package at /home/arshan/Code/omni/cmd
2025-10-17 17:56:33.855 [info] /home/arshan/Code/omni/cmd>Finished running tool: /home/arshan/go/bin/staticcheck
2025-10-17 17:56:33.855 [info] /home/arshan/Code/omni/cmd/main.go:5:2 "os" imported and not used
2025-10-17 17:56:33.855 [info] /home/arshan/Code/omni/cmd/main.go:6:2 "os/exec" imported and not used (compile)
2025-10-17 17:56:33.855 [info] 
2025-10-17 17:56:35.350 [info] Running checks...
2025-10-17 17:56:35.350 [info] Starting linting the current package at /home/arshan/Code/omni/cmd
2025-10-17 17:56:35.439 [info] /home/arshan/Code/omni/cmd>Finished running tool: /home/arshan/go/bin/staticcheck
2025-10-17 17:56:35.439 [info] /home/arshan/Code/omni/cmd/main.go:5:2 "os" imported and not used
2025-10-17 17:56:35.439 [info] /home/arshan/Code/omni/cmd/main.go:6:2 "os/exec" imported and not used (compile)
2025-10-17 17:56:35.439 [info] 
2025-10-17 17:56:39.160 [info] Running checks...
2025-10-17 17:56:39.160 [info] Starting linting the current package at /home/arshan/Code/omni/cmd
2025-10-17 17:56:39.228 [info] /home/arshan/Code/omni/cmd>Finished running tool: /home/arshan/go/bin/staticcheck
2025-10-17 17:56:39.228 [info] /home/arshan/Code/omni/cmd/main.go:5:2 "os" imported and not used
2025-10-17 17:56:39.228 [info] /home/arshan/Code/omni/cmd/main.go:37:2 undefined: cmd
2025-10-17 17:56:39.228 [info] /home/arshan/Code/omni/cmd/main.go:37:8 missing argument in conversion to exec.Cmd (compile)
2025-10-17 17:56:39.228 [info] 
2025-10-17 17:56:46.134 [info] Running checks...
2025-10-17 17:56:46.134 [info] Starting linting the current package at /home/arshan/Code/omni/cmd
2025-10-17 17:56:46.213 [info] /home/arshan/Code/omni/cmd>Finished running tool: /home/arshan/go/bin/staticcheck
2025-10-17 17:56:46.213 [info] /home/arshan/Code/omni/cmd/main.go:5:2 "os" imported and not used
2025-10-17 17:56:46.213 [info] /home/arshan/Code/omni/cmd/main.go:37:2 undefined: cmd
2025-10-17 17:56:46.213 [info] /home/arshan/Code/omni/cmd/main.go:37:27 undefined: part
2025-10-17 17:56:46.213 [info] /home/arshan/Code/omni/cmd/main.go:37:27 too many arguments in conversion to exec.Cmd (compile)
2025-10-17 17:56:46.213 [info] 
2025-10-17 17:56:47.321 [info] Running checks...
2025-10-17 17:56:47.321 [info] Starting linting the current package at /home/arshan/Code/omni/cmd
2025-10-17 17:56:47.384 [info] /home/arshan/Code/omni/cmd>Finished running tool: /home/arshan/go/bin/staticcheck
2025-10-17 17:56:47.384 [info] /home/arshan/Code/omni/cmd/main.go:37:33 syntax error: unexpected ], expected operand (compile)
2025-10-17 17:56:47.384 [info] 
2025-10-17 17:56:50.745 [info] Running checks...
2025-10-17 17:56:50.745 [info] Starting linting the current package at /home/arshan/Code/omni/cmd
2025-10-17 17:56:50.812 [info] /home/arshan/Code/omni/cmd>Finished running tool: /home/arshan/go/bin/staticcheck
2025-10-17 17:56:50.812 [info] /home/arshan/Code/omni/cmd/main.go:5:2 "os" imported and not used
2025-10-17 17:56:50.812 [info] /home/arshan/Code/omni/cmd/main.go:37:2 undefined: cmd
2025-10-17 17:56:50.812 [info] /home/arshan/Code/omni/cmd/main.go:37:27 too many arguments in conversion to exec.Cmd (compile)
2025-10-17 17:56:50.812 [info] 
2025-10-17 17:57:10.474 [info] Running checks...
2025-10-17 17:57:10.474 [info] Starting linting the current package at /home/arshan/Code/omni/cmd
2025-10-17 17:57:10.534 [info] /home/arshan/Code/omni/cmd>Finished running tool: /home/arshan/go/bin/staticcheck
2025-10-17 17:57:10.534 [info] /home/arshan/Code/omni/cmd/main.go:5:2 "os" imported and not used
2025-10-17 17:57:10.534 [info] /home/arshan/Code/omni/cmd/main.go:37:2 undefined: cmd
2025-10-17 17:57:10.534 [info] /home/arshan/Code/omni/cmd/main.go:37:32 too many arguments in conversion to exec.Cmd (compile)
2025-10-17 17:57:10.534 [info] 
2025-10-17 17:57:18.479 [info] Running checks...
2025-10-17 17:57:18.479 [info] Starting linting the current package at /home/arshan/Code/omni/cmd
2025-10-17 17:57:18.541 [info] /home/arshan/Code/omni/cmd>Finished running tool: /home/arshan/go/bin/staticcheck
2025-10-17 17:57:18.541 [info] /home/arshan/Code/omni/cmd/main.go:5:2 "os" imported and not used
2025-10-17 17:57:18.541 [info] /home/arshan/Code/omni/cmd/main.go:37:2 undefined: cmd
2025-10-17 17:57:18.541 [info] /home/arshan/Code/omni/cmd/main.go:37:32 too many arguments in conversion to exec.Cmd (compile)
2025-10-17 17:57:18.541 [info] 
2025-10-17 17:57:22.474 [info] Running checks...
2025-10-17 17:57:22.474 [info] Starting linting the current package at /home/arshan/Code/omni/cmd
2025-10-17 17:57:22.538 [info] /home/arshan/Code/omni/cmd>Finished running tool: /home/arshan/go/bin/staticcheck
2025-10-17 17:57:22.538 [info] /home/arshan/Code/omni/cmd/main.go:38:13 syntax error: unexpected newline, expected := or = or comma (compile)
2025-10-17 17:57:22.538 [info] 
2025-10-17 17:57:25.627 [info] Running checks...
2025-10-17 17:57:25.627 [info] Starting linting the current package at /home/arshan/Code/omni/cmd
2025-10-17 17:57:25.688 [info] /home/arshan/Code/omni/cmd>Finished running tool: /home/arshan/go/bin/staticcheck
2025-10-17 17:57:25.688 [info] /home/arshan/Code/omni/cmd/main.go:40:1 syntax error: unexpected }, expected expression (compile)
2025-10-17 17:57:25.688 [info] 
2025-10-17 17:57:36.104 [info] Running checks...
2025-10-17 17:57:36.104 [info] Starting linting the current package at /home/arshan/Code/omni/cmd
2025-10-17 17:57:36.164 [info] /home/arshan/Code/omni/cmd>Finished running tool: /home/arshan/go/bin/staticcheck
2025-10-17 17:57:36.164 [info] /home/arshan/Code/omni/cmd/main.go:5:2 "os" imported and not used
2025-10-17 17:57:36.164 [info] /home/arshan/Code/omni/cmd/main.go:37:2 undefined: cmd
2025-10-17 17:57:36.164 [info] /home/arshan/Code/omni/cmd/main.go:37:32 too many arguments in conversion to exec.Cmd
2025-10-17 17:57:36.164 [info] /home/arshan/Code/omni/cmd/main.go:38:2 declared and not used: output
2025-10-17 17:57:36.164 [info] /home/arshan/Code/omni/cmd/main.go:38:10 declared and not used: err
2025-10-17 17:57:36.164 [info] /home/arshan/Code/omni/cmd/main.go:38:17 undefined: cm (compile)
2025-10-17 17:57:36.164 [info] 
2025-10-17 17:57:38.131 [info] Running checks...
2025-10-17 17:57:38.131 [info] Starting linting the current package at /home/arshan/Code/omni/cmd
2025-10-17 17:57:38.190 [info] /home/arshan/Code/omni/cmd>Finished running tool: /home/arshan/go/bin/staticcheck
2025-10-17 17:57:38.190 [info] /home/arshan/Code/omni/cmd/main.go:40:1 syntax error: unexpected }, expected expression (compile)
2025-10-17 17:57:38.190 [info] 
2025-10-17 17:57:43.793 [info] Running checks...
2025-10-17 17:57:43.793 [info] Starting linting the current package at /home/arshan/Code/omni/cmd
2025-10-17 17:57:43.854 [info] /home/arshan/Code/omni/cmd>Finished running tool: /home/arshan/go/bin/staticcheck
2025-10-17 17:57:43.854 [info] /home/arshan/Code/omni/cmd/main.go:5:2 "os" imported and not used
2025-10-17 17:57:43.854 [info] /home/arshan/Code/omni/cmd/main.go:37:2 undefined: cmd
2025-10-17 17:57:43.854 [info] /home/arshan/Code/omni/cmd/main.go:37:32 too many arguments in conversion to exec.Cmd
2025-10-17 17:57:43.854 [info] /home/arshan/Code/omni/cmd/main.go:38:2 declared and not used: output
2025-10-17 17:57:43.854 [info] /home/arshan/Code/omni/cmd/main.go:38:10 declared and not used: err
2025-10-17 17:57:43.854 [info] /home/arshan/Code/omni/cmd/main.go:38:17 undefined: cmd (compile)
2025-10-17 17:57:43.854 [info] 
2025-10-17 17:57:46.227 [info] Running checks...
2025-10-17 17:57:46.227 [info] Starting linting the current package at /home/arshan/Code/omni/cmd
2025-10-17 17:57:46.289 [info] /home/arshan/Code/omni/cmd>Finished running tool: /home/arshan/go/bin/staticcheck
2025-10-17 17:57:46.289 [info] /home/arshan/Code/omni/cmd/main.go:5:2 "os" imported and not used
2025-10-17 17:57:46.289 [info] /home/arshan/Code/omni/cmd/main.go:37:2 undefined: cmd
2025-10-17 17:57:46.289 [info] /home/arshan/Code/omni/cmd/main.go:37:32 too many arguments in conversion to exec.Cmd
2025-10-17 17:57:46.289 [info] /home/arshan/Code/omni/cmd/main.go:38:2 declared and not used: output
2025-10-17 17:57:46.289 [info] /home/arshan/Code/omni/cmd/main.go:38:10 declared and not used: err
2025-10-17 17:57:46.289 [info] /home/arshan/Code/omni/cmd/main.go:38:17 undefined: cmd (compile)
2025-10-17 17:57:46.289 [info] 
2025-10-17 17:58:15.559 [info] Running checks...
2025-10-17 17:58:15.559 [info] Starting linting the current package at /home/arshan/Code/omni/cmd
2025-10-17 17:58:15.619 [info] /home/arshan/Code/omni/cmd>Finished running tool: /home/arshan/go/bin/staticcheck
2025-10-17 17:58:15.619 [info] /home/arshan/Code/omni/cmd/main.go:5:2 "os" imported and not used (compile)
2025-10-17 17:58:15.619 [info] 
2025-10-17 17:58:21.880 [info] Running checks...
2025-10-17 17:58:21.880 [info] Starting linting the current package at /home/arshan/Code/omni/cmd
2025-10-17 17:58:21.939 [info] /home/arshan/Code/omni/cmd>Finished running tool: /home/arshan/go/bin/staticcheck
2025-10-17 17:58:21.939 [info] /home/arshan/Code/omni/cmd/main.go:5:2 "os" imported and not used
2025-10-17 17:58:21.939 [info] /home/arshan/Code/omni/cmd/main.go:37:2 undefined: cmd
2025-10-17 17:58:21.939 [info] /home/arshan/Code/omni/cmd/main.go:37:32 too many arguments in conversion to exec.Cmd
2025-10-17 17:58:21.939 [info] /home/arshan/Code/omni/cmd/main.go:38:2 declared and not used: output
2025-10-17 17:58:21.939 [info] /home/arshan/Code/omni/cmd/main.go:38:10 declared and not used: err
2025-10-17 17:58:21.939 [info] /home/arshan/Code/omni/cmd/main.go:38:17 undefined: cmd (compile)
2025-10-17 17:58:21.939 [info] 
2025-10-17 17:58:23.261 [info] Running checks...
2025-10-17 17:58:23.261 [info] Starting linting the current package at /home/arshan/Code/omni/cmd
2025-10-17 17:58:23.321 [info] /home/arshan/Code/omni/cmd>Finished running tool: /home/arshan/go/bin/staticcheck
2025-10-17 17:58:23.321 [info] /home/arshan/Code/omni/cmd/main.go:30:1 syntax error: non-declaration statement outside function body (compile)
2025-10-17 17:58:23.321 [info] 
2025-10-17 17:58:26.688 [info] Running checks...
2025-10-17 17:58:26.688 [info] Starting linting the current package at /home/arshan/Code/omni/cmd
2025-10-17 17:58:26.748 [info] /home/arshan/Code/omni/cmd>Finished running tool: /home/arshan/go/bin/staticcheck
2025-10-17 17:58:26.748 [info] /home/arshan/Code/omni/cmd/main.go:38:40 syntax error: unexpected name runCmd at end of statement
2025-10-17 17:58:26.748 [info] /home/arshan/Code/omni/cmd/main.go:55:1 syntax error: non-declaration statement outside function body (compile)
2025-10-17 17:58:26.748 [info] 
2025-10-17 17:58:28.382 [info] Running checks...
2025-10-17 17:58:28.382 [info] Starting linting the current package at /home/arshan/Code/omni/cmd
2025-10-17 17:58:28.448 [info] /home/arshan/Code/omni/cmd>Finished running tool: /home/arshan/go/bin/staticcheck
2025-10-17 17:58:28.448 [info] /home/arshan/Code/omni/cmd/main.go:5:2 "os" imported and not used
2025-10-17 17:58:28.448 [info] /home/arshan/Code/omni/cmd/main.go:37:2 undefined: cmd
2025-10-17 17:58:28.448 [info] /home/arshan/Code/omni/cmd/main.go:37:32 too many arguments in conversion to exec.Cmd
2025-10-17 17:58:28.448 [info] /home/arshan/Code/omni/cmd/main.go:38:2 declared and not used: output
2025-10-17 17:58:28.448 [info] /home/arshan/Code/omni/cmd/main.go:38:10 declared and not used: err
2025-10-17 17:58:28.448 [info] /home/arshan/Code/omni/cmd/main.go:38:17 undefined: cmd (compile)
2025-10-17 17:58:28.448 [info] 
2025-10-17 17:58:32.530 [info] Running checks...
2025-10-17 17:58:32.530 [info] Starting linting the current package at /home/arshan/Code/omni/cmd
2025-10-17 17:58:32.588 [info] /home/arshan/Code/omni/cmd>Finished running tool: /home/arshan/go/bin/staticcheck
2025-10-17 17:58:32.588 [info] /home/arshan/Code/omni/cmd/main.go:5:2 "os" imported and not used (compile)
2025-10-17 17:58:32.588 [info] 
2025-10-17 17:58:33.619 [info] Running checks...
2025-10-17 17:58:33.619 [info] Starting linting the current package at /home/arshan/Code/omni/cmd
2025-10-17 17:58:33.680 [info] /home/arshan/Code/omni/cmd>Finished running tool: /home/arshan/go/bin/staticcheck
2025-10-17 17:58:33.680 [info] /home/arshan/Code/omni/cmd/main.go:5:2 "os" imported and not used
2025-10-17 17:58:33.680 [info] /home/arshan/Code/omni/cmd/main.go:37:2 undefined: cmd
2025-10-17 17:58:33.680 [info] /home/arshan/Code/omni/cmd/main.go:37:32 too many arguments in conversion to exec.Cmd
2025-10-17 17:58:33.680 [info] /home/arshan/Code/omni/cmd/main.go:38:2 declared and not used: output
2025-10-17 17:58:33.680 [info] /home/arshan/Code/omni/cmd/main.go:38:10 declared and not used: err
2025-10-17 17:58:33.680 [info] /home/arshan/Code/omni/cmd/main.go:38:17 undefined: cmd (compile)
2025-10-17 17:58:33.680 [info] 
2025-10-17 17:58:38.993 [info] Running checks...
2025-10-17 17:58:38.993 [info] Starting linting the current package at /home/arshan/Code/omni/cmd
2025-10-17 17:58:39.055 [info] /home/arshan/Code/omni/cmd>Finished running tool: /home/arshan/go/bin/staticcheck
2025-10-17 17:58:39.055 [info] /home/arshan/Code/omni/cmd/main.go:5:2 "os" imported and not used
2025-10-17 17:58:39.055 [info] /home/arshan/Code/omni/cmd/main.go:37:33 too many arguments in conversion to exec.Cmd
2025-10-17 17:58:39.055 [info] /home/arshan/Code/omni/cmd/main.go:38:2 declared and not used: output
2025-10-17 17:58:39.055 [info] /home/arshan/Code/omni/cmd/main.go:38:10 declared and not used: err (compile)
2025-10-17 17:58:39.055 [info] 
2025-10-17 17:58:46.989 [info] Running checks...
2025-10-17 17:58:46.989 [info] Starting linting the current package at /home/arshan/Code/omni/cmd
2025-10-17 17:58:47.062 [info] /home/arshan/Code/omni/cmd>Finished running tool: /home/arshan/go/bin/staticcheck
2025-10-17 17:58:47.062 [info] /home/arshan/Code/omni/cmd/main.go:5:2 "os" imported and not used
2025-10-17 17:58:47.062 [info] /home/arshan/Code/omni/cmd/main.go:37:33 too many arguments in conversion to exec.Cmd
2025-10-17 17:58:47.062 [info] /home/arshan/Code/omni/cmd/main.go:38:2 declared and not used: output
2025-10-17 17:58:47.062 [info] /home/arshan/Code/omni/cmd/main.go:38:10 declared and not used: err (compile)
2025-10-17 17:58:47.062 [info] 
2025-10-17 17:59:02.534 [info] Running checks...
2025-10-17 17:59:02.534 [info] Starting linting the current package at /home/arshan/Code/omni/cmd
2025-10-17 17:59:02.593 [info] /home/arshan/Code/omni/cmd>Finished running tool: /home/arshan/go/bin/staticcheck
2025-10-17 17:59:02.593 [info] /home/arshan/Code/omni/cmd/main.go:5:2 "os" imported and not used
2025-10-17 17:59:02.593 [info] /home/arshan/Code/omni/cmd/main.go:38:2 declared and not used: output
2025-10-17 17:59:02.593 [info] /home/arshan/Code/omni/cmd/main.go:38:10 declared and not used: err
2025-10-17 17:59:02.593 [info] /home/arshan/Code/omni/cmd/main.go:38:21 cmd.Com undefined (type *exec.Cmd has no field or method Com) (compile)
2025-10-17 17:59:02.593 [info] 
2025-10-17 17:59:05.492 [info] Running checks...
2025-10-17 17:59:05.492 [info] Starting linting the current package at /home/arshan/Code/omni/cmd
2025-10-17 17:59:05.553 [info] /home/arshan/Code/omni/cmd>Finished running tool: /home/arshan/go/bin/staticcheck
2025-10-17 17:59:05.553 [info] /home/arshan/Code/omni/cmd/main.go:5:2 "os" imported and not used
2025-10-17 17:59:05.553 [info] /home/arshan/Code/omni/cmd/main.go:38:2 declared and not used: output
2025-10-17 17:59:05.553 [info] /home/arshan/Code/omni/cmd/main.go:38:10 declared and not used: err (compile)
2025-10-17 17:59:05.553 [info] 
2025-10-17 17:59:12.968 [info] Running checks...
2025-10-17 17:59:12.968 [info] Starting linting the current package at /home/arshan/Code/omni/cmd
2025-10-17 17:59:13.031 [info] /home/arshan/Code/omni/cmd>Finished running tool: /home/arshan/go/bin/staticcheck
2025-10-17 17:59:13.031 [info] /home/arshan/Code/omni/cmd/main.go:5:2 "os" imported and not used
2025-10-17 17:59:13.031 [info] /home/arshan/Code/omni/cmd/main.go:38:2 declared and not used: output
2025-10-17 17:59:13.031 [info] /home/arshan/Code/omni/cmd/main.go:38:10 declared and not used: err (compile)
2025-10-17 17:59:13.031 [info] 
2025-10-17 17:59:24.037 [info] Running checks...
2025-10-17 17:59:24.037 [info] Starting linting the current package at /home/arshan/Code/omni/cmd
2025-10-17 17:59:24.097 [info] /home/arshan/Code/omni/cmd>Finished running tool: /home/arshan/go/bin/staticcheck
2025-10-17 17:59:24.097 [info] /home/arshan/Code/omni/cmd/main.go:5:2 "os" imported and not used
2025-10-17 17:59:24.097 [info] /home/arshan/Code/omni/cmd/main.go:38:2 declared and not used: output
2025-10-17 17:59:24.097 [info] /home/arshan/Code/omni/cmd/main.go:40:3 use of package fmt not in selector (compile)
2025-10-17 17:59:24.097 [info] 
2025-10-17 18:00:12.927 [info] Running checks...
2025-10-17 18:00:12.927 [info] Starting linting the current package at /home/arshan/Code/omni
2025-10-17 18:00:13.000 [info] /home/arshan/Code/omni>Finished running tool: /home/arshan/go/bin/staticcheck
2025-10-17 18:00:13.000 [info] 
2025-10-17 18:00:48.747 [info] Running checks...
2025-10-17 18:00:48.747 [info] Starting linting the current package at /home/arshan/Code/omni
2025-10-17 18:00:48.823 [info] /home/arshan/Code/omni>Finished running tool: /home/arshan/go/bin/staticcheck
2025-10-17 18:00:48.823 [info] 
2025-10-17 18:01:01.100 [info] Running checks...
2025-10-17 18:01:01.100 [info] Starting linting the current package at /home/arshan/Code/omni
2025-10-17 18:01:01.171 [info] /home/arshan/Code/omni>Finished running tool: /home/arshan/go/bin/staticcheck
2025-10-17 18:01:01.171 [info] 
2025-10-17 18:01:02.968 [info] Running checks...
2025-10-17 18:01:02.968 [info] Starting linting the current package at /home/arshan/Code/omni
2025-10-17 18:01:03.043 [info] /home/arshan/Code/omni>Finished running tool: /home/arshan/go/bin/staticcheck
2025-10-17 18:01:03.043 [info] 
2025-10-17 18:01:09.262 [info] Running checks...
2025-10-17 18:01:09.262 [info] Starting linting the current package at /home/arshan/Code/omni/cmd
2025-10-17 18:01:09.322 [info] /home/arshan/Code/omni/cmd>Finished running tool: /home/arshan/go/bin/staticcheck
2025-10-17 18:01:09.322 [info] /home/arshan/Code/omni/cmd/main.go:5:2 "os" imported and not used
2025-10-17 18:01:09.322 [info] /home/arshan/Code/omni/cmd/main.go:38:2 declared and not used: output (compile)
2025-10-17 18:01:09.322 [info] 
2025-10-17 18:02:23.493 [info] Running checks...
2025-10-17 18:02:23.493 [info] Starting linting the current package at /home/arshan/Code/omni/cmd
2025-10-17 18:02:23.555 [info] /home/arshan/Code/omni/cmd>Finished running tool: /home/arshan/go/bin/staticcheck
2025-10-17 18:02:23.556 [info] /home/arshan/Code/omni/cmd/main.go:5:2 "os" imported and not used
2025-10-17 18:02:23.556 [info] /home/arshan/Code/omni/cmd/main.go:23:2 declared and not used: output (compile)
2025-10-17 18:02:23.556 [info] 
2025-10-17 18:02:35.263 [info] Running checks...
2025-10-17 18:02:35.263 [info] Starting linting the current package at /home/arshan/Code/omni/cmd
2025-10-17 18:02:35.323 [info] /home/arshan/Code/omni/cmd>Finished running tool: /home/arshan/go/bin/staticcheck
2025-10-17 18:02:35.324 [info] /home/arshan/Code/omni/cmd/main.go:5:2 "os" imported and not used
2025-10-17 18:02:35.324 [info] /home/arshan/Code/omni/cmd/main.go:23:2 declared and not used: output (compile)
2025-10-17 18:02:35.324 [info] 
2025-10-17 18:02:56.477 [info] Running checks...
2025-10-17 18:02:56.477 [info] Starting linting the current package at /home/arshan/Code/omni/cmd
2025-10-17 18:02:56.541 [info] /home/arshan/Code/omni/cmd>Finished running tool: /home/arshan/go/bin/staticcheck
2025-10-17 18:02:56.541 [info] /home/arshan/Code/omni/cmd/main.go:5:2 "os" imported and not used
2025-10-17 18:02:56.541 [info] /home/arshan/Code/omni/cmd/main.go:23:2 declared and not used: output (compile)
2025-10-17 18:02:56.541 [info] 
2025-10-17 18:03:03.214 [info] Running checks...
2025-10-17 18:03:03.214 [info] Starting linting the current package at /home/arshan/Code/omni/cmd
2025-10-17 18:03:03.274 [info] /home/arshan/Code/omni/cmd>Finished running tool: /home/arshan/go/bin/staticcheck
2025-10-17 18:03:03.274 [info] /home/arshan/Code/omni/cmd/main.go:5:2 "os" imported and not used (compile)
2025-10-17 18:03:03.274 [info] 
2025-10-17 18:03:11.362 [info] Running checks...
2025-10-17 18:03:11.362 [info] Starting linting the current package at /home/arshan/Code/omni/cmd
2025-10-17 18:03:11.422 [info] /home/arshan/Code/omni/cmd>Finished running tool: /home/arshan/go/bin/staticcheck
2025-10-17 18:03:11.422 [info] /home/arshan/Code/omni/cmd/main.go:5:2 "os" imported and not used (compile)
2025-10-17 18:03:11.422 [info] 
2025-10-17 18:03:21.355 [info] Running checks...
2025-10-17 18:03:21.355 [info] Starting linting the current package at /home/arshan/Code/omni/cmd
2025-10-17 18:03:21.412 [info] /home/arshan/Code/omni/cmd>Finished running tool: /home/arshan/go/bin/staticcheck
2025-10-17 18:03:21.412 [info] /home/arshan/Code/omni/cmd/main.go:5:2 "os" imported and not used
2025-10-17 18:03:21.412 [info] /home/arshan/Code/omni/cmd/main.go:31:6 main redeclared in this block
2025-10-17 18:03:21.412 [info] 
2025-10-17 18:03:23.031 [info] Running checks...
2025-10-17 18:03:23.031 [info] Starting linting the current package at /home/arshan/Code/omni/cmd
2025-10-17 18:03:23.091 [info] /home/arshan/Code/omni/cmd>Finished running tool: /home/arshan/go/bin/staticcheck
2025-10-17 18:03:23.091 [info] /home/arshan/Code/omni/cmd/main.go:5:2 "os" imported and not used
2025-10-17 18:03:23.091 [info] /home/arshan/Code/omni/cmd/main.go:31:6 main redeclared in this block
2025-10-17 18:03:23.091 [info] 
2025-10-17 18:03:25.006 [info] Running checks...
2025-10-17 18:03:25.006 [info] Starting linting the current package at /home/arshan/Code/omni/cmd
2025-10-17 18:03:25.066 [info] /home/arshan/Code/omni/cmd>Finished running tool: /home/arshan/go/bin/staticcheck
2025-10-17 18:03:25.066 [info] /home/arshan/Code/omni/cmd/main.go:5:2 "os" imported and not used (compile)
2025-10-17 18:03:25.066 [info] 
2025-10-17 18:03:40.822 [info] Running checks...
2025-10-17 18:03:40.822 [info] Starting linting the current package at /home/arshan/Code/omni/cmd
2025-10-17 18:03:40.888 [info] /home/arshan/Code/omni/cmd>Finished running tool: /home/arshan/go/bin/staticcheck
2025-10-17 18:03:40.888 [info] /home/arshan/Code/omni/cmd/main.go:5:2 "os" imported and not used (compile)
2025-10-17 18:03:40.888 [info] 
2025-10-17 18:03:40.925 [info] Running checks...
2025-10-17 18:03:40.925 [info] Starting linting the current package at /home/arshan/Code/omni/cmd
2025-10-17 18:03:41.026 [info] /home/arshan/Code/omni/cmd>Finished running tool: /home/arshan/go/bin/staticcheck
2025-10-17 18:03:41.026 [info] 
2025-10-17 18:04:46.879 [info] Running checks...
2025-10-17 18:04:46.879 [info] Starting linting the current package at /home/arshan/Code/omni/cmd
2025-10-17 18:04:46.939 [info] /home/arshan/Code/omni/cmd>Finished running tool: /home/arshan/go/bin/staticcheck
2025-10-17 18:04:46.939 [info] /home/arshan/Code/omni/cmd/main.go:21:15 cannot use cmd (variable of type *exec.Cmd) as io.Writer value in assignment: *exec.Cmd does not implement io.Writer (missing method Write) (compile)
2025-10-17 18:04:46.939 [info] 
2025-10-17 18:04:54.626 [info] Running checks...
2025-10-17 18:04:54.626 [info] Starting linting the current package at /home/arshan/Code/omni/cmd
2025-10-17 18:04:54.685 [info] /home/arshan/Code/omni/cmd>Finished running tool: /home/arshan/go/bin/staticcheck
2025-10-17 18:04:54.685 [info] /home/arshan/Code/omni/cmd/main.go:23:2 cmd (variable of type *exec.Cmd) is not used (compile)
2025-10-17 18:04:54.685 [info] 
2025-10-17 18:04:57.272 [info] Running checks...
2025-10-17 18:04:57.272 [info] Starting linting the current package at /home/arshan/Code/omni/cmd
2025-10-17 18:04:57.334 [info] /home/arshan/Code/omni/cmd>Finished running tool: /home/arshan/go/bin/staticcheck
2025-10-17 18:04:57.334 [info] /home/arshan/Code/omni/cmd/main.go:22:18 undefined: os.Sterr
2025-10-17 18:04:57.334 [info] /home/arshan/Code/omni/cmd/main.go:23:2 cmd (variable of type *exec.Cmd) is not used (compile)
2025-10-17 18:04:57.334 [info] 
2025-10-17 18:05:01.541 [info] Running checks...
2025-10-17 18:05:01.541 [info] Starting linting the current package at /home/arshan/Code/omni/cmd
2025-10-17 18:05:01.600 [info] /home/arshan/Code/omni/cmd>Finished running tool: /home/arshan/go/bin/staticcheck
2025-10-17 18:05:01.600 [info] /home/arshan/Code/omni/cmd/main.go:23:2 cmd (variable of type *exec.Cmd) is not used (compile)
2025-10-17 18:05:01.600 [info] 
2025-10-17 18:05:03.498 [info] Running checks...
2025-10-17 18:05:03.498 [info] Starting linting the current package at /home/arshan/Code/omni/cmd
2025-10-17 18:05:03.558 [info] /home/arshan/Code/omni/cmd>Finished running tool: /home/arshan/go/bin/staticcheck
2025-10-17 18:05:03.559 [info] /home/arshan/Code/omni/cmd/main.go:23:6 cmd.S undefined (type *exec.Cmd has no field or method S) (compile)
2025-10-17 18:05:03.559 [info] 
2025-10-17 18:05:10.830 [info] Running checks...
2025-10-17 18:05:10.830 [info] Starting linting the current package at /home/arshan/Code/omni/cmd
2025-10-17 18:05:10.905 [info] /home/arshan/Code/omni/cmd>Finished running tool: /home/arshan/go/bin/staticcheck
2025-10-17 18:05:10.905 [info] 
2025-10-17 18:05:20.569 [info] Running checks...
2025-10-17 18:05:20.569 [info] Starting linting the current package at /home/arshan/Code/omni/cmd
2025-10-17 18:05:20.628 [info] /home/arshan/Code/omni/cmd>Finished running tool: /home/arshan/go/bin/staticcheck
2025-10-17 18:05:20.628 [info] /home/arshan/Code/omni/cmd/main.go:23:18 undefined: os.Stderrd (compile)
2025-10-17 18:05:20.628 [info] 
2025-10-17 18:05:22.467 [info] Running checks...
2025-10-17 18:05:22.467 [info] Starting linting the current package at /home/arshan/Code/omni/cmd
2025-10-17 18:05:22.524 [info] /home/arshan/Code/omni/cmd>Finished running tool: /home/arshan/go/bin/staticcheck
2025-10-17 18:05:22.524 [info] 
2025-10-17 18:06:29.206 [info] Running checks...
2025-10-17 18:06:29.206 [info] Starting linting the current package at /home/arshan/Code/omni/cmd
2025-10-17 18:06:29.278 [info] /home/arshan/Code/omni/cmd>Finished running tool: /home/arshan/go/bin/staticcheck
2025-10-17 18:06:29.278 [info] 
2025-10-17 18:06:44.588 [info] Running checks...
2025-10-17 18:06:44.588 [info] Starting linting the current package at /home/arshan/Code/omni/cmd
2025-10-17 18:06:44.645 [info] /home/arshan/Code/omni/cmd>Finished running tool: /home/arshan/go/bin/staticcheck
2025-10-17 18:06:44.645 [info] 
2025-10-17 18:07:47.386 [info] Running checks...
2025-10-17 18:07:47.386 [info] Starting linting the current package at /home/arshan/Code/omni/cmd
2025-10-17 18:07:47.446 [info] /home/arshan/Code/omni/cmd>Finished running tool: /home/arshan/go/bin/staticcheck
2025-10-17 18:07:47.446 [info] /home/arshan/Code/omni/cmd/main.go:25:5 undefined: err
2025-10-17 18:07:47.446 [info] /home/arshan/Code/omni/cmd/main.go:26:26 undefined: err
2025-10-17 18:07:47.446 [info] /home/arshan/Code/omni/cmd/main.go:28:21 undefined: output (compile)
2025-10-17 18:07:47.446 [info] 
2025-10-17 18:07:54.275 [info] Running checks...
2025-10-17 18:07:54.275 [info] Starting linting the current package at /home/arshan/Code/omni/cmd
2025-10-17 18:07:54.349 [info] /home/arshan/Code/omni/cmd>Finished running tool: /home/arshan/go/bin/staticcheck
2025-10-17 18:07:54.349 [info] 
2025-10-17 18:07:57.407 [info] Running checks...
2025-10-17 18:07:57.407 [info] Starting linting the current package at /home/arshan/Code/omni/cmd
2025-10-17 18:07:57.490 [info] /home/arshan/Code/omni/cmd>Finished running tool: /home/arshan/go/bin/staticcheck
2025-10-17 18:07:57.490 [info] /home/arshan/Code/omni/cmd/main.go:25:1 syntax error: unexpected }, expected expression (compile)
2025-10-17 18:07:57.490 [info] 
2025-10-17 18:08:00.915 [info] Running checks...
2025-10-17 18:08:00.915 [info] Starting linting the current package at /home/arshan/Code/omni/cmd
2025-10-17 18:08:00.985 [info] /home/arshan/Code/omni/cmd>Finished running tool: /home/arshan/go/bin/staticcheck
2025-10-17 18:08:00.985 [info] /home/arshan/Code/omni/cmd/main.go:25:1 syntax error: unexpected }, expected expression (compile)
2025-10-17 18:08:00.985 [info] 
2025-10-17 18:08:07.668 [info] Running checks...
2025-10-17 18:08:07.668 [info] Starting linting the current package at /home/arshan/Code/omni/cmd
2025-10-17 18:08:07.742 [info] /home/arshan/Code/omni/cmd>Finished running tool: /home/arshan/go/bin/staticcheck
2025-10-17 18:08:07.742 [info] 
2025-10-17 18:08:12.461 [info] Running checks...
2025-10-17 18:08:12.461 [info] Starting linting the current package at /home/arshan/Code/omni/cmd
2025-10-17 18:08:12.532 [info] /home/arshan/Code/omni/cmd>Finished running tool: /home/arshan/go/bin/staticcheck
2025-10-17 18:08:12.532 [info] 
2025-10-17 18:08:16.897 [info] Running checks...
2025-10-17 18:08:16.897 [info] Starting linting the current package at /home/arshan/Code/omni/cmd
2025-10-17 18:08:16.974 [info] /home/arshan/Code/omni/cmd>Finished running tool: /home/arshan/go/bin/staticcheck
2025-10-17 18:08:16.974 [info] 
2025-10-17 18:08:18.689 [info] Running checks...
2025-10-17 18:08:18.689 [info] Starting linting the current package at /home/arshan/Code/omni/cmd
2025-10-17 18:08:18.769 [info] /home/arshan/Code/omni/cmd>Finished running tool: /home/arshan/go/bin/staticcheck
2025-10-17 18:08:18.769 [info] 
2025-10-17 18:08:22.370 [info] Running checks...
2025-10-17 18:08:22.370 [info] Starting linting the current package at /home/arshan/Code/omni/cmd
2025-10-17 18:08:22.447 [info] /home/arshan/Code/omni/cmd>Finished running tool: /home/arshan/go/bin/staticcheck
2025-10-17 18:08:22.447 [info] 
2025-10-17 18:08:24.455 [info] Running checks...
2025-10-17 18:08:24.455 [info] Starting linting the current package at /home/arshan/Code/omni/cmd
2025-10-17 18:08:24.549 [info] /home/arshan/Code/omni/cmd>Finished running tool: /home/arshan/go/bin/staticcheck
2025-10-17 18:08:24.549 [info] 
2025-10-17 18:08:28.798 [info] Running checks...
2025-10-17 18:08:28.798 [info] Starting linting the current package at /home/arshan/Code/omni/cmd
2025-10-17 18:08:28.878 [info] /home/arshan/Code/omni/cmd>Finished running tool: /home/arshan/go/bin/staticcheck
2025-10-17 18:08:28.878 [info] 
2025-10-17 18:08:32.409 [info] Running checks...
2025-10-17 18:08:32.409 [info] Starting linting the current package at /home/arshan/Code/omni/cmd
2025-10-17 18:08:32.490 [info] /home/arshan/Code/omni/cmd>Finished running tool: /home/arshan/go/bin/staticcheck
2025-10-17 18:08:32.490 [info] 
2025-10-17 18:08:34.095 [info] Running checks...
2025-10-17 18:08:34.095 [info] Starting linting the current package at /home/arshan/Code/omni/cmd
2025-10-17 18:08:34.175 [info] /home/arshan/Code/omni/cmd>Finished running tool: /home/arshan/go/bin/staticcheck
2025-10-17 18:08:34.175 [info] 
2025-10-17 18:10:04.751 [info] Running checks...
2025-10-17 18:10:04.751 [info] Starting linting the current package at /home/arshan/Code/omni/cmd
2025-10-17 18:10:04.810 [info] /home/arshan/Code/omni/cmd>Finished running tool: /home/arshan/go/bin/staticcheck
2025-10-17 18:10:04.810 [info] /home/arshan/Code/omni/cmd/main.go:27:2 undefined: pt (compile)
2025-10-17 18:10:04.810 [info] 
2025-10-17 18:10:10.083 [info] Running checks...
2025-10-17 18:10:10.083 [info] Starting linting the current package at /home/arshan/Code/omni/cmd
2025-10-17 18:10:10.148 [info] /home/arshan/Code/omni/cmd>Finished running tool: /home/arshan/go/bin/staticcheck
2025-10-17 18:10:10.148 [info] /home/arshan/Code/omni/cmd/main.go:9:2 no required module provides package github.com/creack/pty; to add it:
2025-10-17 18:10:10.148 [info] 
2025-10-17 18:10:14.268 [info] Running checks...
2025-10-17 18:10:14.268 [info] Starting linting the current package at /home/arshan/Code/omni/cmd
2025-10-17 18:10:14.345 [info] /home/arshan/Code/omni/cmd>Finished running tool: /home/arshan/go/bin/staticcheck
2025-10-17 18:10:14.345 [info] /home/arshan/Code/omni/cmd/main.go:9:2 "github.com/creack/pty" imported and not used (compile)
2025-10-17 18:10:14.345 [info] 
2025-10-17 18:10:18.372 [info] Running checks...
2025-10-17 18:10:18.372 [info] Starting linting the current package at /home/arshan/Code/omni/cmd
2025-10-17 18:10:18.432 [info] /home/arshan/Code/omni/cmd>Finished running tool: /home/arshan/go/bin/staticcheck
2025-10-17 18:10:18.432 [info] /home/arshan/Code/omni/cmd/main.go:30:1 syntax error: unexpected }, expected name or ( (compile)
2025-10-17 18:10:18.432 [info] 
2025-10-17 18:10:25.824 [info] Running checks...
2025-10-17 18:10:25.824 [info] Starting linting the current package at /home/arshan/Code/omni/cmd
2025-10-17 18:10:25.883 [info] /home/arshan/Code/omni/cmd>Finished running tool: /home/arshan/go/bin/staticcheck
2025-10-17 18:10:25.883 [info] /home/arshan/Code/omni/cmd/main.go:30:1 syntax error: unexpected }, expected name or ( (compile)
2025-10-17 18:10:25.883 [info] 
2025-10-17 18:10:28.328 [info] Running checks...
2025-10-17 18:10:28.328 [info] Starting linting the current package at /home/arshan/Code/omni/cmd
2025-10-17 18:10:28.391 [info] /home/arshan/Code/omni/cmd>Finished running tool: /home/arshan/go/bin/staticcheck
2025-10-17 18:10:28.391 [info] /home/arshan/Code/omni/cmd/main.go:29:2 not enough arguments in call to pty.Start
2025-10-17 18:10:28.391 [info] 
2025-10-17 18:10:31.531 [info] Running checks...
2025-10-17 18:10:31.531 [info] Starting linting the current package at /home/arshan/Code/omni/cmd
2025-10-17 18:10:31.592 [info] /home/arshan/Code/omni/cmd>Finished running tool: /home/arshan/go/bin/staticcheck
2025-10-17 18:10:31.592 [info] /home/arshan/Code/omni/cmd/main.go:29:18 undefined: e (compile)
2025-10-17 18:10:31.592 [info] 
2025-10-17 18:10:37.711 [info] Running checks...
2025-10-17 18:10:37.711 [info] Starting linting the current package at /home/arshan/Code/omni/cmd
2025-10-17 18:10:37.780 [info] /home/arshan/Code/omni/cmd>Finished running tool: /home/arshan/go/bin/staticcheck
2025-10-17 18:10:37.780 [info] /home/arshan/Code/omni/cmd/main.go:29:2 not enough arguments in call to pty.Start
2025-10-17 18:10:37.780 [info] 
2025-10-17 18:10:41.137 [info] Running checks...
2025-10-17 18:10:41.137 [info] Starting linting the current package at /home/arshan/Code/omni/cmd
2025-10-17 18:10:41.201 [info] /home/arshan/Code/omni/cmd>Finished running tool: /home/arshan/go/bin/staticcheck
2025-10-17 18:10:41.201 [info] /home/arshan/Code/omni/cmd/main.go:9:2 "github.com/creack/pty" imported and not used (compile)
2025-10-17 18:10:41.201 [info] 
2025-10-17 18:10:49.672 [info] Running checks...
2025-10-17 18:10:49.672 [info] Starting linting the current package at /home/arshan/Code/omni/cmd
2025-10-17 18:10:49.735 [info] /home/arshan/Code/omni/cmd>Finished running tool: /home/arshan/go/bin/staticcheck
2025-10-17 18:10:49.735 [info] /home/arshan/Code/omni/cmd/main.go:31:19 syntax error: unexpected EOF, expected ( (compile)
2025-10-17 18:10:49.735 [info] 
2025-10-17 18:10:52.043 [info] Running checks...
2025-10-17 18:10:52.043 [info] Starting linting the current package at /home/arshan/Code/omni/cmd
2025-10-17 18:10:52.102 [info] /home/arshan/Code/omni/cmd>Finished running tool: /home/arshan/go/bin/staticcheck
2025-10-17 18:10:52.102 [info] /home/arshan/Code/omni/cmd/main.go:31:18 syntax error: unexpected EOF, expected ( (compile)
2025-10-17 18:10:52.102 [info] 
2025-10-17 18:13:04.311 [info] Running checks...
2025-10-17 18:13:04.311 [info] Starting linting the current package at /home/arshan/Code/omni/cmd
2025-10-17 18:13:04.374 [info] /home/arshan/Code/omni/cmd>Finished running tool: /home/arshan/go/bin/staticcheck
2025-10-17 18:13:04.374 [info] /home/arshan/Code/omni/cmd/main.go:31:15 syntax error: unexpected EOF, expected ( (compile)
2025-10-17 18:13:04.374 [info] 
2025-10-17 18:13:05.384 [info] Running checks...
2025-10-17 18:13:05.384 [info] Starting linting the current package at /home/arshan/Code/omni/cmd
2025-10-17 18:13:05.446 [info] /home/arshan/Code/omni/cmd>Finished running tool: /home/arshan/go/bin/staticcheck
2025-10-17 18:13:05.446 [info] /home/arshan/Code/omni/cmd/main.go:31:14 syntax error: unexpected EOF, expected ( (compile)
2025-10-17 18:13:05.446 [info] 
2025-10-17 18:13:17.180 [info] Running checks...
2025-10-17 18:13:17.180 [info] Starting linting the current package at /home/arshan/Code/omni/cmd
2025-10-17 18:13:17.240 [info] /home/arshan/Code/omni/cmd>Finished running tool: /home/arshan/go/bin/staticcheck
2025-10-17 18:13:17.240 [info] /home/arshan/Code/omni/cmd/main.go:9:2 "github.com/creack/pty" imported and not used (compile)
2025-10-17 18:13:17.240 [info] 
2025-10-17 18:14:55.503 [info] Running checks...
2025-10-17 18:14:55.503 [info] Starting linting the current package at /home/arshan/Code/omni/cmd
2025-10-17 18:14:55.587 [info] /home/arshan/Code/omni/cmd>Finished running tool: /home/arshan/go/bin/staticcheck
2025-10-17 18:14:55.587 [info] /home/arshan/Code/omni/cmd/main.go:9:2 "github.com/creack/pty" imported and not used (compile)
2025-10-17 18:14:55.587 [info] 
2025-10-17 18:14:57.380 [info] Running checks...
2025-10-17 18:14:57.380 [info] Starting linting the current package at /home/arshan/Code/omni/cmd
2025-10-17 18:14:57.441 [info] /home/arshan/Code/omni/cmd>Finished running tool: /home/arshan/go/bin/staticcheck
2025-10-17 18:14:57.441 [info] /home/arshan/Code/omni/cmd/main.go:9:2 "github.com/creack/pty" imported and not used (compile)
2025-10-17 18:14:57.441 [info] 
2025-10-17 18:15:00.396 [info] Running checks...
2025-10-17 18:15:00.396 [info] Starting linting the current package at /home/arshan/Code/omni/cmd
2025-10-17 18:15:00.508 [info] /home/arshan/Code/omni/cmd>Finished running tool: /home/arshan/go/bin/staticcheck
2025-10-17 18:15:00.508 [info] /home/arshan/Code/omni/cmd/main.go:33:1 syntax error: unexpected }, expected expression (compile)
2025-10-17 18:15:00.508 [info] 
2025-10-17 18:15:05.422 [info] Running checks...
2025-10-17 18:15:05.422 [info] Starting linting the current package at /home/arshan/Code/omni/cmd
2025-10-17 18:15:05.482 [info] /home/arshan/Code/omni/cmd>Finished running tool: /home/arshan/go/bin/staticcheck
2025-10-17 18:15:05.482 [info] /home/arshan/Code/omni/cmd/main.go:9:2 "github.com/creack/pty" imported and not used
2025-10-17 18:15:05.482 [info] /home/arshan/Code/omni/cmd/main.go:32:2 declared and not used: cmd
2025-10-17 18:15:05.482 [info] /home/arshan/Code/omni/cmd/main.go:32:9 not enough arguments in call to exec.Command
2025-10-17 18:15:05.482 [info] 
2025-10-17 18:15:07.347 [info] Running checks...
2025-10-17 18:15:07.347 [info] Starting linting the current package at /home/arshan/Code/omni/cmd
2025-10-17 18:15:07.408 [info] /home/arshan/Code/omni/cmd>Finished running tool: /home/arshan/go/bin/staticcheck
2025-10-17 18:15:07.408 [info] /home/arshan/Code/omni/cmd/main.go:9:2 "github.com/creack/pty" imported and not used
2025-10-17 18:15:07.408 [info] /home/arshan/Code/omni/cmd/main.go:32:2 declared and not used: cmd (compile)
2025-10-17 18:15:07.408 [info] 
2025-10-17 18:15:09.852 [info] Running checks...
2025-10-17 18:15:09.852 [info] Starting linting the current package at /home/arshan/Code/omni/cmd
2025-10-17 18:15:09.913 [info] /home/arshan/Code/omni/cmd>Finished running tool: /home/arshan/go/bin/staticcheck
2025-10-17 18:15:09.913 [info] /home/arshan/Code/omni/cmd/main.go:9:2 "github.com/creack/pty" imported and not used
2025-10-17 18:15:09.913 [info] /home/arshan/Code/omni/cmd/main.go:32:2 declared and not used: cmd (compile)
2025-10-17 18:15:09.913 [info] 
2025-10-17 18:15:14.085 [info] Running checks...
2025-10-17 18:15:14.086 [info] Starting linting the current package at /home/arshan/Code/omni/cmd
2025-10-17 18:15:14.150 [info] /home/arshan/Code/omni/cmd>Finished running tool: /home/arshan/go/bin/staticcheck
2025-10-17 18:15:14.150 [info] /home/arshan/Code/omni/cmd/main.go:9:2 "github.com/creack/pty" imported and not used
2025-10-17 18:15:14.150 [info] /home/arshan/Code/omni/cmd/main.go:32:2 declared and not used: cmd (compile)
2025-10-17 18:15:14.150 [info] 
2025-10-17 18:15:15.420 [info] Running checks...
2025-10-17 18:15:15.421 [info] Starting linting the current package at /home/arshan/Code/omni/cmd
2025-10-17 18:15:15.482 [info] /home/arshan/Code/omni/cmd>Finished running tool: /home/arshan/go/bin/staticcheck
2025-10-17 18:15:15.482 [info] /home/arshan/Code/omni/cmd/main.go:9:2 "github.com/creack/pty" imported and not used
2025-10-17 18:15:15.482 [info] /home/arshan/Code/omni/cmd/main.go:32:2 declared and not used: cmd (compile)
2025-10-17 18:15:15.482 [info] 
2025-10-17 18:15:16.849 [info] Running checks...
2025-10-17 18:15:16.849 [info] Starting linting the current package at /home/arshan/Code/omni/cmd
2025-10-17 18:15:16.924 [info] /home/arshan/Code/omni/cmd>Finished running tool: /home/arshan/go/bin/staticcheck
2025-10-17 18:15:16.924 [info] /home/arshan/Code/omni/cmd/main.go:9:2 "github.com/creack/pty" imported and not used
2025-10-17 18:15:16.924 [info] /home/arshan/Code/omni/cmd/main.go:32:2 declared and not used: cmd (compile)
2025-10-17 18:15:16.924 [info] 
2025-10-17 18:15:19.659 [info] Running checks...
2025-10-17 18:15:19.659 [info] Starting linting the current package at /home/arshan/Code/omni/cmd
2025-10-17 18:15:19.724 [info] /home/arshan/Code/omni/cmd>Finished running tool: /home/arshan/go/bin/staticcheck
2025-10-17 18:15:19.724 [info] /home/arshan/Code/omni/cmd/main.go:9:2 "github.com/creack/pty" imported and not used
2025-10-17 18:15:19.724 [info] /home/arshan/Code/omni/cmd/main.go:32:2 declared and not used: cmd (compile)
2025-10-17 18:15:19.724 [info] 
2025-10-17 18:15:21.689 [info] Running checks...
2025-10-17 18:15:21.689 [info] Starting linting the current package at /home/arshan/Code/omni/cmd
2025-10-17 18:15:21.750 [info] /home/arshan/Code/omni/cmd>Finished running tool: /home/arshan/go/bin/staticcheck
2025-10-17 18:15:21.750 [info] /home/arshan/Code/omni/cmd/main.go:9:2 "github.com/creack/pty" imported and not used
2025-10-17 18:15:21.750 [info] /home/arshan/Code/omni/cmd/main.go:32:2 declared and not used: cmd (compile)
2025-10-17 18:15:21.750 [info] 
2025-10-17 18:15:24.155 [info] Running checks...
2025-10-17 18:15:24.155 [info] Starting linting the current package at /home/arshan/Code/omni/cmd
2025-10-17 18:15:24.228 [info] /home/arshan/Code/omni/cmd>Finished running tool: /home/arshan/go/bin/staticcheck
2025-10-17 18:15:24.228 [info] /home/arshan/Code/omni/cmd/main.go:34:1 syntax error: unexpected }, expected expression (compile)
2025-10-17 18:15:24.228 [info] 
2025-10-17 18:15:27.374 [info] Running checks...
2025-10-17 18:15:27.374 [info] Starting linting the current package at /home/arshan/Code/omni/cmd
2025-10-17 18:15:27.435 [info] /home/arshan/Code/omni/cmd>Finished running tool: /home/arshan/go/bin/staticcheck
2025-10-17 18:15:27.435 [info] /home/arshan/Code/omni/cmd/main.go:34:1 syntax error: unexpected }, expected expression (compile)
2025-10-17 18:15:27.435 [info] 
2025-10-17 18:15:30.525 [info] Running checks...
2025-10-17 18:15:30.525 [info] Starting linting the current package at /home/arshan/Code/omni/cmd
2025-10-17 18:15:30.601 [info] /home/arshan/Code/omni/cmd>Finished running tool: /home/arshan/go/bin/staticcheck
2025-10-17 18:15:30.602 [info] /home/arshan/Code/omni/cmd/main.go:32:2 declared and not used: cmd
2025-10-17 18:15:30.602 [info] /home/arshan/Code/omni/cmd/main.go:33:2 declared and not used: ptmx
2025-10-17 18:15:30.602 [info] /home/arshan/Code/omni/cmd/main.go:33:8 declared and not used: err
2025-10-17 18:15:30.602 [info] /home/arshan/Code/omni/cmd/main.go:33:15 assignment mismatch: 2 variables but 1 value (compile)
2025-10-17 18:15:30.602 [info] 
2025-10-17 18:15:34.226 [info] Running checks...
2025-10-17 18:15:34.226 [info] Starting linting the current package at /home/arshan/Code/omni/cmd
2025-10-17 18:15:34.287 [info] /home/arshan/Code/omni/cmd>Finished running tool: /home/arshan/go/bin/staticcheck
2025-10-17 18:15:34.287 [info] /home/arshan/Code/omni/cmd/main.go:33:2 declared and not used: ptmx
2025-10-17 18:15:34.287 [info] /home/arshan/Code/omni/cmd/main.go:33:8 declared and not used: err (compile)
2025-10-17 18:15:34.287 [info] 
2025-10-17 18:15:35.448 [info] Running checks...
2025-10-17 18:15:35.448 [info] Starting linting the current package at /home/arshan/Code/omni/cmd
2025-10-17 18:15:35.507 [info] /home/arshan/Code/omni/cmd>Finished running tool: /home/arshan/go/bin/staticcheck
2025-10-17 18:15:35.507 [info] /home/arshan/Code/omni/cmd/main.go:33:2 declared and not used: ptmx
2025-10-17 18:15:35.507 [info] /home/arshan/Code/omni/cmd/main.go:33:8 declared and not used: err (compile)
2025-10-17 18:15:35.507 [info] 
2025-10-17 18:15:35.609 [info] Using cached Go developer survey: v0.1.0
2025-10-17 18:15:35.609 [info] Survey active from Mon Sep 08 2025 to Tue Sep 30 2025
2025-10-17 18:15:39.350 [info] Running checks...
2025-10-17 18:15:39.350 [info] Starting linting the current package at /home/arshan/Code/omni/cmd
2025-10-17 18:15:39.439 [info] /home/arshan/Code/omni/cmd>Finished running tool: /home/arshan/go/bin/staticcheck
2025-10-17 18:15:39.439 [info] /home/arshan/Code/omni/cmd/main.go:35:1 syntax error: unexpected }, expected expression (compile)
2025-10-17 18:15:39.439 [info] 
2025-10-17 18:15:42.443 [info] Running checks...
2025-10-17 18:15:42.443 [info] Starting linting the current package at /home/arshan/Code/omni/cmd
2025-10-17 18:15:42.506 [info] /home/arshan/Code/omni/cmd>Finished running tool: /home/arshan/go/bin/staticcheck
2025-10-17 18:15:42.506 [info] /home/arshan/Code/omni/cmd/main.go:33:2 declared and not used: ptmx (compile)
2025-10-17 18:15:42.506 [info] 
2025-10-17 18:15:45.821 [info] Running checks...
2025-10-17 18:15:45.821 [info] Starting linting the current package at /home/arshan/Code/omni/cmd
2025-10-17 18:15:45.889 [info] /home/arshan/Code/omni/cmd>Finished running tool: /home/arshan/go/bin/staticcheck
2025-10-17 18:15:45.889 [info] /home/arshan/Code/omni/cmd/main.go:33:2 declared and not used: ptmx (compile)
2025-10-17 18:15:45.889 [info] 
2025-10-17 18:15:48.545 [info] Running checks...
2025-10-17 18:15:48.545 [info] Starting linting the current package at /home/arshan/Code/omni/cmd
2025-10-17 18:15:48.605 [info] /home/arshan/Code/omni/cmd>Finished running tool: /home/arshan/go/bin/staticcheck
2025-10-17 18:15:48.605 [info] /home/arshan/Code/omni/cmd/main.go:35:20 syntax error: unexpected : in argument list; possibly missing comma or ) (compile)
2025-10-17 18:15:48.605 [info] 
2025-10-17 18:15:53.211 [info] Running checks...
2025-10-17 18:15:53.211 [info] Starting linting the current package at /home/arshan/Code/omni/cmd
2025-10-17 18:15:53.272 [info] /home/arshan/Code/omni/cmd>Finished running tool: /home/arshan/go/bin/staticcheck
2025-10-17 18:15:53.272 [info] /home/arshan/Code/omni/cmd/main.go:33:2 declared and not used: ptmx (compile)
2025-10-17 18:15:53.272 [info] 
2025-10-17 18:15:57.639 [info] Running checks...
2025-10-17 18:15:57.639 [info] Starting linting the current package at /home/arshan/Code/omni/cmd
2025-10-17 18:15:57.700 [info] /home/arshan/Code/omni/cmd>Finished running tool: /home/arshan/go/bin/staticcheck
2025-10-17 18:15:57.700 [info] /home/arshan/Code/omni/cmd/main.go:35:25 newline in string
2025-10-17 18:15:57.700 [info] /home/arshan/Code/omni/cmd/main.go:35:25 syntax error: unexpected newline in argument list; possibly missing comma or ) (compile)
2025-10-17 18:15:57.700 [info] 
2025-10-17 18:15:59.150 [info] Running checks...
2025-10-17 18:15:59.150 [info] Starting linting the current package at /home/arshan/Code/omni/cmd
2025-10-17 18:15:59.210 [info] /home/arshan/Code/omni/cmd>Finished running tool: /home/arshan/go/bin/staticcheck
2025-10-17 18:15:59.210 [info] /home/arshan/Code/omni/cmd/main.go:33:2 declared and not used: ptmx (compile)
2025-10-17 18:15:59.210 [info] 
2025-10-17 18:16:02.479 [info] Running checks...
2025-10-17 18:16:02.479 [info] Starting linting the current package at /home/arshan/Code/omni/cmd
2025-10-17 18:16:02.540 [info] /home/arshan/Code/omni/cmd>Finished running tool: /home/arshan/go/bin/staticcheck
2025-10-17 18:16:02.540 [info] /home/arshan/Code/omni/cmd/main.go:33:2 declared and not used: ptmx
2025-10-17 18:16:02.540 [info] /home/arshan/Code/omni/cmd/main.go:35:27 string (type) is not an expression (compile)
2025-10-17 18:16:02.540 [info] 
2025-10-17 18:16:14.195 [info] Running checks...
2025-10-17 18:16:14.196 [info] Starting linting the current package at /home/arshan/Code/omni/cmd
2025-10-17 18:16:14.281 [info] /home/arshan/Code/omni/cmd>Finished running tool: /home/arshan/go/bin/staticcheck
2025-10-17 18:16:14.281 [info] /home/arshan/Code/omni/cmd/main.go:33:2 declared and not used: ptmx (compile)
2025-10-17 18:16:14.281 [info] 
2025-10-17 18:16:28.893 [info] Running checks...
2025-10-17 18:16:28.893 [info] Starting linting the current package at /home/arshan/Code/omni/cmd
2025-10-17 18:16:28.954 [info] /home/arshan/Code/omni/cmd>Finished running tool: /home/arshan/go/bin/staticcheck
2025-10-17 18:16:28.954 [info] /home/arshan/Code/omni/cmd/main.go:33:2 declared and not used: ptmx
2025-10-17 18:16:28.954 [info] /home/arshan/Code/omni/cmd/main.go:37:8 expression in defer must be function call
2025-10-17 18:16:28.954 [info] /home/arshan/Code/omni/cmd/main.go:37:8 undefined: cloe (compile)
2025-10-17 18:16:28.954 [info] 
2025-10-17 18:16:30.944 [info] Running checks...
2025-10-17 18:16:30.944 [info] Starting linting the current package at /home/arshan/Code/omni/cmd
2025-10-17 18:16:31.030 [info] /home/arshan/Code/omni/cmd>Finished running tool: /home/arshan/go/bin/staticcheck
2025-10-17 18:16:31.031 [info] /home/arshan/Code/omni/cmd/main.go:31:6 func intrunCmd is unused (U1000)
2025-10-17 18:16:31.031 [info] 
2025-10-17 18:17:04.483 [info] Running checks...
2025-10-17 18:17:04.483 [info] Starting linting the current package at /home/arshan/Code/omni/cmd
2025-10-17 18:17:04.561 [info] /home/arshan/Code/omni/cmd>Finished running tool: /home/arshan/go/bin/staticcheck
2025-10-17 18:17:04.561 [info] /home/arshan/Code/omni/cmd/main.go:38:5 expression in go must be function call (compile)
2025-10-17 18:17:04.561 [info] 
2025-10-17 18:17:16.746 [info] Running checks...
2025-10-17 18:17:16.746 [info] Starting linting the current package at /home/arshan/Code/omni/cmd
2025-10-17 18:17:16.817 [info] /home/arshan/Code/omni/cmd>Finished running tool: /home/arshan/go/bin/staticcheck
2025-10-17 18:17:16.817 [info] /home/arshan/Code/omni/cmd/main.go:38:16 syntax error: unexpected }, expected expression (compile)
2025-10-17 18:17:16.817 [info] 
2025-10-17 18:17:19.646 [info] Running checks...
2025-10-17 18:17:19.646 [info] Starting linting the current package at /home/arshan/Code/omni/cmd
2025-10-17 18:17:19.706 [info] /home/arshan/Code/omni/cmd>Finished running tool: /home/arshan/go/bin/staticcheck
2025-10-17 18:17:19.706 [info] /home/arshan/Code/omni/cmd/main.go:38:19 syntax error: unexpected }, expected expression (compile)
2025-10-17 18:17:19.706 [info] 
2025-10-17 18:17:24.719 [info] Running checks...
2025-10-17 18:17:24.719 [info] Starting linting the current package at /home/arshan/Code/omni/cmd
2025-10-17 18:17:24.784 [info] /home/arshan/Code/omni/cmd>Finished running tool: /home/arshan/go/bin/staticcheck
2025-10-17 18:17:24.784 [info] /home/arshan/Code/omni/cmd/main.go:39:5 expression in go must be function call
2025-10-17 18:17:24.784 [info] /home/arshan/Code/omni/cmd/main.go:39:20 not enough arguments in call to io.Copy
2025-10-17 18:17:24.784 [info] 
2025-10-17 18:18:02.612 [info] Running checks...
2025-10-17 18:18:02.612 [info] Starting linting the current package at /home/arshan/Code/omni/cmd
2025-10-17 18:18:02.679 [info] /home/arshan/Code/omni/cmd>Finished running tool: /home/arshan/go/bin/staticcheck
2025-10-17 18:18:02.679 [info] /home/arshan/Code/omni/cmd/main.go:39:5 expression in go must be function call
2025-10-17 18:18:02.679 [info] /home/arshan/Code/omni/cmd/main.go:39:20 not enough arguments in call to io.Copy
2025-10-17 18:18:02.679 [info] 
2025-10-17 18:18:07.607 [info] Running checks...
2025-10-17 18:18:07.607 [info] Starting linting the current package at /home/arshan/Code/omni/cmd
2025-10-17 18:18:07.680 [info] /home/arshan/Code/omni/cmd>Finished running tool: /home/arshan/go/bin/staticcheck
2025-10-17 18:18:07.680 [info] /home/arshan/Code/omni/cmd/main.go:39:5 expression in go must be function call
2025-10-17 18:18:07.680 [info] /home/arshan/Code/omni/cmd/main.go:39:28 not enough arguments in call to io.Copy
2025-10-17 18:18:07.680 [info] 
2025-10-17 18:18:11.050 [info] Running checks...
2025-10-17 18:18:11.050 [info] Starting linting the current package at /home/arshan/Code/omni/cmd
2025-10-17 18:18:11.118 [info] /home/arshan/Code/omni/cmd>Finished running tool: /home/arshan/go/bin/staticcheck
2025-10-17 18:18:11.118 [info] /home/arshan/Code/omni/cmd/main.go:39:5 expression in go must be function call (compile)
2025-10-17 18:18:11.118 [info] 
2025-10-17 18:18:16.853 [info] Running checks...
2025-10-17 18:18:16.853 [info] Starting linting the current package at /home/arshan/Code/omni/cmd
2025-10-17 18:18:16.931 [info] /home/arshan/Code/omni/cmd>Finished running tool: /home/arshan/go/bin/staticcheck
2025-10-17 18:18:16.931 [info] /home/arshan/Code/omni/cmd/main.go:32:6 func intrunCmd is unused (U1000)
2025-10-17 18:18:16.931 [info] 
2025-10-17 18:18:21.921 [info] Running checks...
2025-10-17 18:18:21.921 [info] Starting linting the current package at /home/arshan/Code/omni/cmd
2025-10-17 18:18:21.988 [info] /home/arshan/Code/omni/cmd>Finished running tool: /home/arshan/go/bin/staticcheck
2025-10-17 18:18:21.988 [info] /home/arshan/Code/omni/cmd/main.go:40:6 syntax error: unexpected newline, expected := or = or comma (compile)
2025-10-17 18:18:21.988 [info] 
2025-10-17 18:18:23.555 [info] Running checks...
2025-10-17 18:18:23.555 [info] Starting linting the current package at /home/arshan/Code/omni/cmd
2025-10-17 18:18:23.617 [info] /home/arshan/Code/omni/cmd>Finished running tool: /home/arshan/go/bin/staticcheck
2025-10-17 18:18:23.617 [info] /home/arshan/Code/omni/cmd/main.go:41:1 syntax error: unexpected }, expected expression (compile)
2025-10-17 18:18:23.617 [info] 
2025-10-17 18:18:27.165 [info] Running checks...
2025-10-17 18:18:27.166 [info] Starting linting the current package at /home/arshan/Code/omni/cmd
2025-10-17 18:18:27.259 [info] /home/arshan/Code/omni/cmd>Finished running tool: /home/arshan/go/bin/staticcheck
2025-10-17 18:18:27.259 [info] /home/arshan/Code/omni/cmd/main.go:40:11 undefined: io.Cop (compile)
2025-10-17 18:18:27.259 [info] 
2025-10-17 18:18:34.183 [info] Running checks...
2025-10-17 18:18:34.183 [info] Starting linting the current package at /home/arshan/Code/omni/cmd
2025-10-17 18:18:34.245 [info] /home/arshan/Code/omni/cmd>Finished running tool: /home/arshan/go/bin/staticcheck
2025-10-17 18:18:34.245 [info] /home/arshan/Code/omni/cmd/main.go:40:16 not enough arguments in call to io.Copy
2025-10-17 18:18:34.245 [info] 
2025-10-17 18:18:37.398 [info] Running checks...
2025-10-17 18:18:37.398 [info] Starting linting the current package at /home/arshan/Code/omni/cmd
2025-10-17 18:18:37.477 [info] /home/arshan/Code/omni/cmd>Finished running tool: /home/arshan/go/bin/staticcheck
2025-10-17 18:18:37.477 [info] /home/arshan/Code/omni/cmd/main.go:32:6 func intrunCmd is unused (U1000)
2025-10-17 18:18:37.477 [info] 
2025-10-17 18:18:42.248 [info] Running checks...
2025-10-17 18:18:42.248 [info] Starting linting the current package at /home/arshan/Code/omni/cmd
2025-10-17 18:18:42.311 [info] /home/arshan/Code/omni/cmd>Finished running tool: /home/arshan/go/bin/staticcheck
2025-10-17 18:18:42.311 [info] /home/arshan/Code/omni/cmd/main.go:42:1 syntax error: unexpected }, expected expression (compile)
2025-10-17 18:18:42.311 [info] 
2025-10-17 18:18:45.915 [info] Running checks...
2025-10-17 18:18:45.915 [info] Starting linting the current package at /home/arshan/Code/omni/cmd
2025-10-17 18:18:45.973 [info] /home/arshan/Code/omni/cmd>Finished running tool: /home/arshan/go/bin/staticcheck
2025-10-17 18:18:45.973 [info] /home/arshan/Code/omni/cmd/main.go:42:1 syntax error: unexpected }, expected expression (compile)
2025-10-17 18:18:45.974 [info] 
2025-10-17 18:18:48.781 [info] Running checks...
2025-10-17 18:18:48.781 [info] Starting linting the current package at /home/arshan/Code/omni/cmd
2025-10-17 18:18:48.840 [info] /home/arshan/Code/omni/cmd>Finished running tool: /home/arshan/go/bin/staticcheck
2025-10-17 18:18:48.840 [info] /home/arshan/Code/omni/cmd/main.go:42:1 syntax error: unexpected }, expected expression (compile)
2025-10-17 18:18:48.840 [info] 
2025-10-17 18:18:57.678 [info] Running checks...
2025-10-17 18:18:57.678 [info] Starting linting the current package at /home/arshan/Code/omni/cmd
2025-10-17 18:18:57.759 [info] /home/arshan/Code/omni/cmd>Finished running tool: /home/arshan/go/bin/staticcheck
2025-10-17 18:18:57.759 [info] /home/arshan/Code/omni/cmd/main.go:32:6 func intrunCmd is unused (U1000)
2025-10-17 18:18:57.759 [info] 
2025-10-17 18:19:01.353 [info] Running checks...
2025-10-17 18:19:01.353 [info] Starting linting the current package at /home/arshan/Code/omni/cmd
2025-10-17 18:19:01.414 [info] /home/arshan/Code/omni/cmd>Finished running tool: /home/arshan/go/bin/staticcheck
2025-10-17 18:19:01.414 [info] /home/arshan/Code/omni/cmd/main.go:42:3 undefined: fm (compile)
2025-10-17 18:19:01.414 [info] 
2025-10-17 18:19:06.192 [info] Running checks...
2025-10-17 18:19:06.192 [info] Starting linting the current package at /home/arshan/Code/omni/cmd
2025-10-17 18:19:06.249 [info] /home/arshan/Code/omni/cmd>Finished running tool: /home/arshan/go/bin/staticcheck
2025-10-17 18:19:06.249 [info] /home/arshan/Code/omni/cmd/main.go:43:2 syntax error: unexpected }, expected name or ( (compile)
2025-10-17 18:19:06.249 [info] 
2025-10-17 18:19:08.064 [info] Running checks...
2025-10-17 18:19:08.064 [info] Starting linting the current package at /home/arshan/Code/omni/cmd
2025-10-17 18:19:08.125 [info] /home/arshan/Code/omni/cmd>Finished running tool: /home/arshan/go/bin/staticcheck
2025-10-17 18:19:08.125 [info] /home/arshan/Code/omni/cmd/main.go:42:7 undefined: fmt.Pr (compile)
2025-10-17 18:19:08.125 [info] 
2025-10-17 18:19:09.674 [info] Running checks...
2025-10-17 18:19:09.674 [info] Starting linting the current package at /home/arshan/Code/omni/cmd
2025-10-17 18:19:09.756 [info] /home/arshan/Code/omni/cmd>Finished running tool: /home/arshan/go/bin/staticcheck
2025-10-17 18:19:09.756 [info] /home/arshan/Code/omni/cmd/main.go:32:6 func intrunCmd is unused (U1000)
2025-10-17 18:19:09.756 [info] 
2025-10-17 18:19:12.512 [info] Running checks...
2025-10-17 18:19:12.512 [info] Starting linting the current package at /home/arshan/Code/omni/cmd
2025-10-17 18:19:12.591 [info] /home/arshan/Code/omni/cmd>Finished running tool: /home/arshan/go/bin/staticcheck
2025-10-17 18:19:12.591 [info] /home/arshan/Code/omni/cmd/main.go:32:6 func intrunCmd is unused (U1000)
2025-10-17 18:19:12.591 [info] 
2025-10-17 18:19:23.710 [info] Running checks...
2025-10-17 18:19:23.710 [info] Starting linting the current package at /home/arshan/Code/omni/cmd
2025-10-17 18:19:23.809 [info] /home/arshan/Code/omni/cmd>Finished running tool: /home/arshan/go/bin/staticcheck
2025-10-17 18:19:23.809 [info] /home/arshan/Code/omni/cmd/main.go:32:6 func intrunCmd is unused (U1000)
2025-10-17 18:19:23.809 [info] 
2025-10-17 18:19:44.142 [info] Running checks...
2025-10-17 18:19:44.142 [info] Starting linting the current package at /home/arshan/Code/omni/cmd
2025-10-17 18:19:44.203 [info] /home/arshan/Code/omni/cmd>Finished running tool: /home/arshan/go/bin/staticcheck
2025-10-17 18:19:44.203 [info] /home/arshan/Code/omni/cmd/main.go:14:2 not enough arguments in call to intrunCmd
2025-10-17 18:19:44.203 [info] /home/arshan/Code/omni/cmd/main.go:14:2 intrunCmd() (no value) used as value or type (compile)
2025-10-17 18:19:44.203 [info] 
2025-10-17 18:19:46.565 [info] Running checks...
2025-10-17 18:19:46.566 [info] Starting linting the current package at /home/arshan/Code/omni/cmd
2025-10-17 18:19:46.656 [info] /home/arshan/Code/omni/cmd>Finished running tool: /home/arshan/go/bin/staticcheck
2025-10-17 18:19:46.656 [info] /home/arshan/Code/omni/cmd/main.go:17:6 func runCmd is unused (U1000)
2025-10-17 18:19:46.656 [info] 
