2025-10-11 19:03:28.503 [info] [main] Log level: Info
2025-10-11 19:03:28.503 [info] [main] Validating found git in: "git"
2025-10-11 19:03:28.503 [info] [main] Using git "2.51.0" from "git"
2025-10-11 19:03:28.503 [info] [Model][doInitialScan] Initial repository scan started
2025-10-11 19:03:28.503 [info] > git rev-parse --show-toplevel [7ms]
2025-10-11 19:03:28.503 [info] fatal: not a git repository (or any parent up to mount point /)
Stopping at filesystem boundary (GIT_DISCOVERY_ACROSS_FILESYSTEM not set).
2025-10-11 19:03:28.503 [info] [Model][doInitialScan] Initial repository scan completed - repositories (0), closed repositories (0), parent repositories (0), unsafe repositories (0)
2025-10-11 19:03:28.503 [info] > git rev-parse --show-toplevel [1ms]
2025-10-11 19:03:28.503 [info] fatal: not a git repository (or any parent up to mount point /)
Stopping at filesystem boundary (GIT_DISCOVERY_ACROSS_FILESYSTEM not set).
2025-10-11 19:03:28.572 [info] > git rev-parse --show-toplevel [0ms]
2025-10-11 19:03:28.572 [info] fatal: not a git repository (or any parent up to mount point /)
Stopping at filesystem boundary (GIT_DISCOVERY_ACROSS_FILESYSTEM not set).
2025-10-11 19:03:28.632 [info] > git rev-parse --show-toplevel [2ms]
2025-10-11 19:03:28.632 [info] fatal: not a git repository (or any parent up to mount point /)
Stopping at filesystem boundary (GIT_DISCOVERY_ACROSS_FILESYSTEM not set).
2025-10-11 19:03:30.068 [info] > git rev-parse --show-toplevel [1ms]
2025-10-11 19:03:30.068 [info] fatal: not a git repository (or any parent up to mount point /)
Stopping at filesystem boundary (GIT_DISCOVERY_ACROSS_FILESYSTEM not set).
