2025-10-16 18:57:40.575 [info] [main] Log level: Info
2025-10-16 18:57:40.575 [info] [main] Validating found git in: "git"
2025-10-16 18:57:40.575 [info] [main] Using git "2.51.0" from "git"
2025-10-16 18:57:40.575 [info] [Model][doInitialScan] Initial repository scan started
2025-10-16 18:57:40.575 [info] > git rev-parse --show-toplevel [6ms]
2025-10-16 18:57:40.575 [info] fatal: not a git repository (or any parent up to mount point /)
Stopping at filesystem boundary (GIT_DISCOVERY_ACROSS_FILESYSTEM not set).
2025-10-16 18:57:40.575 [info] > git rev-parse --show-toplevel [31ms]
2025-10-16 18:57:40.575 [info] fatal: not a git repository (or any parent up to mount point /)
Stopping at filesystem boundary (GIT_DISCOVERY_ACROSS_FILESYSTEM not set).
2025-10-16 18:57:40.575 [info] > git rev-parse --show-toplevel [75ms]
2025-10-16 18:57:40.575 [info] fatal: not a git repository (or any parent up to mount point /)
Stopping at filesystem boundary (GIT_DISCOVERY_ACROSS_FILESYSTEM not set).
2025-10-16 18:57:40.577 [info] > git rev-parse --show-toplevel [11ms]
2025-10-16 18:57:40.577 [info] fatal: not a git repository (or any parent up to mount point /)
Stopping at filesystem boundary (GIT_DISCOVERY_ACROSS_FILESYSTEM not set).
2025-10-16 18:57:40.579 [info] [Model][doInitialScan] Initial repository scan completed - repositories (0), closed repositories (0), parent repositories (0), unsafe repositories (0)
2025-10-16 18:57:40.586 [info] > git rev-parse --show-toplevel [3ms]
2025-10-16 18:57:40.586 [info] fatal: not a git repository (or any parent up to mount point /)
Stopping at filesystem boundary (GIT_DISCOVERY_ACROSS_FILESYSTEM not set).
2025-10-16 18:57:40.590 [info] > git rev-parse --show-toplevel [1ms]
2025-10-16 18:57:40.590 [info] fatal: not a git repository (or any parent up to mount point /)
Stopping at filesystem boundary (GIT_DISCOVERY_ACROSS_FILESYSTEM not set).
2025-10-16 18:57:40.741 [info] > git rev-parse --show-toplevel [1ms]
2025-10-16 18:57:40.741 [info] fatal: not a git repository (or any parent up to mount point /)
Stopping at filesystem boundary (GIT_DISCOVERY_ACROSS_FILESYSTEM not set).
2025-10-16 18:57:40.783 [info] > git rev-parse --show-toplevel [1ms]
2025-10-16 18:57:40.783 [info] fatal: not a git repository (or any parent up to mount point /)
Stopping at filesystem boundary (GIT_DISCOVERY_ACROSS_FILESYSTEM not set).
2025-10-16 18:57:41.184 [info] > git rev-parse --show-toplevel [1ms]
2025-10-16 18:57:41.184 [info] fatal: not a git repository (or any parent up to mount point /)
Stopping at filesystem boundary (GIT_DISCOVERY_ACROSS_FILESYSTEM not set).
2025-10-16 19:08:39.140 [info] > git rev-parse --show-toplevel [2ms]
2025-10-16 19:08:39.140 [info] fatal: not a git repository (or any parent up to mount point /)
Stopping at filesystem boundary (GIT_DISCOVERY_ACROSS_FILESYSTEM not set).
2025-10-16 19:08:39.177 [info] > git rev-parse --show-toplevel [2ms]
2025-10-16 19:08:39.177 [info] fatal: not a git repository (or any parent up to mount point /)
Stopping at filesystem boundary (GIT_DISCOVERY_ACROSS_FILESYSTEM not set).
2025-10-16 19:08:39.181 [info] > git rev-parse --show-toplevel [1ms]
2025-10-16 19:08:39.181 [info] fatal: not a git repository (or any parent up to mount point /)
Stopping at filesystem boundary (GIT_DISCOVERY_ACROSS_FILESYSTEM not set).
2025-10-16 19:13:49.057 [info] > git rev-parse --show-toplevel [1ms]
2025-10-16 19:13:49.057 [info] fatal: not a git repository (or any parent up to mount point /)
Stopping at filesystem boundary (GIT_DISCOVERY_ACROSS_FILESYSTEM not set).
2025-10-16 19:13:49.096 [info] > git rev-parse --show-toplevel [1ms]
2025-10-16 19:13:49.096 [info] fatal: not a git repository (or any parent up to mount point /)
Stopping at filesystem boundary (GIT_DISCOVERY_ACROSS_FILESYSTEM not set).
2025-10-16 19:13:49.099 [info] > git rev-parse --show-toplevel [1ms]
2025-10-16 19:13:49.099 [info] fatal: not a git repository (or any parent up to mount point /)
Stopping at filesystem boundary (GIT_DISCOVERY_ACROSS_FILESYSTEM not set).
2025-10-16 19:13:49.432 [info] > git rev-parse --show-toplevel [1ms]
2025-10-16 19:13:49.432 [info] fatal: not a git repository (or any parent up to mount point /)
Stopping at filesystem boundary (GIT_DISCOVERY_ACROSS_FILESYSTEM not set).
2025-10-16 19:13:49.453 [info] > git rev-parse --show-toplevel [1ms]
2025-10-16 19:13:49.453 [info] fatal: not a git repository (or any parent up to mount point /)
Stopping at filesystem boundary (GIT_DISCOVERY_ACROSS_FILESYSTEM not set).
2025-10-16 19:13:49.456 [info] > git rev-parse --show-toplevel [0ms]
2025-10-16 19:13:49.456 [info] fatal: not a git repository (or any parent up to mount point /)
Stopping at filesystem boundary (GIT_DISCOVERY_ACROSS_FILESYSTEM not set).
2025-10-16 19:14:53.027 [info] > git rev-parse --show-toplevel [0ms]
2025-10-16 19:14:53.027 [info] fatal: not a git repository (or any parent up to mount point /)
Stopping at filesystem boundary (GIT_DISCOVERY_ACROSS_FILESYSTEM not set).
2025-10-16 19:14:53.049 [info] > git rev-parse --show-toplevel [1ms]
2025-10-16 19:14:53.049 [info] fatal: not a git repository (or any parent up to mount point /)
Stopping at filesystem boundary (GIT_DISCOVERY_ACROSS_FILESYSTEM not set).
2025-10-16 19:14:53.052 [info] > git rev-parse --show-toplevel [1ms]
2025-10-16 19:14:53.052 [info] fatal: not a git repository (or any parent up to mount point /)
Stopping at filesystem boundary (GIT_DISCOVERY_ACROSS_FILESYSTEM not set).
2025-10-16 19:14:55.050 [info] > git rev-parse --show-toplevel [1ms]
2025-10-16 19:14:55.050 [info] fatal: not a git repository (or any parent up to mount point /)
Stopping at filesystem boundary (GIT_DISCOVERY_ACROSS_FILESYSTEM not set).
2025-10-16 19:14:55.070 [info] > git rev-parse --show-toplevel [1ms]
2025-10-16 19:14:55.070 [info] fatal: not a git repository (or any parent up to mount point /)
Stopping at filesystem boundary (GIT_DISCOVERY_ACROSS_FILESYSTEM not set).
2025-10-16 19:14:55.074 [info] > git rev-parse --show-toplevel [0ms]
2025-10-16 19:14:55.074 [info] fatal: not a git repository (or any parent up to mount point /)
Stopping at filesystem boundary (GIT_DISCOVERY_ACROSS_FILESYSTEM not set).
2025-10-16 19:14:55.474 [info] > git rev-parse --show-toplevel [0ms]
2025-10-16 19:14:55.474 [info] fatal: not a git repository (or any parent up to mount point /)
Stopping at filesystem boundary (GIT_DISCOVERY_ACROSS_FILESYSTEM not set).
2025-10-16 19:14:55.487 [info] > git rev-parse --show-toplevel [1ms]
2025-10-16 19:14:55.487 [info] fatal: not a git repository (or any parent up to mount point /)
Stopping at filesystem boundary (GIT_DISCOVERY_ACROSS_FILESYSTEM not set).
2025-10-16 19:14:55.493 [info] > git rev-parse --show-toplevel [1ms]
2025-10-16 19:14:55.493 [info] fatal: not a git repository (or any parent up to mount point /)
Stopping at filesystem boundary (GIT_DISCOVERY_ACROSS_FILESYSTEM not set).
2025-10-16 19:14:56.806 [info] > git rev-parse --show-toplevel [1ms]
2025-10-16 19:14:56.806 [info] fatal: not a git repository (or any parent up to mount point /)
Stopping at filesystem boundary (GIT_DISCOVERY_ACROSS_FILESYSTEM not set).
2025-10-16 19:14:56.818 [info] > git rev-parse --show-toplevel [1ms]
2025-10-16 19:14:56.818 [info] fatal: not a git repository (or any parent up to mount point /)
Stopping at filesystem boundary (GIT_DISCOVERY_ACROSS_FILESYSTEM not set).
2025-10-16 19:14:56.823 [info] > git rev-parse --show-toplevel [1ms]
2025-10-16 19:14:56.823 [info] fatal: not a git repository (or any parent up to mount point /)
Stopping at filesystem boundary (GIT_DISCOVERY_ACROSS_FILESYSTEM not set).
2025-10-16 19:15:04.431 [info] > git rev-parse --show-toplevel [1ms]
2025-10-16 19:15:04.431 [info] fatal: not a git repository (or any parent up to mount point /)
Stopping at filesystem boundary (GIT_DISCOVERY_ACROSS_FILESYSTEM not set).
2025-10-16 19:15:04.449 [info] > git rev-parse --show-toplevel [1ms]
2025-10-16 19:15:04.449 [info] fatal: not a git repository (or any parent up to mount point /)
Stopping at filesystem boundary (GIT_DISCOVERY_ACROSS_FILESYSTEM not set).
2025-10-16 19:15:04.453 [info] > git rev-parse --show-toplevel [1ms]
2025-10-16 19:15:04.453 [info] fatal: not a git repository (or any parent up to mount point /)
Stopping at filesystem boundary (GIT_DISCOVERY_ACROSS_FILESYSTEM not set).
2025-10-16 19:15:14.367 [info] > git rev-parse --show-toplevel [0ms]
2025-10-16 19:15:14.367 [info] fatal: not a git repository (or any parent up to mount point /)
Stopping at filesystem boundary (GIT_DISCOVERY_ACROSS_FILESYSTEM not set).
2025-10-16 19:15:14.380 [info] > git rev-parse --show-toplevel [2ms]
2025-10-16 19:15:14.380 [info] fatal: not a git repository (or any parent up to mount point /)
Stopping at filesystem boundary (GIT_DISCOVERY_ACROSS_FILESYSTEM not set).
2025-10-16 19:15:14.384 [info] > git rev-parse --show-toplevel [1ms]
2025-10-16 19:15:14.384 [info] fatal: not a git repository (or any parent up to mount point /)
Stopping at filesystem boundary (GIT_DISCOVERY_ACROSS_FILESYSTEM not set).
2025-10-16 19:15:17.192 [info] > git rev-parse --show-toplevel [1ms]
2025-10-16 19:15:17.192 [info] fatal: not a git repository (or any parent up to mount point /)
Stopping at filesystem boundary (GIT_DISCOVERY_ACROSS_FILESYSTEM not set).
2025-10-16 19:15:17.206 [info] > git rev-parse --show-toplevel [1ms]
2025-10-16 19:15:17.206 [info] fatal: not a git repository (or any parent up to mount point /)
Stopping at filesystem boundary (GIT_DISCOVERY_ACROSS_FILESYSTEM not set).
2025-10-16 19:15:17.211 [info] > git rev-parse --show-toplevel [1ms]
2025-10-16 19:15:17.211 [info] fatal: not a git repository (or any parent up to mount point /)
Stopping at filesystem boundary (GIT_DISCOVERY_ACROSS_FILESYSTEM not set).
2025-10-16 19:15:18.234 [info] > git rev-parse --show-toplevel [1ms]
2025-10-16 19:15:18.234 [info] fatal: not a git repository (or any parent up to mount point /)
Stopping at filesystem boundary (GIT_DISCOVERY_ACROSS_FILESYSTEM not set).
2025-10-16 19:15:18.245 [info] > git rev-parse --show-toplevel [1ms]
2025-10-16 19:15:18.245 [info] fatal: not a git repository (or any parent up to mount point /)
Stopping at filesystem boundary (GIT_DISCOVERY_ACROSS_FILESYSTEM not set).
2025-10-16 19:15:18.251 [info] > git rev-parse --show-toplevel [1ms]
2025-10-16 19:15:18.251 [info] fatal: not a git repository (or any parent up to mount point /)
Stopping at filesystem boundary (GIT_DISCOVERY_ACROSS_FILESYSTEM not set).
2025-10-16 19:18:17.153 [info] > git rev-parse --show-toplevel [0ms]
2025-10-16 19:18:17.153 [info] fatal: not a git repository (or any parent up to mount point /)
Stopping at filesystem boundary (GIT_DISCOVERY_ACROSS_FILESYSTEM not set).
2025-10-16 19:18:17.173 [info] > git rev-parse --show-toplevel [2ms]
2025-10-16 19:18:17.173 [info] fatal: not a git repository (or any parent up to mount point /)
Stopping at filesystem boundary (GIT_DISCOVERY_ACROSS_FILESYSTEM not set).
2025-10-16 19:18:17.178 [info] > git rev-parse --show-toplevel [1ms]
2025-10-16 19:18:17.178 [info] fatal: not a git repository (or any parent up to mount point /)
Stopping at filesystem boundary (GIT_DISCOVERY_ACROSS_FILESYSTEM not set).
2025-10-16 19:18:18.819 [info] > git rev-parse --show-toplevel [0ms]
2025-10-16 19:18:18.819 [info] fatal: not a git repository (or any parent up to mount point /)
Stopping at filesystem boundary (GIT_DISCOVERY_ACROSS_FILESYSTEM not set).
2025-10-16 19:18:18.831 [info] > git rev-parse --show-toplevel [1ms]
2025-10-16 19:18:18.831 [info] fatal: not a git repository (or any parent up to mount point /)
Stopping at filesystem boundary (GIT_DISCOVERY_ACROSS_FILESYSTEM not set).
2025-10-16 19:18:18.836 [info] > git rev-parse --show-toplevel [1ms]
2025-10-16 19:18:18.836 [info] fatal: not a git repository (or any parent up to mount point /)
Stopping at filesystem boundary (GIT_DISCOVERY_ACROSS_FILESYSTEM not set).
2025-10-16 19:20:22.302 [info] > git rev-parse --show-toplevel [1ms]
2025-10-16 19:20:22.302 [info] fatal: not a git repository (or any parent up to mount point /)
Stopping at filesystem boundary (GIT_DISCOVERY_ACROSS_FILESYSTEM not set).
2025-10-16 19:20:22.322 [info] > git rev-parse --show-toplevel [2ms]
2025-10-16 19:20:22.322 [info] fatal: not a git repository (or any parent up to mount point /)
Stopping at filesystem boundary (GIT_DISCOVERY_ACROSS_FILESYSTEM not set).
2025-10-16 19:20:22.329 [info] > git rev-parse --show-toplevel [2ms]
2025-10-16 19:20:22.329 [info] fatal: not a git repository (or any parent up to mount point /)
Stopping at filesystem boundary (GIT_DISCOVERY_ACROSS_FILESYSTEM not set).
2025-10-16 19:20:24.966 [info] > git rev-parse --show-toplevel [1ms]
2025-10-16 19:20:24.966 [info] fatal: not a git repository (or any parent up to mount point /)
Stopping at filesystem boundary (GIT_DISCOVERY_ACROSS_FILESYSTEM not set).
2025-10-16 19:20:24.984 [info] > git rev-parse --show-toplevel [3ms]
2025-10-16 19:20:24.984 [info] fatal: not a git repository (or any parent up to mount point /)
Stopping at filesystem boundary (GIT_DISCOVERY_ACROSS_FILESYSTEM not set).
2025-10-16 19:20:24.991 [info] > git rev-parse --show-toplevel [2ms]
2025-10-16 19:20:24.991 [info] fatal: not a git repository (or any parent up to mount point /)
Stopping at filesystem boundary (GIT_DISCOVERY_ACROSS_FILESYSTEM not set).
2025-10-16 19:20:26.454 [info] > git rev-parse --show-toplevel [1ms]
2025-10-16 19:20:26.454 [info] fatal: not a git repository (or any parent up to mount point /)
Stopping at filesystem boundary (GIT_DISCOVERY_ACROSS_FILESYSTEM not set).
2025-10-16 19:20:26.467 [info] > git rev-parse --show-toplevel [1ms]
2025-10-16 19:20:26.467 [info] fatal: not a git repository (or any parent up to mount point /)
Stopping at filesystem boundary (GIT_DISCOVERY_ACROSS_FILESYSTEM not set).
2025-10-16 19:20:26.472 [info] > git rev-parse --show-toplevel [1ms]
2025-10-16 19:20:26.472 [info] fatal: not a git repository (or any parent up to mount point /)
Stopping at filesystem boundary (GIT_DISCOVERY_ACROSS_FILESYSTEM not set).
2025-10-16 19:20:27.814 [info] > git rev-parse --show-toplevel [1ms]
2025-10-16 19:20:27.814 [info] fatal: not a git repository (or any parent up to mount point /)
Stopping at filesystem boundary (GIT_DISCOVERY_ACROSS_FILESYSTEM not set).
2025-10-16 19:20:27.829 [info] > git rev-parse --show-toplevel [2ms]
2025-10-16 19:20:27.829 [info] fatal: not a git repository (or any parent up to mount point /)
Stopping at filesystem boundary (GIT_DISCOVERY_ACROSS_FILESYSTEM not set).
2025-10-16 19:20:27.835 [info] > git rev-parse --show-toplevel [1ms]
2025-10-16 19:20:27.835 [info] fatal: not a git repository (or any parent up to mount point /)
Stopping at filesystem boundary (GIT_DISCOVERY_ACROSS_FILESYSTEM not set).
2025-10-16 19:20:31.401 [info] > git rev-parse --show-toplevel [0ms]
2025-10-16 19:20:31.401 [info] fatal: not a git repository (or any parent up to mount point /)
Stopping at filesystem boundary (GIT_DISCOVERY_ACROSS_FILESYSTEM not set).
2025-10-16 19:20:31.429 [info] > git rev-parse --show-toplevel [2ms]
2025-10-16 19:20:31.429 [info] fatal: not a git repository (or any parent up to mount point /)
Stopping at filesystem boundary (GIT_DISCOVERY_ACROSS_FILESYSTEM not set).
2025-10-16 19:20:31.434 [info] > git rev-parse --show-toplevel [1ms]
2025-10-16 19:20:31.434 [info] fatal: not a git repository (or any parent up to mount point /)
Stopping at filesystem boundary (GIT_DISCOVERY_ACROSS_FILESYSTEM not set).
2025-10-16 19:20:31.733 [info] > git rev-parse --show-toplevel [1ms]
2025-10-16 19:20:31.733 [info] fatal: not a git repository (or any parent up to mount point /)
Stopping at filesystem boundary (GIT_DISCOVERY_ACROSS_FILESYSTEM not set).
2025-10-16 19:20:31.756 [info] > git rev-parse --show-toplevel [2ms]
2025-10-16 19:20:31.756 [info] fatal: not a git repository (or any parent up to mount point /)
Stopping at filesystem boundary (GIT_DISCOVERY_ACROSS_FILESYSTEM not set).
2025-10-16 19:20:31.761 [info] > git rev-parse --show-toplevel [1ms]
2025-10-16 19:20:31.761 [info] fatal: not a git repository (or any parent up to mount point /)
Stopping at filesystem boundary (GIT_DISCOVERY_ACROSS_FILESYSTEM not set).
2025-10-16 19:20:31.991 [info] > git rev-parse --show-toplevel [1ms]
2025-10-16 19:20:31.991 [info] fatal: not a git repository (or any parent up to mount point /)
Stopping at filesystem boundary (GIT_DISCOVERY_ACROSS_FILESYSTEM not set).
2025-10-16 19:20:32.004 [info] > git rev-parse --show-toplevel [3ms]
2025-10-16 19:20:32.004 [info] fatal: not a git repository (or any parent up to mount point /)
Stopping at filesystem boundary (GIT_DISCOVERY_ACROSS_FILESYSTEM not set).
2025-10-16 19:20:32.008 [info] > git rev-parse --show-toplevel [1ms]
2025-10-16 19:20:32.008 [info] fatal: not a git repository (or any parent up to mount point /)
Stopping at filesystem boundary (GIT_DISCOVERY_ACROSS_FILESYSTEM not set).
2025-10-16 19:24:12.349 [info] > git rev-parse --show-toplevel [1ms]
2025-10-16 19:24:12.349 [info] fatal: not a git repository (or any parent up to mount point /)
Stopping at filesystem boundary (GIT_DISCOVERY_ACROSS_FILESYSTEM not set).
2025-10-16 19:24:12.369 [info] > git rev-parse --show-toplevel [2ms]
2025-10-16 19:24:12.369 [info] fatal: not a git repository (or any parent up to mount point /)
Stopping at filesystem boundary (GIT_DISCOVERY_ACROSS_FILESYSTEM not set).
2025-10-16 19:24:12.375 [info] > git rev-parse --show-toplevel [1ms]
2025-10-16 19:24:12.375 [info] fatal: not a git repository (or any parent up to mount point /)
Stopping at filesystem boundary (GIT_DISCOVERY_ACROSS_FILESYSTEM not set).
2025-10-16 19:27:59.718 [info] [main] Log level: Info
2025-10-16 19:27:59.718 [info] [main] Validating found git in: "git"
2025-10-16 19:27:59.718 [info] [main] Using git "2.51.0" from "git"
2025-10-16 19:27:59.718 [info] [Model][doInitialScan] Initial repository scan started
2025-10-16 19:27:59.718 [info] > git rev-parse --show-toplevel [4ms]
2025-10-16 19:27:59.718 [info] fatal: not a git repository (or any parent up to mount point /)
Stopping at filesystem boundary (GIT_DISCOVERY_ACROSS_FILESYSTEM not set).
2025-10-16 19:27:59.718 [info] [Model][doInitialScan] Initial repository scan completed - repositories (0), closed repositories (0), parent repositories (0), unsafe repositories (0)
2025-10-16 19:27:59.718 [info] > git rev-parse --show-toplevel [1ms]
2025-10-16 19:27:59.718 [info] fatal: not a git repository (or any parent up to mount point /)
Stopping at filesystem boundary (GIT_DISCOVERY_ACROSS_FILESYSTEM not set).
2025-10-16 19:27:59.884 [info] > git rev-parse --show-toplevel [1ms]
2025-10-16 19:27:59.884 [info] fatal: not a git repository (or any parent up to mount point /)
Stopping at filesystem boundary (GIT_DISCOVERY_ACROSS_FILESYSTEM not set).
2025-10-16 19:28:01.429 [info] > git rev-parse --show-toplevel [0ms]
2025-10-16 19:28:01.429 [info] fatal: not a git repository (or any parent up to mount point /)
Stopping at filesystem boundary (GIT_DISCOVERY_ACROSS_FILESYSTEM not set).
2025-10-16 19:28:02.302 [info] > git rev-parse --show-toplevel [1ms]
2025-10-16 19:28:02.302 [info] fatal: not a git repository (or any parent up to mount point /)
Stopping at filesystem boundary (GIT_DISCOVERY_ACROSS_FILESYSTEM not set).
2025-10-16 19:28:03.046 [info] > git rev-parse --show-toplevel [2ms]
2025-10-16 19:28:03.046 [info] fatal: not a git repository (or any parent up to mount point /)
Stopping at filesystem boundary (GIT_DISCOVERY_ACROSS_FILESYSTEM not set).
2025-10-16 19:28:03.387 [info] > git rev-parse --show-toplevel [1ms]
2025-10-16 19:28:03.387 [info] fatal: not a git repository (or any parent up to mount point /)
Stopping at filesystem boundary (GIT_DISCOVERY_ACROSS_FILESYSTEM not set).
2025-10-16 19:28:05.818 [info] > git rev-parse --show-toplevel [1ms]
2025-10-16 19:28:05.818 [info] fatal: not a git repository (or any parent up to mount point /)
Stopping at filesystem boundary (GIT_DISCOVERY_ACROSS_FILESYSTEM not set).
2025-10-16 19:29:12.873 [info] > git rev-parse --show-toplevel [0ms]
2025-10-16 19:29:12.873 [info] fatal: not a git repository (or any parent up to mount point /)
Stopping at filesystem boundary (GIT_DISCOVERY_ACROSS_FILESYSTEM not set).
2025-10-16 19:31:20.910 [info] > git rev-parse --show-toplevel [0ms]
2025-10-16 19:31:20.910 [info] fatal: not a git repository (or any parent up to mount point /)
Stopping at filesystem boundary (GIT_DISCOVERY_ACROSS_FILESYSTEM not set).
2025-10-16 19:42:13.209 [info] > git rev-parse --show-toplevel [1ms]
2025-10-16 19:42:13.209 [info] fatal: not a git repository (or any parent up to mount point /)
Stopping at filesystem boundary (GIT_DISCOVERY_ACROSS_FILESYSTEM not set).
2025-10-16 19:48:13.325 [info] > git rev-parse --show-toplevel [2ms]
2025-10-16 19:48:13.325 [info] fatal: not a git repository (or any parent up to mount point /)
Stopping at filesystem boundary (GIT_DISCOVERY_ACROSS_FILESYSTEM not set).
