[Info  - 18:34:59] 2025/10/20 18:34:59 Created View (#1)
	directory=/home/arshan/Code/omni
	view_type="GoMod"
	root_dir="file:///home/arshan/Code/omni"
	go_version="go version go1.25.2 linux/amd64"
	build_flags=[]
	env={GOOS:linux GOARCH:amd64 GOCACHE:/home/arshan/.cache/go-build GOMODCACHE:/home/arshan/go/pkg/mod GOPATH:/home/arshan/go GOPRIVATE: GOFLAGS: GO111MODULE: GOTOOLCHAIN:auto GOROOT:/usr/lib/go GoVersion:25 GoVersionOutput:go version go1.25.2 linux/amd64
 ExplicitGOWORK: EffectiveGOPACKAGESDRIVER:}
	env_overlay=[]

[Info  - 18:34:59] 2025/10/20 18:34:59 go/packages.Load #1
	view_id="1"
	snapshot=0
	directory=/home/arshan/Code/omni
	query=[/home/arshan/Code/omni/... builtin]
	packages=4
	duration=234.166036ms

[Info  - 18:35:29] 2025/10/20 18:35:29 background imports cache refresh starting

[Info  - 18:35:29] 2025/10/20 18:35:29 background refresh finished after 81.765153ms

[Info  - 18:35:42] 2025/10/20 18:35:42 Shutdown session
	shutdown_session=1

