[Info  - 19:12:43] 2025/10/11 19:12:43 Created View (#1)
	directory=/home/arshan/Code/gotut
	view_type="AdHoc"
	root_dir="file:///home/arshan/Code/gotut"
	go_version="go version go1.25.1 linux/amd64"
	build_flags=[]
	env={GOOS:linux GOARCH:amd64 GOCACHE:/home/arshan/.cache/go-build GOMODCACHE:/home/arshan/go/pkg/mod GOPATH:/home/arshan/go GOPRIVATE: GOFLAGS: GO111MODULE: GOTOOLCHAIN:auto GOROOT:/usr/lib/go GoVersion:25 GoVersionOutput:go version go1.25.1 linux/amd64
 ExplicitGOWORK: EffectiveGOPACKAGESDRIVER:}
	env_overlay=[]

[Info  - 19:12:44] 2025/10/11 19:12:43 go/packages.Load #1
	view_id="1"
	snapshot=0
	directory=/home/arshan/Code/gotut
	query=[./ builtin]
	packages=2
	duration=170.141988ms

[Info  - 19:13:13] 2025/10/11 19:13:13 background imports cache refresh starting

[Info  - 19:13:13] 2025/10/11 19:13:13 background refresh finished after 2.581705ms

[Info  - 19:23:35] 2025/10/11 19:23:35 background imports cache refresh starting

[Info  - 19:23:35] 2025/10/11 19:23:35 background refresh finished after 25.261µs

[Error - 19:25:54] 2025/10/11 19:25:54 imports fixes: allImportsFixes: /home/arshan/Code/gotut/main.go:23:14: expected type, found newline
	file="/home/arshan/Code/gotut/main.go"

[Error - 19:25:54] 2025/10/11 19:25:54 imports fixes: allImportsFixes: /home/arshan/Code/gotut/main.go:23:15: expected type, found newline
	file="/home/arshan/Code/gotut/main.go"

[Info  - 19:25:55] 2025/10/11 19:25:55 go/packages.Load #2
	view_id="1"
	snapshot=58
	directory=/home/arshan/Code/gotut
	query=[./]
	packages=1
	duration=7.062047ms

[Info  - 19:25:57] 2025/10/11 19:25:57 go/packages.Load #3
	view_id="1"
	snapshot=69
	directory=/home/arshan/Code/gotut
	query=[./]
	packages=1
	duration=8.268947ms

[Info  - 19:25:57] 2025/10/11 19:25:57 go/packages.Load #4
	view_id="1"
	snapshot=70
	directory=/home/arshan/Code/gotut
	query=[./]
	packages=1
	duration=10.450913ms

[Info  - 19:25:57] 2025/10/11 19:25:57 go/packages.Load #5
	view_id="1"
	snapshot=70
	directory=/home/arshan/Code/gotut
	query=[./]
	packages=1
	duration=10.423458ms

[Info  - 19:25:57] 2025/10/11 19:25:57 go/packages.Load #6
	view_id="1"
	snapshot=71
	directory=/home/arshan/Code/gotut
	query=[./]
	packages=1
	duration=8.377124ms

[Info  - 19:25:58] 2025/10/11 19:25:58 go/packages.Load #8
	view_id="1"
	snapshot=72
	directory=/home/arshan/Code/gotut
	query=[./]
	packages=1
	duration=65.472513ms

[Info  - 19:25:58] 2025/10/11 19:25:58 go/packages.Load #7
	view_id="1"
	snapshot=72
	directory=/home/arshan/Code/gotut
	query=[./]
	packages=1
	duration=65.613975ms

[Error - 19:26:00] 2025/10/11 19:26:00 imports fixes: allImportsFixes: /home/arshan/Code/gotut/main.go:3:10: expected '(', found newline (and 2 more errors)
	file="/home/arshan/Code/gotut/main.go"

[Info  - 19:26:16] 2025/10/11 19:26:16 background imports cache refresh starting

[Info  - 19:26:16] 2025/10/11 19:26:16 background refresh finished after 29.736µs

[Info  - 09:22:56] 2025/10/12 09:22:56 go/packages.Load #9
	view_id="1"
	snapshot=140
	directory=/home/arshan/Code/gotut
	query=[./]
	packages=1
	duration=38.900658ms

[Info  - 09:22:56] 2025/10/12 09:22:56 go/packages.Load #10
	view_id="1"
	snapshot=140
	directory=/home/arshan/Code/gotut
	query=[./]
	packages=1
	duration=27.810175ms

[Info  - 09:22:57] 2025/10/12 09:22:57 go/packages.Load #11
	view_id="1"
	snapshot=142
	directory=/home/arshan/Code/gotut
	query=[./]
	packages=1
	duration=25.451943ms

[Error - 09:22:57] 2025/10/12 09:22:57 unable to compute deps errors: stat : no such file or directory
	package="_/home/arshan/Code/gotut"

[Info  - 09:22:57] 2025/10/12 09:22:57 go/packages.Load #12
	view_id="1"
	snapshot=142
	directory=/home/arshan/Code/gotut
	query=[./]
	packages=1
	duration=24.802392ms

[Info  - 09:22:57] 2025/10/12 09:22:57 go/packages.Load #13
	view_id="1"
	snapshot=143
	directory=/home/arshan/Code/gotut
	query=[./]
	packages=1
	duration=24.684504ms

[Error - 09:22:57] 2025/10/12 09:22:57 unable to compute deps errors: stat : no such file or directory
	package="_/home/arshan/Code/gotut"

[Error - 09:22:57] 2025/10/12 09:22:57 unable to compute deps errors: stat : no such file or directory
	package="_/home/arshan/Code/gotut"

[Info  - 09:22:57] 2025/10/12 09:22:57 go/packages.Load #15
	view_id="1"
	snapshot=144
	directory=/home/arshan/Code/gotut
	query=[./]
	packages=1
	duration=53.322778ms

[Info  - 09:22:57] 2025/10/12 09:22:57 go/packages.Load #14
	view_id="1"
	snapshot=144
	directory=/home/arshan/Code/gotut
	query=[./]
	packages=1
	duration=78.589296ms

[Info  - 09:23:26] 2025/10/12 09:23:26 background imports cache refresh starting

[Info  - 09:23:26] 2025/10/12 09:23:26 background refresh finished after 28.324µs

[Info  - 09:24:04] 2025/10/12 09:24:04 background imports cache refresh starting

[Info  - 09:24:04] 2025/10/12 09:24:04 background refresh finished after 38.292µs

[Error - 09:33:04] 2025/10/12 09:33:04 imports fixes: allImportsFixes: /home/arshan/Code/gotut/main.go:12:20: expected type, found newline
	file="/home/arshan/Code/gotut/main.go"

[Info  - 09:33:05] 2025/10/12 09:33:05 background imports cache refresh starting

[Info  - 09:33:05] 2025/10/12 09:33:05 background refresh finished after 19.72µs

[Info  - 09:33:35] 2025/10/12 09:33:35 background imports cache refresh starting

[Info  - 09:33:35] 2025/10/12 09:33:35 background refresh finished after 24.614µs

[Info  - 09:34:05] 2025/10/12 09:34:05 background imports cache refresh starting

[Info  - 09:34:05] 2025/10/12 09:34:05 background refresh finished after 41.486µs

[Error - 09:34:15] 2025/10/12 09:34:15 imports fixes: allImportsFixes: /home/arshan/Code/gotut/main.go:17:25: expected ~ term or type, found ']'
	file="/home/arshan/Code/gotut/main.go"

[Error - 09:34:27] 2025/10/12 09:34:27 imports fixes: allImportsFixes: /home/arshan/Code/gotut/main.go:23:1: expected '}', found 'func' (and 1 more errors)
	file="/home/arshan/Code/gotut/main.go"

[Error - 09:34:29] 2025/10/12 09:34:29 imports fixes: allImportsFixes: /home/arshan/Code/gotut/main.go:23:1: expected '}', found 'func' (and 1 more errors)
	file="/home/arshan/Code/gotut/main.go"

[Info  - 09:34:41] 2025/10/12 09:34:41 background imports cache refresh starting

[Info  - 09:34:41] 2025/10/12 09:34:41 background refresh finished after 31.108µs

[Error - 09:34:48] 2025/10/12 09:34:48 imports fixes: allImportsFixes: /home/arshan/Code/gotut/main.go:24:7: expected type, found newline
	file="/home/arshan/Code/gotut/main.go"

[Error - 09:34:49] 2025/10/12 09:34:49 imports fixes: allImportsFixes: /home/arshan/Code/gotut/main.go:24:9: expected type, found newline
	file="/home/arshan/Code/gotut/main.go"

[Error - 09:34:52] 2025/10/12 09:34:52 imports fixes: allImportsFixes: /home/arshan/Code/gotut/main.go:24:19: expected operand, found ']'
	file="/home/arshan/Code/gotut/main.go"

[Error - 09:35:01] 2025/10/12 09:35:01 imports fixes: allImportsFixes: /home/arshan/Code/gotut/main.go:25:10: missing ',' before newline in composite literal
	file="/home/arshan/Code/gotut/main.go"

[Error - 09:35:01] 2025/10/12 09:35:01 imports fixes: allImportsFixes: /home/arshan/Code/gotut/main.go:25:12: expected operand, found ',' (and 5 more errors)
	file="/home/arshan/Code/gotut/main.go"

[Error - 09:35:02] 2025/10/12 09:35:02 imports fixes: allImportsFixes: /home/arshan/Code/gotut/main.go:25:12: expected operand, found ',' (and 5 more errors)
	file="/home/arshan/Code/gotut/main.go"

[Error - 09:35:06] 2025/10/12 09:35:06 imports fixes: allImportsFixes: /home/arshan/Code/gotut/main.go:26:10: missing ',' before newline in composite literal
	file="/home/arshan/Code/gotut/main.go"

[Error - 09:35:07] 2025/10/12 09:35:07 imports fixes: allImportsFixes: /home/arshan/Code/gotut/main.go:26:11: missing ',' before newline in composite literal
	file="/home/arshan/Code/gotut/main.go"

[Error - 09:35:11] 2025/10/12 09:35:11 imports fixes: allImportsFixes: /home/arshan/Code/gotut/main.go:26:20: missing ',' before newline in composite literal
	file="/home/arshan/Code/gotut/main.go"

[Info  - 09:35:17] 2025/10/12 09:35:17 background imports cache refresh starting

[Info  - 09:35:17] 2025/10/12 09:35:17 background refresh finished after 36.694µs

[Error - 09:35:43] 2025/10/12 09:35:43 imports fixes: allImportsFixes: /home/arshan/Code/gotut/main.go:27:20: missing ',' before newline in composite literal
	file="/home/arshan/Code/gotut/main.go"

[Error - 09:35:47] 2025/10/12 09:35:47 imports fixes: allImportsFixes: /home/arshan/Code/gotut/main.go:28:8: missing ',' before newline in composite literal
	file="/home/arshan/Code/gotut/main.go"

[Info  - 09:35:48] 2025/10/12 09:35:48 background imports cache refresh starting

[Info  - 09:35:48] 2025/10/12 09:35:48 background refresh finished after 23.918µs

[Error - 09:35:48] 2025/10/12 09:35:48 imports fixes: allImportsFixes: /home/arshan/Code/gotut/main.go:28:12: missing ',' before newline in composite literal
	file="/home/arshan/Code/gotut/main.go"

[Error - 09:35:51] 2025/10/12 09:35:51 imports fixes: allImportsFixes: /home/arshan/Code/gotut/main.go:28:20: missing ',' before newline in composite literal
	file="/home/arshan/Code/gotut/main.go"

[Error - 09:35:52] 2025/10/12 09:35:52 imports fixes: allImportsFixes: /home/arshan/Code/gotut/main.go:28:20: missing ',' before newline in composite literal
	file="/home/arshan/Code/gotut/main.go"

[Error - 09:36:02] 2025/10/12 09:36:02 imports fixes: allImportsFixes: /home/arshan/Code/gotut/main.go:29:9: missing ',' before newline in composite literal
	file="/home/arshan/Code/gotut/main.go"

[Error - 09:36:03] 2025/10/12 09:36:03 imports fixes: allImportsFixes: /home/arshan/Code/gotut/main.go:29:9: missing ',' before newline in composite literal
	file="/home/arshan/Code/gotut/main.go"

[Error - 09:36:03] 2025/10/12 09:36:03 imports fixes: allImportsFixes: /home/arshan/Code/gotut/main.go:29:9: missing ',' before newline in composite literal
	file="/home/arshan/Code/gotut/main.go"

[Error - 09:36:06] 2025/10/12 09:36:06 imports fixes: allImportsFixes: /home/arshan/Code/gotut/main.go:29:14: missing ',' before newline in composite literal
	file="/home/arshan/Code/gotut/main.go"

[Error - 09:36:07] 2025/10/12 09:36:07 imports fixes: allImportsFixes: /home/arshan/Code/gotut/main.go:29:19: missing ',' before newline in composite literal
	file="/home/arshan/Code/gotut/main.go"

[Error - 09:36:10] 2025/10/12 09:36:10 imports fixes: allImportsFixes: /home/arshan/Code/gotut/main.go:30:11: missing ',' before newline in composite literal (and 1 more errors)
	file="/home/arshan/Code/gotut/main.go"

[Error - 09:36:14] 2025/10/12 09:36:14 imports fixes: allImportsFixes: /home/arshan/Code/gotut/main.go:30:17: missing ',' before newline in composite literal (and 1 more errors)
	file="/home/arshan/Code/gotut/main.go"

[Error - 09:36:18] 2025/10/12 09:36:18 imports fixes: allImportsFixes: /home/arshan/Code/gotut/main.go:30:17: missing ',' before newline in composite literal (and 2 more errors)
	file="/home/arshan/Code/gotut/main.go"

[Error - 09:36:18] Request textDocument/formatting failed.
  Message: 30:17: missing ',' before newline in composite literal (and 2 more errors)
  Code: 0 
[Info  - 09:36:26] 2025/10/12 09:36:26 background imports cache refresh starting

[Info  - 09:36:26] 2025/10/12 09:36:26 background refresh finished after 31.38µs

[Error - 09:36:40] 2025/10/12 09:36:40 imports fixes: allImportsFixes: /home/arshan/Code/gotut/main.go:30:17: missing ',' before newline in composite literal (and 2 more errors)
	file="/home/arshan/Code/gotut/main.go"

[Error - 09:36:46] 2025/10/12 09:36:46 imports fixes: allImportsFixes: /home/arshan/Code/gotut/main.go:31:10: missing ',' before newline in composite literal (and 1 more errors)
	file="/home/arshan/Code/gotut/main.go"

[Error - 09:36:47] 2025/10/12 09:36:47 imports fixes: allImportsFixes: /home/arshan/Code/gotut/main.go:31:12: missing ',' before newline in composite literal (and 1 more errors)
	file="/home/arshan/Code/gotut/main.go"

[Error - 09:36:48] 2025/10/12 09:36:48 imports fixes: allImportsFixes: /home/arshan/Code/gotut/main.go:31:12: missing ',' before newline in composite literal (and 1 more errors)
	file="/home/arshan/Code/gotut/main.go"

[Error - 09:36:50] 2025/10/12 09:36:50 imports fixes: allImportsFixes: /home/arshan/Code/gotut/main.go:32:4: missing ',' before newline in composite literal
	file="/home/arshan/Code/gotut/main.go"

[Error - 09:36:51] 2025/10/12 09:36:51 imports fixes: allImportsFixes: /home/arshan/Code/gotut/main.go:32:4: missing ',' before newline in composite literal
	file="/home/arshan/Code/gotut/main.go"

[Error - 09:36:52] 2025/10/12 09:36:52 imports fixes: allImportsFixes: /home/arshan/Code/gotut/main.go:32:4: missing ',' before newline in composite literal
	file="/home/arshan/Code/gotut/main.go"

[Info  - 09:36:59] 2025/10/12 09:36:59 background imports cache refresh starting

[Info  - 09:36:59] 2025/10/12 09:36:59 background refresh finished after 29.342µs

[Error - 10:00:45] 2025/10/12 10:00:45 imports fixes: allImportsFixes: /home/arshan/Code/gotut/main.go:35:11: expected type, found newline
	file="/home/arshan/Code/gotut/main.go"

[Error - 10:00:46] 2025/10/12 10:00:46 imports fixes: allImportsFixes: /home/arshan/Code/gotut/main.go:35:11: expected type, found newline
	file="/home/arshan/Code/gotut/main.go"

[Error - 10:01:01] 2025/10/12 10:01:01 imports fixes: allImportsFixes: /home/arshan/Code/gotut/main.go:35:39: expected ';', found '{' (and 2 more errors)
	file="/home/arshan/Code/gotut/main.go"

[Error - 10:01:02] 2025/10/12 10:01:02 imports fixes: allImportsFixes: /home/arshan/Code/gotut/main.go:35:38: missing ',' in composite literal (and 3 more errors)
	file="/home/arshan/Code/gotut/main.go"

[Error - 10:01:08] 2025/10/12 10:01:08 imports fixes: allImportsFixes: /home/arshan/Code/gotut/main.go:36:6: missing ',' before newline in composite literal
	file="/home/arshan/Code/gotut/main.go"

[Error - 10:01:09] 2025/10/12 10:01:09 imports fixes: allImportsFixes: /home/arshan/Code/gotut/main.go:36:10: missing ',' before newline in composite literal
	file="/home/arshan/Code/gotut/main.go"

[Error - 10:01:10] 2025/10/12 10:01:10 imports fixes: allImportsFixes: /home/arshan/Code/gotut/main.go:36:10: missing ',' before newline in composite literal
	file="/home/arshan/Code/gotut/main.go"

[Error - 10:01:12] 2025/10/12 10:01:12 imports fixes: allImportsFixes: /home/arshan/Code/gotut/main.go:36:9: missing ',' before newline in composite literal
	file="/home/arshan/Code/gotut/main.go"

[Info  - 10:01:12] 2025/10/12 10:01:12 background imports cache refresh starting

[Info  - 10:01:12] 2025/10/12 10:01:12 background refresh finished after 25.596µs

[Error - 10:01:13] 2025/10/12 10:01:13 imports fixes: allImportsFixes: /home/arshan/Code/gotut/main.go:36:10: missing ',' before newline in composite literal
	file="/home/arshan/Code/gotut/main.go"

[Error - 10:01:13] 2025/10/12 10:01:13 imports fixes: allImportsFixes: /home/arshan/Code/gotut/main.go:36:12: expected operand, found ',' (and 5 more errors)
	file="/home/arshan/Code/gotut/main.go"

[Error - 10:01:21] 2025/10/12 10:01:21 imports fixes: allImportsFixes: /home/arshan/Code/gotut/main.go:37:11: missing ',' before newline in composite literal
	file="/home/arshan/Code/gotut/main.go"

[Error - 10:01:23] 2025/10/12 10:01:23 imports fixes: allImportsFixes: /home/arshan/Code/gotut/main.go:37:10: missing ',' before newline in composite literal
	file="/home/arshan/Code/gotut/main.go"

[Error - 10:01:24] 2025/10/12 10:01:24 imports fixes: allImportsFixes: /home/arshan/Code/gotut/main.go:37:11: missing ',' before newline in composite literal
	file="/home/arshan/Code/gotut/main.go"

[Error - 10:01:25] 2025/10/12 10:01:25 imports fixes: allImportsFixes: /home/arshan/Code/gotut/main.go:37:13: expected operand, found ',' (and 5 more errors)
	file="/home/arshan/Code/gotut/main.go"

[Error - 10:01:30] 2025/10/12 10:01:30 imports fixes: allImportsFixes: /home/arshan/Code/gotut/main.go:38:6: missing ',' before newline in composite literal
	file="/home/arshan/Code/gotut/main.go"

[Error - 10:01:32] 2025/10/12 10:01:32 imports fixes: allImportsFixes: /home/arshan/Code/gotut/main.go:38:7: missing ',' before newline in composite literal
	file="/home/arshan/Code/gotut/main.go"

[Error - 10:01:32] 2025/10/12 10:01:32 imports fixes: allImportsFixes: /home/arshan/Code/gotut/main.go:38:14: expected operand, found ',' (and 5 more errors)
	file="/home/arshan/Code/gotut/main.go"

[Info  - 10:01:42] 2025/10/12 10:01:42 background imports cache refresh starting

[Info  - 10:01:42] 2025/10/12 10:01:42 background refresh finished after 19.52µs

[Error - 10:01:48] 2025/10/12 10:01:48 imports fixes: allImportsFixes: /home/arshan/Code/gotut/main.go:39:9: missing ',' before newline in composite literal
	file="/home/arshan/Code/gotut/main.go"

[Error - 10:01:51] 2025/10/12 10:01:51 imports fixes: allImportsFixes: /home/arshan/Code/gotut/main.go:39:13: missing ',' before newline in composite literal
	file="/home/arshan/Code/gotut/main.go"

[Error - 10:01:53] 2025/10/12 10:01:53 imports fixes: allImportsFixes: /home/arshan/Code/gotut/main.go:39:19: missing ',' before newline in composite literal
	file="/home/arshan/Code/gotut/main.go"

[Error - 10:01:54] 2025/10/12 10:01:54 imports fixes: allImportsFixes: /home/arshan/Code/gotut/main.go:39:19: missing ',' before newline in composite literal
	file="/home/arshan/Code/gotut/main.go"

[Error - 10:02:03] 2025/10/12 10:02:03 imports fixes: allImportsFixes: /home/arshan/Code/gotut/main.go:39:26: missing ',' before newline in composite literal
	file="/home/arshan/Code/gotut/main.go"

[Error - 10:02:06] 2025/10/12 10:02:06 imports fixes: allImportsFixes: /home/arshan/Code/gotut/main.go:39:26: missing ',' before newline in composite literal
	file="/home/arshan/Code/gotut/main.go"

[Error - 10:02:10] 2025/10/12 10:02:10 imports fixes: allImportsFixes: /home/arshan/Code/gotut/main.go:40:5: missing ',' before newline in composite literal
	file="/home/arshan/Code/gotut/main.go"

[Error - 10:02:12] 2025/10/12 10:02:12 imports fixes: allImportsFixes: /home/arshan/Code/gotut/main.go:40:6: missing ',' before newline in composite literal
	file="/home/arshan/Code/gotut/main.go"

[Error - 10:02:12] 2025/10/12 10:02:12 imports fixes: allImportsFixes: /home/arshan/Code/gotut/main.go:40:11: expected operand, found ',' (and 7 more errors)
	file="/home/arshan/Code/gotut/main.go"

[Error - 10:02:18] 2025/10/12 10:02:18 imports fixes: allImportsFixes: /home/arshan/Code/gotut/main.go:40:9: expected operand, found ',' (and 7 more errors)
	file="/home/arshan/Code/gotut/main.go"

[Error - 10:02:19] 2025/10/12 10:02:19 imports fixes: allImportsFixes: /home/arshan/Code/gotut/main.go:40:9: expected operand, found ',' (and 7 more errors)
	file="/home/arshan/Code/gotut/main.go"

[Info  - 10:02:21] 2025/10/12 10:02:21 background imports cache refresh starting

[Info  - 10:02:21] 2025/10/12 10:02:21 background refresh finished after 26.423µs

[Error - 10:02:22] 2025/10/12 10:02:22 imports fixes: allImportsFixes: /home/arshan/Code/gotut/main.go:40:9: expected operand, found ',' (and 7 more errors)
	file="/home/arshan/Code/gotut/main.go"

[Error - 10:02:23] 2025/10/12 10:02:23 imports fixes: allImportsFixes: /home/arshan/Code/gotut/main.go:40:9: expected operand, found ',' (and 7 more errors)
	file="/home/arshan/Code/gotut/main.go"

[Error - 10:02:23] 2025/10/12 10:02:23 imports fixes: allImportsFixes: /home/arshan/Code/gotut/main.go:40:9: expected operand, found ',' (and 7 more errors)
	file="/home/arshan/Code/gotut/main.go"

[Error - 10:02:36] 2025/10/12 10:02:36 imports fixes: allImportsFixes: /home/arshan/Code/gotut/main.go:41:6: missing ',' before newline in composite literal
	file="/home/arshan/Code/gotut/main.go"

[Error - 10:02:36] 2025/10/12 10:02:36 imports fixes: allImportsFixes: /home/arshan/Code/gotut/main.go:41:11: expected operand, found ',' (and 7 more errors)
	file="/home/arshan/Code/gotut/main.go"

[Error - 10:02:37] 2025/10/12 10:02:37 imports fixes: allImportsFixes: /home/arshan/Code/gotut/main.go:41:11: expected operand, found ',' (and 7 more errors)
	file="/home/arshan/Code/gotut/main.go"

[Error - 10:02:38] 2025/10/12 10:02:38 imports fixes: allImportsFixes: /home/arshan/Code/gotut/main.go:41:11: expected operand, found ',' (and 7 more errors)
	file="/home/arshan/Code/gotut/main.go"

[Info  - 10:02:40] 2025/10/12 10:02:40 go/packages.Load #18
	view_id="1"
	snapshot=1004
	directory=/home/arshan/Code/gotut
	query=[./]
	packages=1
	duration=46.948039ms

[Info  - 10:02:40] 2025/10/12 10:02:40 go/packages.Load #19
	view_id="1"
	snapshot=1004
	directory=/home/arshan/Code/gotut
	query=[./]
	packages=1
	duration=47.328191ms

[Info  - 10:02:51] 2025/10/12 10:02:51 background imports cache refresh starting

[Info  - 10:02:51] 2025/10/12 10:02:51 background refresh finished after 27.226µs

[Info  - 10:11:22] 2025/10/12 10:11:22 Shutdown session
	shutdown_session=1

