[Info  - 18:44:59] 2025/10/15 18:44:59 Created View (#1)
	directory=/home/arshan/Code/omni
	view_type="GoMod"
	root_dir="file:///home/arshan/Code/omni"
	go_version="go version go1.25.1 linux/amd64"
	build_flags=[]
	env={GOOS:linux GOARCH:amd64 GOCACHE:/home/arshan/.cache/go-build GOMODCACHE:/home/arshan/go/pkg/mod GOPATH:/home/arshan/go GOPRIVATE: GOFLAGS: GO111MODULE: GOTOOLCHAIN:auto GOROOT:/usr/lib/go GoVersion:25 GoVersionOutput:go version go1.25.1 linux/amd64
 ExplicitGOWORK: EffectiveGOPACKAGESDRIVER:}
	env_overlay=[]

[Info  - 18:44:59] 2025/10/15 18:44:59 go/packages.Load #1
	view_id="1"
	snapshot=0
	directory=/home/arshan/Code/omni
	query=[/home/arshan/Code/omni/... builtin]
	packages=2
	duration=34.297125ms

[Info  - 18:45:29] 2025/10/15 18:45:29 background imports cache refresh starting

[Info  - 18:45:29] 2025/10/15 18:45:29 background refresh finished after 36.701903ms

[Info  - 18:46:41] 2025/10/15 18:46:41 background imports cache refresh starting

[Info  - 18:46:41] 2025/10/15 18:46:41 background refresh finished after 5.544337ms

[Info  - 18:54:49] 2025/10/15 18:54:49 background imports cache refresh starting

[Info  - 18:54:49] 2025/10/15 18:54:49 background refresh finished after 5.1682ms

[Error - 18:55:17] 2025/10/15 18:55:17 imports fixes: allImportsFixes: /home/arshan/Code/omni/cmd/main.go:15:5: expected '(', found 'EOF' (and 3 more errors)
	file="/home/arshan/Code/omni/cmd/main.go"

[Error - 18:55:23] 2025/10/15 18:55:23 imports fixes: allImportsFixes: /home/arshan/Code/omni/cmd/main.go:15:9: expected '(', found newline (and 2 more errors)
	file="/home/arshan/Code/omni/cmd/main.go"

[Error - 18:55:23] 2025/10/15 18:55:23 imports fixes: allImportsFixes: /home/arshan/Code/omni/cmd/main.go:15:10: expected '(', found newline (and 2 more errors)
	file="/home/arshan/Code/omni/cmd/main.go"

[Error - 18:55:24] 2025/10/15 18:55:24 imports fixes: allImportsFixes: /home/arshan/Code/omni/cmd/main.go:15:11: expected '(', found newline (and 2 more errors)
	file="/home/arshan/Code/omni/cmd/main.go"

[Error - 18:55:25] 2025/10/15 18:55:25 imports fixes: allImportsFixes: /home/arshan/Code/omni/cmd/main.go:15:12: expected '(', found newline (and 2 more errors)
	file="/home/arshan/Code/omni/cmd/main.go"

[Error - 18:55:26] 2025/10/15 18:55:26 imports fixes: allImportsFixes: /home/arshan/Code/omni/cmd/main.go:15:12: expected '(', found newline (and 2 more errors)
	file="/home/arshan/Code/omni/cmd/main.go"

[Info  - 18:55:46] 2025/10/15 18:55:46 background imports cache refresh starting

[Info  - 18:55:46] 2025/10/15 18:55:46 background refresh finished after 4.111668ms

[Error - 19:02:28] 2025/10/15 19:02:28 signature help failed: cannot get type for Fun *ast.SelectorExpr (&{os Run})
	position=15:8

[Info  - 19:02:41] 2025/10/15 19:02:41 background imports cache refresh starting

[Info  - 19:02:41] 2025/10/15 19:02:41 background refresh finished after 6.143896ms

[Error - 19:03:03] 2025/10/15 19:03:03 signature help failed: cannot get type for Fun *ast.SelectorExpr (&{exec Cmd})
	position=15:17

[Info  - 19:03:11] 2025/10/15 19:03:11 go/packages.Load #3
	view_id="1"
	snapshot=188
	directory=/home/arshan/Code/omni
	query=[file=/home/arshan/Code/omni/cmd/main.go]
	packages=1
	duration=69.608587ms

[Info  - 19:03:11] 2025/10/15 19:03:11 go/packages.Load #2
	view_id="1"
	snapshot=188
	directory=/home/arshan/Code/omni
	query=[file=/home/arshan/Code/omni/cmd/main.go]
	packages=1
	duration=84.518005ms

[Info  - 19:03:12] 2025/10/15 19:03:12 go/packages.Load #4
	view_id="1"
	snapshot=189
	directory=/home/arshan/Code/omni
	query=[file=/home/arshan/Code/omni/cmd/main.go]
	packages=1
	duration=49.522343ms

[Info  - 19:03:12] 2025/10/15 19:03:12 go/packages.Load #5
	view_id="1"
	snapshot=189
	directory=/home/arshan/Code/omni
	query=[file=/home/arshan/Code/omni/cmd/main.go]
	packages=1
	duration=51.950646ms

[Info  - 19:03:12] 2025/10/15 19:03:12 go/packages.Load #7
	view_id="1"
	snapshot=190
	directory=/home/arshan/Code/omni
	query=[file=/home/arshan/Code/omni/cmd/main.go]
	packages=1
	duration=61.901701ms

[Info  - 19:03:12] 2025/10/15 19:03:12 go/packages.Load #6
	view_id="1"
	snapshot=190
	directory=/home/arshan/Code/omni
	query=[file=/home/arshan/Code/omni/cmd/main.go]
	packages=1
	duration=62.5991ms

[Info  - 19:03:12] 2025/10/15 19:03:12 go/packages.Load #9
	view_id="1"
	snapshot=191
	directory=/home/arshan/Code/omni
	query=[file=/home/arshan/Code/omni/cmd/main.go]
	packages=1
	duration=60.521913ms

[Info  - 19:03:12] 2025/10/15 19:03:12 go/packages.Load #8
	view_id="1"
	snapshot=191
	directory=/home/arshan/Code/omni
	query=[file=/home/arshan/Code/omni/cmd/main.go]
	packages=1
	duration=65.499023ms

[Info  - 19:03:12] 2025/10/15 19:03:12 go/packages.Load #10
	view_id="1"
	snapshot=192
	directory=/home/arshan/Code/omni
	query=[file=/home/arshan/Code/omni/cmd/main.go]
	packages=1
	duration=47.126176ms

[Info  - 19:03:12] 2025/10/15 19:03:12 go/packages.Load #11
	view_id="1"
	snapshot=192
	directory=/home/arshan/Code/omni
	query=[file=/home/arshan/Code/omni/cmd/main.go]
	packages=1
	duration=46.464193ms

[Info  - 19:03:12] 2025/10/15 19:03:12 go/packages.Load #12
	view_id="1"
	snapshot=193
	directory=/home/arshan/Code/omni
	query=[file=/home/arshan/Code/omni/cmd/main.go]
	packages=1
	duration=49.775613ms

[Info  - 19:03:12] 2025/10/15 19:03:12 go/packages.Load #13
	view_id="1"
	snapshot=193
	directory=/home/arshan/Code/omni
	query=[file=/home/arshan/Code/omni/cmd/main.go]
	packages=1
	duration=53.206359ms

[Info  - 19:03:13] 2025/10/15 19:03:13 go/packages.Load #14
	view_id="1"
	snapshot=194
	directory=/home/arshan/Code/omni
	query=[file=/home/arshan/Code/omni/cmd/main.go]
	packages=1
	duration=45.894158ms

[Info  - 19:03:13] 2025/10/15 19:03:13 go/packages.Load #15
	view_id="1"
	snapshot=195
	directory=/home/arshan/Code/omni
	query=[file=/home/arshan/Code/omni/cmd/main.go]
	packages=1
	duration=48.46542ms

[Info  - 19:03:13] 2025/10/15 19:03:13 go/packages.Load #16
	view_id="1"
	snapshot=196
	directory=/home/arshan/Code/omni
	query=[file=/home/arshan/Code/omni/cmd/main.go]
	packages=1
	duration=53.022969ms

[Error - 19:03:13] Request textDocument/inlayHint failed.
  Message: getting file for InlayHint: context canceled
  Code: 0 
[Info  - 19:03:13] 2025/10/15 19:03:13 go/packages.Load #18
	view_id="1"
	snapshot=197
	directory=/home/arshan/Code/omni
	query=[file=/home/arshan/Code/omni/cmd/main.go]
	packages=1
	duration=52.825099ms

[Info  - 19:03:13] 2025/10/15 19:03:13 go/packages.Load #19
	view_id="1"
	snapshot=197
	directory=/home/arshan/Code/omni
	query=[file=/home/arshan/Code/omni/cmd/main.go]
	packages=1
	duration=55.498475ms

[Info  - 19:03:13] 2025/10/15 19:03:13 go/packages.Load #20
	view_id="1"
	snapshot=198
	directory=/home/arshan/Code/omni
	query=[file=/home/arshan/Code/omni/cmd/main.go]
	packages=1
	duration=47.090619ms

[Info  - 19:03:13] 2025/10/15 19:03:13 go/packages.Load #21
	view_id="1"
	snapshot=198
	directory=/home/arshan/Code/omni
	query=[file=/home/arshan/Code/omni/cmd/main.go]
	packages=1
	duration=50.765686ms

[Info  - 19:03:13] 2025/10/15 19:03:13 go/packages.Load #22
	view_id="1"
	snapshot=199
	directory=/home/arshan/Code/omni
	query=[file=/home/arshan/Code/omni/cmd/main.go]
	packages=1
	duration=90.025297ms

[Error - 19:03:13] Request textDocument/inlayHint failed.
  Message: getting file for InlayHint: context canceled
  Code: 0 
[Info  - 19:03:13] 2025/10/15 19:03:13 go/packages.Load #24
	view_id="1"
	snapshot=200
	directory=/home/arshan/Code/omni
	query=[file=/home/arshan/Code/omni/cmd/main.go]
	packages=1
	duration=100.442249ms

[Info  - 19:03:13] 2025/10/15 19:03:13 go/packages.Load #25
	view_id="1"
	snapshot=200
	directory=/home/arshan/Code/omni
	query=[file=/home/arshan/Code/omni/cmd/main.go]
	packages=1
	duration=81.179664ms

[Info  - 19:03:16] 2025/10/15 19:03:16 background imports cache refresh starting

[Info  - 19:03:16] 2025/10/15 19:03:16 background refresh finished after 6.128518ms

[Error - 19:03:56] 2025/10/15 19:03:56 signature help failed: cannot get type for Fun *ast.Ident (exec)
	position=15:13

[Info  - 19:04:25] 2025/10/15 19:04:25 background imports cache refresh starting

[Info  - 19:04:25] 2025/10/15 19:04:25 background refresh finished after 7.808156ms

[Info  - 19:11:50] 2025/10/15 19:11:50 Shutdown session
	shutdown_session=1

