[Info  - 13:08:39] 2025/10/12 13:08:38 Created View (#1)
	directory=/home/arshan/Code/goapi
	view_type="GoMod"
	root_dir="file:///home/arshan/Code/goapi"
	go_version="go version go1.25.1 linux/amd64"
	build_flags=[]
	env={GOOS:linux GOARCH:amd64 GOCACHE:/home/arshan/.cache/go-build GOMODCACHE:/home/arshan/go/pkg/mod GOPATH:/home/arshan/go GOPRIVATE: GOFLAGS: GO111MODULE: GOTOOLCHAIN:auto GOROOT:/usr/lib/go GoVersion:25 GoVersionOutput:go version go1.25.1 linux/amd64
 ExplicitGOWORK: EffectiveGOPACKAGESDRIVER:}
	env_overlay=[]

[Info  - 13:08:39] 2025/10/12 13:08:39 go/packages.Load #1
	view_id="1"
	snapshot=0
	directory=/home/arshan/Code/goapi
	query=[/home/arshan/Code/goapi/... builtin]
	packages=6
	duration=252.940072ms

[Info  - 13:09:08] 2025/10/12 13:09:08 background imports cache refresh starting

[Info  - 13:09:09] 2025/10/12 13:09:09 background refresh finished after 76.686018ms

[Info  - 13:45:48] 2025/10/12 13:45:48 Shutdown session
	shutdown_session=1

