[Info  - 14:33:48] 2025/10/11 14:33:48 Created View (#1)
	directory=/home/arshan/Code/gotut
	view_type="AdHoc"
	root_dir="file:///home/arshan/Code/gotut"
	go_version="go version go1.25.1 linux/amd64"
	build_flags=[]
	env={GOOS:linux GOARCH:amd64 GOCACHE:/home/arshan/.cache/go-build GOMODCACHE:/home/arshan/go/pkg/mod GOPATH:/home/arshan/go GOPRIVATE: GOFLAGS: GO111MODULE: GOTOOLCHAIN:auto GOROOT:/usr/lib/go GoVersion:25 GoVersionOutput:go version go1.25.1 linux/amd64
 ExplicitGOWORK: EffectiveGOPACKAGESDRIVER:}
	env_overlay=[]

[Info  - 14:33:48] 2025/10/11 14:33:48 go/packages.Load #1
	view_id="1"
	snapshot=0
	directory=/home/arshan/Code/gotut
	query=[./ builtin]
	packages=2
	duration=113.683922ms

[Info  - 14:34:18] 2025/10/11 14:34:18 background imports cache refresh starting

[Info  - 14:34:18] 2025/10/11 14:34:18 background refresh finished after 2.132273ms

[Info  - 14:34:27] 2025/10/11 14:34:27 go/packages.Load #2
	view_id="1"
	snapshot=4
	directory=/home/arshan/Code/gotut
	query=[./]
	packages=1
	duration=7.039417ms

[Error - 14:34:27] 2025/10/11 14:34:27 no completions found: getting file file:///home/arshan/Code/gotut/main.go for Completion: <nil> (package completions: invalid position for package completion: cursor in non-matching ident)
	position=0:1

[Error - 14:34:30] 2025/10/11 14:34:30 imports fixes: allImportsFixes: /home/arshan/Code/gotut/main.go:1:8: expected ';', found 'EOF' (and 1 more errors)
	file="/home/arshan/Code/gotut/main.go"

[Info  - 14:34:30] 2025/10/11 14:34:30 go/packages.Load #3
	view_id="1"
	snapshot=19
	directory=/home/arshan/Code/gotut
	query=[./]
	packages=1
	duration=7.236279ms

[Info  - 14:34:30] 2025/10/11 14:34:30 go/packages.Load #4
	view_id="1"
	snapshot=20
	directory=/home/arshan/Code/gotut
	query=[./]
	packages=1
	duration=8.761689ms

[Info  - 14:34:30] 2025/10/11 14:34:30 go/packages.Load #5
	view_id="1"
	snapshot=20
	directory=/home/arshan/Code/gotut
	query=[./]
	packages=1
	duration=8.041125ms

[Info  - 14:34:30] 2025/10/11 14:34:30 go/packages.Load #6
	view_id="1"
	snapshot=21
	directory=/home/arshan/Code/gotut
	query=[./]
	packages=1
	duration=7.985466ms

[Info  - 14:34:30] 2025/10/11 14:34:30 go/packages.Load #7
	view_id="1"
	snapshot=21
	directory=/home/arshan/Code/gotut
	query=[./]
	packages=1
	duration=8.162957ms

[Info  - 14:34:30] 2025/10/11 14:34:30 go/packages.Load #8
	view_id="1"
	snapshot=22
	directory=/home/arshan/Code/gotut
	query=[./]
	packages=1
	duration=30.13424ms

[Info  - 14:34:30] 2025/10/11 14:34:30 go/packages.Load #9
	view_id="1"
	snapshot=22
	directory=/home/arshan/Code/gotut
	query=[./]
	packages=1
	duration=30.12452ms

[Error - 14:34:33] 2025/10/11 14:34:33 imports fixes: allImportsFixes: /home/arshan/Code/gotut/main.go:4:10: expected '(', found newline (and 2 more errors)
	file="/home/arshan/Code/gotut/main.go"

[Error - 14:34:42] 2025/10/11 14:34:42 signature help failed: call operand is not a func or type: *ast.Ident (make)
	position=4:14

[Info  - 14:34:57] 2025/10/11 14:34:57 background imports cache refresh starting

[Info  - 14:34:57] 2025/10/11 14:34:57 background refresh finished after 24.537µs

[Info  - 14:35:27] 2025/10/11 14:35:27 background imports cache refresh starting

[Info  - 14:35:27] 2025/10/11 14:35:27 background refresh finished after 29.213µs

[Error - 14:35:36] 2025/10/11 14:35:36 signature help failed: cannot get type for Fun *ast.SelectorExpr (&{fmt Println})
	position=7:13

[Info  - 14:35:43] 2025/10/11 14:35:43 go/packages.Load #11
	view_id="1"
	snapshot=183
	directory=/home/arshan/Code/gotut
	query=[./]
	packages=1
	duration=52.177137ms

[Info  - 14:35:43] 2025/10/11 14:35:43 go/packages.Load #12
	view_id="1"
	snapshot=183
	directory=/home/arshan/Code/gotut
	query=[./]
	packages=1
	duration=51.345613ms

[Info  - 14:35:53] 2025/10/11 14:35:53 go/packages.Load #14
	view_id="1"
	snapshot=213
	directory=/home/arshan/Code/gotut
	query=[./]
	packages=1
	duration=50.163894ms

[Info  - 14:35:53] 2025/10/11 14:35:53 go/packages.Load #15
	view_id="1"
	snapshot=213
	directory=/home/arshan/Code/gotut
	query=[./]
	packages=1
	duration=49.760266ms

[Info  - 14:35:54] 2025/10/11 14:35:54 go/packages.Load #16
	view_id="1"
	snapshot=215
	directory=/home/arshan/Code/gotut
	query=[./]
	packages=1
	duration=51.633027ms

[Info  - 14:35:54] 2025/10/11 14:35:54 go/packages.Load #17
	view_id="1"
	snapshot=215
	directory=/home/arshan/Code/gotut
	query=[./]
	packages=1
	duration=52.409701ms

[Info  - 14:35:59] 2025/10/11 14:35:59 background imports cache refresh starting

[Info  - 14:35:59] 2025/10/11 14:35:59 background refresh finished after 39.533µs

[Info  - 15:27:57] 2025/10/11 15:27:57 go/packages.Load #18
	view_id="1"
	snapshot=241
	directory=/home/arshan/Code/gotut
	query=[./]
	packages=1
	duration=37.453047ms

[Info  - 15:36:24] 2025/10/11 15:36:24 go/packages.Load #19
	view_id="1"
	snapshot=243
	directory=/home/arshan/Code/gotut
	query=[./]
	packages=1
	duration=38.138975ms

[Info  - 15:36:32] 2025/10/11 15:36:32 go/packages.Load #20
	view_id="1"
	snapshot=245
	directory=/home/arshan/Code/gotut
	query=[./]
	packages=1
	duration=25.83846ms

[Error - 15:37:44] 2025/10/11 15:37:44 signature help failed: cannot get type for Fun *ast.Ident (sendMessage)
	position=10:13

[Error - 15:38:00] 2025/10/11 15:38:00 imports fixes: allImportsFixes: /home/arshan/Code/gotut/main.go:14:11: expected '(', found newline (and 2 more errors)
	file="/home/arshan/Code/gotut/main.go"

[Error - 15:38:01] 2025/10/11 15:38:01 imports fixes: allImportsFixes: /home/arshan/Code/gotut/main.go:14:12: expected '(', found newline (and 2 more errors)
	file="/home/arshan/Code/gotut/main.go"

[Error - 15:38:01] 2025/10/11 15:38:01 imports fixes: allImportsFixes: /home/arshan/Code/gotut/main.go:14:24: expected '(', found newline (and 2 more errors)
	file="/home/arshan/Code/gotut/main.go"

[Info  - 15:38:02] 2025/10/11 15:38:02 background imports cache refresh starting

[Info  - 15:38:02] 2025/10/11 15:38:02 background refresh finished after 32.349µs

[Error - 15:38:02] 2025/10/11 15:38:02 imports fixes: allImportsFixes: /home/arshan/Code/gotut/main.go:14:24: expected '(', found newline (and 2 more errors)
	file="/home/arshan/Code/gotut/main.go"

[Error - 15:38:07] 2025/10/11 15:38:07 imports fixes: allImportsFixes: /home/arshan/Code/gotut/main.go:14:43: missing parameter type
	file="/home/arshan/Code/gotut/main.go"

[Error - 15:38:09] 2025/10/11 15:38:09 imports fixes: allImportsFixes: /home/arshan/Code/gotut/main.go:14:44: missing parameter type
	file="/home/arshan/Code/gotut/main.go"

[Error - 15:38:11] 2025/10/11 15:38:11 imports fixes: allImportsFixes: /home/arshan/Code/gotut/main.go:14:46: missing parameter type
	file="/home/arshan/Code/gotut/main.go"

[Error - 15:38:12] 2025/10/11 15:38:12 imports fixes: allImportsFixes: /home/arshan/Code/gotut/main.go:14:56: missing parameter type
	file="/home/arshan/Code/gotut/main.go"

[Error - 15:38:13] 2025/10/11 15:38:13 imports fixes: allImportsFixes: /home/arshan/Code/gotut/main.go:14:56: missing parameter type
	file="/home/arshan/Code/gotut/main.go"

[Error - 15:38:13] 2025/10/11 15:38:13 imports fixes: allImportsFixes: /home/arshan/Code/gotut/main.go:14:56: missing parameter type
	file="/home/arshan/Code/gotut/main.go"

[Info  - 15:38:34] 2025/10/11 15:38:34 background imports cache refresh starting

[Info  - 15:38:34] 2025/10/11 15:38:34 background refresh finished after 26.415µs

[Error - 15:38:38] 2025/10/11 15:38:38 signature help failed: cannot get type for Fun *ast.SelectorExpr (&{time Sleep})
	position=15:13

[Error - 15:38:40] 2025/10/11 15:38:40 imports fixes: allImportsFixes: /home/arshan/Code/gotut/main.go:16:19: expected operand, found ')' (and 7 more errors)
	file="/home/arshan/Code/gotut/main.go"

[Info  - 15:38:48] 2025/10/11 15:38:48 go/packages.Load #22
	view_id="1"
	snapshot=439
	directory=/home/arshan/Code/gotut
	query=[./]
	packages=1
	duration=34.717276ms

[Info  - 15:38:48] 2025/10/11 15:38:48 go/packages.Load #23
	view_id="1"
	snapshot=439
	directory=/home/arshan/Code/gotut
	query=[./]
	packages=1
	duration=36.270683ms

[Error - 15:39:04] 2025/10/11 15:39:04 imports fixes: allImportsFixes: /home/arshan/Code/gotut/main.go:19:10: expected type, found newline
	file="/home/arshan/Code/gotut/main.go"

[Error - 15:39:05] 2025/10/11 15:39:05 imports fixes: allImportsFixes: /home/arshan/Code/gotut/main.go:19:14: expected type, found newline
	file="/home/arshan/Code/gotut/main.go"

[Info  - 15:39:05] 2025/10/11 15:39:05 background imports cache refresh starting

[Info  - 15:39:05] 2025/10/11 15:39:05 background refresh finished after 30.823µs

[Error - 15:39:07] 2025/10/11 15:39:07 imports fixes: allImportsFixes: /home/arshan/Code/gotut/main.go:19:20: expected type, found newline
	file="/home/arshan/Code/gotut/main.go"

[Error - 15:39:08] 2025/10/11 15:39:08 imports fixes: allImportsFixes: /home/arshan/Code/gotut/main.go:19:20: expected type, found newline
	file="/home/arshan/Code/gotut/main.go"

[Error - 15:39:09] 2025/10/11 15:39:09 imports fixes: allImportsFixes: /home/arshan/Code/gotut/main.go:19:20: expected type, found newline
	file="/home/arshan/Code/gotut/main.go"

[Info  - 15:39:13] 2025/10/11 15:39:13 go/packages.Load #25
	view_id="1"
	snapshot=512
	directory=/home/arshan/Code/gotut
	query=[./]
	packages=1
	duration=46.915986ms

[Info  - 15:39:13] 2025/10/11 15:39:13 go/packages.Load #26
	view_id="1"
	snapshot=512
	directory=/home/arshan/Code/gotut
	query=[./]
	packages=1
	duration=55.795711ms

[Error - 15:39:18] 2025/10/11 15:39:18 signature help failed: cannot get type for Fun *ast.SelectorExpr (&{rand Float32})
	position=21:34

[Error - 15:39:21] 2025/10/11 15:39:21 signature help failed: cannot get type for Fun *ast.SelectorExpr (&{rand Float32})
	position=21:34

[Info  - 15:39:41] 2025/10/11 15:39:41 background imports cache refresh starting

[Info  - 15:39:41] 2025/10/11 15:39:41 background refresh finished after 26.88µs

[Info  - 15:39:45] 2025/10/11 15:39:45 go/packages.Load #27
	view_id="1"
	snapshot=552
	directory=/home/arshan/Code/gotut
	query=[./]
	packages=1
	duration=32.960426ms

[Error - 15:39:45] 2025/10/11 15:39:45 unable to compute deps errors: stat : no such file or directory
	package="_/home/arshan/Code/gotut"

[Info  - 15:39:45] 2025/10/11 15:39:45 go/packages.Load #28
	view_id="1"
	snapshot=552
	directory=/home/arshan/Code/gotut
	query=[./]
	packages=1
	duration=37.970127ms

[Info  - 15:39:45] 2025/10/11 15:39:45 go/packages.Load #29
	view_id="1"
	snapshot=553
	directory=/home/arshan/Code/gotut
	query=[./]
	packages=1
	duration=31.048039ms

[Error - 15:39:45] 2025/10/11 15:39:45 unable to compute deps errors: stat : no such file or directory
	package="_/home/arshan/Code/gotut"

[Info  - 15:39:45] 2025/10/11 15:39:45 go/packages.Load #30
	view_id="1"
	snapshot=553
	directory=/home/arshan/Code/gotut
	query=[./]
	packages=1
	duration=31.598512ms

[Info  - 15:39:45] 2025/10/11 15:39:45 go/packages.Load #31
	view_id="1"
	snapshot=554
	directory=/home/arshan/Code/gotut
	query=[./]
	packages=1
	duration=28.402636ms

[Error - 15:39:46] 2025/10/11 15:39:46 unable to compute deps errors: stat : no such file or directory
	package="_/home/arshan/Code/gotut"

[Info  - 15:39:46] 2025/10/11 15:39:46 go/packages.Load #32
	view_id="1"
	snapshot=555
	directory=/home/arshan/Code/gotut
	query=[./]
	packages=1
	duration=31.889183ms

[Error - 15:39:46] 2025/10/11 15:39:46 unable to compute deps errors: stat : no such file or directory
	package="_/home/arshan/Code/gotut"

[Info  - 15:39:46] 2025/10/11 15:39:46 go/packages.Load #33
	view_id="1"
	snapshot=556
	directory=/home/arshan/Code/gotut
	query=[./]
	packages=1
	duration=36.076856ms

[Info  - 15:39:46] 2025/10/11 15:39:46 go/packages.Load #34
	view_id="1"
	snapshot=556
	directory=/home/arshan/Code/gotut
	query=[./]
	packages=1
	duration=34.559398ms

[Info  - 15:40:19] 2025/10/11 15:40:19 background imports cache refresh starting

[Info  - 15:40:19] 2025/10/11 15:40:19 background refresh finished after 34.596µs

[Error - 15:40:47] 2025/10/11 15:40:47 imports fixes: allImportsFixes: /home/arshan/Code/gotut/main.go:30:7: expected '(', found newline (and 2 more errors)
	file="/home/arshan/Code/gotut/main.go"

[Error - 15:40:48] 2025/10/11 15:40:48 imports fixes: allImportsFixes: /home/arshan/Code/gotut/main.go:30:8: expected '(', found newline (and 2 more errors)
	file="/home/arshan/Code/gotut/main.go"

[Error - 15:40:49] 2025/10/11 15:40:49 imports fixes: allImportsFixes: /home/arshan/Code/gotut/main.go:30:10: expected '(', found newline (and 2 more errors)
	file="/home/arshan/Code/gotut/main.go"

[Info  - 15:40:49] 2025/10/11 15:40:49 background imports cache refresh starting

[Info  - 15:40:49] 2025/10/11 15:40:49 background refresh finished after 29.929µs

[Error - 15:40:50] 2025/10/11 15:40:50 imports fixes: allImportsFixes: /home/arshan/Code/gotut/main.go:30:17: expected '(', found newline (and 2 more errors)
	file="/home/arshan/Code/gotut/main.go"

[Error - 15:40:57] Request textDocument/definition failed.
  Message: can't find non-Go definition of sendMessage
  Code: 0 
[Error - 15:41:16] 2025/10/11 15:41:16 signature help failed: cannot get type for Fun *ast.SelectorExpr (&{fmt Println})
	position=30:13

[Info  - 15:41:21] 2025/10/11 15:41:21 background imports cache refresh starting

[Info  - 15:41:21] 2025/10/11 15:41:21 background refresh finished after 35.597µs

[Error - 15:41:35] 2025/10/11 15:41:35 signature help failed: cannot get type for Fun *ast.SelectorExpr (&{fmt Println})
	position=30:47

[Error - 15:41:53] 2025/10/11 15:41:53 imports fixes: allImportsFixes: /home/arshan/Code/gotut/main.go:31:51: expected operand, found ')' (and 5 more errors)
	file="/home/arshan/Code/gotut/main.go"

[Info  - 15:42:04] 2025/10/11 15:42:04 go/packages.Load #36
	view_id="1"
	snapshot=924
	directory=/home/arshan/Code/gotut
	query=[./]
	packages=1
	duration=43.624623ms

[Info  - 15:42:04] 2025/10/11 15:42:04 go/packages.Load #37
	view_id="1"
	snapshot=924
	directory=/home/arshan/Code/gotut
	query=[./]
	packages=1
	duration=39.089988ms

[Info  - 15:42:24] 2025/10/11 15:42:24 background imports cache refresh starting

[Info  - 15:42:24] 2025/10/11 15:42:24 background refresh finished after 24.546µs

[Info  - 15:43:01] 2025/10/11 15:43:01 background imports cache refresh starting

[Info  - 15:43:01] 2025/10/11 15:43:01 background refresh finished after 22.471µs

[Error - 15:43:02] 2025/10/11 15:43:02 imports fixes: allImportsFixes: /home/arshan/Code/gotut/main.go:10:8: expected type, found newline
	file="/home/arshan/Code/gotut/main.go"

[Error - 15:43:02] 2025/10/11 15:43:02 imports fixes: allImportsFixes: /home/arshan/Code/gotut/main.go:10:9: expected type, found newline
	file="/home/arshan/Code/gotut/main.go"

[Error - 15:43:03] 2025/10/11 15:43:03 imports fixes: allImportsFixes: /home/arshan/Code/gotut/main.go:10:10: expected type, found newline
	file="/home/arshan/Code/gotut/main.go"

[Error - 15:43:03] 2025/10/11 15:43:03 imports fixes: allImportsFixes: /home/arshan/Code/gotut/main.go:10:11: expected type, found newline
	file="/home/arshan/Code/gotut/main.go"

[Error - 15:43:04] 2025/10/11 15:43:04 imports fixes: allImportsFixes: /home/arshan/Code/gotut/main.go:10:12: expected type, found newline
	file="/home/arshan/Code/gotut/main.go"

[Info  - 15:43:37] 2025/10/11 15:43:37 background imports cache refresh starting

[Info  - 15:43:37] 2025/10/11 15:43:37 background refresh finished after 25.427µs

