2025-10-13 10:46:22.930 [info] [main] Log level: Info
2025-10-13 10:46:22.930 [info] [main] Validating found git in: "git"
2025-10-13 10:46:22.930 [info] [main] Using git "2.51.0" from "git"
2025-10-13 10:46:22.930 [info] [Model][doInitialScan] Initial repository scan started
2025-10-13 10:46:22.930 [info] > git rev-parse --show-toplevel [14ms]
2025-10-13 10:46:22.930 [info] fatal: not a git repository (or any parent up to mount point /)
Stopping at filesystem boundary (GIT_DISCOVERY_ACROSS_FILESYSTEM not set).
2025-10-13 10:46:22.930 [info] > git rev-parse --show-toplevel [3ms]
2025-10-13 10:46:22.930 [info] fatal: not a git repository (or any parent up to mount point /)
Stopping at filesystem boundary (GIT_DISCOVERY_ACROSS_FILESYSTEM not set).
2025-10-13 10:46:22.930 [info] > git rev-parse --show-toplevel [4ms]
2025-10-13 10:46:22.930 [info] fatal: not a git repository (or any parent up to mount point /)
Stopping at filesystem boundary (GIT_DISCOVERY_ACROSS_FILESYSTEM not set).
2025-10-13 10:46:22.930 [info] > git rev-parse --show-toplevel [2ms]
2025-10-13 10:46:22.930 [info] fatal: not a git repository (or any parent up to mount point /)
Stopping at filesystem boundary (GIT_DISCOVERY_ACROSS_FILESYSTEM not set).
2025-10-13 10:46:22.930 [info] [Model][doInitialScan] Initial repository scan completed - repositories (0), closed repositories (0), parent repositories (0), unsafe repositories (0)
2025-10-13 10:46:23.189 [info] > git rev-parse --show-toplevel [12ms]
2025-10-13 10:46:23.189 [info] fatal: not a git repository (or any parent up to mount point /)
Stopping at filesystem boundary (GIT_DISCOVERY_ACROSS_FILESYSTEM not set).
2025-10-13 10:46:23.355 [info] > git rev-parse --show-toplevel [1ms]
2025-10-13 10:46:23.355 [info] fatal: not a git repository (or any parent up to mount point /)
Stopping at filesystem boundary (GIT_DISCOVERY_ACROSS_FILESYSTEM not set).
2025-10-13 10:46:24.004 [info] > git rev-parse --show-toplevel [1ms]
2025-10-13 10:46:24.004 [info] fatal: not a git repository (or any parent up to mount point /)
Stopping at filesystem boundary (GIT_DISCOVERY_ACROSS_FILESYSTEM not set).
