[Info  - 18:30:15] 2025/10/15 18:30:15 Created View (#1)
	directory=/home/arshan/Code/omni
	view_type="GoMod"
	root_dir="file:///home/arshan/Code/omni"
	go_version="go version go1.25.1 linux/amd64"
	build_flags=[]
	env={GOOS:linux GOARCH:amd64 GOCACHE:/home/arshan/.cache/go-build GOMODCACHE:/home/arshan/go/pkg/mod GOPATH:/home/arshan/go GOPRIVATE: GOFLAGS: GO111MODULE: GOTOOLCHAIN:auto GOROOT:/usr/lib/go GoVersion:25 GoVersionOutput:go version go1.25.1 linux/amd64
 ExplicitGOWORK: EffectiveGOPACKAGESDRIVER:}
	env_overlay=[]

[Info  - 18:30:15] 2025/10/15 18:30:15 go/packages.Load #1
	view_id="1"
	snapshot=0
	directory=/home/arshan/Code/omni
	query=[/home/arshan/Code/omni/... builtin]
	packages=2
	duration=189.377493ms

[Info  - 18:30:29] 2025/10/15 18:30:29 go/packages.Load #3
	view_id="1"
	snapshot=12
	directory=/home/arshan/Code/omni
	query=[file=/home/arshan/Code/omni/cmd/main.go]
	packages=1
	duration=35.210732ms

[Info  - 18:30:29] 2025/10/15 18:30:29 go/packages.Load #4
	view_id="1"
	snapshot=12
	directory=/home/arshan/Code/omni
	query=[file=/home/arshan/Code/omni/cmd/main.go]
	packages=1
	duration=32.430158ms

[Info  - 18:30:32] 2025/10/15 18:30:32 go/packages.Load #6
	view_id="1"
	snapshot=26
	directory=/home/arshan/Code/omni
	query=[file=/home/arshan/Code/omni/cmd/main.go]
	packages=1
	duration=46.111822ms

[Info  - 18:30:32] 2025/10/15 18:30:32 go/packages.Load #7
	view_id="1"
	snapshot=26
	directory=/home/arshan/Code/omni
	query=[file=/home/arshan/Code/omni/cmd/main.go]
	packages=1
	duration=45.890291ms

[Error - 18:30:34] 2025/10/15 18:30:34 imports fixes: allImportsFixes: /home/arshan/Code/omni/cmd/main.go:12:11: expected statement, found ')' (and 2 more errors)
	file="/home/arshan/Code/omni/cmd/main.go"

[Info  - 18:30:45] 2025/10/15 18:30:45 background imports cache refresh starting

[Info  - 18:30:45] 2025/10/15 18:30:45 background refresh finished after 2.376467ms

[Info  - 18:31:48] 2025/10/15 18:31:48 background imports cache refresh starting

[Info  - 18:31:48] 2025/10/15 18:31:48 background refresh finished after 5.73409ms

[Info  - 18:32:57] 2025/10/15 18:32:57 background imports cache refresh starting

[Info  - 18:32:57] 2025/10/15 18:32:57 background refresh finished after 3.828574ms

[Error - 18:33:49] 2025/10/15 18:33:49 signature help failed: call operand is not a func or type: *ast.Ident (len)
	position=11:8

[Error - 18:33:50] 2025/10/15 18:33:50 imports fixes: allImportsFixes: /home/arshan/Code/omni/cmd/main.go:13:1: expected operand, found '}' (and 5 more errors)
	file="/home/arshan/Code/omni/cmd/main.go"

[Info  - 18:34:12] 2025/10/15 18:34:12 background imports cache refresh starting

[Info  - 18:34:12] 2025/10/15 18:34:12 background refresh finished after 3.932522ms

[Error - 18:34:33] 2025/10/15 18:34:33 imports fixes: allImportsFixes: /home/arshan/Code/omni/cmd/main.go:13:44: expected operand, found ']'
	file="/home/arshan/Code/omni/cmd/main.go"

[Info  - 18:34:37] 2025/10/15 18:34:37 go/packages.Load #9
	view_id="1"
	snapshot=341
	directory=/home/arshan/Code/omni
	query=[file=/home/arshan/Code/omni/cmd/main.go]
	packages=1
	duration=22.312595ms

[Info  - 18:34:38] 2025/10/15 18:34:38 go/packages.Load #10
	view_id="1"
	snapshot=344
	directory=/home/arshan/Code/omni
	query=[file=/home/arshan/Code/omni/cmd/main.go]
	packages=1
	duration=31.306362ms

[Info  - 18:34:38] 2025/10/15 18:34:38 go/packages.Load #11
	view_id="1"
	snapshot=344
	directory=/home/arshan/Code/omni
	query=[file=/home/arshan/Code/omni/cmd/main.go]
	packages=1
	duration=31.175646ms

[Info  - 18:34:39] 2025/10/15 18:34:39 go/packages.Load #12
	view_id="1"
	snapshot=348
	directory=/home/arshan/Code/omni
	query=[file=/home/arshan/Code/omni/cmd/main.go]
	packages=1
	duration=31.38918ms

[Info  - 18:34:39] 2025/10/15 18:34:39 go/packages.Load #13
	view_id="1"
	snapshot=348
	directory=/home/arshan/Code/omni
	query=[file=/home/arshan/Code/omni/cmd/main.go]
	packages=1
	duration=30.198228ms

[Info  - 18:34:41] 2025/10/15 18:34:41 go/packages.Load #14
	view_id="1"
	snapshot=352
	directory=/home/arshan/Code/omni
	query=[file=/home/arshan/Code/omni/cmd/main.go]
	packages=1
	duration=30.586113ms

[Info  - 18:34:41] 2025/10/15 18:34:41 go/packages.Load #15
	view_id="1"
	snapshot=352
	directory=/home/arshan/Code/omni
	query=[file=/home/arshan/Code/omni/cmd/main.go]
	packages=1
	duration=30.434274ms

[Info  - 18:35:00] 2025/10/15 18:35:00 background imports cache refresh starting

[Info  - 18:35:00] 2025/10/15 18:35:00 background refresh finished after 4.688883ms

[Error - 18:38:07] 2025/10/15 18:38:07 imports fixes: allImportsFixes: /home/arshan/Code/omni/cmd/main.go:10:2: expected declaration, found 'if'
	file="/home/arshan/Code/omni/cmd/main.go"

[Error - 18:38:08] 2025/10/15 18:38:08 imports fixes: allImportsFixes: /home/arshan/Code/omni/cmd/main.go:10:2: expected declaration, found 'if'
	file="/home/arshan/Code/omni/cmd/main.go"

[Info  - 18:38:49] 2025/10/15 18:38:49 Shutdown session
	shutdown_session=1

