[Info  - 21:40:51] 2025/10/20 21:40:51 Created View (#1)
	directory=/home/arshan/Code/gomisc/calculator
	view_type="AdHoc"
	root_dir="file:///home/arshan/Code/gomisc/calculator"
	go_version="go version go1.25.2 linux/amd64"
	build_flags=[]
	env={GOOS:linux GOARCH:amd64 GOCACHE:/home/arshan/.cache/go-build GOMODCACHE:/home/arshan/go/pkg/mod GOPATH:/home/arshan/go GOPRIVATE: GOFLAGS: GO111MODULE: GOTOOLCHAIN:auto GOROOT:/usr/lib/go GoVersion:25 GoVersionOutput:go version go1.25.2 linux/amd64
 ExplicitGOWORK: EffectiveGOPACKAGESDRIVER:}
	env_overlay=[]

[Info  - 21:40:51] 2025/10/20 21:40:51 go/packages.Load #1
	view_id="1"
	snapshot=0
	directory=/home/arshan/Code/gomisc/calculator
	query=[./ builtin]
	packages=2
	duration=108.122074ms

[Error - 21:40:52] Request textDocument/codeAction failed.
  Message: context canceled
  Code: 0 
[Info  - 21:41:21] 2025/10/20 21:41:21 background imports cache refresh starting

[Info  - 21:41:21] 2025/10/20 21:41:21 background refresh finished after 2.571245ms

[Info  - 16:16:34] 2025/10/21 16:16:34 Shutdown session
	shutdown_session=1

