2025-10-11 19:09:26.140 [info] [main] Log level: Info
2025-10-11 19:09:26.140 [info] [main] Validating found git in: "git"
2025-10-11 19:09:26.140 [info] [main] Using git "2.51.0" from "git"
2025-10-11 19:09:26.140 [info] [Model][doInitialScan] Initial repository scan started
2025-10-11 19:09:26.140 [info] > git rev-parse --show-toplevel [6ms]
2025-10-11 19:09:26.140 [info] fatal: not a git repository (or any parent up to mount point /)
Stopping at filesystem boundary (GIT_DISCOVERY_ACROSS_FILESYSTEM not set).
2025-10-11 19:09:26.140 [info] > git rev-parse --show-toplevel [1ms]
2025-10-11 19:09:26.140 [info] fatal: not a git repository (or any parent up to mount point /)
Stopping at filesystem boundary (GIT_DISCOVERY_ACROSS_FILESYSTEM not set).
2025-10-11 19:09:26.140 [info] [Model][doInitialScan] Initial repository scan completed - repositories (0), closed repositories (0), parent repositories (0), unsafe repositories (0)
2025-10-11 19:09:26.140 [info] > git rev-parse --show-toplevel [1ms]
2025-10-11 19:09:26.140 [info] fatal: not a git repository (or any parent up to mount point /)
Stopping at filesystem boundary (GIT_DISCOVERY_ACROSS_FILESYSTEM not set).
2025-10-11 19:09:26.181 [info] > git rev-parse --show-toplevel [2ms]
2025-10-11 19:09:26.181 [info] fatal: not a git repository (or any parent up to mount point /)
Stopping at filesystem boundary (GIT_DISCOVERY_ACROSS_FILESYSTEM not set).
2025-10-11 19:09:26.247 [info] > git rev-parse --show-toplevel [2ms]
2025-10-11 19:09:26.247 [info] fatal: not a git repository (or any parent up to mount point /)
Stopping at filesystem boundary (GIT_DISCOVERY_ACROSS_FILESYSTEM not set).
2025-10-11 19:09:27.772 [info] > git rev-parse --show-toplevel [7ms]
2025-10-11 19:09:27.772 [info] fatal: not a git repository (or any parent up to mount point /)
Stopping at filesystem boundary (GIT_DISCOVERY_ACROSS_FILESYSTEM not set).
2025-10-11 19:10:05.069 [info] [main] Log level: Info
2025-10-11 19:10:05.069 [info] [main] Validating found git in: "git"
2025-10-11 19:10:05.069 [info] [main] Using git "2.51.0" from "git"
2025-10-11 19:10:05.069 [info] [Model][doInitialScan] Initial repository scan started
2025-10-11 19:10:05.069 [info] > git rev-parse --show-toplevel [11ms]
2025-10-11 19:10:05.069 [info] fatal: not a git repository (or any parent up to mount point /)
Stopping at filesystem boundary (GIT_DISCOVERY_ACROSS_FILESYSTEM not set).
2025-10-11 19:10:05.076 [info] > git rev-parse --show-toplevel [12ms]
2025-10-11 19:10:05.076 [info] fatal: not a git repository (or any parent up to mount point /)
Stopping at filesystem boundary (GIT_DISCOVERY_ACROSS_FILESYSTEM not set).
2025-10-11 19:10:05.079 [info] [Model][doInitialScan] Initial repository scan completed - repositories (0), closed repositories (0), parent repositories (0), unsafe repositories (0)
2025-10-11 19:10:05.086 [info] > git rev-parse --show-toplevel [3ms]
2025-10-11 19:10:05.086 [info] fatal: not a git repository (or any parent up to mount point /)
Stopping at filesystem boundary (GIT_DISCOVERY_ACROSS_FILESYSTEM not set).
2025-10-11 19:10:05.090 [info] > git rev-parse --show-toplevel [1ms]
2025-10-11 19:10:05.090 [info] fatal: not a git repository (or any parent up to mount point /)
Stopping at filesystem boundary (GIT_DISCOVERY_ACROSS_FILESYSTEM not set).
2025-10-11 19:10:05.274 [info] > git rev-parse --show-toplevel [8ms]
2025-10-11 19:10:05.274 [info] fatal: not a git repository (or any parent up to mount point /)
Stopping at filesystem boundary (GIT_DISCOVERY_ACROSS_FILESYSTEM not set).
2025-10-11 19:10:05.350 [info] > git rev-parse --show-toplevel [1ms]
2025-10-11 19:10:05.350 [info] fatal: not a git repository (or any parent up to mount point /)
Stopping at filesystem boundary (GIT_DISCOVERY_ACROSS_FILESYSTEM not set).
2025-10-11 19:10:05.464 [info] > git rev-parse --show-toplevel [1ms]
2025-10-11 19:10:05.464 [info] fatal: not a git repository (or any parent up to mount point /)
Stopping at filesystem boundary (GIT_DISCOVERY_ACROSS_FILESYSTEM not set).
2025-10-11 19:10:06.085 [info] > git rev-parse --show-toplevel [0ms]
2025-10-11 19:10:06.085 [info] fatal: not a git repository (or any parent up to mount point /)
Stopping at filesystem boundary (GIT_DISCOVERY_ACROSS_FILESYSTEM not set).
