2025-10-20 18:34:58.029 [info] Extension host with pid 6980 started
2025-10-20 18:34:58.029 [info] Skipping acquiring lock for /home/arshan/.config/Code/User/workspaceStorage/1a559d47fa0d015cf38cef4db9558df6.
2025-10-20 18:34:58.403 [info] ExtensionService#_doActivateExtension vscode.github-authentication, startup: false, activationEvent: 'onAuthenticationRequest:github'
2025-10-20 18:34:58.429 [info] ExtensionService#_doActivateExtension vscode.emmet, startup: false, activationEvent: 'onLanguage'
2025-10-20 18:34:58.446 [info] ExtensionService#_doActivateExtension golang.go, startup: false, activationEvent: 'onLanguage:go'
2025-10-20 18:34:58.527 [info] ExtensionService#_doActivateExtension vscode.extension-editing, startup: false, activationEvent: 'onLanguage:markdown'
2025-10-20 18:34:58.539 [info] ExtensionService#_doActivateExtension vscode.markdown-language-features, startup: false, activationEvent: 'onLanguage:markdown'
2025-10-20 18:34:58.612 [info] ExtensionService#_doActivateExtension yzhang.dictionary-completion, startup: false, activationEvent: 'onLanguage:markdown'
2025-10-20 18:34:59.104 [info] ExtensionService#_doActivateExtension vscode.git-base, startup: true, activationEvent: '*', root cause: vscode.git
2025-10-20 18:34:59.111 [info] ExtensionService#_doActivateExtension canadaduane.notes, startup: true, activationEvent: '*'
2025-10-20 18:34:59.114 [info] ExtensionService#_doActivateExtension icrawl.discord-vscode, startup: true, activationEvent: '*'
2025-10-20 18:34:59.194 [info] ExtensionService#_doActivateExtension vscode.terminal-suggest, startup: false, activationEvent: 'onTerminalShellIntegration:*'
2025-10-20 18:34:59.400 [info] ExtensionService#_doActivateExtension vscode.git, startup: true, activationEvent: '*'
2025-10-20 18:34:59.496 [info] ExtensionService#_doActivateExtension vscode.github, startup: true, activationEvent: '*'
2025-10-20 18:34:59.514 [info] ExtensionService#_doActivateExtension vscode.markdown-math, startup: false, activationEvent: 'api', root cause: vscode.markdown-language-features
2025-10-20 18:35:00.450 [info] Eager extensions activated
2025-10-20 18:35:00.472 [info] ExtensionService#_doActivateExtension vscode.debug-auto-launch, startup: false, activationEvent: 'onStartupFinished'
2025-10-20 18:35:00.475 [info] ExtensionService#_doActivateExtension vscode.merge-conflict, startup: false, activationEvent: 'onStartupFinished'
2025-10-20 18:35:00.491 [info] ExtensionService#_doActivateExtension Catppuccin.catppuccin-vsc, startup: false, activationEvent: 'onStartupFinished'
2025-10-20 18:35:00.495 [info] ExtensionService#_doActivateExtension formulahendry.code-runner, startup: false, activationEvent: 'onStartupFinished'
2025-10-20 18:35:00.511 [info] ExtensionService#_doActivateExtension ms-vscode-remote.remote-containers, startup: false, activationEvent: 'onStartupFinished'
2025-10-20 18:35:00.645 [info] ExtensionService#_doActivateExtension nguyenngoclong.terminal-keeper, startup: false, activationEvent: 'onStartupFinished'
2025-10-20 18:35:00.702 [info] ExtensionService#_doActivateExtension rpinski.shebang-snippets, startup: false, activationEvent: 'onStartupFinished'
2025-10-20 18:35:00.705 [info] ExtensionService#_doActivateExtension zhuangtongfa.material-theme, startup: false, activationEvent: 'onStartupFinished'
2025-10-20 18:35:24.959 [info] ExtensionService#_doActivateExtension vscode.npm, startup: false, activationEvent: 'onTerminalQuickFixRequest:ms-vscode.npm-command'
2025-10-20 18:35:42.146 [info] Extension host terminating: renderer closed the MessagePort
2025-10-20 18:35:42.173 [info] Extension host with pid 6980 exiting with code 0
