2025-10-21 18:46:57.803 [info] Extension host with pid 29793 started
2025-10-21 18:46:57.803 [info] Skipping acquiring lock for /home/arshan/.config/Code/User/workspaceStorage/1a559d47fa0d015cf38cef4db9558df6.
2025-10-21 18:46:58.183 [info] ExtensionService#_doActivateExtension vscode.github-authentication, startup: false, activationEvent: 'onAuthenticationRequest:github'
2025-10-21 18:46:58.210 [info] ExtensionService#_doActivateExtension vscode.emmet, startup: false, activationEvent: 'onLanguage'
2025-10-21 18:46:58.225 [info] ExtensionService#_doActivateExtension vscode.extension-editing, startup: false, activationEvent: 'onLanguage:markdown'
2025-10-21 18:46:58.235 [info] ExtensionService#_doActivateExtension vscode.markdown-language-features, startup: false, activationEvent: 'onLanguage:markdown'
2025-10-21 18:46:58.312 [info] ExtensionService#_doActivateExtension yzhang.dictionary-completion, startup: false, activationEvent: 'onLanguage:markdown'
2025-10-21 18:46:58.314 [info] ExtensionService#_doActivateExtension golang.go, startup: false, activationEvent: 'onLanguage:go'
2025-10-21 18:46:58.613 [info] ExtensionService#_doActivateExtension vscode.terminal-suggest, startup: false, activationEvent: 'onTerminalShellIntegration:*'
2025-10-21 18:46:58.759 [info] ExtensionService#_doActivateExtension vscode.git-base, startup: true, activationEvent: '*', root cause: vscode.git
2025-10-21 18:46:58.761 [info] ExtensionService#_doActivateExtension canadaduane.notes, startup: true, activationEvent: '*'
2025-10-21 18:46:58.763 [info] ExtensionService#_doActivateExtension icrawl.discord-vscode, startup: true, activationEvent: '*'
2025-10-21 18:46:58.997 [info] ExtensionService#_doActivateExtension vscode.markdown-math, startup: false, activationEvent: 'api', root cause: vscode.markdown-language-features
2025-10-21 18:46:59.078 [info] ExtensionService#_doActivateExtension vscode.git, startup: true, activationEvent: '*'
2025-10-21 18:46:59.132 [info] ExtensionService#_doActivateExtension vscode.github, startup: true, activationEvent: '*'
2025-10-21 18:46:59.353 [info] Eager extensions activated
2025-10-21 18:46:59.395 [info] ExtensionService#_doActivateExtension vscode.debug-auto-launch, startup: false, activationEvent: 'onStartupFinished'
2025-10-21 18:46:59.397 [info] ExtensionService#_doActivateExtension vscode.merge-conflict, startup: false, activationEvent: 'onStartupFinished'
2025-10-21 18:46:59.413 [info] ExtensionService#_doActivateExtension Catppuccin.catppuccin-vsc, startup: false, activationEvent: 'onStartupFinished'
2025-10-21 18:46:59.419 [info] ExtensionService#_doActivateExtension formulahendry.code-runner, startup: false, activationEvent: 'onStartupFinished'
2025-10-21 18:46:59.433 [info] ExtensionService#_doActivateExtension ms-vscode-remote.remote-containers, startup: false, activationEvent: 'onStartupFinished'
2025-10-21 18:46:59.570 [info] ExtensionService#_doActivateExtension nguyenngoclong.terminal-keeper, startup: false, activationEvent: 'onStartupFinished'
2025-10-21 18:46:59.625 [info] ExtensionService#_doActivateExtension rpinski.shebang-snippets, startup: false, activationEvent: 'onStartupFinished'
2025-10-21 18:46:59.627 [info] ExtensionService#_doActivateExtension zhuangtongfa.material-theme, startup: false, activationEvent: 'onStartupFinished'
