[Info  - 19:49:14] 2025/10/18 19:49:14 Created View (#1)
	directory=/home/arshan/Code/scripts
	view_type="AdHoc"
	root_dir="file:///home/arshan/Code/scripts"
	go_version="go version go1.25.2 linux/amd64"
	build_flags=[]
	env={GOOS:linux GOARCH:amd64 GOCACHE:/home/arshan/.cache/go-build GOMODCACHE:/home/arshan/go/pkg/mod GOPATH:/home/arshan/go GOPRIVATE: GOFLAGS: GO111MODULE: GOTOOLCHAIN:auto GOROOT:/usr/lib/go GoVersion:25 GoVersionOutput:go version go1.25.2 linux/amd64
 ExplicitGOWORK: EffectiveGOPACKAGESDRIVER:}
	env_overlay=[]

[Info  - 19:49:14] 2025/10/18 19:49:14 go/packages.Load #1
	view_id="1"
	snapshot=0
	directory=/home/arshan/Code/scripts
	query=[./ builtin]
	packages=2
	duration=9.88132ms

[Info  - 19:49:14] 2025/10/18 19:49:14 Created View (#2)
	directory=/home/arshan/Code/scripts
	view_type="AdHoc"
	root_dir="file:///home/arshan/Code/scripts/ilyt"
	go_version="go version go1.25.2 linux/amd64"
	build_flags=[]
	env={GOOS:linux GOARCH:amd64 GOCACHE:/home/arshan/.cache/go-build GOMODCACHE:/home/arshan/go/pkg/mod GOPATH:/home/arshan/go GOPRIVATE: GOFLAGS: GO111MODULE: GOTOOLCHAIN:auto GOROOT:/usr/lib/go GoVersion:25 GoVersionOutput:go version go1.25.2 linux/amd64
 ExplicitGOWORK: EffectiveGOPACKAGESDRIVER:}
	env_overlay=[]

[Info  - 19:49:14] 2025/10/18 19:49:14 go/packages.Load #2
	view_id="2"
	snapshot=0
	directory=/home/arshan/Code/scripts
	query=[./ builtin]
	packages=2
	duration=13.808706ms

[Info  - 19:49:16] 2025/10/18 19:49:16 go/packages.Load #3
	view_id="2"
	snapshot=10
	directory=/home/arshan/Code/scripts
	query=[./]
	packages=1
	duration=14.777242ms

[Info  - 19:49:16] 2025/10/18 19:49:16 go/packages.Load #5
	view_id="2"
	snapshot=11
	directory=/home/arshan/Code/scripts
	query=[./]
	packages=1
	duration=10.743458ms

[Info  - 19:49:16] 2025/10/18 19:49:16 go/packages.Load #4
	view_id="2"
	snapshot=11
	directory=/home/arshan/Code/scripts
	query=[./]
	packages=1
	duration=11.233849ms

[Info  - 19:49:16] 2025/10/18 19:49:16 go/packages.Load #6
	view_id="2"
	snapshot=12
	directory=/home/arshan/Code/scripts
	query=[./]
	packages=1
	duration=12.713064ms

[Info  - 19:49:16] 2025/10/18 19:49:16 go/packages.Load #8
	view_id="2"
	snapshot=13
	directory=/home/arshan/Code/scripts
	query=[./]
	packages=1
	duration=51.827225ms

[Info  - 19:49:16] 2025/10/18 19:49:16 go/packages.Load #7
	view_id="2"
	snapshot=13
	directory=/home/arshan/Code/scripts
	query=[./]
	packages=1
	duration=54.697521ms

[Info  - 19:49:44] 2025/10/18 19:49:44 go/packages.Load #9
	view_id="2"
	snapshot=41
	directory=/home/arshan/Code/scripts
	query=[./]
	packages=1
	duration=51.127725ms

[Info  - 19:49:44] 2025/10/18 19:49:44 go/packages.Load #10
	view_id="2"
	snapshot=41
	directory=/home/arshan/Code/scripts
	query=[./]
	packages=1
	duration=41.432963ms

[Info  - 19:49:44] 2025/10/18 19:49:44 go/packages.Load #11
	view_id="2"
	snapshot=42
	directory=/home/arshan/Code/scripts
	query=[./]
	packages=1
	duration=28.153423ms

[Error - 19:49:44] 2025/10/18 19:49:44 unable to compute deps errors: stat : no such file or directory
	package="_/home/arshan/Code/scripts/ilyt"

[Info  - 19:49:44] 2025/10/18 19:49:44 go/packages.Load #12
	view_id="2"
	snapshot=42
	directory=/home/arshan/Code/scripts
	query=[./]
	packages=1
	duration=28.503031ms

[Info  - 19:49:44] 2025/10/18 19:49:44 go/packages.Load #13
	view_id="2"
	snapshot=43
	directory=/home/arshan/Code/scripts
	query=[./]
	packages=1
	duration=31.835058ms

[Error - 19:49:44] 2025/10/18 19:49:44 unable to compute deps errors: stat : no such file or directory
	package="_/home/arshan/Code/scripts/ilyt"

[Error - 19:49:44] Request textDocument/inlayHint failed.
  Message: getting file for InlayHint: context canceled
  Code: 0 
[Info  - 19:49:44] 2025/10/18 19:49:44 go/packages.Load #15
	view_id="2"
	snapshot=44
	directory=/home/arshan/Code/scripts
	query=[./]
	packages=1
	duration=55.151095ms

[Info  - 19:49:44] 2025/10/18 19:49:44 go/packages.Load #16
	view_id="2"
	snapshot=44
	directory=/home/arshan/Code/scripts
	query=[./]
	packages=1
	duration=58.720255ms

[Info  - 19:49:44] 2025/10/18 19:49:44 background imports cache refresh starting

[Info  - 19:49:44] 2025/10/18 19:49:44 background refresh finished after 2.239424ms

[Info  - 19:49:44] 2025/10/18 19:49:44 background imports cache refresh starting

[Info  - 19:49:44] 2025/10/18 19:49:44 background refresh finished after 2.758201ms

[Info  - 19:49:46] 2025/10/18 19:49:46 go/packages.Load #17
	view_id="2"
	snapshot=53
	directory=/home/arshan/Code/scripts
	query=[./]
	packages=1
	duration=27.532943ms

[Info  - 19:49:46] 2025/10/18 19:49:46 go/packages.Load #18
	view_id="2"
	snapshot=53
	directory=/home/arshan/Code/scripts
	query=[./]
	packages=1
	duration=30.843013ms

[Info  - 19:49:46] 2025/10/18 19:49:46 go/packages.Load #19
	view_id="2"
	snapshot=54
	directory=/home/arshan/Code/scripts
	query=[./]
	packages=1
	duration=53.597119ms

[Error - 19:49:46] 2025/10/18 19:49:46 unable to compute deps errors: stat : no such file or directory
	package="_/home/arshan/Code/scripts/ilyt"

[Error - 19:49:46] Request textDocument/inlayHint failed.
  Message: getting file for InlayHint: context canceled
  Code: 0 
[Info  - 19:49:46] 2025/10/18 19:49:46 go/packages.Load #21
	view_id="2"
	snapshot=55
	directory=/home/arshan/Code/scripts
	query=[./]
	packages=1
	duration=45.667283ms

[Info  - 19:49:46] 2025/10/18 19:49:46 go/packages.Load #22
	view_id="2"
	snapshot=55
	directory=/home/arshan/Code/scripts
	query=[./]
	packages=1
	duration=46.246002ms

[Info  - 19:49:47] 2025/10/18 19:49:47 go/packages.Load #23
	view_id="2"
	snapshot=56
	directory=/home/arshan/Code/scripts
	query=[./]
	packages=1
	duration=33.538774ms

[Info  - 19:49:47] 2025/10/18 19:49:47 go/packages.Load #24
	view_id="2"
	snapshot=56
	directory=/home/arshan/Code/scripts
	query=[./]
	packages=1
	duration=29.274646ms

[Info  - 19:49:47] 2025/10/18 19:49:47 go/packages.Load #25
	view_id="2"
	snapshot=58
	directory=/home/arshan/Code/scripts
	query=[./]
	packages=1
	duration=55.158157ms

[Info  - 19:49:47] 2025/10/18 19:49:47 go/packages.Load #26
	view_id="2"
	snapshot=58
	directory=/home/arshan/Code/scripts
	query=[./]
	packages=1
	duration=54.808909ms

[Error - 19:49:50] 2025/10/18 19:49:50 imports fixes: allImportsFixes: /home/arshan/Code/scripts/ilyt/ilyt.go:4:10: expected '(', found newline (and 2 more errors)
	file="/home/arshan/Code/scripts/ilyt/ilyt.go"

[Error - 19:49:57] 2025/10/18 19:49:57 signature help failed: cannot get type for Fun *ast.SelectorExpr (&{fmt Printlln})
	position=5:15

[Error - 19:50:02] 2025/10/18 19:50:02 imports fixes: allImportsFixes: /home/arshan/Code/scripts/ilyt/ilyt.go:5:4: missing condition in if statement
	file="/home/arshan/Code/scripts/ilyt/ilyt.go"

[Error - 19:50:04] 2025/10/18 19:50:04 imports fixes: allImportsFixes: /home/arshan/Code/scripts/ilyt/ilyt.go:5:4: missing condition in if statement
	file="/home/arshan/Code/scripts/ilyt/ilyt.go"

[Error - 19:50:05] 2025/10/18 19:50:05 imports fixes: allImportsFixes: /home/arshan/Code/scripts/ilyt/ilyt.go:5:5: missing condition in if statement
	file="/home/arshan/Code/scripts/ilyt/ilyt.go"

[Error - 19:50:06] 2025/10/18 19:50:06 imports fixes: allImportsFixes: /home/arshan/Code/scripts/ilyt/ilyt.go:5:5: missing condition in if statement
	file="/home/arshan/Code/scripts/ilyt/ilyt.go"

[Error - 19:50:06] 2025/10/18 19:50:06 imports fixes: allImportsFixes: /home/arshan/Code/scripts/ilyt/ilyt.go:5:5: missing condition in if statement
	file="/home/arshan/Code/scripts/ilyt/ilyt.go"

[Info  - 19:50:15] 2025/10/18 19:50:15 background imports cache refresh starting

[Info  - 19:50:15] 2025/10/18 19:50:15 background refresh finished after 52.379µs

[Info  - 19:51:01] 2025/10/18 19:51:01 Shutdown session
	shutdown_session=1

