2025-10-19 10:53:02.852 [info] Reading sessions from keychain...
2025-10-19 10:53:02.852 [info] Getting sessions for all scopes...
2025-10-19 10:53:03.433 [info] Got 0 sessions for ...
2025-10-19 10:53:03.433 [info] Getting sessions for all scopes...
2025-10-19 10:53:03.433 [info] Got 0 sessions for ...
2025-10-19 10:53:03.433 [info] Getting sessions for all scopes...
2025-10-19 10:53:03.433 [info] Got 0 sessions for ...
2025-10-19 10:53:03.434 [info] Getting sessions for all scopes...
2025-10-19 10:53:03.434 [info] Got 0 sessions for ...
2025-10-19 10:53:03.434 [info] Getting sessions for all scopes...
2025-10-19 10:53:03.434 [info] Got 0 sessions for ...
2025-10-19 10:53:03.434 [info] Getting sessions for all scopes...
2025-10-19 10:53:03.434 [info] Got 0 sessions for ...
2025-10-19 10:53:03.434 [info] Getting sessions for all scopes...
2025-10-19 10:53:03.434 [info] Got 0 sessions for ...
2025-10-19 10:53:03.622 [info] Getting sessions for all scopes...
2025-10-19 10:53:03.622 [info] Got 0 sessions for ...
2025-10-19 10:53:03.622 [info] Getting sessions for all scopes...
2025-10-19 10:53:03.622 [info] Got 0 sessions for ...
2025-10-19 10:53:03.622 [info] Getting sessions for all scopes...
2025-10-19 10:53:03.622 [info] Got 0 sessions for ...
2025-10-19 10:53:03.623 [info] Getting sessions for all scopes...
2025-10-19 10:53:03.623 [info] Got 0 sessions for ...
2025-10-19 10:53:03.623 [info] Getting sessions for all scopes...
2025-10-19 10:53:03.623 [info] Got 0 sessions for ...
2025-10-19 10:53:03.623 [info] Getting sessions for all scopes...
2025-10-19 10:53:03.623 [info] Got 0 sessions for ...
2025-10-19 10:53:04.013 [info] Getting sessions for all scopes...
2025-10-19 10:53:04.013 [info] Got 0 sessions for ...
2025-10-19 10:53:04.235 [info] Getting sessions for all scopes...
2025-10-19 10:53:04.235 [info] Got 0 sessions for ...
2025-10-19 10:53:04.515 [info] Getting sessions for all scopes...
2025-10-19 10:53:04.515 [info] Got 0 sessions for ...
2025-10-19 10:53:04.515 [info] Getting sessions for all scopes...
2025-10-19 10:53:04.515 [info] Got 0 sessions for ...
2025-10-19 10:53:04.519 [info] Getting sessions for all scopes...
2025-10-19 10:53:04.519 [info] Got 0 sessions for ...
2025-10-19 13:12:25.503 [info] Reading sessions from keychain...
2025-10-19 13:12:25.503 [info] Getting sessions for all scopes...
2025-10-19 13:12:25.503 [info] Got 0 sessions for ...
2025-10-19 13:12:25.503 [info] Getting sessions for all scopes...
2025-10-19 13:12:25.503 [info] Got 0 sessions for ...
2025-10-19 13:12:25.503 [info] Getting sessions for all scopes...
2025-10-19 13:12:25.503 [info] Got 0 sessions for ...
2025-10-19 13:12:25.503 [info] Getting sessions for all scopes...
2025-10-19 13:12:25.503 [info] Got 0 sessions for ...
2025-10-19 13:12:25.503 [info] Getting sessions for all scopes...
2025-10-19 13:12:25.503 [info] Got 0 sessions for ...
2025-10-19 13:12:25.503 [info] Getting sessions for all scopes...
2025-10-19 13:12:25.503 [info] Got 0 sessions for ...
2025-10-19 13:12:25.503 [info] Getting sessions for all scopes...
2025-10-19 13:12:25.503 [info] Got 0 sessions for ...
2025-10-19 13:12:25.558 [info] Getting sessions for all scopes...
2025-10-19 13:12:25.558 [info] Got 0 sessions for ...
2025-10-19 13:12:25.558 [info] Getting sessions for all scopes...
2025-10-19 13:12:25.558 [info] Got 0 sessions for ...
2025-10-19 13:12:25.558 [info] Getting sessions for all scopes...
2025-10-19 13:12:25.558 [info] Got 0 sessions for ...
2025-10-19 13:12:25.558 [info] Getting sessions for all scopes...
2025-10-19 13:12:25.558 [info] Got 0 sessions for ...
2025-10-19 13:12:25.558 [info] Getting sessions for all scopes...
2025-10-19 13:12:25.558 [info] Got 0 sessions for ...
2025-10-19 13:12:25.559 [info] Getting sessions for all scopes...
2025-10-19 13:12:25.559 [info] Got 0 sessions for ...
2025-10-19 13:12:25.572 [info] Getting sessions for all scopes...
2025-10-19 13:12:25.572 [info] Got 0 sessions for ...
2025-10-19 13:12:26.068 [info] Getting sessions for all scopes...
2025-10-19 13:12:26.068 [info] Got 0 sessions for ...
2025-10-19 13:12:27.436 [info] Getting sessions for all scopes...
2025-10-19 13:12:27.436 [info] Got 0 sessions for ...
2025-10-19 13:12:27.437 [info] Getting sessions for all scopes...
2025-10-19 13:12:27.437 [info] Got 0 sessions for ...
2025-10-19 13:12:27.442 [info] Getting sessions for all scopes...
2025-10-19 13:12:27.442 [info] Got 0 sessions for ...
2025-10-19 19:12:07.024 [info] Reading sessions from keychain...
2025-10-19 19:12:07.024 [info] Getting sessions for all scopes...
2025-10-19 19:12:07.024 [info] Got 0 sessions for ...
2025-10-19 19:12:07.024 [info] Getting sessions for all scopes...
2025-10-19 19:12:07.024 [info] Got 0 sessions for ...
2025-10-19 19:12:07.024 [info] Getting sessions for all scopes...
2025-10-19 19:12:07.024 [info] Got 0 sessions for ...
2025-10-19 19:12:07.024 [info] Getting sessions for all scopes...
2025-10-19 19:12:07.024 [info] Got 0 sessions for ...
2025-10-19 19:12:07.024 [info] Getting sessions for all scopes...
2025-10-19 19:12:07.024 [info] Got 0 sessions for ...
2025-10-19 19:12:07.024 [info] Getting sessions for all scopes...
2025-10-19 19:12:07.024 [info] Got 0 sessions for ...
2025-10-19 19:12:07.024 [info] Getting sessions for all scopes...
2025-10-19 19:12:07.024 [info] Got 0 sessions for ...
2025-10-19 19:12:07.024 [info] Getting sessions for all scopes...
2025-10-19 19:12:07.024 [info] Got 0 sessions for ...
2025-10-19 19:12:07.024 [info] Getting sessions for all scopes...
2025-10-19 19:12:07.024 [info] Got 0 sessions for ...
2025-10-19 19:12:07.042 [info] Getting sessions for all scopes...
2025-10-19 19:12:07.042 [info] Got 0 sessions for ...
2025-10-19 19:12:07.045 [info] Getting sessions for all scopes...
2025-10-19 19:12:07.045 [info] Got 0 sessions for ...
2025-10-19 19:12:07.045 [info] Getting sessions for all scopes...
2025-10-19 19:12:07.045 [info] Got 0 sessions for ...
2025-10-19 19:12:07.045 [info] Getting sessions for all scopes...
2025-10-19 19:12:07.045 [info] Got 0 sessions for ...
2025-10-19 19:12:07.045 [info] Getting sessions for all scopes...
2025-10-19 19:12:07.045 [info] Got 0 sessions for ...
2025-10-19 19:12:07.045 [info] Getting sessions for all scopes...
2025-10-19 19:12:07.045 [info] Got 0 sessions for ...
2025-10-19 19:12:07.460 [info] Getting sessions for all scopes...
2025-10-19 19:12:07.460 [info] Got 0 sessions for ...
2025-10-19 19:12:08.237 [info] Getting sessions for read:user,repo,user:email,workflow...
2025-10-19 19:12:08.237 [info] Got 0 sessions for read:user,repo,user:email,workflow...
2025-10-19 19:12:08.848 [info] Getting sessions for all scopes...
2025-10-19 19:12:08.848 [info] Got 0 sessions for ...
2025-10-19 19:12:08.848 [info] Getting sessions for all scopes...
2025-10-19 19:12:08.848 [info] Got 0 sessions for ...
2025-10-19 19:12:08.858 [info] Getting sessions for all scopes...
2025-10-19 19:12:08.858 [info] Got 0 sessions for ...
2025-10-19 19:15:23.767 [info] Reading sessions from keychain...
2025-10-19 19:15:23.767 [info] Getting sessions for all scopes...
2025-10-19 19:15:23.767 [info] Got 0 sessions for ...
2025-10-19 19:15:23.767 [info] Getting sessions for all scopes...
2025-10-19 19:15:23.767 [info] Got 0 sessions for ...
2025-10-19 19:15:23.767 [info] Getting sessions for all scopes...
2025-10-19 19:15:23.767 [info] Got 0 sessions for ...
2025-10-19 19:15:23.767 [info] Getting sessions for all scopes...
2025-10-19 19:15:23.767 [info] Got 0 sessions for ...
2025-10-19 19:15:23.767 [info] Getting sessions for all scopes...
2025-10-19 19:15:23.767 [info] Got 0 sessions for ...
2025-10-19 19:15:23.767 [info] Getting sessions for all scopes...
2025-10-19 19:15:23.767 [info] Got 0 sessions for ...
2025-10-19 19:15:23.767 [info] Getting sessions for all scopes...
2025-10-19 19:15:23.767 [info] Got 0 sessions for ...
2025-10-19 19:15:23.767 [info] Getting sessions for all scopes...
2025-10-19 19:15:23.767 [info] Got 0 sessions for ...
2025-10-19 19:15:23.767 [info] Getting sessions for all scopes...
2025-10-19 19:15:23.767 [info] Got 0 sessions for ...
2025-10-19 19:15:23.767 [info] Getting sessions for all scopes...
2025-10-19 19:15:23.767 [info] Got 0 sessions for ...
2025-10-19 19:15:23.767 [info] Getting sessions for all scopes...
2025-10-19 19:15:23.767 [info] Got 0 sessions for ...
2025-10-19 19:15:23.767 [info] Getting sessions for all scopes...
2025-10-19 19:15:23.767 [info] Got 0 sessions for ...
2025-10-19 19:15:23.767 [info] Getting sessions for all scopes...
2025-10-19 19:15:23.767 [info] Got 0 sessions for ...
2025-10-19 19:15:23.793 [info] Getting sessions for all scopes...
2025-10-19 19:15:23.793 [info] Got 0 sessions for ...
2025-10-19 19:15:23.986 [info] Getting sessions for all scopes...
2025-10-19 19:15:23.986 [info] Got 0 sessions for ...
2025-10-19 19:15:24.835 [info] Getting sessions for read:user,repo,user:email,workflow...
2025-10-19 19:15:24.835 [info] Got 0 sessions for read:user,repo,user:email,workflow...
2025-10-19 19:15:25.765 [info] Getting sessions for all scopes...
2025-10-19 19:15:25.765 [info] Got 0 sessions for ...
2025-10-19 19:15:25.765 [info] Getting sessions for all scopes...
2025-10-19 19:15:25.765 [info] Got 0 sessions for ...
2025-10-19 19:15:25.768 [info] Getting sessions for all scopes...
2025-10-19 19:15:25.768 [info] Got 0 sessions for ...
2025-10-19 19:18:59.808 [info] Reading sessions from keychain...
2025-10-19 19:18:59.808 [info] Getting sessions for all scopes...
2025-10-19 19:18:59.808 [info] Got 0 sessions for ...
2025-10-19 19:18:59.808 [info] Getting sessions for all scopes...
2025-10-19 19:18:59.808 [info] Got 0 sessions for ...
2025-10-19 19:18:59.808 [info] Getting sessions for all scopes...
2025-10-19 19:18:59.808 [info] Got 0 sessions for ...
2025-10-19 19:18:59.808 [info] Getting sessions for all scopes...
2025-10-19 19:18:59.808 [info] Got 0 sessions for ...
2025-10-19 19:18:59.808 [info] Getting sessions for all scopes...
2025-10-19 19:18:59.808 [info] Got 0 sessions for ...
2025-10-19 19:18:59.808 [info] Getting sessions for all scopes...
2025-10-19 19:18:59.808 [info] Got 0 sessions for ...
2025-10-19 19:18:59.808 [info] Getting sessions for all scopes...
2025-10-19 19:18:59.808 [info] Got 0 sessions for ...
2025-10-19 19:18:59.869 [info] Getting sessions for all scopes...
2025-10-19 19:18:59.869 [info] Got 0 sessions for ...
2025-10-19 19:18:59.869 [info] Getting sessions for all scopes...
2025-10-19 19:18:59.869 [info] Got 0 sessions for ...
2025-10-19 19:18:59.870 [info] Getting sessions for all scopes...
2025-10-19 19:18:59.870 [info] Got 0 sessions for ...
2025-10-19 19:18:59.870 [info] Getting sessions for all scopes...
2025-10-19 19:18:59.870 [info] Got 0 sessions for ...
2025-10-19 19:18:59.870 [info] Getting sessions for all scopes...
2025-10-19 19:18:59.870 [info] Got 0 sessions for ...
2025-10-19 19:18:59.870 [info] Getting sessions for all scopes...
2025-10-19 19:18:59.870 [info] Got 0 sessions for ...
2025-10-19 19:19:00.267 [info] Getting sessions for all scopes...
2025-10-19 19:19:00.267 [info] Got 0 sessions for ...
2025-10-19 19:19:00.936 [info] Getting sessions for all scopes...
2025-10-19 19:19:00.936 [info] Got 0 sessions for ...
2025-10-19 19:19:01.263 [info] Getting sessions for all scopes...
2025-10-19 19:19:01.263 [info] Got 0 sessions for ...
2025-10-19 19:19:01.263 [info] Getting sessions for all scopes...
2025-10-19 19:19:01.263 [info] Got 0 sessions for ...
2025-10-19 19:19:01.264 [info] Getting sessions for all scopes...
2025-10-19 19:19:01.264 [info] Got 0 sessions for ...
