2025-10-12 13:54:50.339 [info] Extension host with pid 41517 started
2025-10-12 13:54:50.339 [info] Skipping acquiring lock for /home/arshan/.config/Code/User/workspaceStorage/76adc4ab3dad05e346d744938a61b3bb.
2025-10-12 13:54:50.502 [info] ExtensionService#_doActivateExtension vscode.github-authentication, startup: false, activationEvent: 'onAuthenticationRequest:github'
2025-10-12 13:54:50.527 [info] ExtensionService#_doActivateExtension vscode.emmet, startup: false, activationEvent: 'onLanguage'
2025-10-12 13:54:50.551 [info] ExtensionService#_doActivateExtension golang.go, startup: false, activationEvent: 'onLanguage:go'
2025-10-12 13:54:50.865 [info] ExtensionService#_doActivateExtension vscode.git-base, startup: true, activationEvent: '*', root cause: vscode.git
2025-10-12 13:54:50.867 [info] ExtensionService#_doActivateExtension icrawl.discord-vscode, startup: true, activationEvent: '*'
2025-10-12 13:54:50.920 [info] ExtensionService#_doActivateExtension vscode.git, startup: true, activationEvent: '*'
2025-10-12 13:54:50.983 [info] ExtensionService#_doActivateExtension vscode.github, startup: true, activationEvent: '*'
2025-10-12 13:54:51.281 [info] Eager extensions activated
2025-10-12 13:54:51.306 [info] ExtensionService#_doActivateExtension vscode.debug-auto-launch, startup: false, activationEvent: 'onStartupFinished'
2025-10-12 13:54:51.308 [info] ExtensionService#_doActivateExtension vscode.merge-conflict, startup: false, activationEvent: 'onStartupFinished'
2025-10-12 13:54:51.324 [info] ExtensionService#_doActivateExtension esbenp.prettier-vscode, startup: false, activationEvent: 'onStartupFinished'
2025-10-12 13:54:51.382 [info] ExtensionService#_doActivateExtension formulahendry.code-runner, startup: false, activationEvent: 'onStartupFinished'
2025-10-12 13:54:51.394 [info] ExtensionService#_doActivateExtension rpinski.shebang-snippets, startup: false, activationEvent: 'onStartupFinished'
2025-10-12 13:54:51.396 [info] ExtensionService#_doActivateExtension zhuangtongfa.material-theme, startup: false, activationEvent: 'onStartupFinished'
2025-10-12 13:55:08.628 [info] ExtensionService#_doActivateExtension vscode.configuration-editing, startup: false, activationEvent: 'onLanguage:jsonc'
2025-10-12 13:55:08.635 [info] ExtensionService#_doActivateExtension vscode.json-language-features, startup: false, activationEvent: 'onLanguage:jsonc'
2025-10-12 13:55:08.680 [info] ExtensionService#_doActivateExtension vscode.typescript-language-features, startup: false, activationEvent: 'onLanguage:jsonc'
2025-10-12 13:56:46.474 [info] ExtensionService#_doActivateExtension talhabalaj.actual-font-changer, startup: false, activationEvent: 'onCommand:font-changer.selectFont'
2025-10-12 13:58:31.899 [info] ExtensionService#_doActivateExtension Catppuccin.catppuccin-vsc, startup: false, activationEvent: 'onStartupFinished'
2025-10-12 13:59:55.745 [info] Extension host terminating: renderer closed the MessagePort
2025-10-12 13:59:55.774 [info] Extension host with pid 41517 exiting with code 0
2025-10-12 13:59:57.003 [info] Extension host with pid 44090 started
2025-10-12 13:59:57.003 [info] Skipping acquiring lock for /home/arshan/.config/Code/User/workspaceStorage/1a559d47fa0d015cf38cef4db9558df6.
2025-10-12 13:59:57.074 [info] ExtensionService#_doActivateExtension vscode.github-authentication, startup: false, activationEvent: 'onAuthenticationRequest:github'
2025-10-12 13:59:57.119 [info] ExtensionService#_doActivateExtension vscode.emmet, startup: false, activationEvent: 'onLanguage'
2025-10-12 13:59:57.200 [info] ExtensionService#_doActivateExtension vscode.git-base, startup: true, activationEvent: '*', root cause: vscode.git
2025-10-12 13:59:57.203 [info] ExtensionService#_doActivateExtension icrawl.discord-vscode, startup: true, activationEvent: '*'
2025-10-12 13:59:57.276 [info] ExtensionService#_doActivateExtension vscode.git, startup: true, activationEvent: '*'
2025-10-12 13:59:57.332 [info] ExtensionService#_doActivateExtension vscode.github, startup: true, activationEvent: '*'
2025-10-12 13:59:57.500 [info] Eager extensions activated
2025-10-12 13:59:57.561 [info] ExtensionService#_doActivateExtension vscode.debug-auto-launch, startup: false, activationEvent: 'onStartupFinished'
2025-10-12 13:59:57.563 [info] ExtensionService#_doActivateExtension vscode.merge-conflict, startup: false, activationEvent: 'onStartupFinished'
2025-10-12 13:59:57.578 [info] ExtensionService#_doActivateExtension Catppuccin.catppuccin-vsc, startup: false, activationEvent: 'onStartupFinished'
2025-10-12 13:59:57.583 [info] ExtensionService#_doActivateExtension esbenp.prettier-vscode, startup: false, activationEvent: 'onStartupFinished'
2025-10-12 13:59:57.645 [info] ExtensionService#_doActivateExtension formulahendry.code-runner, startup: false, activationEvent: 'onStartupFinished'
2025-10-12 13:59:57.658 [info] ExtensionService#_doActivateExtension rpinski.shebang-snippets, startup: false, activationEvent: 'onStartupFinished'
2025-10-12 13:59:57.660 [info] ExtensionService#_doActivateExtension zhuangtongfa.material-theme, startup: false, activationEvent: 'onStartupFinished'
2025-10-12 14:00:25.502 [info] ExtensionService#_doActivateExtension vscode.configuration-editing, startup: false, activationEvent: 'onLanguage:jsonc'
2025-10-12 14:00:25.510 [info] ExtensionService#_doActivateExtension vscode.json-language-features, startup: false, activationEvent: 'onLanguage:jsonc'
2025-10-12 14:00:25.569 [info] ExtensionService#_doActivateExtension vscode.typescript-language-features, startup: false, activationEvent: 'onLanguage:jsonc'
2025-10-12 14:00:43.850 [info] ExtensionService#_doActivateExtension vscode.terminal-suggest, startup: false, activationEvent: 'onTerminalShellIntegration:*'
2025-10-12 14:03:15.956 [info] ExtensionService#_doActivateExtension golang.go, startup: false, activationEvent: 'onLanguage:go'
2025-10-12 14:26:37.434 [info] ExtensionService#_doActivateExtension ms-python.vscode-pylance, startup: false, activationEvent: 'onMcpCollection:pylanceMcp'
2025-10-12 14:39:08.691 [error] [golang.go] provider FAILED
2025-10-12 14:39:08.693 [error] Error: getting file for InlayHint: context canceled
	at handleResponse (/home/arshan/.vscode/extensions/golang.go-0.50.0/dist/goMain.js:8582:40)
	at handleMessage (/home/arshan/.vscode/extensions/golang.go-0.50.0/dist/goMain.js:8392:11)
	at processMessageQueue (/home/arshan/.vscode/extensions/golang.go-0.50.0/dist/goMain.js:8407:13)
	at Immediate.<anonymous> (/home/arshan/.vscode/extensions/golang.go-0.50.0/dist/goMain.js:8383:11)
	at process.processImmediate (node:internal/timers:485:21)
2025-10-12 14:44:27.095 [info] ExtensionService#_doActivateExtension vscode.npm, startup: false, activationEvent: 'onTerminalQuickFixRequest:ms-vscode.npm-command'
2025-10-12 14:47:03.681 [info] Extension host terminating: renderer closed the MessagePort
2025-10-12 14:47:03.716 [info] Extension host with pid 44090 exiting with code 0
