2025-10-15 18:33:19.445 [info] Native locator: Refresh started
2025-10-15 18:33:19.472 [info] Native locator: Refresh started
2025-10-15 18:33:19.472 [info] Native locator: Refresh started
2025-10-15 18:33:19.617 [info] Native locator: Refresh finished in 248 ms
2025-10-15 18:33:19.622 [info] > pyenv which python
2025-10-15 18:33:19.622 [info] cwd: .
2025-10-15 18:33:19.646 [info] Python interpreter path: /usr/bin/python
2025-10-15 18:33:20.538 [info] Discover tests for workspace name: omni - uri: /home/arshan/Code/omni/g.py
2025-10-15 18:33:20.565 [info] Starting Pylance language server.
2025-10-15 18:33:24.059 [info] Discover tests for workspace name: omni - uri: /home/arshan/Code/omni/g.py
2025-10-15 18:33:25.697 [info] Discover tests for workspace name: omni - uri: /home/arshan/Code/omni/g.py
2025-10-15 18:33:40.363 [info] Discover tests for workspace name: omni - uri: /home/arshan/Code/omni/g.py
2025-10-15 18:38:50.962 [info] Native locator: Refresh started
2025-10-15 18:38:51.070 [info] Native locator: Refresh started
2025-10-15 18:38:51.272 [info] > pyenv which python
2025-10-15 18:38:51.272 [info] cwd: .
2025-10-15 18:38:51.317 [info] Native locator: Refresh finished in 658 ms
2025-10-15 18:38:51.321 [info] Python interpreter path: /usr/bin/python
2025-10-15 18:38:52.734 [info] Starting Pylance language server.
2025-10-15 18:40:42.678 [info] Discover tests for workspace name: omni - uri: /home/arshan/Code/omni
2025-10-15 18:41:23.821 [info] Discover tests for workspace name: undefined - uri: /home/arshan/.config/Code/User/settings.json
