2025-10-15 18:33:19.445 [info] Starting Python Locator /home/arshan/.vscode/extensions/ms-python.python-2025.16.0-linux-x64/python-env-tools/bin/pet server
2025-10-15 18:33:19.584 [info] Discovered env: /usr/bin/python
2025-10-15 18:33:19.587 [info] Discovered env: /bin/python
2025-10-15 18:33:19.589 [info] Env ("/sbin/python") in Path resolved as ResolvedPythonEnv { executable: "/sbin/python", prefix: "/usr", version: "3.13.7.final.0", is64_bit: true, symlinks: Some(["/sbin/python"]) } and reported as Some(GlobalPaths)
2025-10-15 18:33:19.589 [info] Discovered env: /sbin/python
2025-10-15 18:33:19.589 [info] Env ("/usr/sbin/python") in Path resolved as ResolvedPythonEnv { executable: "/usr/sbin/python", prefix: "/usr", version: "3.13.7.final.0", is64_bit: true, symlinks: Some(["/usr/sbin/python"]) } and reported as Some(GlobalPaths)
2025-10-15 18:33:19.589 [info] Discovered env: /usr/sbin/python
2025-10-15 18:33:19.590 [info] Env ("/sbin/python3") in Path resolved as ResolvedPythonEnv { executable: "/sbin/python3", prefix: "/usr", version: "3.13.7.final.0", is64_bit: true, symlinks: Some(["/sbin/python3"]) } and reported as Some(GlobalPaths)
2025-10-15 18:33:19.590 [info] Discovered env: /sbin/python3
2025-10-15 18:33:19.590 [info] Env ("/usr/sbin/python3") in Path resolved as ResolvedPythonEnv { executable: "/usr/sbin/python3", prefix: "/usr", version: "3.13.7.final.0", is64_bit: true, symlinks: Some(["/usr/sbin/python3"]) } and reported as Some(GlobalPaths)
2025-10-15 18:33:19.590 [info] Discovered env: /usr/sbin/python3
2025-10-15 18:33:19.616 [info] Env ("/sbin/python3.13") in Path resolved as ResolvedPythonEnv { executable: "/sbin/python3.13", prefix: "/usr", version: "3.13.7.final.0", is64_bit: true, symlinks: Some(["/sbin/python3.13"]) } and reported as Some(GlobalPaths)
2025-10-15 18:33:19.616 [info] Discovered env: /sbin/python3.13
2025-10-15 18:33:19.616 [info] Env ("/usr/sbin/python3.13") in Path resolved as ResolvedPythonEnv { executable: "/usr/sbin/python3.13", prefix: "/usr", version: "3.13.7.final.0", is64_bit: true, symlinks: Some(["/usr/sbin/python3.13"]) } and reported as Some(GlobalPaths)
2025-10-15 18:33:19.616 [info] Discovered env: /usr/sbin/python3.13
2025-10-15 18:33:19.616 [info] Locator Conda took 130.620887ms
2025-10-15 18:33:19.616 [info] Locator Homebrew took 225.837µs
2025-10-15 18:33:19.616 [info] Locator LinuxGlobal took 143.031846ms
2025-10-15 18:33:19.616 [info] Locator PipEnv took 91.825µs
2025-10-15 18:33:19.616 [info] Locator Pixi took 20.952µs
2025-10-15 18:33:19.616 [info] Locator Poetry took 498.119µs
2025-10-15 18:33:19.616 [info] Locator PyEnv took 530.49µs
2025-10-15 18:33:19.616 [info] Locator Venv took 15.552µs
2025-10-15 18:33:19.616 [info] Locator VirtualEnv took 14.888µs
2025-10-15 18:33:19.616 [info] Locator VirtualEnvWrapper took 46.161µs
2025-10-15 18:33:19.616 [info] Locator GlobalVirtualEnvs took 318.145µs
2025-10-15 18:33:19.616 [info] Locator Locators took 145.880437ms
2025-10-15 18:33:19.616 [info] Locator Path took 227.757599ms
2025-10-15 18:33:19.616 [info] Locator Workspaces took 717.021µs
2025-10-15 18:33:19.616 [info] Refresh completed in 227ms
2025-10-15 18:33:19.644 [info] Resolved Python Environment /usr/bin/python
2025-10-15 18:34:46.271 [info] Resolved Python Environment /usr/bin/python
2025-10-15 18:35:30.365 [info] Resolved Python Environment /usr/bin/python
2025-10-15 18:38:04.863 [info] Resolved Python Environment /usr/bin/python
2025-10-15 18:38:50.962 [info] Starting Python Locator /home/arshan/.vscode/extensions/ms-python.python-2025.16.0-linux-x64/python-env-tools/bin/pet server
2025-10-15 18:38:51.308 [info] Discovered env: /bin/python
2025-10-15 18:38:51.311 [info] Discovered env: /usr/bin/python
2025-10-15 18:38:51.312 [info] Env ("/sbin/python") in Path resolved as ResolvedPythonEnv { executable: "/sbin/python", prefix: "/usr", version: "3.13.7.final.0", is64_bit: true, symlinks: Some(["/sbin/python"]) } and reported as Some(GlobalPaths)
2025-10-15 18:38:51.312 [info] Discovered env: /sbin/python
2025-10-15 18:38:51.313 [info] Env ("/usr/sbin/python") in Path resolved as ResolvedPythonEnv { executable: "/usr/sbin/python", prefix: "/usr", version: "3.13.7.final.0", is64_bit: true, symlinks: Some(["/usr/sbin/python"]) } and reported as Some(GlobalPaths)
2025-10-15 18:38:51.313 [info] Discovered env: /usr/sbin/python
2025-10-15 18:38:51.313 [info] Env ("/usr/sbin/python3") in Path resolved as ResolvedPythonEnv { executable: "/usr/sbin/python3", prefix: "/usr", version: "3.13.7.final.0", is64_bit: true, symlinks: Some(["/usr/sbin/python3"]) } and reported as Some(GlobalPaths)
2025-10-15 18:38:51.313 [info] Discovered env: /usr/sbin/python3
2025-10-15 18:38:51.314 [info] Env ("/sbin/python3") in Path resolved as ResolvedPythonEnv { executable: "/sbin/python3", prefix: "/usr", version: "3.13.7.final.0", is64_bit: true, symlinks: Some(["/sbin/python3"]) } and reported as Some(GlobalPaths)
2025-10-15 18:38:51.314 [info] Discovered env: /sbin/python3
2025-10-15 18:38:51.314 [info] Env ("/sbin/python3.13") in Path resolved as ResolvedPythonEnv { executable: "/sbin/python3.13", prefix: "/usr", version: "3.13.7.final.0", is64_bit: true, symlinks: Some(["/sbin/python3.13"]) } and reported as Some(GlobalPaths)
2025-10-15 18:38:51.314 [info] Discovered env: /sbin/python3.13
2025-10-15 18:38:51.315 [info] Env ("/usr/sbin/python3.13") in Path resolved as ResolvedPythonEnv { executable: "/usr/sbin/python3.13", prefix: "/usr", version: "3.13.7.final.0", is64_bit: true, symlinks: Some(["/usr/sbin/python3.13"]) } and reported as Some(GlobalPaths)
2025-10-15 18:38:51.315 [info] Discovered env: /usr/sbin/python3.13
2025-10-15 18:38:51.315 [info] Locator Conda took 156.349957ms
2025-10-15 18:38:51.315 [info] Locator Homebrew took 466.541µs
2025-10-15 18:38:51.315 [info] Locator LinuxGlobal took 141.365767ms
2025-10-15 18:38:51.315 [info] Locator PipEnv took 62.235µs
2025-10-15 18:38:51.315 [info] Locator Pixi took 55.669µs
2025-10-15 18:38:51.315 [info] Locator Poetry took 545.53µs
2025-10-15 18:38:51.315 [info] Locator PyEnv took 510.014µs
2025-10-15 18:38:51.315 [info] Locator Venv took 48.911µs
2025-10-15 18:38:51.315 [info] Locator VirtualEnv took 103.714µs
2025-10-15 18:38:51.316 [info] Locator VirtualEnvWrapper took 93.798µs
2025-10-15 18:38:51.316 [info] Locator GlobalVirtualEnvs took 315.753µs
2025-10-15 18:38:51.316 [info] Locator Locators took 156.512224ms
2025-10-15 18:38:51.316 [info] Locator Path took 229.468159ms
2025-10-15 18:38:51.316 [info] Locator Workspaces took 1.059476ms
2025-10-15 18:38:51.316 [info] Refresh completed in 229ms
2025-10-15 18:38:51.320 [info] Resolved Python Environment /usr/bin/python
2025-10-15 18:40:42.678 [info] Resolved Python Environment /usr/bin/python
