2025-10-15 18:10:25.312 [info] Extension host with pid 15576 started
2025-10-15 18:10:25.312 [info] Skipping acquiring lock for /home/arshan/.config/Code/User/workspaceStorage/1a559d47fa0d015cf38cef4db9558df6.
2025-10-15 18:10:25.606 [info] ExtensionService#_doActivateExtension vscode.github-authentication, startup: false, activationEvent: 'onAuthenticationRequest:github'
2025-10-15 18:10:25.627 [info] ExtensionService#_doActivateExtension vscode.emmet, startup: false, activationEvent: 'onLanguage'
2025-10-15 18:10:25.642 [info] ExtensionService#_doActivateExtension golang.go, startup: false, activationEvent: 'onLanguage:go'
2025-10-15 18:10:25.802 [info] ExtensionService#_doActivateExtension vscode.terminal-suggest, startup: false, activationEvent: 'onTerminalShellIntegration:*'
2025-10-15 18:10:26.006 [info] ExtensionService#_doActivateExtension vscode.git-base, startup: true, activationEvent: '*', root cause: vscode.git
2025-10-15 18:10:26.009 [info] ExtensionService#_doActivateExtension icrawl.discord-vscode, startup: true, activationEvent: '*'
2025-10-15 18:10:26.097 [info] ExtensionService#_doActivateExtension vscode.git, startup: true, activationEvent: '*'
2025-10-15 18:10:26.153 [info] ExtensionService#_doActivateExtension vscode.github, startup: true, activationEvent: '*'
2025-10-15 18:10:26.331 [info] Eager extensions activated
2025-10-15 18:10:26.405 [info] ExtensionService#_doActivateExtension vscode.debug-auto-launch, startup: false, activationEvent: 'onStartupFinished'
2025-10-15 18:10:26.407 [info] ExtensionService#_doActivateExtension vscode.merge-conflict, startup: false, activationEvent: 'onStartupFinished'
2025-10-15 18:10:26.423 [info] ExtensionService#_doActivateExtension Catppuccin.catppuccin-vsc, startup: false, activationEvent: 'onStartupFinished'
2025-10-15 18:10:26.426 [info] ExtensionService#_doActivateExtension esbenp.prettier-vscode, startup: false, activationEvent: 'onStartupFinished'
2025-10-15 18:10:26.491 [info] ExtensionService#_doActivateExtension formulahendry.code-runner, startup: false, activationEvent: 'onStartupFinished'
2025-10-15 18:10:26.506 [info] ExtensionService#_doActivateExtension rpinski.shebang-snippets, startup: false, activationEvent: 'onStartupFinished'
2025-10-15 18:10:26.508 [info] ExtensionService#_doActivateExtension zhuangtongfa.material-theme, startup: false, activationEvent: 'onStartupFinished'
2025-10-15 18:15:02.954 [error] [golang.go] provider FAILED
2025-10-15 18:15:02.956 [error] Error: getting file for InlayHint: context canceled
	at handleResponse (/home/arshan/.vscode/extensions/golang.go-0.50.0/dist/goMain.js:8582:40)
	at handleMessage (/home/arshan/.vscode/extensions/golang.go-0.50.0/dist/goMain.js:8392:11)
	at processMessageQueue (/home/arshan/.vscode/extensions/golang.go-0.50.0/dist/goMain.js:8407:13)
	at Immediate.<anonymous> (/home/arshan/.vscode/extensions/golang.go-0.50.0/dist/goMain.js:8383:11)
	at process.processImmediate (node:internal/timers:485:21)
2025-10-15 18:15:21.923 [error] [golang.go] provider FAILED
2025-10-15 18:15:21.923 [error] Error: no package data for import "github.com/fatih/color"
	at handleResponse (/home/arshan/.vscode/extensions/golang.go-0.50.0/dist/goMain.js:8582:40)
	at handleMessage (/home/arshan/.vscode/extensions/golang.go-0.50.0/dist/goMain.js:8392:11)
	at processMessageQueue (/home/arshan/.vscode/extensions/golang.go-0.50.0/dist/goMain.js:8407:13)
	at Immediate.<anonymous> (/home/arshan/.vscode/extensions/golang.go-0.50.0/dist/goMain.js:8383:11)
	at process.processImmediate (node:internal/timers:485:21)
2025-10-15 18:15:22.496 [error] [golang.go] provider FAILED
2025-10-15 18:15:22.496 [error] Error: no package data for import "github.com/faith/color"
	at handleResponse (/home/arshan/.vscode/extensions/golang.go-0.50.0/dist/goMain.js:8582:40)
	at handleMessage (/home/arshan/.vscode/extensions/golang.go-0.50.0/dist/goMain.js:8392:11)
	at processMessageQueue (/home/arshan/.vscode/extensions/golang.go-0.50.0/dist/goMain.js:8407:13)
	at Immediate.<anonymous> (/home/arshan/.vscode/extensions/golang.go-0.50.0/dist/goMain.js:8383:11)
	at process.processImmediate (node:internal/timers:485:21)
2025-10-15 18:15:23.868 [error] [golang.go] provider FAILED
2025-10-15 18:15:23.868 [error] Error: no package data for import "github.com/fatih/color"
	at handleResponse (/home/arshan/.vscode/extensions/golang.go-0.50.0/dist/goMain.js:8582:40)
	at handleMessage (/home/arshan/.vscode/extensions/golang.go-0.50.0/dist/goMain.js:8392:11)
	at processMessageQueue (/home/arshan/.vscode/extensions/golang.go-0.50.0/dist/goMain.js:8407:13)
	at Immediate.<anonymous> (/home/arshan/.vscode/extensions/golang.go-0.50.0/dist/goMain.js:8383:11)
	at process.processImmediate (node:internal/timers:485:21)
2025-10-15 18:15:33.340 [error] [golang.go] provider FAILED
2025-10-15 18:15:33.340 [error] Error: no package data for import "github.com/faith/color"
	at handleResponse (/home/arshan/.vscode/extensions/golang.go-0.50.0/dist/goMain.js:8582:40)
	at handleMessage (/home/arshan/.vscode/extensions/golang.go-0.50.0/dist/goMain.js:8392:11)
	at processMessageQueue (/home/arshan/.vscode/extensions/golang.go-0.50.0/dist/goMain.js:8407:13)
	at Immediate.<anonymous> (/home/arshan/.vscode/extensions/golang.go-0.50.0/dist/goMain.js:8383:11)
	at process.processImmediate (node:internal/timers:485:21)
2025-10-15 18:16:41.703 [info] ExtensionService#_doActivateExtension vscode.npm, startup: false, activationEvent: 'onTerminalQuickFixRequest:ms-vscode.npm-command'
2025-10-15 18:17:22.100 [error] [golang.go] provider FAILED
2025-10-15 18:17:22.100 [error] Error: 13:13: expected ';', found '.' (and 1 more errors)
	at handleResponse (/home/arshan/.vscode/extensions/golang.go-0.50.0/dist/goMain.js:8582:40)
	at handleMessage (/home/arshan/.vscode/extensions/golang.go-0.50.0/dist/goMain.js:8392:11)
	at processMessageQueue (/home/arshan/.vscode/extensions/golang.go-0.50.0/dist/goMain.js:8407:13)
	at Immediate.<anonymous> (/home/arshan/.vscode/extensions/golang.go-0.50.0/dist/goMain.js:8383:11)
	at process.processImmediate (node:internal/timers:485:21)
2025-10-15 18:17:23.123 [error] [golang.go] provider FAILED
2025-10-15 18:17:23.123 [error] Error: 13:13: expected ';', found '.' (and 1 more errors)
	at handleResponse (/home/arshan/.vscode/extensions/golang.go-0.50.0/dist/goMain.js:8582:40)
	at handleMessage (/home/arshan/.vscode/extensions/golang.go-0.50.0/dist/goMain.js:8392:11)
	at processMessageQueue (/home/arshan/.vscode/extensions/golang.go-0.50.0/dist/goMain.js:8407:13)
	at Immediate.<anonymous> (/home/arshan/.vscode/extensions/golang.go-0.50.0/dist/goMain.js:8383:11)
	at process.processImmediate (node:internal/timers:485:21)
