2025-10-20 18:34:59.688 [info] [main] Log level: Info
2025-10-20 18:34:59.688 [info] [main] Validating found git in: "git"
2025-10-20 18:34:59.688 [info] [main] Using git "2.51.1.dirty" from "git"
2025-10-20 18:34:59.688 [info] [Model][doInitialScan] Initial repository scan started
2025-10-20 18:34:59.688 [info] > git rev-parse --show-toplevel [31ms]
2025-10-20 18:34:59.688 [info] fatal: not a git repository (or any parent up to mount point /)
Stopping at filesystem boundary (GIT_DISCOVERY_ACROSS_FILESYSTEM not set).
2025-10-20 18:34:59.688 [info] > git rev-parse --show-toplevel [23ms]
2025-10-20 18:34:59.688 [info] fatal: not a git repository (or any parent up to mount point /)
Stopping at filesystem boundary (GIT_DISCOVERY_ACROSS_FILESYSTEM not set).
2025-10-20 18:34:59.688 [info] > git rev-parse --show-toplevel [4ms]
2025-10-20 18:34:59.688 [info] fatal: not a git repository (or any parent up to mount point /)
Stopping at filesystem boundary (GIT_DISCOVERY_ACROSS_FILESYSTEM not set).
2025-10-20 18:34:59.688 [info] > git rev-parse --show-toplevel [2ms]
2025-10-20 18:34:59.688 [info] fatal: not a git repository (or any parent up to mount point /)
Stopping at filesystem boundary (GIT_DISCOVERY_ACROSS_FILESYSTEM not set).
2025-10-20 18:34:59.689 [info] > git rev-parse --show-toplevel [2ms]
2025-10-20 18:34:59.689 [info] fatal: not a git repository (or any parent up to mount point /)
Stopping at filesystem boundary (GIT_DISCOVERY_ACROSS_FILESYSTEM not set).
2025-10-20 18:34:59.697 [info] > git rev-parse --show-toplevel [4ms]
2025-10-20 18:34:59.697 [info] fatal: not a git repository (or any parent up to mount point /)
Stopping at filesystem boundary (GIT_DISCOVERY_ACROSS_FILESYSTEM not set).
2025-10-20 18:34:59.702 [info] > git rev-parse --show-toplevel [1ms]
2025-10-20 18:34:59.702 [info] fatal: not a git repository (or any parent up to mount point /)
Stopping at filesystem boundary (GIT_DISCOVERY_ACROSS_FILESYSTEM not set).
2025-10-20 18:34:59.704 [info] [Model][doInitialScan] Initial repository scan completed - repositories (0), closed repositories (0), parent repositories (0), unsafe repositories (0)
2025-10-20 18:34:59.865 [info] > git rev-parse --show-toplevel [3ms]
2025-10-20 18:34:59.865 [info] fatal: not a git repository (or any parent up to mount point /)
Stopping at filesystem boundary (GIT_DISCOVERY_ACROSS_FILESYSTEM not set).
2025-10-20 18:35:00.068 [info] > git rev-parse --show-toplevel [0ms]
2025-10-20 18:35:00.068 [info] fatal: not a git repository (or any parent up to mount point /)
Stopping at filesystem boundary (GIT_DISCOVERY_ACROSS_FILESYSTEM not set).
2025-10-20 18:35:00.182 [info] > git rev-parse --show-toplevel [1ms]
2025-10-20 18:35:00.182 [info] fatal: not a git repository (or any parent up to mount point /)
Stopping at filesystem boundary (GIT_DISCOVERY_ACROSS_FILESYSTEM not set).
2025-10-20 18:35:00.228 [info] > git rev-parse --show-toplevel [2ms]
2025-10-20 18:35:00.228 [info] fatal: not a git repository (or any parent up to mount point /)
Stopping at filesystem boundary (GIT_DISCOVERY_ACROSS_FILESYSTEM not set).
