[Info  - 19:12:07] 2025/10/19 19:12:07 Created View (#1)
	directory=/home/arshan/Code/scripts
	view_type="AdHoc"
	root_dir="file:///home/arshan/Code/scripts"
	go_version="go version go1.25.2 linux/amd64"
	build_flags=[]
	env={GOOS:linux GOARCH:amd64 GOCACHE:/home/arshan/.cache/go-build GOMODCACHE:/home/arshan/go/pkg/mod GOPATH:/home/arshan/go GOPRIVATE: GOFLAGS: GO111MODULE: GOTOOLCHAIN:auto GOROOT:/usr/lib/go GoVersion:25 GoVersionOutput:go version go1.25.2 linux/amd64
 ExplicitGOWORK: EffectiveGOPACKAGESDRIVER:}
	env_overlay=[]

[Info  - 19:12:07] 2025/10/19 19:12:07 go/packages.Load #1
	view_id="1"
	snapshot=0
	directory=/home/arshan/Code/scripts
	query=[./ builtin]
	packages=2
	duration=45.437331ms

[Info  - 19:12:08] 2025/10/19 19:12:08 Created View (#2)
	directory=/home/arshan/Code/scripts
	view_type="AdHoc"
	root_dir="file:///home/arshan/Code/scripts/ilyt"
	go_version="go version go1.25.2 linux/amd64"
	build_flags=[]
	env={GOOS:linux GOARCH:amd64 GOCACHE:/home/arshan/.cache/go-build GOMODCACHE:/home/arshan/go/pkg/mod GOPATH:/home/arshan/go GOPRIVATE: GOFLAGS: GO111MODULE: GOTOOLCHAIN:auto GOROOT:/usr/lib/go GoVersion:25 GoVersionOutput:go version go1.25.2 linux/amd64
 ExplicitGOWORK: EffectiveGOPACKAGESDRIVER:}
	env_overlay=[]

[Info  - 19:12:08] 2025/10/19 19:12:08 go/packages.Load #2
	view_id="2"
	snapshot=0
	directory=/home/arshan/Code/scripts
	query=[./ builtin]
	packages=2
	duration=118.519612ms

[Info  - 19:12:37] 2025/10/19 19:12:37 background imports cache refresh starting

[Info  - 19:12:37] 2025/10/19 19:12:37 background refresh finished after 2.785196ms

[Info  - 19:12:38] 2025/10/19 19:12:38 background imports cache refresh starting

[Info  - 19:12:38] 2025/10/19 19:12:38 background refresh finished after 2.381697ms

[Info  - 19:13:42] 2025/10/19 19:13:42 go/packages.Load #3
	view_id="1"
	snapshot=4
	directory=/home/arshan/Code/scripts
	query=[file=/home/arshan/Code/scripts/looper.go]
	packages=1
	duration=11.494238ms

[Info  - 19:13:42] 2025/10/19 19:13:42 go/packages.Load #4
	view_id="1"
	snapshot=6
	directory=/home/arshan/Code/scripts
	query=[file=/home/arshan/Code/scripts/looper.go]
	packages=1
	duration=12.394474ms

[Info  - 19:13:45] 2025/10/19 19:13:45 go/packages.Load #5
	view_id="1"
	snapshot=10
	directory=/home/arshan/Code/scripts
	query=[file=/home/arshan/Code/scripts/looper.go]
	packages=1
	duration=14.471237ms

[Info  - 19:13:45] 2025/10/19 19:13:45 go/packages.Load #6
	view_id="1"
	snapshot=10
	directory=/home/arshan/Code/scripts
	query=[file=/home/arshan/Code/scripts/looper.go]
	packages=1
	duration=9.931412ms

[Info  - 19:13:45] 2025/10/19 19:13:45 go/packages.Load #7
	view_id="1"
	snapshot=11
	directory=/home/arshan/Code/scripts
	query=[file=/home/arshan/Code/scripts/looper.go]
	packages=1
	duration=11.84569ms

[Info  - 19:13:45] 2025/10/19 19:13:45 go/packages.Load #8
	view_id="1"
	snapshot=12
	directory=/home/arshan/Code/scripts
	query=[file=/home/arshan/Code/scripts/looper.go]
	packages=1
	duration=11.44621ms

[Info  - 19:13:46] 2025/10/19 19:13:46 go/packages.Load #9
	view_id="1"
	snapshot=13
	directory=/home/arshan/Code/scripts
	query=[file=/home/arshan/Code/scripts/looper.go]
	packages=1
	duration=12.009592ms

[Info  - 19:13:46] 2025/10/19 19:13:46 go/packages.Load #10
	view_id="1"
	snapshot=13
	directory=/home/arshan/Code/scripts
	query=[file=/home/arshan/Code/scripts/looper.go]
	packages=1
	duration=11.513592ms

[Info  - 19:13:46] 2025/10/19 19:13:46 go/packages.Load #11
	view_id="1"
	snapshot=14
	directory=/home/arshan/Code/scripts
	query=[file=/home/arshan/Code/scripts/looper.go]
	packages=1
	duration=13.359464ms

[Info  - 19:13:46] 2025/10/19 19:13:46 go/packages.Load #12
	view_id="1"
	snapshot=14
	directory=/home/arshan/Code/scripts
	query=[file=/home/arshan/Code/scripts/looper.go]
	packages=1
	duration=13.111679ms

[Info  - 19:13:46] 2025/10/19 19:13:46 go/packages.Load #14
	view_id="1"
	snapshot=15
	directory=/home/arshan/Code/scripts
	query=[file=/home/arshan/Code/scripts/looper.go]
	packages=1
	duration=34.075556ms

[Info  - 19:13:46] 2025/10/19 19:13:46 go/packages.Load #13
	view_id="1"
	snapshot=15
	directory=/home/arshan/Code/scripts
	query=[file=/home/arshan/Code/scripts/looper.go]
	packages=1
	duration=35.154076ms

[Info  - 19:13:49] 2025/10/19 19:13:49 go/packages.Load #15
	view_id="1"
	snapshot=27
	directory=/home/arshan/Code/scripts
	query=[file=/home/arshan/Code/scripts/looper.go]
	packages=1
	duration=31.873746ms

[Info  - 19:13:49] 2025/10/19 19:13:49 go/packages.Load #16
	view_id="1"
	snapshot=27
	directory=/home/arshan/Code/scripts
	query=[file=/home/arshan/Code/scripts/looper.go]
	packages=1
	duration=30.942667ms

[Info  - 19:13:50] 2025/10/19 19:13:50 go/packages.Load #17
	view_id="1"
	snapshot=29
	directory=/home/arshan/Code/scripts
	query=[file=/home/arshan/Code/scripts/looper.go]
	packages=1
	duration=30.458668ms

[Info  - 19:13:50] 2025/10/19 19:13:50 go/packages.Load #18
	view_id="1"
	snapshot=29
	directory=/home/arshan/Code/scripts
	query=[file=/home/arshan/Code/scripts/looper.go]
	packages=1
	duration=29.200604ms

[Error - 19:13:50] 2025/10/19 19:13:50 unable to compute deps errors: stat : no such file or directory
	package="command-line-arguments/home/arshan/Code/scripts/looper.go"

[Info  - 19:13:50] 2025/10/19 19:13:50 go/packages.Load #19
	view_id="1"
	snapshot=30
	directory=/home/arshan/Code/scripts
	query=[file=/home/arshan/Code/scripts/looper.go]
	packages=1
	duration=31.002846ms

[Error - 19:13:50] Request textDocument/inlayHint failed.
  Message: getting file for InlayHint: context canceled
  Code: 0 
[Info  - 19:13:50] 2025/10/19 19:13:50 go/packages.Load #21
	view_id="1"
	snapshot=31
	directory=/home/arshan/Code/scripts
	query=[file=/home/arshan/Code/scripts/looper.go]
	packages=1
	duration=50.774629ms

[Info  - 19:13:50] 2025/10/19 19:13:50 go/packages.Load #22
	view_id="1"
	snapshot=31
	directory=/home/arshan/Code/scripts
	query=[file=/home/arshan/Code/scripts/looper.go]
	packages=1
	duration=52.012401ms

[Info  - 19:13:54] 2025/10/19 19:13:54 go/packages.Load #23
	view_id="1"
	snapshot=44
	directory=/home/arshan/Code/scripts
	query=[file=/home/arshan/Code/scripts/looper.go]
	packages=1
	duration=50.676473ms

[Info  - 19:13:54] 2025/10/19 19:13:54 go/packages.Load #24
	view_id="1"
	snapshot=44
	directory=/home/arshan/Code/scripts
	query=[file=/home/arshan/Code/scripts/looper.go]
	packages=1
	duration=49.945259ms

[Info  - 19:14:15] 2025/10/19 19:14:15 background imports cache refresh starting

[Info  - 19:14:15] 2025/10/19 19:14:15 background refresh finished after 49.16µs

