[Info  - 18:38:51] 2025/10/15 18:38:51 Created View (#1)
	directory=/home/arshan/Code/omni
	view_type="GoMod"
	root_dir="file:///home/arshan/Code/omni"
	go_version="go version go1.25.1 linux/amd64"
	build_flags=[]
	env={GOOS:linux GOARCH:amd64 GOCACHE:/home/arshan/.cache/go-build GOMODCACHE:/home/arshan/go/pkg/mod GOPATH:/home/arshan/go GOPRIVATE: GOFLAGS: GO111MODULE: GOTOOLCHAIN:auto GOROOT:/usr/lib/go GoVersion:25 GoVersionOutput:go version go1.25.1 linux/amd64
 ExplicitGOWORK: EffectiveGOPACKAGESDRIVER:}
	env_overlay=[]

[Info  - 18:38:51] 2025/10/15 18:38:51 go/packages.Load #1
	view_id="1"
	snapshot=0
	directory=/home/arshan/Code/omni
	query=[/home/arshan/Code/omni/... builtin]
	packages=2
	duration=48.904563ms

[Info  - 18:39:21] 2025/10/15 18:39:21 background imports cache refresh starting

[Info  - 18:39:21] 2025/10/15 18:39:21 background refresh finished after 33.502942ms

[Info  - 18:41:26] 2025/10/15 18:41:26 Shutdown session
	shutdown_session=1

