[19/10/2025 10:53:03 - INFO] Discord Presence activated
[19/10/2025 10:53:03 - INFO] Creating discord-rpc client
[19/10/2025 10:53:03 - INFO] Successfully connected to Discord
[19/10/2025 10:53:03 - DEBUG] Loading git extension
[19/10/2025 10:53:03 - TRACE] Git extension not activated, activating...
[19/10/2025 10:53:03 - DEBUG] Loading git extension
[19/10/2025 10:53:03 - TRACE] Git extension not activated, activating...
[19/10/2025 10:53:03 - TRACE] VSCode language id: go
[19/10/2025 10:57:07 - TRACE] VSCode language id: go
[19/10/2025 10:57:47 - TRACE] VSCode language id: go
[19/10/2025 10:57:49 - TRACE] VSCode language id: go
[19/10/2025 10:57:51 - TRACE] VSCode language id: go
[19/10/2025 10:57:53 - TRACE] VSCode language id: go
[19/10/2025 10:57:55 - TRACE] VSCode language id: go
[19/10/2025 10:57:58 - TRACE] VSCode language id: go
[19/10/2025 10:58:04 - TRACE] VSCode language id: go
[19/10/2025 10:58:06 - TRACE] VSCode language id: go
[19/10/2025 10:58:09 - TRACE] VSCode language id: go
[19/10/2025 10:58:10 - TRACE] VSCode language id: go
[19/10/2025 10:58:12 - TRACE] VSCode language id: go
[19/10/2025 10:58:14 - TRACE] VSCode language id: go
[19/10/2025 10:58:16 - TRACE] VSCode language id: go
[19/10/2025 10:58:18 - TRACE] VSCode language id: go
[19/10/2025 10:58:29 - TRACE] VSCode language id: go
[19/10/2025 10:58:31 - TRACE] VSCode language id: go
[19/10/2025 10:58:34 - TRACE] VSCode language id: go
[19/10/2025 10:58:35 - TRACE] VSCode language id: go
[19/10/2025 10:58:37 - TRACE] VSCode language id: go
[19/10/2025 10:58:39 - TRACE] VSCode language id: go
[19/10/2025 10:58:41 - TRACE] VSCode language id: go
[19/10/2025 10:58:43 - TRACE] VSCode language id: go
[19/10/2025 10:58:45 - TRACE] VSCode language id: go
[19/10/2025 10:58:47 - TRACE] VSCode language id: go
[19/10/2025 10:58:49 - TRACE] VSCode language id: go
[19/10/2025 10:58:51 - TRACE] VSCode language id: go
[19/10/2025 10:58:53 - TRACE] VSCode language id: go
[19/10/2025 10:58:56 - TRACE] VSCode language id: go
[19/10/2025 10:58:58 - TRACE] VSCode language id: go
[19/10/2025 10:59:00 - TRACE] VSCode language id: go
[19/10/2025 10:59:01 - TRACE] VSCode language id: go
[19/10/2025 10:59:03 - TRACE] VSCode language id: go
[19/10/2025 10:59:06 - TRACE] VSCode language id: go
[19/10/2025 10:59:08 - TRACE] VSCode language id: go
[19/10/2025 10:59:10 - TRACE] VSCode language id: go
[19/10/2025 10:59:12 - TRACE] VSCode language id: go
[19/10/2025 10:59:14 - TRACE] VSCode language id: go
[19/10/2025 10:59:16 - TRACE] VSCode language id: go
[19/10/2025 10:59:18 - TRACE] VSCode language id: go
[19/10/2025 10:59:21 - TRACE] VSCode language id: go
[19/10/2025 10:59:23 - TRACE] VSCode language id: go
[19/10/2025 10:59:25 - TRACE] VSCode language id: go
[19/10/2025 10:59:28 - TRACE] VSCode language id: go
[19/10/2025 10:59:30 - TRACE] VSCode language id: go
[19/10/2025 10:59:32 - TRACE] VSCode language id: go
[19/10/2025 10:59:39 - TRACE] VSCode language id: go
[19/10/2025 10:59:41 - TRACE] VSCode language id: go
[19/10/2025 10:59:43 - TRACE] VSCode language id: go
[19/10/2025 10:59:45 - TRACE] VSCode language id: go
[19/10/2025 10:59:46 - TRACE] VSCode language id: go
[19/10/2025 10:59:48 - TRACE] VSCode language id: go
[19/10/2025 10:59:50 - TRACE] VSCode language id: go
[19/10/2025 10:59:52 - TRACE] VSCode language id: go
[19/10/2025 10:59:54 - TRACE] VSCode language id: go
[19/10/2025 10:59:56 - TRACE] VSCode language id: go
[19/10/2025 10:59:58 - TRACE] VSCode language id: go
[19/10/2025 11:00:37 - TRACE] VSCode language id: go
[19/10/2025 11:00:39 - TRACE] VSCode language id: go
[19/10/2025 11:00:41 - TRACE] VSCode language id: go
[19/10/2025 11:00:43 - TRACE] VSCode language id: go
[19/10/2025 11:00:45 - TRACE] VSCode language id: go
[19/10/2025 11:00:47 - TRACE] VSCode language id: go
[19/10/2025 11:00:49 - TRACE] VSCode language id: go
[19/10/2025 11:00:51 - TRACE] VSCode language id: go
[19/10/2025 11:00:53 - TRACE] VSCode language id: go
[19/10/2025 11:00:56 - TRACE] VSCode language id: go
[19/10/2025 11:01:01 - TRACE] VSCode language id: markdown
[19/10/2025 11:01:02 - TRACE] VSCode language id: markdown
[19/10/2025 11:01:04 - TRACE] VSCode language id: markdown
[19/10/2025 11:01:06 - TRACE] VSCode language id: markdown
[19/10/2025 11:01:08 - TRACE] VSCode language id: markdown
[19/10/2025 11:01:10 - TRACE] VSCode language id: markdown
[19/10/2025 11:01:12 - TRACE] VSCode language id: markdown
[19/10/2025 11:01:14 - TRACE] VSCode language id: markdown
[19/10/2025 11:01:16 - TRACE] VSCode language id: markdown
[19/10/2025 11:01:19 - TRACE] VSCode language id: markdown
[19/10/2025 11:01:23 - TRACE] VSCode language id: markdown
[19/10/2025 11:01:25 - TRACE] VSCode language id: markdown
[19/10/2025 11:01:27 - TRACE] VSCode language id: markdown
[19/10/2025 11:01:37 - TRACE] VSCode language id: markdown
[19/10/2025 11:01:39 - TRACE] VSCode language id: markdown
[19/10/2025 11:01:42 - TRACE] VSCode language id: go
[19/10/2025 11:01:43 - TRACE] VSCode language id: go
[19/10/2025 11:01:45 - TRACE] VSCode language id: go
[19/10/2025 11:01:58 - TRACE] VSCode language id: go
[19/10/2025 11:01:59 - TRACE] VSCode language id: go
[19/10/2025 11:02:01 - TRACE] VSCode language id: go
[19/10/2025 11:02:03 - TRACE] VSCode language id: go
[19/10/2025 11:02:05 - TRACE] VSCode language id: go
[19/10/2025 11:02:07 - TRACE] VSCode language id: go
[19/10/2025 11:02:09 - TRACE] VSCode language id: go
[19/10/2025 11:02:11 - TRACE] VSCode language id: go
[19/10/2025 11:02:13 - TRACE] VSCode language id: go
[19/10/2025 11:02:18 - TRACE] VSCode language id: go
[19/10/2025 11:02:20 - TRACE] VSCode language id: go
[19/10/2025 11:02:21 - TRACE] VSCode language id: go
[19/10/2025 11:02:23 - TRACE] VSCode language id: go
[19/10/2025 11:02:26 - TRACE] VSCode language id: go
[19/10/2025 11:02:28 - TRACE] VSCode language id: go
[19/10/2025 11:02:30 - TRACE] VSCode language id: go
[19/10/2025 11:02:32 - TRACE] VSCode language id: go
[19/10/2025 11:02:55 - TRACE] VSCode language id: go
[19/10/2025 11:02:57 - TRACE] VSCode language id: go
[19/10/2025 11:02:59 - TRACE] VSCode language id: go
[19/10/2025 11:03:01 - TRACE] VSCode language id: go
[19/10/2025 11:03:03 - TRACE] VSCode language id: go
[19/10/2025 11:03:05 - TRACE] VSCode language id: go
[19/10/2025 11:03:07 - TRACE] VSCode language id: go
[19/10/2025 11:03:09 - TRACE] VSCode language id: go
[19/10/2025 11:03:15 - TRACE] VSCode language id: go
[19/10/2025 11:03:17 - TRACE] VSCode language id: go
[19/10/2025 11:03:19 - TRACE] VSCode language id: go
[19/10/2025 11:03:21 - TRACE] VSCode language id: go
[19/10/2025 11:03:23 - TRACE] VSCode language id: go
[19/10/2025 11:03:26 - TRACE] VSCode language id: go
[19/10/2025 11:03:27 - TRACE] VSCode language id: go
[19/10/2025 11:03:29 - TRACE] VSCode language id: go
[19/10/2025 11:03:33 - TRACE] VSCode language id: go
[19/10/2025 11:03:35 - TRACE] VSCode language id: go
[19/10/2025 11:03:37 - TRACE] VSCode language id: go
[19/10/2025 11:03:39 - TRACE] VSCode language id: go
[19/10/2025 11:03:41 - TRACE] VSCode language id: go
[19/10/2025 11:03:43 - TRACE] VSCode language id: go
[19/10/2025 11:03:46 - TRACE] VSCode language id: go
[19/10/2025 11:03:48 - TRACE] VSCode language id: go
[19/10/2025 11:03:54 - TRACE] VSCode language id: go
[19/10/2025 11:03:56 - TRACE] VSCode language id: go
[19/10/2025 11:03:59 - TRACE] VSCode language id: go
[19/10/2025 11:04:01 - TRACE] VSCode language id: go
[19/10/2025 11:04:03 - TRACE] VSCode language id: go
[19/10/2025 11:04:05 - TRACE] VSCode language id: go
[19/10/2025 11:04:07 - TRACE] VSCode language id: go
[19/10/2025 11:04:09 - TRACE] VSCode language id: go
[19/10/2025 11:04:11 - TRACE] VSCode language id: go
[19/10/2025 11:04:14 - TRACE] VSCode language id: go
[19/10/2025 11:04:16 - TRACE] VSCode language id: go
[19/10/2025 11:04:18 - TRACE] VSCode language id: go
[19/10/2025 11:04:21 - TRACE] VSCode language id: go
[19/10/2025 11:04:23 - TRACE] VSCode language id: go
[19/10/2025 11:04:25 - TRACE] VSCode language id: go
[19/10/2025 11:04:27 - TRACE] VSCode language id: go
[19/10/2025 11:04:29 - TRACE] VSCode language id: go
[19/10/2025 11:04:40 - TRACE] VSCode language id: go
[19/10/2025 11:04:47 - TRACE] VSCode language id: go
[19/10/2025 11:04:49 - TRACE] VSCode language id: go
[19/10/2025 11:04:51 - TRACE] VSCode language id: go
[19/10/2025 11:05:14 - TRACE] VSCode language id: go
[19/10/2025 11:05:16 - TRACE] VSCode language id: go
[19/10/2025 11:05:19 - TRACE] VSCode language id: go
[19/10/2025 11:05:21 - TRACE] VSCode language id: go
[19/10/2025 11:05:23 - TRACE] VSCode language id: go
[19/10/2025 11:05:25 - TRACE] VSCode language id: go
[19/10/2025 11:05:29 - TRACE] VSCode language id: go
[19/10/2025 11:05:31 - TRACE] VSCode language id: go
[19/10/2025 11:05:33 - TRACE] VSCode language id: go
[19/10/2025 11:05:46 - TRACE] VSCode language id: go
[19/10/2025 11:05:48 - TRACE] VSCode language id: go
[19/10/2025 11:05:50 - TRACE] VSCode language id: go
[19/10/2025 11:05:52 - TRACE] VSCode language id: go
[19/10/2025 11:05:54 - TRACE] VSCode language id: go
[19/10/2025 11:05:56 - TRACE] VSCode language id: go
[19/10/2025 11:05:58 - TRACE] VSCode language id: go
[19/10/2025 11:06:16 - TRACE] VSCode language id: markdown
[19/10/2025 11:06:19 - TRACE] VSCode language id: go
[19/10/2025 11:06:20 - TRACE] VSCode language id: go
[19/10/2025 11:06:22 - TRACE] VSCode language id: go
[19/10/2025 11:06:24 - TRACE] VSCode language id: go
[19/10/2025 11:06:26 - TRACE] VSCode language id: go
[19/10/2025 11:06:29 - TRACE] VSCode language id: go
[19/10/2025 11:06:31 - TRACE] VSCode language id: go
[19/10/2025 11:06:33 - TRACE] VSCode language id: go
[19/10/2025 11:06:35 - TRACE] VSCode language id: go
[19/10/2025 11:06:37 - TRACE] VSCode language id: go
[19/10/2025 11:06:39 - TRACE] VSCode language id: go
[19/10/2025 11:06:41 - TRACE] VSCode language id: go
[19/10/2025 11:06:45 - TRACE] VSCode language id: go
[19/10/2025 11:06:47 - TRACE] VSCode language id: go
[19/10/2025 11:06:50 - TRACE] VSCode language id: go
[19/10/2025 11:06:57 - TRACE] VSCode language id: markdown
[19/10/2025 11:06:59 - TRACE] VSCode language id: markdown
[19/10/2025 11:07:01 - TRACE] VSCode language id: markdown
[19/10/2025 11:07:03 - TRACE] VSCode language id: markdown
[19/10/2025 11:07:05 - TRACE] VSCode language id: markdown
[19/10/2025 11:07:08 - TRACE] VSCode language id: markdown
[19/10/2025 11:07:10 - TRACE] VSCode language id: markdown
[19/10/2025 11:07:12 - TRACE] VSCode language id: markdown
[19/10/2025 11:07:14 - TRACE] VSCode language id: markdown
[19/10/2025 11:07:16 - TRACE] VSCode language id: markdown
[19/10/2025 11:07:18 - TRACE] VSCode language id: markdown
[19/10/2025 11:07:20 - TRACE] VSCode language id: markdown
[19/10/2025 11:07:22 - TRACE] VSCode language id: markdown
[19/10/2025 11:07:27 - TRACE] VSCode language id: go
[19/10/2025 11:07:28 - TRACE] VSCode language id: go
[19/10/2025 11:07:31 - TRACE] VSCode language id: go
[19/10/2025 11:07:44 - TRACE] VSCode language id: markdown
[19/10/2025 11:07:50 - TRACE] VSCode language id: go
[19/10/2025 11:07:55 - TRACE] VSCode language id: go
[19/10/2025 11:07:57 - TRACE] VSCode language id: go
[19/10/2025 11:07:59 - TRACE] VSCode language id: go
[19/10/2025 11:08:01 - TRACE] VSCode language id: go
[19/10/2025 11:08:03 - TRACE] VSCode language id: go
[19/10/2025 11:08:10 - TRACE] VSCode language id: go
[19/10/2025 11:08:12 - TRACE] VSCode language id: go
[19/10/2025 11:08:14 - TRACE] VSCode language id: go
[19/10/2025 11:09:32 - TRACE] VSCode language id: go
[19/10/2025 11:09:34 - TRACE] VSCode language id: go
[19/10/2025 11:09:37 - TRACE] VSCode language id: go
[19/10/2025 11:09:39 - TRACE] VSCode language id: go
[19/10/2025 11:09:41 - TRACE] VSCode language id: go
[19/10/2025 11:09:43 - TRACE] VSCode language id: go
[19/10/2025 11:09:45 - TRACE] VSCode language id: go
[19/10/2025 11:09:47 - TRACE] VSCode language id: go
[19/10/2025 11:09:49 - TRACE] VSCode language id: go
[19/10/2025 11:09:51 - TRACE] VSCode language id: go
[19/10/2025 11:09:53 - TRACE] VSCode language id: go
[19/10/2025 11:09:56 - TRACE] VSCode language id: go
[19/10/2025 11:09:56 - TRACE] VSCode language id: go
[19/10/2025 11:09:58 - TRACE] VSCode language id: go
[19/10/2025 11:10:01 - TRACE] VSCode language id: go
[19/10/2025 11:10:03 - TRACE] VSCode language id: go
[19/10/2025 11:10:06 - TRACE] VSCode language id: go
[19/10/2025 11:10:08 - TRACE] VSCode language id: go
[19/10/2025 11:10:15 - TRACE] VSCode language id: go
[19/10/2025 11:10:17 - TRACE] VSCode language id: go
[19/10/2025 11:10:19 - TRACE] VSCode language id: go
[19/10/2025 11:10:21 - TRACE] VSCode language id: go
[19/10/2025 11:10:23 - TRACE] VSCode language id: go
[19/10/2025 11:10:25 - TRACE] VSCode language id: go
[19/10/2025 11:10:28 - TRACE] VSCode language id: go
[19/10/2025 11:10:30 - TRACE] VSCode language id: go
[19/10/2025 11:10:32 - TRACE] VSCode language id: go
[19/10/2025 11:10:34 - TRACE] VSCode language id: go
[19/10/2025 11:10:37 - TRACE] VSCode language id: go
[19/10/2025 11:10:39 - TRACE] VSCode language id: go
[19/10/2025 11:10:41 - TRACE] VSCode language id: go
[19/10/2025 11:10:43 - TRACE] VSCode language id: go
[19/10/2025 11:10:45 - TRACE] VSCode language id: go
[19/10/2025 11:10:47 - TRACE] VSCode language id: go
[19/10/2025 11:10:50 - TRACE] VSCode language id: go
[19/10/2025 11:10:52 - TRACE] VSCode language id: go
[19/10/2025 11:10:54 - TRACE] VSCode language id: go
[19/10/2025 11:10:57 - TRACE] VSCode language id: go
[19/10/2025 11:10:59 - TRACE] VSCode language id: go
[19/10/2025 11:10:59 - TRACE] VSCode language id: go
[19/10/2025 11:11:01 - TRACE] VSCode language id: go
[19/10/2025 11:11:04 - TRACE] VSCode language id: go
[19/10/2025 11:11:33 - TRACE] VSCode language id: go
[19/10/2025 11:11:35 - TRACE] VSCode language id: go
[19/10/2025 11:11:37 - TRACE] VSCode language id: go
[19/10/2025 11:11:39 - TRACE] VSCode language id: go
[19/10/2025 11:11:41 - TRACE] VSCode language id: go
[19/10/2025 11:11:43 - TRACE] VSCode language id: go
[19/10/2025 11:11:45 - TRACE] VSCode language id: go
[19/10/2025 11:11:48 - TRACE] VSCode language id: go
[19/10/2025 11:11:50 - TRACE] VSCode language id: go
[19/10/2025 11:11:52 - TRACE] VSCode language id: go
[19/10/2025 11:12:28 - TRACE] VSCode language id: go
[19/10/2025 11:12:30 - TRACE] VSCode language id: go
[19/10/2025 11:12:32 - TRACE] VSCode language id: go
[19/10/2025 11:12:34 - TRACE] VSCode language id: go
[19/10/2025 11:12:36 - TRACE] VSCode language id: go
[19/10/2025 11:12:38 - TRACE] VSCode language id: go
[19/10/2025 11:12:40 - TRACE] VSCode language id: go
[19/10/2025 11:12:42 - TRACE] VSCode language id: go
[19/10/2025 11:12:55 - TRACE] VSCode language id: go
[19/10/2025 11:12:57 - TRACE] VSCode language id: go
[19/10/2025 11:12:59 - TRACE] VSCode language id: go
[19/10/2025 11:14:11 - TRACE] VSCode language id: go
[19/10/2025 11:14:13 - TRACE] VSCode language id: go
[19/10/2025 11:14:15 - TRACE] VSCode language id: go
[19/10/2025 11:14:17 - TRACE] VSCode language id: go
[19/10/2025 11:14:19 - TRACE] VSCode language id: go
[19/10/2025 11:14:21 - TRACE] VSCode language id: go
[19/10/2025 11:14:45 - TRACE] VSCode language id: go
[19/10/2025 11:14:57 - TRACE] VSCode language id: go
[19/10/2025 11:14:57 - TRACE] VSCode language id: go
[19/10/2025 11:14:59 - TRACE] VSCode language id: go
[19/10/2025 11:15:14 - TRACE] VSCode language id: go
[19/10/2025 11:15:16 - TRACE] VSCode language id: go
[19/10/2025 11:15:18 - TRACE] VSCode language id: go
[19/10/2025 11:15:20 - TRACE] VSCode language id: go
[19/10/2025 11:15:22 - TRACE] VSCode language id: go
[19/10/2025 11:15:24 - TRACE] VSCode language id: go
[19/10/2025 11:15:26 - TRACE] VSCode language id: go
[19/10/2025 11:15:28 - TRACE] VSCode language id: go
[19/10/2025 11:15:30 - TRACE] VSCode language id: go
[19/10/2025 11:15:33 - TRACE] VSCode language id: go
[19/10/2025 11:15:35 - TRACE] VSCode language id: go
[19/10/2025 11:15:37 - TRACE] VSCode language id: go
[19/10/2025 11:15:40 - TRACE] VSCode language id: go
[19/10/2025 11:15:41 - TRACE] VSCode language id: go
[19/10/2025 11:15:43 - TRACE] VSCode language id: go
[19/10/2025 11:15:45 - TRACE] VSCode language id: go
[19/10/2025 11:15:47 - TRACE] VSCode language id: go
[19/10/2025 11:15:49 - TRACE] VSCode language id: go
[19/10/2025 11:15:51 - TRACE] VSCode language id: go
[19/10/2025 11:15:53 - TRACE] VSCode language id: go
[19/10/2025 11:15:55 - TRACE] VSCode language id: go
[19/10/2025 11:15:57 - TRACE] VSCode language id: go
[19/10/2025 11:16:01 - TRACE] VSCode language id: go
[19/10/2025 11:16:03 - TRACE] VSCode language id: go
[19/10/2025 11:16:05 - TRACE] VSCode language id: go
[19/10/2025 11:16:07 - TRACE] VSCode language id: go
[19/10/2025 11:16:35 - TRACE] VSCode language id: go
[19/10/2025 11:16:37 - TRACE] VSCode language id: go
[19/10/2025 11:16:39 - TRACE] VSCode language id: go
[19/10/2025 11:16:41 - TRACE] VSCode language id: go
[19/10/2025 11:16:43 - TRACE] VSCode language id: go
[19/10/2025 11:16:45 - TRACE] VSCode language id: go
[19/10/2025 11:16:47 - TRACE] VSCode language id: go
[19/10/2025 11:16:49 - TRACE] VSCode language id: go
[19/10/2025 11:16:51 - TRACE] VSCode language id: go
[19/10/2025 11:16:53 - TRACE] VSCode language id: go
[19/10/2025 11:16:56 - TRACE] VSCode language id: go
[19/10/2025 11:17:11 - TRACE] VSCode language id: go
[19/10/2025 11:17:13 - TRACE] VSCode language id: go
[19/10/2025 11:17:15 - TRACE] VSCode language id: go
[19/10/2025 11:17:17 - TRACE] VSCode language id: go
[19/10/2025 11:17:29 - TRACE] VSCode language id: go
[19/10/2025 11:17:31 - TRACE] VSCode language id: go
[19/10/2025 11:17:34 - TRACE] VSCode language id: go
[19/10/2025 11:17:39 - TRACE] VSCode language id: go
[19/10/2025 11:17:41 - TRACE] VSCode language id: go
[19/10/2025 11:17:43 - TRACE] VSCode language id: go
[19/10/2025 11:17:44 - TRACE] VSCode language id: go
[19/10/2025 11:17:46 - TRACE] VSCode language id: go
[19/10/2025 11:17:48 - TRACE] VSCode language id: go
[19/10/2025 11:17:50 - TRACE] VSCode language id: go
[19/10/2025 11:17:52 - TRACE] VSCode language id: go
[19/10/2025 11:17:54 - TRACE] VSCode language id: go
[19/10/2025 11:17:56 - TRACE] VSCode language id: go
[19/10/2025 11:17:58 - TRACE] VSCode language id: go
[19/10/2025 11:18:00 - TRACE] VSCode language id: go
[19/10/2025 11:18:02 - TRACE] VSCode language id: go
[19/10/2025 11:18:04 - TRACE] VSCode language id: go
[19/10/2025 11:18:07 - TRACE] VSCode language id: go
[19/10/2025 11:18:16 - TRACE] VSCode language id: go
[19/10/2025 11:18:18 - TRACE] VSCode language id: go
[19/10/2025 11:18:20 - TRACE] VSCode language id: go
[19/10/2025 11:18:55 - TRACE] VSCode language id: go
[19/10/2025 11:18:57 - TRACE] VSCode language id: go
[19/10/2025 11:18:59 - TRACE] VSCode language id: go
[19/10/2025 11:19:01 - TRACE] VSCode language id: go
[19/10/2025 11:19:03 - TRACE] VSCode language id: go
[19/10/2025 11:19:04 - TRACE] VSCode language id: go
[19/10/2025 11:19:06 - TRACE] VSCode language id: go
[19/10/2025 11:19:08 - TRACE] VSCode language id: go
[19/10/2025 11:19:10 - TRACE] VSCode language id: go
[19/10/2025 11:19:13 - TRACE] VSCode language id: go
[19/10/2025 11:19:15 - TRACE] VSCode language id: go
[19/10/2025 11:19:22 - TRACE] VSCode language id: go
[19/10/2025 11:19:24 - TRACE] VSCode language id: go
[19/10/2025 11:19:27 - TRACE] VSCode language id: go
[19/10/2025 11:19:29 - TRACE] VSCode language id: go
[19/10/2025 11:19:31 - TRACE] VSCode language id: go
[19/10/2025 11:19:33 - TRACE] VSCode language id: go
[19/10/2025 11:19:35 - TRACE] VSCode language id: go
[19/10/2025 11:19:37 - TRACE] VSCode language id: go
[19/10/2025 11:19:48 - TRACE] VSCode language id: go
[19/10/2025 11:19:50 - TRACE] VSCode language id: go
[19/10/2025 11:19:53 - TRACE] VSCode language id: go
[19/10/2025 11:19:55 - TRACE] VSCode language id: go
[19/10/2025 11:20:37 - TRACE] VSCode language id: go
[19/10/2025 11:20:39 - TRACE] VSCode language id: go
[19/10/2025 11:20:41 - TRACE] VSCode language id: go
[19/10/2025 11:20:43 - TRACE] VSCode language id: go
[19/10/2025 11:20:45 - TRACE] VSCode language id: go
[19/10/2025 11:20:46 - TRACE] VSCode language id: go
[19/10/2025 11:20:48 - TRACE] VSCode language id: go
[19/10/2025 11:20:56 - TRACE] VSCode language id: go
[19/10/2025 11:20:58 - TRACE] VSCode language id: go
[19/10/2025 11:21:00 - TRACE] VSCode language id: go
[19/10/2025 11:21:02 - TRACE] VSCode language id: go
[19/10/2025 11:21:05 - TRACE] VSCode language id: go
[19/10/2025 11:21:07 - TRACE] VSCode language id: go
[19/10/2025 11:21:17 - TRACE] VSCode language id: go
[19/10/2025 11:21:52 - TRACE] VSCode language id: go
[19/10/2025 11:21:54 - TRACE] VSCode language id: go
[19/10/2025 11:21:56 - TRACE] VSCode language id: go
[19/10/2025 11:21:58 - TRACE] VSCode language id: go
[19/10/2025 11:24:33 - TRACE] VSCode language id: go
[19/10/2025 11:24:35 - TRACE] VSCode language id: go
[19/10/2025 11:24:37 - TRACE] VSCode language id: go
[19/10/2025 11:24:39 - TRACE] VSCode language id: go
[19/10/2025 11:24:41 - TRACE] VSCode language id: go
[19/10/2025 11:24:43 - TRACE] VSCode language id: go
[19/10/2025 11:24:46 - TRACE] VSCode language id: go
[19/10/2025 11:24:48 - TRACE] VSCode language id: go
[19/10/2025 11:24:50 - TRACE] VSCode language id: go
[19/10/2025 11:24:54 - TRACE] VSCode language id: go
[19/10/2025 11:24:56 - TRACE] VSCode language id: go
[19/10/2025 11:24:58 - TRACE] VSCode language id: go
[19/10/2025 11:25:00 - TRACE] VSCode language id: go
[19/10/2025 11:25:02 - TRACE] VSCode language id: go
[19/10/2025 11:25:06 - TRACE] VSCode language id: go
[19/10/2025 11:25:08 - TRACE] VSCode language id: go
[19/10/2025 11:25:11 - TRACE] VSCode language id: go
[19/10/2025 11:25:13 - TRACE] VSCode language id: go
[19/10/2025 11:25:15 - TRACE] VSCode language id: go
[19/10/2025 11:25:17 - TRACE] VSCode language id: go
[19/10/2025 11:25:19 - TRACE] VSCode language id: go
[19/10/2025 11:25:21 - TRACE] VSCode language id: go
[19/10/2025 11:25:24 - TRACE] VSCode language id: go
[19/10/2025 11:25:29 - TRACE] VSCode language id: go
[19/10/2025 11:25:31 - TRACE] VSCode language id: go
[19/10/2025 11:25:33 - TRACE] VSCode language id: go
[19/10/2025 11:25:35 - TRACE] VSCode language id: go
[19/10/2025 11:25:37 - TRACE] VSCode language id: go
[19/10/2025 11:25:39 - TRACE] VSCode language id: go
[19/10/2025 11:25:42 - TRACE] VSCode language id: go
[19/10/2025 11:25:45 - TRACE] VSCode language id: go
[19/10/2025 11:25:47 - TRACE] VSCode language id: go
[19/10/2025 11:25:49 - TRACE] VSCode language id: go
[19/10/2025 11:25:53 - TRACE] VSCode language id: go
[19/10/2025 11:25:55 - TRACE] VSCode language id: go
[19/10/2025 11:25:57 - TRACE] VSCode language id: go
[19/10/2025 11:26:00 - TRACE] VSCode language id: go
[19/10/2025 11:26:02 - TRACE] VSCode language id: go
[19/10/2025 11:26:11 - TRACE] VSCode language id: go
[19/10/2025 11:26:13 - TRACE] VSCode language id: go
[19/10/2025 11:26:15 - TRACE] VSCode language id: go
[19/10/2025 11:26:18 - TRACE] VSCode language id: go
[19/10/2025 11:26:20 - TRACE] VSCode language id: go
[19/10/2025 11:26:20 - TRACE] VSCode language id: go
[19/10/2025 11:26:22 - TRACE] VSCode language id: go
[19/10/2025 11:26:24 - TRACE] VSCode language id: go
[19/10/2025 11:26:26 - TRACE] VSCode language id: go
[19/10/2025 11:26:28 - TRACE] VSCode language id: go
[19/10/2025 11:26:30 - TRACE] VSCode language id: go
[19/10/2025 11:26:32 - TRACE] VSCode language id: go
[19/10/2025 11:26:34 - TRACE] VSCode language id: go
[19/10/2025 11:26:36 - TRACE] VSCode language id: go
[19/10/2025 11:26:38 - TRACE] VSCode language id: go
[19/10/2025 11:26:40 - TRACE] VSCode language id: go
[19/10/2025 11:26:42 - TRACE] VSCode language id: go
[19/10/2025 11:26:44 - TRACE] VSCode language id: go
[19/10/2025 11:26:46 - TRACE] VSCode language id: go
[19/10/2025 11:26:49 - TRACE] VSCode language id: go
[19/10/2025 11:26:51 - TRACE] VSCode language id: go
[19/10/2025 11:26:53 - TRACE] VSCode language id: go
[19/10/2025 11:26:55 - TRACE] VSCode language id: go
[19/10/2025 11:26:57 - TRACE] VSCode language id: go
[19/10/2025 11:26:59 - TRACE] VSCode language id: go
[19/10/2025 11:27:02 - TRACE] VSCode language id: go
[19/10/2025 11:27:11 - TRACE] VSCode language id: go
[19/10/2025 11:27:13 - TRACE] VSCode language id: go
[19/10/2025 11:27:15 - TRACE] VSCode language id: go
[19/10/2025 11:27:17 - TRACE] VSCode language id: go
[19/10/2025 11:27:19 - TRACE] VSCode language id: go
[19/10/2025 11:27:21 - TRACE] VSCode language id: go
[19/10/2025 11:27:23 - TRACE] VSCode language id: go
[19/10/2025 11:27:25 - TRACE] VSCode language id: go
[19/10/2025 11:27:27 - TRACE] VSCode language id: go
[19/10/2025 11:27:29 - TRACE] VSCode language id: go
[19/10/2025 11:27:31 - TRACE] VSCode language id: go
[19/10/2025 11:27:33 - TRACE] VSCode language id: go
[19/10/2025 11:27:43 - TRACE] VSCode language id: go
[19/10/2025 11:27:45 - TRACE] VSCode language id: go
[19/10/2025 11:27:48 - TRACE] VSCode language id: go
[19/10/2025 11:27:50 - TRACE] VSCode language id: go
[19/10/2025 11:27:52 - TRACE] VSCode language id: go
[19/10/2025 11:27:54 - TRACE] VSCode language id: go
[19/10/2025 11:27:56 - TRACE] VSCode language id: go
[19/10/2025 11:27:58 - TRACE] VSCode language id: go
[19/10/2025 11:28:00 - TRACE] VSCode language id: go
[19/10/2025 11:28:02 - TRACE] VSCode language id: go
[19/10/2025 11:28:04 - TRACE] VSCode language id: go
[19/10/2025 11:28:06 - TRACE] VSCode language id: go
[19/10/2025 11:28:08 - TRACE] VSCode language id: go
[19/10/2025 11:28:10 - TRACE] VSCode language id: go
[19/10/2025 11:28:12 - TRACE] VSCode language id: go
[19/10/2025 11:28:14 - TRACE] VSCode language id: go
[19/10/2025 11:28:17 - TRACE] VSCode language id: go
[19/10/2025 11:28:19 - TRACE] VSCode language id: go
[19/10/2025 11:28:21 - TRACE] VSCode language id: go
[19/10/2025 11:28:23 - TRACE] VSCode language id: go
[19/10/2025 11:28:26 - TRACE] VSCode language id: go
[19/10/2025 11:28:27 - TRACE] VSCode language id: go
[19/10/2025 11:28:29 - TRACE] VSCode language id: go
[19/10/2025 11:28:31 - TRACE] VSCode language id: go
[19/10/2025 11:28:33 - TRACE] VSCode language id: go
[19/10/2025 11:28:36 - TRACE] VSCode language id: go
[19/10/2025 11:28:38 - TRACE] VSCode language id: go
[19/10/2025 11:28:40 - TRACE] VSCode language id: go
[19/10/2025 11:28:42 - TRACE] VSCode language id: go
[19/10/2025 11:28:43 - TRACE] VSCode language id: go
[19/10/2025 11:28:45 - TRACE] VSCode language id: go
[19/10/2025 11:28:47 - TRACE] VSCode language id: go
[19/10/2025 11:28:49 - TRACE] VSCode language id: go
[19/10/2025 11:28:51 - TRACE] VSCode language id: go
[19/10/2025 11:28:53 - TRACE] VSCode language id: go
[19/10/2025 11:28:54 - TRACE] VSCode language id: go
[19/10/2025 11:28:56 - TRACE] VSCode language id: go
[19/10/2025 11:28:58 - TRACE] VSCode language id: go
[19/10/2025 11:29:00 - TRACE] VSCode language id: go
[19/10/2025 11:29:02 - TRACE] VSCode language id: go
[19/10/2025 11:29:04 - TRACE] VSCode language id: go
[19/10/2025 11:29:06 - TRACE] VSCode language id: go
[19/10/2025 11:29:08 - TRACE] VSCode language id: go
[19/10/2025 11:29:10 - TRACE] VSCode language id: go
[19/10/2025 11:29:12 - TRACE] VSCode language id: go
[19/10/2025 11:29:18 - TRACE] VSCode language id: go
[19/10/2025 11:29:20 - TRACE] VSCode language id: go
[19/10/2025 11:29:22 - TRACE] VSCode language id: go
[19/10/2025 11:29:23 - TRACE] VSCode language id: go
[19/10/2025 11:29:25 - TRACE] VSCode language id: go
[19/10/2025 11:29:27 - TRACE] VSCode language id: go
[19/10/2025 11:29:29 - TRACE] VSCode language id: go
[19/10/2025 11:29:49 - TRACE] VSCode language id: go
[19/10/2025 11:29:51 - TRACE] VSCode language id: go
[19/10/2025 11:29:57 - TRACE] VSCode language id: go
[19/10/2025 11:29:59 - TRACE] VSCode language id: go
[19/10/2025 11:30:09 - TRACE] VSCode language id: go
[19/10/2025 11:30:11 - TRACE] VSCode language id: go
[19/10/2025 11:30:13 - TRACE] VSCode language id: go
[19/10/2025 11:30:15 - TRACE] VSCode language id: go
[19/10/2025 11:30:18 - TRACE] VSCode language id: go
[19/10/2025 11:30:20 - TRACE] VSCode language id: go
[19/10/2025 11:30:22 - TRACE] VSCode language id: go
[19/10/2025 11:30:24 - TRACE] VSCode language id: go
[19/10/2025 11:30:26 - TRACE] VSCode language id: go
[19/10/2025 11:30:28 - TRACE] VSCode language id: go
[19/10/2025 11:30:29 - TRACE] VSCode language id: go
[19/10/2025 11:30:31 - TRACE] VSCode language id: go
[19/10/2025 11:30:33 - TRACE] VSCode language id: go
[19/10/2025 11:30:35 - TRACE] VSCode language id: go
[19/10/2025 11:30:37 - TRACE] VSCode language id: go
[19/10/2025 11:30:39 - TRACE] VSCode language id: go
[19/10/2025 11:30:41 - TRACE] VSCode language id: go
[19/10/2025 11:30:43 - TRACE] VSCode language id: go
[19/10/2025 11:30:45 - TRACE] VSCode language id: go
[19/10/2025 11:30:47 - TRACE] VSCode language id: go
[19/10/2025 11:30:49 - TRACE] VSCode language id: go
[19/10/2025 11:30:51 - TRACE] VSCode language id: go
[19/10/2025 11:30:53 - TRACE] VSCode language id: go
[19/10/2025 11:30:55 - TRACE] VSCode language id: go
[19/10/2025 11:30:56 - TRACE] VSCode language id: go
[19/10/2025 11:30:58 - TRACE] VSCode language id: go
[19/10/2025 11:31:01 - TRACE] VSCode language id: go
[19/10/2025 11:31:03 - TRACE] VSCode language id: go
[19/10/2025 11:31:05 - TRACE] VSCode language id: go
[19/10/2025 11:31:07 - TRACE] VSCode language id: go
[19/10/2025 11:31:10 - TRACE] VSCode language id: go
[19/10/2025 11:31:12 - TRACE] VSCode language id: go
[19/10/2025 11:31:14 - TRACE] VSCode language id: go
[19/10/2025 11:31:15 - TRACE] VSCode language id: go
[19/10/2025 11:31:17 - TRACE] VSCode language id: go
[19/10/2025 11:31:20 - TRACE] VSCode language id: go
[19/10/2025 11:31:22 - TRACE] VSCode language id: go
[19/10/2025 11:31:24 - TRACE] VSCode language id: go
[19/10/2025 11:31:26 - TRACE] VSCode language id: go
[19/10/2025 11:31:28 - TRACE] VSCode language id: go
[19/10/2025 11:31:30 - TRACE] VSCode language id: go
[19/10/2025 11:31:32 - TRACE] VSCode language id: go
[19/10/2025 11:31:34 - TRACE] VSCode language id: go
[19/10/2025 11:31:36 - TRACE] VSCode language id: go
[19/10/2025 11:31:47 - TRACE] VSCode language id: go
[19/10/2025 11:31:49 - TRACE] VSCode language id: go
[19/10/2025 11:31:56 - TRACE] VSCode language id: go
[19/10/2025 11:31:58 - TRACE] VSCode language id: go
[19/10/2025 11:32:18 - TRACE] VSCode language id: go
[19/10/2025 11:32:20 - TRACE] VSCode language id: go
[19/10/2025 11:32:23 - TRACE] VSCode language id: go
[19/10/2025 11:32:31 - TRACE] VSCode language id: go
[19/10/2025 11:32:33 - TRACE] VSCode language id: go
[19/10/2025 11:32:36 - TRACE] VSCode language id: go
[19/10/2025 11:32:38 - TRACE] VSCode language id: go
[19/10/2025 11:32:40 - TRACE] VSCode language id: go
[19/10/2025 11:33:10 - TRACE] VSCode language id: go
[19/10/2025 11:33:12 - TRACE] VSCode language id: go
[19/10/2025 11:33:16 - TRACE] VSCode language id: go
[19/10/2025 11:33:18 - TRACE] VSCode language id: go
[19/10/2025 11:33:20 - TRACE] VSCode language id: go
[19/10/2025 11:33:22 - TRACE] VSCode language id: go
[19/10/2025 11:33:25 - TRACE] VSCode language id: go
[19/10/2025 11:33:33 - TRACE] VSCode language id: go
[19/10/2025 11:33:35 - TRACE] VSCode language id: go
[19/10/2025 11:33:38 - TRACE] VSCode language id: go
[19/10/2025 11:33:46 - TRACE] VSCode language id: go
[19/10/2025 11:33:48 - TRACE] VSCode language id: go
[19/10/2025 11:33:51 - TRACE] VSCode language id: go
[19/10/2025 11:33:53 - TRACE] VSCode language id: go
[19/10/2025 11:33:55 - TRACE] VSCode language id: go
[19/10/2025 11:34:13 - TRACE] VSCode language id: go
[19/10/2025 11:34:15 - TRACE] VSCode language id: go
[19/10/2025 11:34:17 - TRACE] VSCode language id: go
[19/10/2025 11:34:19 - TRACE] VSCode language id: go
[19/10/2025 11:34:21 - TRACE] VSCode language id: go
[19/10/2025 11:34:24 - TRACE] VSCode language id: go
[19/10/2025 11:34:26 - TRACE] VSCode language id: go
[19/10/2025 11:34:28 - TRACE] VSCode language id: go
[19/10/2025 11:34:30 - TRACE] VSCode language id: go
[19/10/2025 11:34:32 - TRACE] VSCode language id: go
[19/10/2025 11:34:35 - TRACE] VSCode language id: go
[19/10/2025 11:34:40 - TRACE] VSCode language id: go
[19/10/2025 11:34:42 - TRACE] VSCode language id: go
[19/10/2025 11:34:44 - TRACE] VSCode language id: go
[19/10/2025 11:34:46 - TRACE] VSCode language id: go
[19/10/2025 11:34:48 - TRACE] VSCode language id: go
[19/10/2025 11:34:50 - TRACE] VSCode language id: go
[19/10/2025 11:34:52 - TRACE] VSCode language id: go
[19/10/2025 11:34:55 - TRACE] VSCode language id: go
[19/10/2025 11:34:57 - TRACE] VSCode language id: go
[19/10/2025 11:34:58 - TRACE] VSCode language id: go
[19/10/2025 11:35:00 - TRACE] VSCode language id: go
[19/10/2025 11:35:02 - TRACE] VSCode language id: go
[19/10/2025 11:35:04 - TRACE] VSCode language id: go
[19/10/2025 11:35:06 - TRACE] VSCode language id: go
[19/10/2025 11:35:08 - TRACE] VSCode language id: go
[19/10/2025 11:35:11 - TRACE] VSCode language id: go
[19/10/2025 11:35:13 - TRACE] VSCode language id: go
[19/10/2025 11:35:16 - TRACE] VSCode language id: go
[19/10/2025 11:35:18 - TRACE] VSCode language id: go
[19/10/2025 11:35:31 - TRACE] VSCode language id: go
[19/10/2025 11:35:33 - TRACE] VSCode language id: go
[19/10/2025 11:38:38 - TRACE] VSCode language id: go
[19/10/2025 11:38:40 - TRACE] VSCode language id: go
[19/10/2025 11:38:42 - TRACE] VSCode language id: go
[19/10/2025 11:38:51 - TRACE] VSCode language id: go
[19/10/2025 11:38:53 - TRACE] VSCode language id: go
[19/10/2025 11:39:41 - TRACE] VSCode language id: go
[19/10/2025 11:39:43 - TRACE] VSCode language id: go
[19/10/2025 11:39:45 - TRACE] VSCode language id: go
[19/10/2025 11:41:54 - TRACE] VSCode language id: go
[19/10/2025 11:41:56 - TRACE] VSCode language id: go
[19/10/2025 11:41:58 - TRACE] VSCode language id: go
[19/10/2025 11:41:59 - TRACE] VSCode language id: go
[19/10/2025 11:42:01 - TRACE] VSCode language id: go
[19/10/2025 11:42:03 - TRACE] VSCode language id: go
[19/10/2025 11:42:05 - TRACE] VSCode language id: go
[19/10/2025 11:42:07 - TRACE] VSCode language id: go
[19/10/2025 11:42:09 - TRACE] VSCode language id: go
[19/10/2025 11:42:11 - TRACE] VSCode language id: go
[19/10/2025 11:42:14 - TRACE] VSCode language id: go
[19/10/2025 11:42:16 - TRACE] VSCode language id: go
[19/10/2025 11:42:18 - TRACE] VSCode language id: go
[19/10/2025 11:42:20 - TRACE] VSCode language id: go
[19/10/2025 11:42:22 - TRACE] VSCode language id: go
[19/10/2025 11:42:24 - TRACE] VSCode language id: go
[19/10/2025 11:42:26 - TRACE] VSCode language id: go
[19/10/2025 11:42:55 - TRACE] VSCode language id: go
[19/10/2025 11:42:57 - TRACE] VSCode language id: go
[19/10/2025 11:42:59 - TRACE] VSCode language id: go
[19/10/2025 11:43:04 - TRACE] VSCode language id: go
[19/10/2025 11:43:06 - TRACE] VSCode language id: go
[19/10/2025 11:43:08 - TRACE] VSCode language id: go
[19/10/2025 11:43:10 - TRACE] VSCode language id: go
[19/10/2025 11:43:12 - TRACE] VSCode language id: go
[19/10/2025 11:43:15 - TRACE] VSCode language id: go
[19/10/2025 11:43:17 - TRACE] VSCode language id: go
[19/10/2025 11:43:45 - TRACE] VSCode language id: go
[19/10/2025 11:43:47 - TRACE] VSCode language id: go
[19/10/2025 11:44:10 - TRACE] VSCode language id: go
[19/10/2025 11:44:12 - TRACE] VSCode language id: go
[19/10/2025 11:44:15 - TRACE] VSCode language id: go
[19/10/2025 11:44:17 - TRACE] VSCode language id: go
[19/10/2025 11:44:46 - TRACE] VSCode language id: go
[19/10/2025 11:44:48 - TRACE] VSCode language id: go
[19/10/2025 11:44:50 - TRACE] VSCode language id: go
[19/10/2025 11:44:52 - TRACE] VSCode language id: go
[19/10/2025 11:44:54 - TRACE] VSCode language id: go
[19/10/2025 11:44:56 - TRACE] VSCode language id: go
[19/10/2025 11:44:59 - TRACE] VSCode language id: go
[19/10/2025 11:45:08 - TRACE] VSCode language id: go
[19/10/2025 11:45:10 - TRACE] VSCode language id: go
[19/10/2025 11:45:12 - TRACE] VSCode language id: go
[19/10/2025 11:45:14 - TRACE] VSCode language id: go
[19/10/2025 11:45:16 - TRACE] VSCode language id: go
[19/10/2025 11:45:18 - TRACE] VSCode language id: go
[19/10/2025 11:45:20 - TRACE] VSCode language id: go
[19/10/2025 11:45:22 - TRACE] VSCode language id: go
[19/10/2025 11:45:24 - TRACE] VSCode language id: go
[19/10/2025 11:45:32 - TRACE] VSCode language id: go
[19/10/2025 11:45:34 - TRACE] VSCode language id: go
[19/10/2025 11:45:36 - TRACE] VSCode language id: go
[19/10/2025 11:45:40 - TRACE] VSCode language id: go
[19/10/2025 11:45:42 - TRACE] VSCode language id: go
[19/10/2025 11:45:44 - TRACE] VSCode language id: go
[19/10/2025 11:45:46 - TRACE] VSCode language id: go
[19/10/2025 11:45:49 - TRACE] VSCode language id: go
[19/10/2025 11:45:51 - TRACE] VSCode language id: go
[19/10/2025 11:45:53 - TRACE] VSCode language id: go
[19/10/2025 11:45:56 - TRACE] VSCode language id: go
[19/10/2025 11:47:39 - TRACE] VSCode language id: go
[19/10/2025 11:47:41 - TRACE] VSCode language id: go
[19/10/2025 11:47:43 - TRACE] VSCode language id: go
[19/10/2025 11:47:45 - TRACE] VSCode language id: go
[19/10/2025 11:47:48 - TRACE] VSCode language id: go
[19/10/2025 11:47:50 - TRACE] VSCode language id: go
[19/10/2025 11:47:52 - TRACE] VSCode language id: go
[19/10/2025 11:47:52 - TRACE] VSCode language id: go
[19/10/2025 11:47:54 - TRACE] VSCode language id: go
[19/10/2025 11:47:56 - TRACE] VSCode language id: go
[19/10/2025 11:47:58 - TRACE] VSCode language id: go
[19/10/2025 11:48:00 - TRACE] VSCode language id: go
[19/10/2025 11:48:02 - TRACE] VSCode language id: go
[19/10/2025 11:48:04 - TRACE] VSCode language id: go
[19/10/2025 11:48:06 - TRACE] VSCode language id: go
[19/10/2025 11:48:08 - TRACE] VSCode language id: go
[19/10/2025 11:48:10 - TRACE] VSCode language id: go
[19/10/2025 11:48:12 - TRACE] VSCode language id: go
[19/10/2025 11:48:15 - TRACE] VSCode language id: go
[19/10/2025 11:48:17 - TRACE] VSCode language id: go
[19/10/2025 11:48:19 - TRACE] VSCode language id: go
[19/10/2025 11:48:21 - TRACE] VSCode language id: go
[19/10/2025 11:48:23 - TRACE] VSCode language id: go
[19/10/2025 11:48:25 - TRACE] VSCode language id: go
[19/10/2025 11:48:28 - TRACE] VSCode language id: go
[19/10/2025 11:48:30 - TRACE] VSCode language id: go
[19/10/2025 11:48:33 - TRACE] VSCode language id: go
[19/10/2025 11:48:46 - TRACE] VSCode language id: go
[19/10/2025 11:48:48 - TRACE] VSCode language id: go
[19/10/2025 11:48:50 - TRACE] VSCode language id: go
[19/10/2025 11:49:19 - TRACE] VSCode language id: go
[19/10/2025 11:49:21 - TRACE] VSCode language id: go
[19/10/2025 11:49:23 - TRACE] VSCode language id: go
[19/10/2025 11:49:26 - TRACE] VSCode language id: go
[19/10/2025 11:49:27 - TRACE] VSCode language id: markdown
[19/10/2025 11:49:28 - TRACE] VSCode language id: markdown
[19/10/2025 11:49:30 - TRACE] VSCode language id: markdown
[19/10/2025 11:49:32 - TRACE] VSCode language id: markdown
[19/10/2025 11:49:34 - TRACE] VSCode language id: markdown
[19/10/2025 11:49:40 - TRACE] VSCode language id: markdown
[19/10/2025 11:49:42 - TRACE] VSCode language id: markdown
[19/10/2025 11:49:44 - TRACE] VSCode language id: markdown
[19/10/2025 11:49:46 - TRACE] VSCode language id: markdown
[19/10/2025 11:49:48 - TRACE] VSCode language id: markdown
[19/10/2025 11:49:50 - TRACE] VSCode language id: markdown
[19/10/2025 11:49:52 - TRACE] VSCode language id: markdown
[19/10/2025 11:49:54 - TRACE] VSCode language id: markdown
[19/10/2025 11:49:56 - TRACE] VSCode language id: markdown
[19/10/2025 11:49:59 - TRACE] VSCode language id: markdown
[19/10/2025 11:50:03 - TRACE] VSCode language id: markdown
[19/10/2025 11:50:05 - TRACE] VSCode language id: markdown
[19/10/2025 11:50:07 - TRACE] VSCode language id: markdown
[19/10/2025 11:50:09 - TRACE] VSCode language id: markdown
[19/10/2025 11:50:11 - TRACE] VSCode language id: markdown
[19/10/2025 11:50:13 - TRACE] VSCode language id: markdown
[19/10/2025 11:50:15 - TRACE] VSCode language id: markdown
[19/10/2025 11:50:17 - TRACE] VSCode language id: markdown
[19/10/2025 11:50:19 - TRACE] VSCode language id: markdown
[19/10/2025 11:50:21 - TRACE] VSCode language id: markdown
[19/10/2025 11:50:23 - TRACE] VSCode language id: markdown
[19/10/2025 11:50:25 - TRACE] VSCode language id: markdown
[19/10/2025 11:50:29 - TRACE] VSCode language id: markdown
[19/10/2025 11:50:31 - TRACE] VSCode language id: markdown
[19/10/2025 11:50:33 - TRACE] VSCode language id: markdown
[19/10/2025 11:50:35 - TRACE] VSCode language id: markdown
[19/10/2025 11:50:37 - TRACE] VSCode language id: markdown
[19/10/2025 11:50:39 - TRACE] VSCode language id: markdown
[19/10/2025 11:50:41 - TRACE] VSCode language id: markdown
[19/10/2025 11:50:43 - TRACE] VSCode language id: markdown
[19/10/2025 11:50:45 - TRACE] VSCode language id: markdown
[19/10/2025 11:50:47 - TRACE] VSCode language id: markdown
[19/10/2025 11:50:49 - TRACE] VSCode language id: markdown
[19/10/2025 11:50:51 - TRACE] VSCode language id: markdown
[19/10/2025 11:50:53 - TRACE] VSCode language id: markdown
[19/10/2025 11:50:55 - TRACE] VSCode language id: markdown
[19/10/2025 11:50:57 - TRACE] VSCode language id: markdown
[19/10/2025 11:50:59 - TRACE] VSCode language id: markdown
[19/10/2025 11:51:02 - TRACE] VSCode language id: markdown
[19/10/2025 11:51:04 - TRACE] VSCode language id: markdown
[19/10/2025 11:51:06 - TRACE] VSCode language id: markdown
[19/10/2025 11:51:09 - TRACE] VSCode language id: markdown
[19/10/2025 11:51:11 - TRACE] VSCode language id: markdown
[19/10/2025 11:51:14 - TRACE] VSCode language id: markdown
[19/10/2025 11:51:16 - TRACE] VSCode language id: markdown
[19/10/2025 11:51:18 - TRACE] VSCode language id: markdown
[19/10/2025 11:51:20 - TRACE] VSCode language id: markdown
[19/10/2025 11:51:22 - TRACE] VSCode language id: markdown
[19/10/2025 11:51:25 - TRACE] VSCode language id: markdown
[19/10/2025 11:51:26 - TRACE] VSCode language id: go
[19/10/2025 11:51:29 - TRACE] VSCode language id: go
[19/10/2025 11:51:31 - TRACE] VSCode language id: go
[19/10/2025 11:51:33 - TRACE] VSCode language id: go
[19/10/2025 11:51:35 - TRACE] VSCode language id: go
[19/10/2025 11:51:37 - TRACE] VSCode language id: go
[19/10/2025 11:51:39 - TRACE] VSCode language id: go
[19/10/2025 11:51:42 - TRACE] VSCode language id: go
[19/10/2025 11:51:44 - TRACE] VSCode language id: go
[19/10/2025 11:51:45 - TRACE] VSCode language id: go
[19/10/2025 11:51:47 - TRACE] VSCode language id: go
[19/10/2025 11:51:50 - TRACE] VSCode language id: go
[19/10/2025 11:51:50 - TRACE] VSCode language id: go
[19/10/2025 11:51:52 - TRACE] VSCode language id: go
[19/10/2025 11:51:54 - TRACE] VSCode language id: go
[19/10/2025 11:51:56 - TRACE] VSCode language id: go
[19/10/2025 11:51:59 - TRACE] VSCode language id: go
[19/10/2025 11:52:01 - TRACE] VSCode language id: go
[19/10/2025 11:52:03 - TRACE] VSCode language id: go
[19/10/2025 11:52:05 - TRACE] VSCode language id: go
[19/10/2025 11:52:07 - TRACE] VSCode language id: go
[19/10/2025 11:52:09 - TRACE] VSCode language id: go
[19/10/2025 11:52:11 - TRACE] VSCode language id: go
[19/10/2025 11:52:13 - TRACE] VSCode language id: go
[19/10/2025 11:52:15 - TRACE] VSCode language id: go
[19/10/2025 11:52:17 - TRACE] VSCode language id: go
[19/10/2025 11:52:19 - TRACE] VSCode language id: go
[19/10/2025 11:52:21 - TRACE] VSCode language id: go
[19/10/2025 11:52:23 - TRACE] VSCode language id: go
[19/10/2025 11:52:25 - TRACE] VSCode language id: go
[19/10/2025 11:52:28 - TRACE] VSCode language id: go
[19/10/2025 11:52:30 - TRACE] VSCode language id: go
[19/10/2025 11:52:32 - TRACE] VSCode language id: go
[19/10/2025 11:53:30 - TRACE] VSCode language id: go
[19/10/2025 11:53:32 - TRACE] VSCode language id: go
[19/10/2025 11:53:34 - TRACE] VSCode language id: go
[19/10/2025 11:53:36 - TRACE] VSCode language id: go
[19/10/2025 11:54:25 - TRACE] VSCode language id: go
[19/10/2025 11:54:37 - TRACE] VSCode language id: go
[19/10/2025 11:54:39 - TRACE] VSCode language id: go
[19/10/2025 11:54:42 - TRACE] VSCode language id: go
[19/10/2025 11:54:44 - TRACE] VSCode language id: go
[19/10/2025 11:54:54 - TRACE] VSCode language id: go
[19/10/2025 11:54:56 - TRACE] VSCode language id: go
[19/10/2025 11:55:37 - TRACE] VSCode language id: go
[19/10/2025 11:55:39 - TRACE] VSCode language id: go
[19/10/2025 11:55:41 - TRACE] VSCode language id: go
[19/10/2025 11:55:46 - TRACE] VSCode language id: go
[19/10/2025 11:55:48 - TRACE] VSCode language id: go
[19/10/2025 11:55:52 - TRACE] VSCode language id: go
[19/10/2025 11:55:54 - TRACE] VSCode language id: go
[19/10/2025 11:55:56 - TRACE] VSCode language id: go
[19/10/2025 11:55:58 - TRACE] VSCode language id: go
[19/10/2025 11:56:00 - TRACE] VSCode language id: go
[19/10/2025 11:56:02 - TRACE] VSCode language id: go
[19/10/2025 11:56:08 - TRACE] VSCode language id: go
[19/10/2025 11:56:10 - TRACE] VSCode language id: go
[19/10/2025 11:56:12 - TRACE] VSCode language id: go
[19/10/2025 11:56:15 - TRACE] VSCode language id: go
[19/10/2025 11:56:17 - TRACE] VSCode language id: go
[19/10/2025 11:56:18 - TRACE] VSCode language id: go
[19/10/2025 11:56:20 - TRACE] VSCode language id: go
[19/10/2025 11:56:41 - TRACE] VSCode language id: go
[19/10/2025 11:56:43 - TRACE] VSCode language id: go
[19/10/2025 11:56:45 - TRACE] VSCode language id: go
[19/10/2025 11:56:47 - TRACE] VSCode language id: go
[19/10/2025 11:56:49 - TRACE] VSCode language id: go
[19/10/2025 11:56:51 - TRACE] VSCode language id: go
[19/10/2025 11:56:59 - TRACE] VSCode language id: go
[19/10/2025 11:57:01 - TRACE] VSCode language id: go
[19/10/2025 11:57:03 - TRACE] VSCode language id: go
[19/10/2025 11:57:07 - TRACE] VSCode language id: go
[19/10/2025 11:57:09 - TRACE] VSCode language id: go
[19/10/2025 11:57:12 - TRACE] VSCode language id: go
[19/10/2025 11:57:14 - TRACE] VSCode language id: go
[19/10/2025 11:57:21 - TRACE] VSCode language id: go
[19/10/2025 11:57:23 - TRACE] VSCode language id: go
[19/10/2025 11:57:25 - TRACE] VSCode language id: go
[19/10/2025 11:57:27 - TRACE] VSCode language id: go
[19/10/2025 11:57:29 - TRACE] VSCode language id: go
[19/10/2025 11:57:32 - TRACE] VSCode language id: go
[19/10/2025 11:57:34 - TRACE] VSCode language id: go
[19/10/2025 11:57:36 - TRACE] VSCode language id: go
[19/10/2025 11:57:38 - TRACE] VSCode language id: go
[19/10/2025 11:57:40 - TRACE] VSCode language id: go
[19/10/2025 11:57:42 - TRACE] VSCode language id: go
[19/10/2025 11:57:44 - TRACE] VSCode language id: go
[19/10/2025 11:57:46 - TRACE] VSCode language id: go
[19/10/2025 11:57:48 - TRACE] VSCode language id: go
[19/10/2025 11:57:50 - TRACE] VSCode language id: go
[19/10/2025 11:57:53 - TRACE] VSCode language id: go
[19/10/2025 11:57:55 - TRACE] VSCode language id: go
[19/10/2025 11:57:57 - TRACE] VSCode language id: go
[19/10/2025 11:57:59 - TRACE] VSCode language id: go
[19/10/2025 11:58:01 - TRACE] VSCode language id: go
[19/10/2025 11:58:03 - TRACE] VSCode language id: go
[19/10/2025 11:58:05 - TRACE] VSCode language id: go
[19/10/2025 11:58:12 - TRACE] VSCode language id: go
[19/10/2025 11:58:14 - TRACE] VSCode language id: go
[19/10/2025 11:58:21 - TRACE] VSCode language id: go
[19/10/2025 11:58:23 - TRACE] VSCode language id: go
[19/10/2025 11:58:25 - TRACE] VSCode language id: go
[19/10/2025 11:58:27 - TRACE] VSCode language id: go
[19/10/2025 11:58:29 - TRACE] VSCode language id: go
[19/10/2025 11:58:37 - TRACE] VSCode language id: go
[19/10/2025 11:58:39 - TRACE] VSCode language id: go
[19/10/2025 11:58:42 - TRACE] VSCode language id: go
[19/10/2025 11:58:44 - TRACE] VSCode language id: go
[19/10/2025 11:58:46 - TRACE] VSCode language id: go
[19/10/2025 11:58:48 - TRACE] VSCode language id: go
[19/10/2025 11:58:50 - TRACE] VSCode language id: go
[19/10/2025 11:58:52 - TRACE] VSCode language id: go
[19/10/2025 11:58:54 - TRACE] VSCode language id: go
[19/10/2025 11:59:40 - TRACE] VSCode language id: go
[19/10/2025 11:59:42 - TRACE] VSCode language id: go
[19/10/2025 11:59:44 - TRACE] VSCode language id: go
[19/10/2025 11:59:46 - TRACE] VSCode language id: go
[19/10/2025 11:59:48 - TRACE] VSCode language id: go
[19/10/2025 11:59:50 - TRACE] VSCode language id: go
[19/10/2025 11:59:52 - TRACE] VSCode language id: go
[19/10/2025 11:59:54 - TRACE] VSCode language id: go
[19/10/2025 11:59:57 - TRACE] VSCode language id: go
[19/10/2025 11:59:59 - TRACE] VSCode language id: go
[19/10/2025 12:00:01 - TRACE] VSCode language id: go
[19/10/2025 12:00:04 - TRACE] VSCode language id: go
[19/10/2025 12:00:06 - TRACE] VSCode language id: go
[19/10/2025 12:00:10 - TRACE] VSCode language id: go
[19/10/2025 12:00:12 - TRACE] VSCode language id: go
[19/10/2025 12:00:14 - TRACE] VSCode language id: go
[19/10/2025 12:00:16 - TRACE] VSCode language id: go
[19/10/2025 12:00:18 - TRACE] VSCode language id: go
[19/10/2025 12:00:20 - TRACE] VSCode language id: go
[19/10/2025 12:00:25 - TRACE] VSCode language id: go
[19/10/2025 12:00:27 - TRACE] VSCode language id: go
[19/10/2025 12:00:29 - TRACE] VSCode language id: go
[19/10/2025 12:00:31 - TRACE] VSCode language id: go
[19/10/2025 12:00:33 - TRACE] VSCode language id: go
[19/10/2025 12:00:47 - TRACE] VSCode language id: go
[19/10/2025 12:00:49 - TRACE] VSCode language id: go
[19/10/2025 12:00:51 - TRACE] VSCode language id: go
[19/10/2025 12:00:53 - TRACE] VSCode language id: go
[19/10/2025 12:00:55 - TRACE] VSCode language id: go
[19/10/2025 12:00:57 - TRACE] VSCode language id: go
[19/10/2025 12:00:59 - TRACE] VSCode language id: go
[19/10/2025 12:01:01 - TRACE] VSCode language id: go
[19/10/2025 12:01:03 - TRACE] VSCode language id: go
[19/10/2025 12:01:05 - TRACE] VSCode language id: go
[19/10/2025 12:01:08 - TRACE] VSCode language id: go
[19/10/2025 12:01:10 - TRACE] VSCode language id: go
[19/10/2025 12:01:12 - TRACE] VSCode language id: go
[19/10/2025 12:01:15 - TRACE] VSCode language id: go
[19/10/2025 12:01:55 - TRACE] VSCode language id: go
[19/10/2025 12:01:57 - TRACE] VSCode language id: go
[19/10/2025 12:01:59 - TRACE] VSCode language id: go
[19/10/2025 12:02:01 - TRACE] VSCode language id: go
[19/10/2025 12:02:04 - TRACE] VSCode language id: go
[19/10/2025 12:02:06 - TRACE] VSCode language id: go
[19/10/2025 12:02:21 - TRACE] VSCode language id: go
[19/10/2025 12:02:23 - TRACE] VSCode language id: go
[19/10/2025 12:02:25 - TRACE] VSCode language id: go
[19/10/2025 12:02:28 - TRACE] VSCode language id: go
[19/10/2025 12:03:43 - TRACE] VSCode language id: go
[19/10/2025 12:03:45 - TRACE] VSCode language id: go
[19/10/2025 12:03:47 - TRACE] VSCode language id: go
[19/10/2025 12:03:49 - TRACE] VSCode language id: go
[19/10/2025 12:03:51 - TRACE] VSCode language id: go
[19/10/2025 12:03:54 - TRACE] VSCode language id: go
[19/10/2025 12:03:56 - TRACE] VSCode language id: go
[19/10/2025 12:03:58 - TRACE] VSCode language id: go
[19/10/2025 12:04:00 - TRACE] VSCode language id: go
[19/10/2025 12:04:02 - TRACE] VSCode language id: go
[19/10/2025 12:04:04 - TRACE] VSCode language id: go
[19/10/2025 12:04:08 - TRACE] VSCode language id: go
[19/10/2025 12:04:10 - TRACE] VSCode language id: go
[19/10/2025 12:04:12 - TRACE] VSCode language id: go
[19/10/2025 12:04:15 - TRACE] VSCode language id: go
[19/10/2025 12:04:19 - TRACE] VSCode language id: go
[19/10/2025 12:04:21 - TRACE] VSCode language id: go
[19/10/2025 12:04:23 - TRACE] VSCode language id: go
[19/10/2025 12:04:23 - TRACE] VSCode language id: go
[19/10/2025 12:04:25 - TRACE] VSCode language id: go
[19/10/2025 12:04:28 - TRACE] VSCode language id: go
[19/10/2025 12:05:11 - TRACE] VSCode language id: go
[19/10/2025 12:05:13 - TRACE] VSCode language id: go
[19/10/2025 12:05:15 - TRACE] VSCode language id: go
[19/10/2025 12:05:17 - TRACE] VSCode language id: go
[19/10/2025 12:05:19 - TRACE] VSCode language id: go
[19/10/2025 12:05:21 - TRACE] VSCode language id: go
[19/10/2025 12:05:23 - TRACE] VSCode language id: go
[19/10/2025 12:05:26 - TRACE] VSCode language id: go
[19/10/2025 12:05:28 - TRACE] VSCode language id: go
[19/10/2025 12:05:30 - TRACE] VSCode language id: go
[19/10/2025 12:05:32 - TRACE] VSCode language id: go
[19/10/2025 12:05:34 - TRACE] VSCode language id: go
[19/10/2025 12:05:36 - TRACE] VSCode language id: go
[19/10/2025 12:05:39 - TRACE] VSCode language id: go
[19/10/2025 12:05:41 - TRACE] VSCode language id: go
[19/10/2025 12:05:43 - TRACE] VSCode language id: go
[19/10/2025 12:05:45 - TRACE] VSCode language id: go
[19/10/2025 12:05:46 - TRACE] VSCode language id: go
[19/10/2025 12:05:48 - TRACE] VSCode language id: go
[19/10/2025 12:05:50 - TRACE] VSCode language id: go
[19/10/2025 12:05:52 - TRACE] VSCode language id: go
[19/10/2025 12:05:55 - TRACE] VSCode language id: go
[19/10/2025 12:05:57 - TRACE] VSCode language id: go
[19/10/2025 12:06:15 - TRACE] VSCode language id: go
[19/10/2025 12:06:17 - TRACE] VSCode language id: go
[19/10/2025 12:06:19 - TRACE] VSCode language id: go
[19/10/2025 12:06:20 - TRACE] VSCode language id: go
[19/10/2025 12:06:22 - TRACE] VSCode language id: go
[19/10/2025 12:06:24 - TRACE] VSCode language id: go
[19/10/2025 12:06:26 - TRACE] VSCode language id: go
[19/10/2025 12:06:29 - TRACE] VSCode language id: go
[19/10/2025 12:06:31 - TRACE] VSCode language id: go
[19/10/2025 12:06:33 - TRACE] VSCode language id: go
[19/10/2025 12:06:36 - TRACE] VSCode language id: go
[19/10/2025 12:06:37 - TRACE] VSCode language id: go
[19/10/2025 12:06:39 - TRACE] VSCode language id: go
[19/10/2025 12:06:41 - TRACE] VSCode language id: go
[19/10/2025 12:06:44 - TRACE] VSCode language id: go
[19/10/2025 12:06:46 - TRACE] VSCode language id: go
[19/10/2025 12:06:48 - TRACE] VSCode language id: go
[19/10/2025 12:06:51 - TRACE] VSCode language id: go
[19/10/2025 12:06:54 - TRACE] VSCode language id: go
[19/10/2025 12:06:56 - TRACE] VSCode language id: go
[19/10/2025 12:06:58 - TRACE] VSCode language id: go
[19/10/2025 12:07:01 - TRACE] VSCode language id: go
[19/10/2025 12:07:10 - TRACE] VSCode language id: go
[19/10/2025 12:07:12 - TRACE] VSCode language id: go
[19/10/2025 12:07:14 - TRACE] VSCode language id: go
[19/10/2025 12:07:16 - TRACE] VSCode language id: go
[19/10/2025 12:07:28 - TRACE] VSCode language id: markdown
[19/10/2025 12:07:35 - TRACE] VSCode language id: go
[19/10/2025 12:07:38 - TRACE] VSCode language id: go
[19/10/2025 12:07:40 - TRACE] VSCode language id: go
[19/10/2025 12:07:42 - TRACE] VSCode language id: go
[19/10/2025 12:07:44 - TRACE] VSCode language id: go
[19/10/2025 12:07:46 - TRACE] VSCode language id: go
[19/10/2025 12:07:48 - TRACE] VSCode language id: go
[19/10/2025 12:07:51 - TRACE] VSCode language id: go
[19/10/2025 12:07:53 - TRACE] VSCode language id: go
[19/10/2025 12:07:55 - TRACE] VSCode language id: go
[19/10/2025 12:07:57 - TRACE] VSCode language id: go
[19/10/2025 12:07:59 - TRACE] VSCode language id: go
[19/10/2025 12:08:01 - TRACE] VSCode language id: go
[19/10/2025 12:08:15 - TRACE] VSCode language id: go
[19/10/2025 12:08:17 - TRACE] VSCode language id: go
[19/10/2025 12:08:19 - TRACE] VSCode language id: go
[19/10/2025 12:08:22 - TRACE] VSCode language id: go
[19/10/2025 12:08:24 - TRACE] VSCode language id: go
[19/10/2025 12:08:25 - TRACE] VSCode language id: go
[19/10/2025 12:08:27 - TRACE] VSCode language id: go
[19/10/2025 12:08:30 - TRACE] VSCode language id: go
[19/10/2025 12:08:32 - TRACE] VSCode language id: go
[19/10/2025 12:08:34 - TRACE] VSCode language id: go
[19/10/2025 12:08:38 - TRACE] VSCode language id: go
[19/10/2025 12:08:40 - TRACE] VSCode language id: go
[19/10/2025 12:08:43 - TRACE] VSCode language id: go
[19/10/2025 12:08:45 - TRACE] VSCode language id: go
[19/10/2025 12:08:47 - TRACE] VSCode language id: go
[19/10/2025 12:08:49 - TRACE] VSCode language id: go
[19/10/2025 12:08:51 - TRACE] VSCode language id: go
[19/10/2025 12:08:53 - TRACE] VSCode language id: go
[19/10/2025 12:08:56 - TRACE] VSCode language id: go
[19/10/2025 12:08:58 - TRACE] VSCode language id: go
[19/10/2025 12:09:02 - TRACE] VSCode language id: go
[19/10/2025 12:09:04 - TRACE] VSCode language id: go
[19/10/2025 12:09:06 - TRACE] VSCode language id: go
[19/10/2025 12:09:08 - TRACE] VSCode language id: go
[19/10/2025 12:09:10 - TRACE] VSCode language id: go
[19/10/2025 12:09:12 - TRACE] VSCode language id: go
[19/10/2025 12:09:14 - TRACE] VSCode language id: go
[19/10/2025 12:09:17 - TRACE] VSCode language id: go
[19/10/2025 12:09:29 - TRACE] VSCode language id: go
[19/10/2025 12:09:31 - TRACE] VSCode language id: go
[19/10/2025 12:09:33 - TRACE] VSCode language id: go
[19/10/2025 12:09:35 - TRACE] VSCode language id: go
[19/10/2025 12:09:37 - TRACE] VSCode language id: go
[19/10/2025 12:09:39 - TRACE] VSCode language id: go
[19/10/2025 12:09:41 - TRACE] VSCode language id: go
[19/10/2025 12:09:44 - TRACE] VSCode language id: go
[19/10/2025 12:09:58 - TRACE] VSCode language id: go
[19/10/2025 12:10:00 - TRACE] VSCode language id: go
[19/10/2025 12:10:02 - TRACE] VSCode language id: go
[19/10/2025 12:10:04 - TRACE] VSCode language id: go
[19/10/2025 12:10:06 - TRACE] VSCode language id: go
[19/10/2025 12:10:08 - TRACE] VSCode language id: go
[19/10/2025 12:10:10 - TRACE] VSCode language id: go
[19/10/2025 12:10:13 - TRACE] VSCode language id: go
[19/10/2025 12:10:15 - TRACE] VSCode language id: go
[19/10/2025 12:10:17 - TRACE] VSCode language id: go
[19/10/2025 12:10:19 - TRACE] VSCode language id: go
[19/10/2025 12:10:21 - TRACE] VSCode language id: go
[19/10/2025 12:10:23 - TRACE] VSCode language id: go
[19/10/2025 12:10:26 - TRACE] VSCode language id: go
[19/10/2025 12:10:28 - TRACE] VSCode language id: go
[19/10/2025 12:10:31 - TRACE] VSCode language id: go
[19/10/2025 12:10:33 - TRACE] VSCode language id: go
[19/10/2025 12:10:44 - TRACE] VSCode language id: go
[19/10/2025 12:10:46 - TRACE] VSCode language id: go
[19/10/2025 12:10:48 - TRACE] VSCode language id: go
[19/10/2025 12:10:50 - TRACE] VSCode language id: go
[19/10/2025 12:10:52 - TRACE] VSCode language id: go
[19/10/2025 12:10:54 - TRACE] VSCode language id: go
[19/10/2025 12:10:56 - TRACE] VSCode language id: go
[19/10/2025 12:10:59 - TRACE] VSCode language id: go
[19/10/2025 12:11:09 - TRACE] VSCode language id: go
[19/10/2025 12:11:11 - TRACE] VSCode language id: go
[19/10/2025 12:11:15 - TRACE] VSCode language id: go
[19/10/2025 12:11:17 - TRACE] VSCode language id: go
[19/10/2025 12:11:19 - TRACE] VSCode language id: go
[19/10/2025 12:11:21 - TRACE] VSCode language id: go
[19/10/2025 12:11:24 - TRACE] VSCode language id: go
[19/10/2025 12:11:25 - TRACE] VSCode language id: go
[19/10/2025 12:11:27 - TRACE] VSCode language id: go
[19/10/2025 12:11:29 - TRACE] VSCode language id: go
[19/10/2025 12:11:32 - TRACE] VSCode language id: go
[19/10/2025 12:12:35 - TRACE] VSCode language id: go
[19/10/2025 12:12:37 - TRACE] VSCode language id: go
[19/10/2025 12:12:39 - TRACE] VSCode language id: go
[19/10/2025 12:12:41 - TRACE] VSCode language id: go
[19/10/2025 12:12:43 - TRACE] VSCode language id: go
[19/10/2025 12:12:47 - TRACE] VSCode language id: go
[19/10/2025 12:12:49 - TRACE] VSCode language id: go
[19/10/2025 12:12:52 - TRACE] VSCode language id: go
[19/10/2025 12:12:54 - TRACE] VSCode language id: go
[19/10/2025 12:12:56 - TRACE] VSCode language id: go
[19/10/2025 12:12:58 - TRACE] VSCode language id: go
[19/10/2025 12:13:00 - TRACE] VSCode language id: go
[19/10/2025 12:13:02 - TRACE] VSCode language id: go
[19/10/2025 12:13:05 - TRACE] VSCode language id: go
[19/10/2025 12:13:07 - TRACE] VSCode language id: go
[19/10/2025 12:13:09 - TRACE] VSCode language id: go
[19/10/2025 12:13:11 - TRACE] VSCode language id: go
[19/10/2025 12:13:13 - TRACE] VSCode language id: go
[19/10/2025 12:13:15 - TRACE] VSCode language id: go
[19/10/2025 12:13:17 - TRACE] VSCode language id: go
[19/10/2025 12:13:19 - TRACE] VSCode language id: go
[19/10/2025 12:13:21 - TRACE] VSCode language id: go
[19/10/2025 12:13:23 - TRACE] VSCode language id: go
[19/10/2025 12:13:25 - TRACE] VSCode language id: go
[19/10/2025 12:13:27 - TRACE] VSCode language id: go
[19/10/2025 12:13:29 - TRACE] VSCode language id: go
[19/10/2025 12:13:31 - TRACE] VSCode language id: go
[19/10/2025 12:13:34 - TRACE] VSCode language id: go
[19/10/2025 12:13:36 - TRACE] VSCode language id: go
[19/10/2025 12:14:04 - TRACE] VSCode language id: go
[19/10/2025 12:14:06 - TRACE] VSCode language id: go
[19/10/2025 12:14:08 - TRACE] VSCode language id: go
[19/10/2025 12:14:10 - TRACE] VSCode language id: go
[19/10/2025 12:14:23 - TRACE] VSCode language id: go
[19/10/2025 12:14:25 - TRACE] VSCode language id: go
[19/10/2025 12:14:27 - TRACE] VSCode language id: go
[19/10/2025 12:14:29 - TRACE] VSCode language id: go
[19/10/2025 12:14:31 - TRACE] VSCode language id: go
[19/10/2025 12:14:33 - TRACE] VSCode language id: go
[19/10/2025 12:14:35 - TRACE] VSCode language id: go
[19/10/2025 12:14:37 - TRACE] VSCode language id: go
[19/10/2025 12:14:39 - TRACE] VSCode language id: go
[19/10/2025 12:14:42 - TRACE] VSCode language id: go
[19/10/2025 12:14:44 - TRACE] VSCode language id: go
[19/10/2025 12:14:46 - TRACE] VSCode language id: go
[19/10/2025 12:14:48 - TRACE] VSCode language id: go
[19/10/2025 12:14:50 - TRACE] VSCode language id: go
[19/10/2025 12:14:53 - TRACE] VSCode language id: go
[19/10/2025 12:14:55 - TRACE] VSCode language id: go
[19/10/2025 12:14:57 - TRACE] VSCode language id: go
[19/10/2025 12:15:00 - TRACE] VSCode language id: go
[19/10/2025 12:15:18 - TRACE] VSCode language id: go
[19/10/2025 12:15:20 - TRACE] VSCode language id: go
[19/10/2025 12:15:24 - TRACE] VSCode language id: go
[19/10/2025 12:15:26 - TRACE] VSCode language id: go
[19/10/2025 12:15:28 - TRACE] VSCode language id: go
[19/10/2025 12:15:30 - TRACE] VSCode language id: go
[19/10/2025 12:15:33 - TRACE] VSCode language id: go
[19/10/2025 12:15:46 - TRACE] VSCode language id: go
[19/10/2025 12:15:48 - TRACE] VSCode language id: go
[19/10/2025 12:15:51 - TRACE] VSCode language id: go
[19/10/2025 12:16:04 - TRACE] VSCode language id: go
[19/10/2025 12:16:06 - TRACE] VSCode language id: go
[19/10/2025 12:16:08 - TRACE] VSCode language id: go
[19/10/2025 12:16:12 - TRACE] VSCode language id: go
[19/10/2025 12:16:14 - TRACE] VSCode language id: go
[19/10/2025 12:16:17 - TRACE] VSCode language id: go
[19/10/2025 12:17:04 - TRACE] VSCode language id: go
[19/10/2025 12:17:06 - TRACE] VSCode language id: go
[19/10/2025 12:17:09 - TRACE] VSCode language id: go
[19/10/2025 12:18:58 - TRACE] VSCode language id: go
[19/10/2025 12:19:00 - TRACE] VSCode language id: go
[19/10/2025 12:19:02 - TRACE] VSCode language id: go
[19/10/2025 12:19:04 - TRACE] VSCode language id: go
[19/10/2025 12:19:06 - TRACE] VSCode language id: go
[19/10/2025 12:19:08 - TRACE] VSCode language id: go
[19/10/2025 12:19:10 - TRACE] VSCode language id: go
[19/10/2025 12:19:12 - TRACE] VSCode language id: go
[19/10/2025 12:19:14 - TRACE] VSCode language id: go
[19/10/2025 12:20:19 - TRACE] VSCode language id: go
[19/10/2025 12:20:21 - TRACE] VSCode language id: go
[19/10/2025 12:20:23 - TRACE] VSCode language id: go
[19/10/2025 12:20:25 - TRACE] VSCode language id: go
[19/10/2025 12:20:27 - TRACE] VSCode language id: go
[19/10/2025 12:21:30 - TRACE] VSCode language id: go
[19/10/2025 12:21:32 - TRACE] VSCode language id: go
[19/10/2025 12:21:41 - TRACE] VSCode language id: go
[19/10/2025 12:21:43 - TRACE] VSCode language id: go
[19/10/2025 12:21:46 - TRACE] VSCode language id: go
[19/10/2025 12:21:48 - TRACE] VSCode language id: go
[19/10/2025 12:21:50 - TRACE] VSCode language id: go
[19/10/2025 12:21:52 - TRACE] VSCode language id: go
[19/10/2025 12:21:54 - TRACE] VSCode language id: go
[19/10/2025 12:21:56 - TRACE] VSCode language id: go
[19/10/2025 12:21:58 - TRACE] VSCode language id: go
[19/10/2025 12:21:59 - TRACE] VSCode language id: go
[19/10/2025 12:22:01 - TRACE] VSCode language id: go
[19/10/2025 12:22:04 - TRACE] VSCode language id: go
[19/10/2025 12:22:06 - TRACE] VSCode language id: go
[19/10/2025 12:22:08 - TRACE] VSCode language id: go
[19/10/2025 12:22:09 - TRACE] VSCode language id: go
[19/10/2025 12:22:11 - TRACE] VSCode language id: go
[19/10/2025 12:22:13 - TRACE] VSCode language id: go
[19/10/2025 12:22:15 - TRACE] VSCode language id: go
[19/10/2025 12:22:19 - TRACE] VSCode language id: go
[19/10/2025 12:22:21 - TRACE] VSCode language id: go
[19/10/2025 12:22:23 - TRACE] VSCode language id: go
[19/10/2025 12:22:25 - TRACE] VSCode language id: go
[19/10/2025 12:22:27 - TRACE] VSCode language id: go
[19/10/2025 12:22:29 - TRACE] VSCode language id: go
[19/10/2025 12:22:32 - TRACE] VSCode language id: go
[19/10/2025 12:22:34 - TRACE] VSCode language id: go
[19/10/2025 12:22:35 - TRACE] VSCode language id: go
[19/10/2025 12:22:37 - TRACE] VSCode language id: go
[19/10/2025 12:22:39 - TRACE] VSCode language id: go
[19/10/2025 12:22:41 - TRACE] VSCode language id: go
[19/10/2025 12:22:43 - TRACE] VSCode language id: go
[19/10/2025 12:22:45 - TRACE] VSCode language id: go
[19/10/2025 12:22:47 - TRACE] VSCode language id: go
[19/10/2025 12:22:51 - TRACE] VSCode language id: go
[19/10/2025 12:22:53 - TRACE] VSCode language id: go
[19/10/2025 12:22:56 - TRACE] VSCode language id: go
[19/10/2025 12:22:58 - TRACE] VSCode language id: go
[19/10/2025 12:22:59 - TRACE] VSCode language id: go
[19/10/2025 12:23:01 - TRACE] VSCode language id: go
[19/10/2025 12:23:03 - TRACE] VSCode language id: go
[19/10/2025 12:23:05 - TRACE] VSCode language id: go
[19/10/2025 12:23:21 - TRACE] VSCode language id: go
[19/10/2025 12:23:23 - TRACE] VSCode language id: go
[19/10/2025 12:23:25 - TRACE] VSCode language id: go
[19/10/2025 12:23:27 - TRACE] VSCode language id: go
[19/10/2025 12:23:30 - TRACE] VSCode language id: go
[19/10/2025 12:23:32 - TRACE] VSCode language id: go
[19/10/2025 12:23:34 - TRACE] VSCode language id: go
[19/10/2025 12:23:36 - TRACE] VSCode language id: go
[19/10/2025 12:23:38 - TRACE] VSCode language id: go
[19/10/2025 12:23:40 - TRACE] VSCode language id: go
[19/10/2025 12:23:42 - TRACE] VSCode language id: go
[19/10/2025 12:23:47 - TRACE] VSCode language id: go
[19/10/2025 12:23:49 - TRACE] VSCode language id: go
[19/10/2025 12:23:54 - TRACE] VSCode language id: go
[19/10/2025 12:23:56 - TRACE] VSCode language id: go
[19/10/2025 12:23:59 - TRACE] VSCode language id: go
[19/10/2025 12:24:01 - TRACE] VSCode language id: go
[19/10/2025 12:24:04 - TRACE] VSCode language id: go
[19/10/2025 12:24:06 - TRACE] VSCode language id: go
[19/10/2025 12:24:08 - TRACE] VSCode language id: go
[19/10/2025 12:24:11 - TRACE] VSCode language id: go
[19/10/2025 12:24:13 - TRACE] VSCode language id: go
[19/10/2025 12:24:15 - TRACE] VSCode language id: go
[19/10/2025 12:24:37 - TRACE] VSCode language id: go
[19/10/2025 12:24:39 - TRACE] VSCode language id: go
[19/10/2025 12:24:48 - TRACE] VSCode language id: go
[19/10/2025 12:24:50 - TRACE] VSCode language id: go
[19/10/2025 12:25:00 - TRACE] VSCode language id: go
[19/10/2025 12:25:02 - TRACE] VSCode language id: go
[19/10/2025 12:25:05 - TRACE] VSCode language id: go
[19/10/2025 12:25:07 - TRACE] VSCode language id: go
[19/10/2025 12:25:09 - TRACE] VSCode language id: go
[19/10/2025 12:25:13 - TRACE] VSCode language id: go
[19/10/2025 12:25:15 - TRACE] VSCode language id: go
[19/10/2025 12:25:30 - TRACE] VSCode language id: go
[19/10/2025 12:25:32 - TRACE] VSCode language id: go
[19/10/2025 12:25:34 - TRACE] VSCode language id: go
[19/10/2025 12:25:37 - TRACE] VSCode language id: go
[19/10/2025 12:26:14 - TRACE] VSCode language id: go
[19/10/2025 12:26:16 - TRACE] VSCode language id: go
[19/10/2025 12:26:18 - TRACE] VSCode language id: go
[19/10/2025 12:26:21 - TRACE] VSCode language id: go
[19/10/2025 12:26:23 - TRACE] VSCode language id: go
[19/10/2025 12:26:25 - TRACE] VSCode language id: go
[19/10/2025 12:26:26 - TRACE] VSCode language id: go
[19/10/2025 12:26:28 - TRACE] VSCode language id: go
[19/10/2025 12:26:30 - TRACE] VSCode language id: go
[19/10/2025 12:26:32 - TRACE] VSCode language id: go
[19/10/2025 12:26:35 - TRACE] VSCode language id: go
[19/10/2025 12:26:36 - TRACE] VSCode language id: go
[19/10/2025 12:26:38 - TRACE] VSCode language id: go
[19/10/2025 12:26:40 - TRACE] VSCode language id: go
[19/10/2025 12:26:42 - TRACE] VSCode language id: go
[19/10/2025 12:26:44 - TRACE] VSCode language id: go
[19/10/2025 12:26:46 - TRACE] VSCode language id: go
[19/10/2025 12:27:16 - TRACE] VSCode language id: go
[19/10/2025 12:27:18 - TRACE] VSCode language id: go
[19/10/2025 12:27:20 - TRACE] VSCode language id: go
[19/10/2025 12:27:29 - TRACE] VSCode language id: go
[19/10/2025 12:27:31 - TRACE] VSCode language id: go
[19/10/2025 12:27:36 - TRACE] VSCode language id: go
[19/10/2025 12:27:38 - TRACE] VSCode language id: go
[19/10/2025 12:27:42 - TRACE] VSCode language id: go
[19/10/2025 12:27:44 - TRACE] VSCode language id: go
[19/10/2025 12:27:46 - TRACE] VSCode language id: go
[19/10/2025 12:27:47 - TRACE] VSCode language id: go
[19/10/2025 12:27:49 - TRACE] VSCode language id: go
[19/10/2025 12:27:51 - TRACE] VSCode language id: go
[19/10/2025 12:27:54 - TRACE] VSCode language id: go
[19/10/2025 12:27:56 - TRACE] VSCode language id: go
[19/10/2025 12:28:12 - TRACE] VSCode language id: go
[19/10/2025 12:28:14 - TRACE] VSCode language id: go
[19/10/2025 12:28:16 - TRACE] VSCode language id: go
[19/10/2025 12:28:21 - TRACE] VSCode language id: go
[19/10/2025 12:28:23 - TRACE] VSCode language id: go
[19/10/2025 12:28:26 - TRACE] VSCode language id: go
[19/10/2025 12:28:27 - TRACE] VSCode language id: go
[19/10/2025 12:28:29 - TRACE] VSCode language id: go
[19/10/2025 12:28:32 - TRACE] VSCode language id: go
[19/10/2025 12:28:34 - TRACE] VSCode language id: go
[19/10/2025 12:28:36 - TRACE] VSCode language id: go
[19/10/2025 12:28:37 - TRACE] VSCode language id: go
[19/10/2025 12:28:39 - TRACE] VSCode language id: go
[19/10/2025 12:28:42 - TRACE] VSCode language id: go
[19/10/2025 12:28:44 - TRACE] VSCode language id: go
[19/10/2025 12:28:46 - TRACE] VSCode language id: go
[19/10/2025 12:28:48 - TRACE] VSCode language id: go
[19/10/2025 12:28:50 - TRACE] VSCode language id: go
[19/10/2025 12:28:52 - TRACE] VSCode language id: go
[19/10/2025 12:28:58 - TRACE] VSCode language id: go
[19/10/2025 12:29:00 - TRACE] VSCode language id: go
[19/10/2025 12:29:02 - TRACE] VSCode language id: go
[19/10/2025 12:29:04 - TRACE] VSCode language id: go
[19/10/2025 12:29:07 - TRACE] VSCode language id: go
[19/10/2025 12:30:04 - TRACE] VSCode language id: go
[19/10/2025 12:30:06 - TRACE] VSCode language id: go
[19/10/2025 12:30:09 - TRACE] VSCode language id: go
[19/10/2025 12:30:16 - TRACE] VSCode language id: go
[19/10/2025 12:30:18 - TRACE] VSCode language id: go
[19/10/2025 12:30:20 - TRACE] VSCode language id: go
[19/10/2025 12:32:06 - TRACE] VSCode language id: go
[19/10/2025 12:32:08 - TRACE] VSCode language id: go
[19/10/2025 12:32:10 - TRACE] VSCode language id: go
[19/10/2025 12:32:12 - TRACE] VSCode language id: go
[19/10/2025 12:32:14 - TRACE] VSCode language id: go
[19/10/2025 12:32:28 - TRACE] VSCode language id: go
[19/10/2025 12:32:30 - TRACE] VSCode language id: go
[19/10/2025 12:32:32 - TRACE] VSCode language id: go
[19/10/2025 12:32:34 - TRACE] VSCode language id: go
[19/10/2025 12:32:36 - TRACE] VSCode language id: go
[19/10/2025 12:32:38 - TRACE] VSCode language id: go
[19/10/2025 12:32:40 - TRACE] VSCode language id: go
[19/10/2025 12:32:42 - TRACE] VSCode language id: go
[19/10/2025 12:32:44 - TRACE] VSCode language id: go
[19/10/2025 12:32:46 - TRACE] VSCode language id: go
[19/10/2025 12:32:48 - TRACE] VSCode language id: go
[19/10/2025 12:32:51 - TRACE] VSCode language id: go
[19/10/2025 12:32:53 - TRACE] VSCode language id: go
[19/10/2025 12:32:55 - TRACE] VSCode language id: go
[19/10/2025 12:32:57 - TRACE] VSCode language id: go
[19/10/2025 12:32:59 - TRACE] VSCode language id: go
[19/10/2025 12:33:01 - TRACE] VSCode language id: go
[19/10/2025 12:33:04 - TRACE] VSCode language id: go
[19/10/2025 12:33:06 - TRACE] VSCode language id: go
[19/10/2025 12:33:11 - TRACE] VSCode language id: go
[19/10/2025 12:33:13 - TRACE] VSCode language id: go
[19/10/2025 12:33:15 - TRACE] VSCode language id: go
[19/10/2025 12:33:17 - TRACE] VSCode language id: go
[19/10/2025 12:33:19 - TRACE] VSCode language id: go
[19/10/2025 12:33:21 - TRACE] VSCode language id: go
[19/10/2025 12:33:23 - TRACE] VSCode language id: go
[19/10/2025 12:33:28 - TRACE] VSCode language id: go
[19/10/2025 12:33:30 - TRACE] VSCode language id: go
[19/10/2025 12:33:33 - TRACE] VSCode language id: go
[19/10/2025 12:33:35 - TRACE] VSCode language id: go
[19/10/2025 12:33:37 - TRACE] VSCode language id: go
[19/10/2025 12:33:39 - TRACE] VSCode language id: go
[19/10/2025 12:33:41 - TRACE] VSCode language id: go
[19/10/2025 12:33:43 - TRACE] VSCode language id: go
[19/10/2025 12:33:45 - TRACE] VSCode language id: go
[19/10/2025 12:33:47 - TRACE] VSCode language id: go
[19/10/2025 12:33:49 - TRACE] VSCode language id: go
[19/10/2025 12:33:51 - TRACE] VSCode language id: go
[19/10/2025 12:33:53 - TRACE] VSCode language id: go
[19/10/2025 12:33:56 - TRACE] VSCode language id: go
[19/10/2025 12:33:58 - TRACE] VSCode language id: go
[19/10/2025 12:34:00 - TRACE] VSCode language id: go
[19/10/2025 12:34:02 - TRACE] VSCode language id: go
[19/10/2025 12:34:06 - TRACE] VSCode language id: go
[19/10/2025 12:34:08 - TRACE] VSCode language id: go
[19/10/2025 12:34:11 - TRACE] VSCode language id: go
[19/10/2025 12:34:13 - TRACE] VSCode language id: go
[19/10/2025 12:34:15 - TRACE] VSCode language id: go
[19/10/2025 12:34:17 - TRACE] VSCode language id: go
[19/10/2025 12:34:19 - TRACE] VSCode language id: go
[19/10/2025 12:34:22 - TRACE] VSCode language id: go
[19/10/2025 12:34:24 - TRACE] VSCode language id: go
[19/10/2025 12:34:26 - TRACE] VSCode language id: go
[19/10/2025 12:34:28 - TRACE] VSCode language id: go
[19/10/2025 12:34:30 - TRACE] VSCode language id: go
[19/10/2025 12:34:32 - TRACE] VSCode language id: go
[19/10/2025 12:34:34 - TRACE] VSCode language id: go
[19/10/2025 12:34:36 - TRACE] VSCode language id: go
[19/10/2025 12:34:42 - TRACE] VSCode language id: go
[19/10/2025 12:34:44 - TRACE] VSCode language id: go
[19/10/2025 12:34:46 - TRACE] VSCode language id: go
[19/10/2025 12:34:47 - TRACE] VSCode language id: go
[19/10/2025 12:34:49 - TRACE] VSCode language id: go
[19/10/2025 12:34:51 - TRACE] VSCode language id: go
[19/10/2025 12:34:54 - TRACE] VSCode language id: go
[19/10/2025 12:34:56 - TRACE] VSCode language id: go
[19/10/2025 12:34:58 - TRACE] VSCode language id: go
[19/10/2025 12:35:01 - TRACE] VSCode language id: go
[19/10/2025 12:35:03 - TRACE] VSCode language id: go
[19/10/2025 12:35:05 - TRACE] VSCode language id: go
[19/10/2025 12:35:07 - TRACE] VSCode language id: go
[19/10/2025 12:35:10 - TRACE] VSCode language id: go
[19/10/2025 12:35:10 - TRACE] VSCode language id: go
[19/10/2025 12:35:12 - TRACE] VSCode language id: go
[19/10/2025 12:35:34 - TRACE] VSCode language id: go
[19/10/2025 12:35:36 - TRACE] VSCode language id: go
[19/10/2025 12:35:38 - TRACE] VSCode language id: go
[19/10/2025 12:35:45 - TRACE] VSCode language id: go
[19/10/2025 12:35:47 - TRACE] VSCode language id: go
[19/10/2025 12:35:50 - TRACE] VSCode language id: go
[19/10/2025 12:35:52 - TRACE] VSCode language id: go
[19/10/2025 12:35:54 - TRACE] VSCode language id: go
[19/10/2025 12:35:56 - TRACE] VSCode language id: go
[19/10/2025 12:35:58 - TRACE] VSCode language id: go
[19/10/2025 12:36:00 - TRACE] VSCode language id: go
[19/10/2025 12:36:05 - TRACE] VSCode language id: go
[19/10/2025 12:36:07 - TRACE] VSCode language id: go
[19/10/2025 12:37:18 - TRACE] VSCode language id: go
[19/10/2025 12:37:20 - TRACE] VSCode language id: go
[19/10/2025 12:37:41 - TRACE] VSCode language id: go
[19/10/2025 12:37:43 - TRACE] VSCode language id: go
[19/10/2025 12:38:43 - TRACE] VSCode language id: go
[19/10/2025 12:38:45 - TRACE] VSCode language id: go
[19/10/2025 12:39:46 - TRACE] VSCode language id: go
[19/10/2025 12:39:48 - TRACE] VSCode language id: go
[19/10/2025 12:39:50 - TRACE] VSCode language id: go
[19/10/2025 12:41:08 - TRACE] VSCode language id: go
[19/10/2025 12:41:10 - TRACE] VSCode language id: go
[19/10/2025 12:41:12 - TRACE] VSCode language id: go
[19/10/2025 12:42:10 - TRACE] VSCode language id: go
[19/10/2025 12:42:12 - TRACE] VSCode language id: go
[19/10/2025 12:42:14 - TRACE] VSCode language id: go
[19/10/2025 12:42:16 - TRACE] VSCode language id: go
[19/10/2025 12:42:18 - TRACE] VSCode language id: go
[19/10/2025 12:42:18 - TRACE] VSCode language id: go
[19/10/2025 12:42:20 - TRACE] VSCode language id: go
[19/10/2025 12:42:22 - TRACE] VSCode language id: go
[19/10/2025 12:42:24 - TRACE] VSCode language id: go
[19/10/2025 12:42:26 - TRACE] VSCode language id: go
[19/10/2025 12:42:31 - TRACE] VSCode language id: go
[19/10/2025 12:42:33 - TRACE] VSCode language id: go
[19/10/2025 12:42:35 - TRACE] VSCode language id: go
[19/10/2025 12:42:37 - TRACE] VSCode language id: go
[19/10/2025 12:42:39 - TRACE] VSCode language id: go
[19/10/2025 12:42:41 - TRACE] VSCode language id: go
[19/10/2025 12:42:43 - TRACE] VSCode language id: go
[19/10/2025 12:42:45 - TRACE] VSCode language id: go
[19/10/2025 12:42:47 - TRACE] VSCode language id: go
[19/10/2025 12:42:49 - TRACE] VSCode language id: go
[19/10/2025 12:42:52 - TRACE] VSCode language id: go
[19/10/2025 12:42:54 - TRACE] VSCode language id: go
[19/10/2025 12:43:33 - TRACE] VSCode language id: go
[19/10/2025 12:43:35 - TRACE] VSCode language id: go
[19/10/2025 12:43:37 - TRACE] VSCode language id: go
[19/10/2025 12:43:39 - TRACE] VSCode language id: go
[19/10/2025 12:43:41 - TRACE] VSCode language id: go
[19/10/2025 12:43:43 - TRACE] VSCode language id: go
[19/10/2025 12:43:45 - TRACE] VSCode language id: go
[19/10/2025 12:43:47 - TRACE] VSCode language id: go
[19/10/2025 12:43:49 - TRACE] VSCode language id: go
[19/10/2025 12:43:51 - TRACE] VSCode language id: go
[19/10/2025 12:43:53 - TRACE] VSCode language id: go
[19/10/2025 12:43:55 - TRACE] VSCode language id: go
[19/10/2025 12:43:57 - TRACE] VSCode language id: go
[19/10/2025 12:43:59 - TRACE] VSCode language id: go
[19/10/2025 12:44:02 - TRACE] VSCode language id: go
[19/10/2025 12:44:04 - TRACE] VSCode language id: go
[19/10/2025 12:44:06 - TRACE] VSCode language id: go
[19/10/2025 12:44:08 - TRACE] VSCode language id: go
[19/10/2025 12:44:11 - TRACE] VSCode language id: go
[19/10/2025 12:44:13 - TRACE] VSCode language id: go
[19/10/2025 12:44:15 - TRACE] VSCode language id: go
[19/10/2025 12:44:18 - TRACE] VSCode language id: go
[19/10/2025 12:44:18 - TRACE] VSCode language id: go
[19/10/2025 12:44:20 - TRACE] VSCode language id: go
[19/10/2025 12:44:22 - TRACE] VSCode language id: go
[19/10/2025 12:44:24 - TRACE] VSCode language id: go
[19/10/2025 12:45:15 - TRACE] VSCode language id: go
[19/10/2025 12:45:17 - TRACE] VSCode language id: go
[19/10/2025 12:45:51 - TRACE] VSCode language id: go
[19/10/2025 12:45:53 - TRACE] VSCode language id: go
[19/10/2025 12:45:56 - TRACE] VSCode language id: go
[19/10/2025 12:45:58 - TRACE] VSCode language id: go
[19/10/2025 12:46:03 - TRACE] VSCode language id: go
[19/10/2025 12:46:05 - TRACE] VSCode language id: go
[19/10/2025 12:46:08 - TRACE] VSCode language id: go
[19/10/2025 12:46:10 - TRACE] VSCode language id: go
[19/10/2025 12:46:12 - TRACE] VSCode language id: go
[19/10/2025 12:46:14 - TRACE] VSCode language id: go
[19/10/2025 12:46:16 - TRACE] VSCode language id: go
[19/10/2025 12:46:18 - TRACE] VSCode language id: go
[19/10/2025 12:46:20 - TRACE] VSCode language id: go
[19/10/2025 12:46:22 - TRACE] VSCode language id: go
[19/10/2025 12:46:25 - TRACE] VSCode language id: go
[19/10/2025 12:46:35 - TRACE] VSCode language id: go
[19/10/2025 12:46:37 - TRACE] VSCode language id: go
[19/10/2025 12:46:59 - TRACE] VSCode language id: go
[19/10/2025 12:47:01 - TRACE] VSCode language id: go
[19/10/2025 12:47:10 - TRACE] VSCode language id: go
[19/10/2025 12:47:12 - TRACE] VSCode language id: go
[19/10/2025 12:47:14 - TRACE] VSCode language id: go
[19/10/2025 12:47:17 - TRACE] VSCode language id: go
[19/10/2025 12:47:19 - TRACE] VSCode language id: go
[19/10/2025 12:47:21 - TRACE] VSCode language id: go
[19/10/2025 12:47:23 - TRACE] VSCode language id: go
[19/10/2025 12:47:25 - TRACE] VSCode language id: go
[19/10/2025 12:47:27 - TRACE] VSCode language id: go
[19/10/2025 12:47:30 - TRACE] VSCode language id: go
[19/10/2025 12:47:32 - TRACE] VSCode language id: go
[19/10/2025 12:47:34 - TRACE] VSCode language id: go
[19/10/2025 12:48:08 - TRACE] VSCode language id: go
[19/10/2025 12:48:10 - TRACE] VSCode language id: go
[19/10/2025 12:48:13 - TRACE] VSCode language id: go
[19/10/2025 12:48:14 - TRACE] VSCode language id: go
[19/10/2025 12:48:16 - TRACE] VSCode language id: go
[19/10/2025 12:48:18 - TRACE] VSCode language id: go
[19/10/2025 12:48:20 - TRACE] VSCode language id: go
[19/10/2025 12:48:22 - TRACE] VSCode language id: go
[19/10/2025 12:48:24 - TRACE] VSCode language id: go
[19/10/2025 12:48:26 - TRACE] VSCode language id: go
[19/10/2025 12:53:00 - TRACE] VSCode language id: go
[19/10/2025 12:53:02 - TRACE] VSCode language id: go
[19/10/2025 12:53:05 - TRACE] VSCode language id: go
[19/10/2025 12:53:06 - TRACE] VSCode language id: go
[19/10/2025 12:53:08 - TRACE] VSCode language id: go
[19/10/2025 12:53:10 - TRACE] VSCode language id: go
[19/10/2025 12:53:12 - TRACE] VSCode language id: go
[19/10/2025 12:53:13 - TRACE] VSCode language id: go
[19/10/2025 12:53:15 - TRACE] VSCode language id: go
[19/10/2025 12:53:17 - TRACE] VSCode language id: go
[19/10/2025 12:53:19 - TRACE] VSCode language id: go
[19/10/2025 12:53:21 - TRACE] VSCode language id: go
[19/10/2025 12:53:25 - TRACE] VSCode language id: go
[19/10/2025 12:53:27 - TRACE] VSCode language id: go
[19/10/2025 12:53:30 - TRACE] VSCode language id: go
[19/10/2025 12:53:32 - TRACE] VSCode language id: go
[19/10/2025 12:53:34 - TRACE] VSCode language id: go
[19/10/2025 12:53:36 - TRACE] VSCode language id: go
[19/10/2025 12:53:39 - TRACE] VSCode language id: go
[19/10/2025 12:53:42 - TRACE] VSCode language id: go
[19/10/2025 12:53:44 - TRACE] VSCode language id: go
[19/10/2025 12:54:07 - TRACE] VSCode language id: go
[19/10/2025 12:54:09 - TRACE] VSCode language id: go
[19/10/2025 12:54:12 - TRACE] VSCode language id: go
[19/10/2025 12:54:14 - TRACE] VSCode language id: go
[19/10/2025 12:54:16 - TRACE] VSCode language id: go
[19/10/2025 12:54:18 - TRACE] VSCode language id: go
[19/10/2025 12:54:20 - TRACE] VSCode language id: go
[19/10/2025 12:54:22 - TRACE] VSCode language id: go
[19/10/2025 12:54:24 - TRACE] VSCode language id: go
[19/10/2025 12:54:29 - TRACE] VSCode language id: go
[19/10/2025 12:54:31 - TRACE] VSCode language id: go
[19/10/2025 12:54:33 - TRACE] VSCode language id: go
[19/10/2025 12:54:38 - TRACE] VSCode language id: go
[19/10/2025 12:54:41 - TRACE] VSCode language id: go
[19/10/2025 12:54:43 - TRACE] VSCode language id: go
[19/10/2025 12:54:45 - TRACE] VSCode language id: go
[19/10/2025 12:54:47 - TRACE] VSCode language id: go
[19/10/2025 12:54:49 - TRACE] VSCode language id: go
[19/10/2025 12:54:51 - TRACE] VSCode language id: go
[19/10/2025 12:54:53 - TRACE] VSCode language id: go
[19/10/2025 12:54:55 - TRACE] VSCode language id: go
[19/10/2025 12:54:57 - TRACE] VSCode language id: go
[19/10/2025 12:54:59 - TRACE] VSCode language id: go
[19/10/2025 12:55:01 - TRACE] VSCode language id: go
[19/10/2025 12:55:04 - TRACE] VSCode language id: go
[19/10/2025 12:55:15 - TRACE] VSCode language id: go
[19/10/2025 12:55:17 - TRACE] VSCode language id: go
[19/10/2025 12:55:19 - TRACE] VSCode language id: go
[19/10/2025 12:55:21 - TRACE] VSCode language id: go
[19/10/2025 12:55:23 - TRACE] VSCode language id: go
[19/10/2025 12:55:26 - TRACE] VSCode language id: go
[19/10/2025 12:55:28 - TRACE] VSCode language id: go
[19/10/2025 12:55:30 - TRACE] VSCode language id: go
[19/10/2025 12:55:32 - TRACE] VSCode language id: go
[19/10/2025 12:55:49 - TRACE] VSCode language id: go
[19/10/2025 12:55:51 - TRACE] VSCode language id: go
[19/10/2025 12:55:53 - TRACE] VSCode language id: go
[19/10/2025 12:55:56 - TRACE] VSCode language id: go
[19/10/2025 12:55:58 - TRACE] VSCode language id: go
[19/10/2025 12:56:00 - TRACE] VSCode language id: go
[19/10/2025 12:56:31 - TRACE] VSCode language id: go
[19/10/2025 12:56:33 - TRACE] VSCode language id: go
[19/10/2025 12:57:08 - TRACE] VSCode language id: go
[19/10/2025 12:57:10 - TRACE] VSCode language id: go
[19/10/2025 12:57:12 - TRACE] VSCode language id: go
[19/10/2025 12:57:14 - TRACE] VSCode language id: go
[19/10/2025 12:57:16 - TRACE] VSCode language id: go
[19/10/2025 12:57:18 - TRACE] VSCode language id: go
[19/10/2025 12:57:18 - TRACE] VSCode language id: go
[19/10/2025 12:57:20 - TRACE] VSCode language id: go
[19/10/2025 12:57:23 - TRACE] VSCode language id: go
[19/10/2025 12:57:25 - TRACE] VSCode language id: go
[19/10/2025 12:57:27 - TRACE] VSCode language id: go
[19/10/2025 12:57:29 - TRACE] VSCode language id: go
[19/10/2025 12:57:31 - TRACE] VSCode language id: go
[19/10/2025 12:57:48 - TRACE] VSCode language id: go
[19/10/2025 12:57:49 - TRACE] VSCode language id: go
[19/10/2025 12:57:50 - TRACE] VSCode language id: go
[19/10/2025 12:57:55 - TRACE] VSCode language id: go
[19/10/2025 12:57:57 - TRACE] VSCode language id: go
[19/10/2025 12:57:59 - TRACE] VSCode language id: go
[19/10/2025 12:58:02 - TRACE] VSCode language id: go
[19/10/2025 12:58:04 - TRACE] VSCode language id: go
[19/10/2025 12:58:04 - TRACE] VSCode language id: go
[19/10/2025 12:58:06 - TRACE] VSCode language id: go
[19/10/2025 12:58:08 - TRACE] VSCode language id: go
[19/10/2025 12:58:10 - TRACE] VSCode language id: go
[19/10/2025 12:58:12 - TRACE] VSCode language id: go
[19/10/2025 12:58:14 - TRACE] VSCode language id: go
[19/10/2025 12:58:17 - TRACE] VSCode language id: go
[19/10/2025 12:58:17 - TRACE] VSCode language id: go
[19/10/2025 12:58:21 - TRACE] VSCode language id: go
[19/10/2025 12:58:22 - TRACE] VSCode language id: go
[19/10/2025 12:58:24 - TRACE] VSCode language id: go
[19/10/2025 12:58:26 - TRACE] VSCode language id: go
[19/10/2025 12:58:29 - TRACE] VSCode language id: go
[19/10/2025 12:58:29 - TRACE] VSCode language id: go
[19/10/2025 12:58:31 - TRACE] VSCode language id: go
[19/10/2025 12:58:33 - TRACE] VSCode language id: go
[19/10/2025 12:58:35 - TRACE] VSCode language id: go
[19/10/2025 12:58:37 - TRACE] VSCode language id: go
[19/10/2025 12:58:40 - TRACE] VSCode language id: go
[19/10/2025 12:58:42 - TRACE] VSCode language id: go
[19/10/2025 12:58:44 - TRACE] VSCode language id: go
[19/10/2025 12:58:46 - TRACE] VSCode language id: go
[19/10/2025 12:58:48 - TRACE] VSCode language id: go
[19/10/2025 12:58:50 - TRACE] VSCode language id: go
[19/10/2025 12:58:52 - TRACE] VSCode language id: go
[19/10/2025 12:58:56 - TRACE] VSCode language id: go
[19/10/2025 12:58:58 - TRACE] VSCode language id: go
[19/10/2025 12:59:00 - TRACE] VSCode language id: go
[19/10/2025 12:59:02 - TRACE] VSCode language id: go
[19/10/2025 12:59:04 - TRACE] VSCode language id: go
[19/10/2025 12:59:06 - TRACE] VSCode language id: go
[19/10/2025 12:59:21 - TRACE] VSCode language id: go
[19/10/2025 12:59:23 - TRACE] VSCode language id: go
[19/10/2025 12:59:26 - TRACE] VSCode language id: go
[19/10/2025 12:59:28 - TRACE] VSCode language id: go
[19/10/2025 12:59:30 - TRACE] VSCode language id: go
[19/10/2025 12:59:32 - TRACE] VSCode language id: go
[19/10/2025 12:59:35 - TRACE] VSCode language id: go
[19/10/2025 12:59:37 - TRACE] VSCode language id: go
[19/10/2025 12:59:39 - TRACE] VSCode language id: go
[19/10/2025 12:59:41 - TRACE] VSCode language id: go
[19/10/2025 12:59:43 - TRACE] VSCode language id: go
[19/10/2025 12:59:45 - TRACE] VSCode language id: go
[19/10/2025 12:59:47 - TRACE] VSCode language id: go
[19/10/2025 12:59:49 - TRACE] VSCode language id: go
[19/10/2025 12:59:54 - TRACE] VSCode language id: go
[19/10/2025 12:59:56 - TRACE] VSCode language id: go
[19/10/2025 12:59:58 - TRACE] VSCode language id: go
[19/10/2025 13:00:00 - TRACE] VSCode language id: go
[19/10/2025 13:00:03 - TRACE] VSCode language id: go
[19/10/2025 13:00:03 - TRACE] VSCode language id: go
[19/10/2025 13:00:05 - TRACE] VSCode language id: go
[19/10/2025 13:00:07 - TRACE] VSCode language id: go
[19/10/2025 13:00:09 - TRACE] VSCode language id: go
[19/10/2025 13:00:11 - TRACE] VSCode language id: go
[19/10/2025 13:00:13 - TRACE] VSCode language id: go
[19/10/2025 13:00:15 - TRACE] VSCode language id: go
[19/10/2025 13:00:17 - TRACE] VSCode language id: go
[19/10/2025 13:00:18 - TRACE] VSCode language id: go
[19/10/2025 13:00:20 - TRACE] VSCode language id: go
[19/10/2025 13:00:37 - TRACE] VSCode language id: go
[19/10/2025 13:00:39 - TRACE] VSCode language id: go
[19/10/2025 13:01:03 - TRACE] VSCode language id: go
[19/10/2025 13:01:05 - TRACE] VSCode language id: go
[19/10/2025 13:01:07 - TRACE] VSCode language id: go
[19/10/2025 13:01:09 - TRACE] VSCode language id: go
[19/10/2025 13:01:12 - TRACE] VSCode language id: go
[19/10/2025 13:01:14 - TRACE] VSCode language id: go
[19/10/2025 13:01:21 - TRACE] VSCode language id: go
[19/10/2025 13:01:23 - TRACE] VSCode language id: go
[19/10/2025 13:01:25 - TRACE] VSCode language id: go
[19/10/2025 13:01:27 - TRACE] VSCode language id: go
[19/10/2025 13:01:31 - TRACE] VSCode language id: go
[19/10/2025 13:01:33 - TRACE] VSCode language id: go
[19/10/2025 13:01:36 - TRACE] VSCode language id: go
[19/10/2025 13:01:48 - TRACE] VSCode language id: go
[19/10/2025 13:01:50 - TRACE] VSCode language id: go
[19/10/2025 13:01:52 - TRACE] VSCode language id: go
[19/10/2025 13:01:54 - TRACE] VSCode language id: go
[19/10/2025 13:01:56 - TRACE] VSCode language id: go
[19/10/2025 13:01:58 - TRACE] VSCode language id: go
[19/10/2025 13:02:00 - TRACE] VSCode language id: go
[19/10/2025 13:02:02 - TRACE] VSCode language id: go
[19/10/2025 13:02:04 - TRACE] VSCode language id: go
[19/10/2025 13:02:06 - TRACE] VSCode language id: go
[19/10/2025 13:02:08 - TRACE] VSCode language id: go
[19/10/2025 13:02:10 - TRACE] VSCode language id: go
[19/10/2025 13:02:13 - TRACE] VSCode language id: go
[19/10/2025 13:02:15 - TRACE] VSCode language id: go
[19/10/2025 13:02:17 - TRACE] VSCode language id: go
[19/10/2025 13:02:19 - TRACE] VSCode language id: go
[19/10/2025 13:02:21 - TRACE] VSCode language id: go
[19/10/2025 13:02:23 - TRACE] VSCode language id: go
[19/10/2025 13:02:25 - TRACE] VSCode language id: go
[19/10/2025 13:02:27 - TRACE] VSCode language id: go
[19/10/2025 13:02:54 - TRACE] VSCode language id: go
[19/10/2025 13:02:56 - TRACE] VSCode language id: go
[19/10/2025 13:02:58 - TRACE] VSCode language id: go
[19/10/2025 13:03:11 - TRACE] VSCode language id: go
[19/10/2025 13:03:13 - TRACE] VSCode language id: go
[19/10/2025 13:03:16 - TRACE] VSCode language id: go
[19/10/2025 13:03:22 - TRACE] VSCode language id: go
[19/10/2025 13:03:24 - TRACE] VSCode language id: go
[19/10/2025 13:03:26 - TRACE] VSCode language id: go
[19/10/2025 13:03:28 - TRACE] VSCode language id: go
[19/10/2025 13:03:31 - TRACE] VSCode language id: go
[19/10/2025 13:03:33 - TRACE] VSCode language id: go
[19/10/2025 13:03:35 - TRACE] VSCode language id: go
[19/10/2025 13:03:37 - TRACE] VSCode language id: go
[19/10/2025 13:03:39 - TRACE] VSCode language id: go
[19/10/2025 13:03:40 - TRACE] VSCode language id: go
[19/10/2025 13:03:42 - TRACE] VSCode language id: go
[19/10/2025 13:03:44 - TRACE] VSCode language id: go
[19/10/2025 13:03:46 - TRACE] VSCode language id: go
[19/10/2025 13:03:46 - TRACE] VSCode language id: markdown
[19/10/2025 13:03:49 - TRACE] VSCode language id: go
[19/10/2025 13:03:50 - TRACE] VSCode language id: go
[19/10/2025 13:03:52 - TRACE] VSCode language id: go
[19/10/2025 13:03:54 - TRACE] VSCode language id: go
[19/10/2025 13:03:56 - TRACE] VSCode language id: go
[19/10/2025 13:03:58 - TRACE] VSCode language id: go
[19/10/2025 13:03:59 - TRACE] VSCode language id: go
[19/10/2025 13:04:01 - TRACE] VSCode language id: go
[19/10/2025 13:04:04 - TRACE] VSCode language id: go
[19/10/2025 13:04:09 - TRACE] VSCode language id: go
[19/10/2025 13:04:11 - TRACE] VSCode language id: go
[19/10/2025 13:04:15 - TRACE] VSCode language id: go
[19/10/2025 13:04:17 - TRACE] VSCode language id: go
[19/10/2025 13:04:20 - TRACE] VSCode language id: go
[19/10/2025 13:04:22 - TRACE] VSCode language id: go
[19/10/2025 13:04:24 - TRACE] VSCode language id: go
[19/10/2025 13:04:27 - TRACE] VSCode language id: go
[19/10/2025 13:04:29 - TRACE] VSCode language id: go
[19/10/2025 13:07:08 - TRACE] VSCode language id: go
