[Info  - 18:41:28] 2025/10/15 18:41:28 Created View (#1)
	directory=/home/arshan/Code/omni
	view_type="GoMod"
	root_dir="file:///home/arshan/Code/omni"
	go_version="go version go1.25.1 linux/amd64"
	build_flags=[]
	env={GOOS:linux GOARCH:amd64 GOCACHE:/home/arshan/.cache/go-build GOMODCACHE:/home/arshan/go/pkg/mod GOPATH:/home/arshan/go GOPRIVATE: GOFLAGS: GO111MODULE: GOTOOLCHAIN:auto GOROOT:/usr/lib/go GoVersion:25 GoVersionOutput:go version go1.25.1 linux/amd64
 ExplicitGOWORK: EffectiveGOPACKAGESDRIVER:}
	env_overlay=[]

[Info  - 18:41:28] 2025/10/15 18:41:28 go/packages.Load #1
	view_id="1"
	snapshot=0
	directory=/home/arshan/Code/omni
	query=[/home/arshan/Code/omni/... builtin]
	packages=2
	duration=59.134278ms

[Info  - 18:41:58] 2025/10/15 18:41:58 background imports cache refresh starting

[Info  - 18:41:58] 2025/10/15 18:41:58 background refresh finished after 33.958861ms

[Error - 18:44:10] Request textDocument/codeAction failed.
  Message: context canceled
  Code: 0 
[Info  - 18:44:13] 2025/10/15 18:44:13 Shutdown session
	shutdown_session=1

