2025-10-20 18:46:51.022 [info] [main] Log level: Info
2025-10-20 18:46:51.022 [info] [main] Validating found git in: "git"
2025-10-20 18:46:51.022 [info] [main] Using git "2.51.1.dirty" from "git"
2025-10-20 18:46:51.022 [info] [Model][doInitialScan] Initial repository scan started
2025-10-20 18:46:51.022 [info] > git rev-parse --show-toplevel [17ms]
2025-10-20 18:46:51.022 [info] fatal: not a git repository (or any parent up to mount point /)
Stopping at filesystem boundary (GIT_DISCOVERY_ACROSS_FILESYSTEM not set).
2025-10-20 18:46:51.022 [info] > git rev-parse --show-toplevel [16ms]
2025-10-20 18:46:51.022 [info] fatal: not a git repository (or any parent up to mount point /)
Stopping at filesystem boundary (GIT_DISCOVERY_ACROSS_FILESYSTEM not set).
2025-10-20 18:46:51.022 [info] > git rev-parse --show-toplevel [6ms]
2025-10-20 18:46:51.024 [info] fatal: not a git repository (or any parent up to mount point /)
Stopping at filesystem boundary (GIT_DISCOVERY_ACROSS_FILESYSTEM not set).
2025-10-20 18:46:51.025 [info] > git rev-parse --show-toplevel [89ms]
2025-10-20 18:46:51.025 [info] fatal: not a git repository (or any parent up to mount point /)
Stopping at filesystem boundary (GIT_DISCOVERY_ACROSS_FILESYSTEM not set).
2025-10-20 18:46:51.025 [info] > git rev-parse --show-toplevel [94ms]
2025-10-20 18:46:51.025 [info] fatal: not a git repository (or any parent up to mount point /)
Stopping at filesystem boundary (GIT_DISCOVERY_ACROSS_FILESYSTEM not set).
2025-10-20 18:46:51.025 [info] [Model][doInitialScan] Initial repository scan completed - repositories (0), closed repositories (0), parent repositories (0), unsafe repositories (0)
2025-10-20 18:46:52.073 [info] > git rev-parse --show-toplevel [25ms]
2025-10-20 18:46:52.073 [info] fatal: not a git repository (or any parent up to mount point /)
Stopping at filesystem boundary (GIT_DISCOVERY_ACROSS_FILESYSTEM not set).
2025-10-20 18:46:52.503 [info] > git rev-parse --show-toplevel [5ms]
2025-10-20 18:46:52.503 [info] fatal: not a git repository (or any parent up to mount point /)
Stopping at filesystem boundary (GIT_DISCOVERY_ACROSS_FILESYSTEM not set).
2025-10-20 18:46:52.875 [info] > git rev-parse --show-toplevel [7ms]
2025-10-20 18:46:52.876 [info] fatal: not a git repository (or any parent up to mount point /)
Stopping at filesystem boundary (GIT_DISCOVERY_ACROSS_FILESYSTEM not set).
2025-10-20 18:46:53.146 [info] > git rev-parse --show-toplevel [22ms]
2025-10-20 18:46:53.146 [info] fatal: not a git repository (or any parent up to mount point /)
Stopping at filesystem boundary (GIT_DISCOVERY_ACROSS_FILESYSTEM not set).
2025-10-20 18:49:31.811 [info] [main] Log level: Info
2025-10-20 18:49:31.811 [info] [main] Validating found git in: "git"
2025-10-20 18:49:31.811 [info] [main] Using git "2.51.1.dirty" from "git"
2025-10-20 18:49:31.811 [info] [Model][doInitialScan] Initial repository scan started
2025-10-20 18:49:31.811 [info] > git rev-parse --show-toplevel [7ms]
2025-10-20 18:49:31.811 [info] fatal: not a git repository (or any parent up to mount point /)
Stopping at filesystem boundary (GIT_DISCOVERY_ACROSS_FILESYSTEM not set).
2025-10-20 18:49:31.811 [info] [Model][doInitialScan] Initial repository scan completed - repositories (0), closed repositories (0), parent repositories (0), unsafe repositories (0)
2025-10-20 18:49:31.832 [info] > git rev-parse --show-toplevel [10ms]
2025-10-20 18:49:31.832 [info] fatal: not a git repository (or any parent up to mount point /)
Stopping at filesystem boundary (GIT_DISCOVERY_ACROSS_FILESYSTEM not set).
2025-10-20 18:49:31.867 [info] > git rev-parse --show-toplevel [3ms]
2025-10-20 18:49:31.867 [info] fatal: not a git repository (or any parent up to mount point /)
Stopping at filesystem boundary (GIT_DISCOVERY_ACROSS_FILESYSTEM not set).
2025-10-20 18:49:32.598 [info] > git rev-parse --show-toplevel [4ms]
2025-10-20 18:49:32.598 [info] fatal: not a git repository (or any parent up to mount point /)
Stopping at filesystem boundary (GIT_DISCOVERY_ACROSS_FILESYSTEM not set).
2025-10-20 18:49:33.287 [info] > git rev-parse --show-toplevel [2ms]
2025-10-20 18:49:33.287 [info] fatal: not a git repository (or any parent up to mount point /)
Stopping at filesystem boundary (GIT_DISCOVERY_ACROSS_FILESYSTEM not set).
2025-10-20 18:49:34.008 [info] > git rev-parse --show-toplevel [2ms]
2025-10-20 18:49:34.008 [info] fatal: not a git repository (or any parent up to mount point /)
Stopping at filesystem boundary (GIT_DISCOVERY_ACROSS_FILESYSTEM not set).
2025-10-20 18:49:37.264 [info] > git rev-parse --show-toplevel [4ms]
2025-10-20 18:49:37.264 [info] fatal: not a git repository (or any parent up to mount point /)
Stopping at filesystem boundary (GIT_DISCOVERY_ACROSS_FILESYSTEM not set).
