2025-10-21 16:43:00.561 [info] [main] Log level: Info
2025-10-21 16:43:00.561 [info] [main] Validating found git in: "git"
2025-10-21 16:43:00.561 [info] [main] Using git "2.51.1.dirty" from "git"
2025-10-21 16:43:00.561 [info] [Model][doInitialScan] Initial repository scan started
2025-10-21 16:43:00.561 [info] > git rev-parse --show-toplevel [11ms]
2025-10-21 16:43:00.561 [info] fatal: not a git repository (or any parent up to mount point /)
Stopping at filesystem boundary (GIT_DISCOVERY_ACROSS_FILESYSTEM not set).
2025-10-21 16:43:00.561 [info] > git rev-parse --show-toplevel [3ms]
2025-10-21 16:43:00.561 [info] fatal: not a git repository (or any parent up to mount point /)
Stopping at filesystem boundary (GIT_DISCOVERY_ACROSS_FILESYSTEM not set).
2025-10-21 16:43:00.561 [info] [Model][doInitialScan] Initial repository scan completed - repositories (0), closed repositories (0), parent repositories (0), unsafe repositories (0)
2025-10-21 16:43:00.670 [info] > git rev-parse --show-toplevel [2ms]
2025-10-21 16:43:00.670 [info] fatal: not a git repository (or any parent up to mount point /)
Stopping at filesystem boundary (GIT_DISCOVERY_ACROSS_FILESYSTEM not set).
2025-10-21 16:43:01.799 [info] > git rev-parse --show-toplevel [0ms]
2025-10-21 16:43:01.799 [info] fatal: not a git repository (or any parent up to mount point /)
Stopping at filesystem boundary (GIT_DISCOVERY_ACROSS_FILESYSTEM not set).
2025-10-21 16:45:29.463 [info] [main] Log level: Info
2025-10-21 16:45:29.463 [info] [main] Validating found git in: "git"
2025-10-21 16:45:29.463 [info] [main] Using git "2.51.1.dirty" from "git"
2025-10-21 16:45:29.463 [info] [Model][doInitialScan] Initial repository scan started
2025-10-21 16:45:29.463 [info] > git rev-parse --show-toplevel [3ms]
2025-10-21 16:45:29.463 [info] > git rev-parse --git-dir --git-common-dir --show-superproject-working-tree [5ms]
2025-10-21 16:45:29.463 [info] [Model][openRepository] Opened repository (path): /home/arshan/Code/magOSpostinstall
2025-10-21 16:45:29.463 [info] [Model][openRepository] Opened repository (real path): /home/arshan/Code/magOSpostinstall
2025-10-21 16:45:29.463 [info] [Model][openRepository] Opened repository (kind): repository
2025-10-21 16:45:29.463 [info] [Model][doInitialScan] Initial repository scan completed - repositories (1), closed repositories (0), parent repositories (0), unsafe repositories (0)
2025-10-21 16:45:29.463 [info] > git config --get commit.template [8ms]
2025-10-21 16:45:29.463 [info] > git for-each-ref --format=%(refname)%00%(upstream:short)%00%(objectname)%00%(upstream:track)%00%(upstream:remotename)%00%(upstream:remoteref) refs/heads/main refs/remotes/main [30ms]
2025-10-21 16:45:29.742 [info] > git status -z -uall [8ms]
2025-10-21 16:45:29.742 [info] > git for-each-ref --sort -committerdate --format %(refname)%00%(objectname)%00%(*objectname) [5ms]
2025-10-21 16:45:29.756 [info] > git for-each-ref --format=%(refname)%00%(upstream:short)%00%(objectname)%00%(upstream:track)%00%(upstream:remotename)%00%(upstream:remoteref) refs/heads/main refs/remotes/main [6ms]
2025-10-21 16:45:29.767 [info] > git show --textconv :main.sh [5ms]
2025-10-21 16:45:29.767 [info] > git ls-files --stage -- main.sh [2ms]
2025-10-21 16:45:29.770 [info] > git config --get --local branch.main.vscode-merge-base [10ms]
2025-10-21 16:45:29.770 [warning] [Git][config] git config failed: Failed to execute git
2025-10-21 16:45:29.772 [info] > git config --get commit.template [17ms]
2025-10-21 16:45:29.772 [info] > git cat-file -s 35a90391c71ea9ba72ad00f7da8e8c85516ea2f7 [3ms]
2025-10-21 16:45:29.776 [info] > git reflog main --grep-reflog=branch: Created from *. [4ms]
2025-10-21 16:45:29.803 [info] > git for-each-ref --format=%(refname)%00%(upstream:short)%00%(objectname)%00%(upstream:track)%00%(upstream:remotename)%00%(upstream:remoteref) refs/heads/main refs/remotes/main [27ms]
2025-10-21 16:45:29.805 [info] > git symbolic-ref --short refs/remotes/origin/HEAD [25ms]
2025-10-21 16:45:29.805 [info] fatal: ref refs/remotes/origin/HEAD is not a symbolic ref
2025-10-21 16:45:29.805 [warning] [Repository][getDefaultBranch] Failed to get default branch details: Failed to execute git.
2025-10-21 16:45:29.814 [info] > git merge-base refs/heads/main refs/remotes/origin/main [5ms]
2025-10-21 16:45:29.865 [info] > git status -z -uall [3ms]
2025-10-21 16:45:29.866 [info] > git diff --name-status -z --diff-filter=ADMR ff93a3d96600a9d49d87a0e682498c3f3d7578cd...refs/remotes/origin/main [49ms]
2025-10-21 16:45:29.873 [info] > git for-each-ref --sort -committerdate --format %(refname)%00%(objectname)%00%(*objectname) [8ms]
2025-10-21 16:45:29.898 [info] > git blame --root --incremental ff93a3d96600a9d49d87a0e682498c3f3d7578cd -- main.sh [15ms]
2025-10-21 16:45:29.927 [info] > git check-ignore -v -z --stdin [1ms]
2025-10-21 16:48:13.338 [info] > git config --get commit.template [9ms]
2025-10-21 16:48:13.340 [info] > git for-each-ref --format=%(refname)%00%(upstream:short)%00%(objectname)%00%(upstream:track)%00%(upstream:remotename)%00%(upstream:remoteref) refs/heads/main refs/remotes/main [4ms]
2025-10-21 16:48:13.357 [info] > git status -z -uall [6ms]
2025-10-21 16:48:13.358 [info] > git for-each-ref --sort -committerdate --format %(refname)%00%(objectname)%00%(*objectname) [2ms]
2025-10-21 16:51:39.584 [info] [main] Log level: Info
2025-10-21 16:51:39.587 [info] [main] Validating found git in: "git"
2025-10-21 16:51:39.587 [info] [main] Using git "2.51.1.dirty" from "git"
2025-10-21 16:51:39.587 [info] [Model][doInitialScan] Initial repository scan started
2025-10-21 16:51:39.587 [info] > git rev-parse --show-toplevel [7ms]
2025-10-21 16:51:39.587 [info] > git rev-parse --git-dir --git-common-dir --show-superproject-working-tree [3ms]
2025-10-21 16:51:39.587 [info] [Model][openRepository] Opened repository (path): /home/arshan/Code/magOSpostinstall
2025-10-21 16:51:39.587 [info] [Model][openRepository] Opened repository (real path): /home/arshan/Code/magOSpostinstall
2025-10-21 16:51:39.587 [info] [Model][openRepository] Opened repository (kind): repository
2025-10-21 16:51:39.587 [info] [Model][doInitialScan] Initial repository scan completed - repositories (1), closed repositories (0), parent repositories (0), unsafe repositories (0)
2025-10-21 16:51:39.587 [info] > git config --get commit.template [44ms]
2025-10-21 16:51:39.594 [info] > git for-each-ref --format=%(refname)%00%(upstream:short)%00%(objectname)%00%(upstream:track)%00%(upstream:remotename)%00%(upstream:remoteref) refs/heads/main refs/remotes/main [12ms]
2025-10-21 16:51:39.637 [info] > git status -z -uall [26ms]
2025-10-21 16:51:39.642 [info] > git for-each-ref --sort -committerdate --format %(refname)%00%(objectname)%00%(*objectname) [9ms]
2025-10-21 16:51:39.680 [info] > git for-each-ref --format=%(refname)%00%(upstream:short)%00%(objectname)%00%(upstream:track)%00%(upstream:remotename)%00%(upstream:remoteref) refs/heads/main refs/remotes/main [13ms]
2025-10-21 16:51:39.690 [info] > git config --get --local branch.main.vscode-merge-base [2ms]
2025-10-21 16:51:39.691 [warning] [Git][config] git config failed: Failed to execute git
2025-10-21 16:51:39.697 [info] > git config --get commit.template [18ms]
2025-10-21 16:51:39.700 [info] > git reflog main --grep-reflog=branch: Created from *. [3ms]
2025-10-21 16:51:39.716 [info] > git symbolic-ref --short refs/remotes/origin/HEAD [10ms]
2025-10-21 16:51:39.716 [info] fatal: ref refs/remotes/origin/HEAD is not a symbolic ref
2025-10-21 16:51:39.717 [warning] [Repository][getDefaultBranch] Failed to get default branch details: Failed to execute git.
2025-10-21 16:51:39.726 [info] > git for-each-ref --format=%(refname)%00%(upstream:short)%00%(objectname)%00%(upstream:track)%00%(upstream:remotename)%00%(upstream:remoteref) refs/heads/main refs/remotes/main [11ms]
2025-10-21 16:51:39.740 [info] > git status -z -uall [9ms]
2025-10-21 16:51:39.741 [info] > git merge-base refs/heads/main refs/remotes/origin/main [16ms]
2025-10-21 16:51:39.751 [info] > git diff --name-status -z --diff-filter=ADMR ff93a3d96600a9d49d87a0e682498c3f3d7578cd...refs/remotes/origin/main [3ms]
2025-10-21 16:51:39.751 [info] > git for-each-ref --sort -committerdate --format %(refname)%00%(objectname)%00%(*objectname) [12ms]
2025-10-21 16:51:39.970 [info] > git show --textconv :main.sh [11ms]
2025-10-21 16:51:39.972 [info] > git ls-files --stage -- main.sh [3ms]
2025-10-21 16:51:39.981 [info] > git cat-file -s 35a90391c71ea9ba72ad00f7da8e8c85516ea2f7 [3ms]
2025-10-21 16:51:40.025 [info] > git blame --root --incremental ff93a3d96600a9d49d87a0e682498c3f3d7578cd -- main.sh [3ms]
2025-10-21 16:51:40.075 [info] > git check-ignore -v -z --stdin [1ms]
