2025-10-18 16:27:04.871 [info] [main] Log level: Info
2025-10-18 16:27:04.871 [info] [main] Validating found git in: "git"
2025-10-18 16:27:04.871 [info] [main] Using git "2.51.1.dirty" from "git"
2025-10-18 16:27:04.871 [info] [Model][doInitialScan] Initial repository scan started
2025-10-18 16:27:04.871 [info] > git rev-parse --show-toplevel [4ms]
2025-10-18 16:27:04.871 [info] > git rev-parse --git-dir --git-common-dir --show-superproject-working-tree [9ms]
2025-10-18 16:27:04.871 [info] [Model][openRepository] Opened repository (path): /home/arshan/Code/scripts
2025-10-18 16:27:04.871 [info] [Model][openRepository] Opened repository (real path): /home/arshan/Code/scripts
2025-10-18 16:27:04.871 [info] [Model][openRepository] Opened repository (kind): repository
2025-10-18 16:27:04.871 [info] > git rev-parse --show-toplevel [3ms]
2025-10-18 16:27:04.871 [info] > git config --get commit.template [5ms]
2025-10-18 16:27:04.871 [info] > git rev-parse --show-toplevel [5ms]
2025-10-18 16:27:04.871 [info] [Model][doInitialScan] Initial repository scan completed - repositories (1), closed repositories (0), parent repositories (0), unsafe repositories (0)
2025-10-18 16:27:04.871 [info] > git for-each-ref --format=%(refname)%00%(upstream:short)%00%(objectname)%00%(upstream:track)%00%(upstream:remotename)%00%(upstream:remoteref) refs/heads/main refs/remotes/main [5ms]
2025-10-18 16:27:04.871 [info] > git status -z -uall [41ms]
2025-10-18 16:27:04.871 [info] > git for-each-ref --sort -committerdate --format %(refname)%00%(objectname)%00%(*objectname) [36ms]
2025-10-18 16:27:04.871 [info] > git for-each-ref --format=%(refname)%00%(upstream:short)%00%(objectname)%00%(upstream:track)%00%(upstream:remotename)%00%(upstream:remoteref) refs/heads/main refs/remotes/main [10ms]
2025-10-18 16:27:04.872 [info] > git config --get --local branch.main.vscode-merge-base [10ms]
2025-10-18 16:27:04.872 [warning] [Git][config] git config failed: Failed to execute git
2025-10-18 16:27:04.876 [info] > git config --get commit.template [17ms]
2025-10-18 16:27:04.880 [info] > git reflog main --grep-reflog=branch: Created from *. [5ms]
2025-10-18 16:27:04.892 [info] > git symbolic-ref --short refs/remotes/origin/HEAD [9ms]
2025-10-18 16:27:04.892 [info] fatal: ref refs/remotes/origin/HEAD is not a symbolic ref
2025-10-18 16:27:04.892 [warning] [Repository][getDefaultBranch] Failed to get default branch details: Failed to execute git.
2025-10-18 16:27:04.936 [info] > git merge-base refs/heads/main refs/remotes/origin/main [38ms]
2025-10-18 16:27:04.942 [info] > git for-each-ref --format=%(refname)%00%(upstream:short)%00%(objectname)%00%(upstream:track)%00%(upstream:remotename)%00%(upstream:remoteref) refs/heads/main refs/remotes/main [52ms]
2025-10-18 16:27:04.966 [info] > git diff --name-status -z --diff-filter=ADMR cb9cdbbc96466fe40bf69530e512111b65b93fee...refs/remotes/origin/main [25ms]
2025-10-18 16:27:04.977 [info] > git status -z -uall [6ms]
2025-10-18 16:27:04.977 [info] > git for-each-ref --sort -committerdate --format %(refname)%00%(objectname)%00%(*objectname) [1ms]
2025-10-18 16:27:05.525 [info] > git check-ignore -v -z --stdin [47ms]
2025-10-18 16:27:08.462 [info] > git check-ignore -v -z --stdin [2ms]
