2025-10-11 16:50:36.920 [info] [main] Log level: Info
2025-10-11 16:50:36.920 [info] [main] Validating found git in: "git"
2025-10-11 16:50:36.920 [info] [main] Using git "2.51.0" from "git"
2025-10-11 16:50:36.920 [info] [Model][doInitialScan] Initial repository scan started
2025-10-11 16:50:36.920 [info] > git rev-parse --show-toplevel [18ms]
2025-10-11 16:50:36.920 [info] fatal: not a git repository (or any parent up to mount point /)
Stopping at filesystem boundary (GIT_DISCOVERY_ACROSS_FILESYSTEM not set).
2025-10-11 16:50:36.920 [info] > git rev-parse --show-toplevel [22ms]
2025-10-11 16:50:36.920 [info] fatal: not a git repository (or any parent up to mount point /)
Stopping at filesystem boundary (GIT_DISCOVERY_ACROSS_FILESYSTEM not set).
2025-10-11 16:50:36.920 [info] [Model][doInitialScan] Initial repository scan completed - repositories (0), closed repositories (0), parent repositories (0), unsafe repositories (0)
2025-10-11 16:50:36.920 [info] > git rev-parse --show-toplevel [4ms]
2025-10-11 16:50:36.920 [info] fatal: not a git repository (or any parent up to mount point /)
Stopping at filesystem boundary (GIT_DISCOVERY_ACROSS_FILESYSTEM not set).
2025-10-11 16:50:37.277 [info] > git rev-parse --show-toplevel [1ms]
2025-10-11 16:50:37.277 [info] fatal: not a git repository (or any parent up to mount point /)
Stopping at filesystem boundary (GIT_DISCOVERY_ACROSS_FILESYSTEM not set).
2025-10-11 16:50:37.343 [info] > git rev-parse --show-toplevel [1ms]
2025-10-11 16:50:37.343 [info] fatal: not a git repository (or any parent up to mount point /)
Stopping at filesystem boundary (GIT_DISCOVERY_ACROSS_FILESYSTEM not set).
2025-10-11 16:50:37.395 [info] > git rev-parse --show-toplevel [2ms]
2025-10-11 16:50:37.395 [info] fatal: not a git repository (or any parent up to mount point /)
Stopping at filesystem boundary (GIT_DISCOVERY_ACROSS_FILESYSTEM not set).
2025-10-11 16:50:37.920 [info] > git rev-parse --show-toplevel [2ms]
2025-10-11 16:50:37.920 [info] fatal: not a git repository (or any parent up to mount point /)
Stopping at filesystem boundary (GIT_DISCOVERY_ACROSS_FILESYSTEM not set).
2025-10-11 18:26:18.534 [info] [main] Log level: Info
2025-10-11 18:26:18.535 [info] [main] Validating found git in: "git"
2025-10-11 18:26:18.535 [info] [main] Using git "2.51.0" from "git"
2025-10-11 18:26:18.535 [info] [Model][doInitialScan] Initial repository scan started
2025-10-11 18:26:18.535 [info] > git rev-parse --show-toplevel [1ms]
2025-10-11 18:26:18.535 [info] fatal: not a git repository (or any parent up to mount point /)
Stopping at filesystem boundary (GIT_DISCOVERY_ACROSS_FILESYSTEM not set).
2025-10-11 18:26:18.535 [info] > git rev-parse --show-toplevel [1ms]
2025-10-11 18:26:18.535 [info] fatal: not a git repository (or any parent up to mount point /)
Stopping at filesystem boundary (GIT_DISCOVERY_ACROSS_FILESYSTEM not set).
2025-10-11 18:26:18.537 [info] [Model][doInitialScan] Initial repository scan completed - repositories (0), closed repositories (0), parent repositories (0), unsafe repositories (0)
2025-10-11 18:26:18.579 [info] > git rev-parse --show-toplevel [1ms]
2025-10-11 18:26:18.579 [info] fatal: not a git repository (or any parent up to mount point /)
Stopping at filesystem boundary (GIT_DISCOVERY_ACROSS_FILESYSTEM not set).
