[Info  - 16:16:41] 2025/10/21 16:16:41 Created View (#1)
	directory=/home/arshan/Code/gofiregrabber
	view_type="AdHoc"
	root_dir="file:///home/arshan/Code/gofiregrabber"
	go_version="go version go1.25.2 linux/amd64"
	build_flags=[]
	env={GOOS:linux GOARCH:amd64 GOCACHE:/home/arshan/.cache/go-build GOMODCACHE:/home/arshan/go/pkg/mod GOPATH:/home/arshan/go GOPRIVATE: GOFLAGS: GO111MODULE: GOTOOLCHAIN:auto GOROOT:/usr/lib/go GoVersion:25 GoVersionOutput:go version go1.25.2 linux/amd64
 ExplicitGOWORK: EffectiveGOPACKAGESDRIVER:}
	env_overlay=[]

[Info  - 16:16:41] 2025/10/21 16:16:41 go/packages.Load #1
	view_id="1"
	snapshot=0
	directory=/home/arshan/Code/gofiregrabber
	query=[./ builtin]
	packages=2
	duration=23.323928ms

[Error - 16:16:45] 2025/10/21 16:16:45 imports fixes: allImportsFixes: /home/arshan/Code/gofiregrabber/main.go:1:1463: expected ';', found 'EOF' (and 2 more errors)
	file="/home/arshan/Code/gofiregrabber/main.go"

[Info  - 16:16:47] 2025/10/21 16:16:47 go/packages.Load #2
	view_id="1"
	snapshot=19
	directory=/home/arshan/Code/gofiregrabber
	query=[./]
	packages=1
	duration=8.390142ms

[Info  - 16:16:47] 2025/10/21 16:16:47 go/packages.Load #3
	view_id="1"
	snapshot=20
	directory=/home/arshan/Code/gofiregrabber
	query=[./]
	packages=1
	duration=8.981035ms

[Info  - 16:16:47] 2025/10/21 16:16:47 go/packages.Load #4
	view_id="1"
	snapshot=20
	directory=/home/arshan/Code/gofiregrabber
	query=[./]
	packages=1
	duration=8.75623ms

[Info  - 16:16:47] 2025/10/21 16:16:47 go/packages.Load #5
	view_id="1"
	snapshot=21
	directory=/home/arshan/Code/gofiregrabber
	query=[./]
	packages=1
	duration=8.924545ms

[Info  - 16:16:47] 2025/10/21 16:16:47 go/packages.Load #6
	view_id="1"
	snapshot=21
	directory=/home/arshan/Code/gofiregrabber
	query=[./]
	packages=1
	duration=8.608284ms

[Info  - 16:16:47] 2025/10/21 16:16:47 go/packages.Load #7
	view_id="1"
	snapshot=22
	directory=/home/arshan/Code/gofiregrabber
	query=[./]
	packages=1
	duration=66.638091ms

[Info  - 16:16:47] 2025/10/21 16:16:47 go/packages.Load #8
	view_id="1"
	snapshot=22
	directory=/home/arshan/Code/gofiregrabber
	query=[./]
	packages=1
	duration=66.663315ms

[Error - 16:16:55] 2025/10/21 16:16:55 imports fixes: allImportsFixes: /home/arshan/Code/gofiregrabber/main.go:5:1: expected declaration, found 'package' (and 1 more errors)
	file="/home/arshan/Code/gofiregrabber/main.go"

[Error - 16:16:55] Request textDocument/formatting failed.
  Message: 5:1: expected declaration, found 'package' (and 1 more errors)
  Code: 0 
[Error - 16:16:58] Request textDocument/hover failed.
  Message: no package data for file:///home/arshan/Code/gofiregrabber/main.go
  Code: 0 
[Info  - 16:17:11] 2025/10/21 16:17:11 background imports cache refresh starting

[Info  - 16:17:11] 2025/10/21 16:17:11 background refresh finished after 2.638281ms

[Info  - 16:17:15] 2025/10/21 16:17:15 go/packages.Load #9
	view_id="1"
	snapshot=33
	directory=/home/arshan/Code/gofiregrabber
	query=[./]
	packages=1
	duration=8.70369ms

[Error - 16:17:15] Request textDocument/inlayHint failed.
  Message: getting file for InlayHint: context canceled
  Code: 0 
[Info  - 16:17:16] 2025/10/21 16:17:16 go/packages.Load #12
	view_id="1"
	snapshot=35
	directory=/home/arshan/Code/gofiregrabber
	query=[./]
	packages=1
	duration=506.921788ms

[Info  - 16:17:16] 2025/10/21 16:17:16 go/packages.Load #13
	view_id="1"
	snapshot=35
	directory=/home/arshan/Code/gofiregrabber
	query=[./]
	packages=1
	duration=498.625834ms

[Info  - 16:18:52] 2025/10/21 16:18:52 background imports cache refresh starting

[Info  - 16:18:52] 2025/10/21 16:18:52 background refresh finished after 39.818µs

[Info  - 16:19:24] 2025/10/21 16:19:24 background imports cache refresh starting

[Info  - 16:19:24] 2025/10/21 16:19:24 background refresh finished after 52.647µs

[Info  - 16:20:42] 2025/10/21 16:20:42 background imports cache refresh starting

[Info  - 16:20:42] 2025/10/21 16:20:42 background refresh finished after 31.956µs

[Info  - 16:21:14] 2025/10/21 16:21:14 background imports cache refresh starting

[Info  - 16:21:14] 2025/10/21 16:21:14 background refresh finished after 29.455µs

[Error - 16:21:26] 2025/10/21 16:21:26 imports fixes: allImportsFixes: /home/arshan/Code/gofiregrabber/main.go:18:4: missing ',' in composite literal (and 37 more errors)
	file="/home/arshan/Code/gofiregrabber/main.go"

[Error - 16:21:27] 2025/10/21 16:21:27 imports fixes: allImportsFixes: /home/arshan/Code/gofiregrabber/main.go:18:4: missing ',' in composite literal (and 37 more errors)
	file="/home/arshan/Code/gofiregrabber/main.go"

[Error - 16:21:28] 2025/10/21 16:21:28 imports fixes: allImportsFixes: /home/arshan/Code/gofiregrabber/main.go:18:4: missing ',' in composite literal (and 37 more errors)
	file="/home/arshan/Code/gofiregrabber/main.go"

[Error - 16:21:29] 2025/10/21 16:21:29 imports fixes: allImportsFixes: /home/arshan/Code/gofiregrabber/main.go:18:2: expected operand, found ',' (and 28 more errors)
	file="/home/arshan/Code/gofiregrabber/main.go"

[Error - 16:21:53] 2025/10/21 16:21:53 imports fixes: allImportsFixes: /home/arshan/Code/gofiregrabber/main.go:18:7: illegal character U+0073 's' in escape sequence (and 5 more errors)
	file="/home/arshan/Code/gofiregrabber/main.go"

[Error - 16:21:53] Request textDocument/formatting failed.
  Message: 18:7: illegal character U+0073 's' in escape sequence (and 5 more errors)
  Code: 0 
