2025-10-21 16:43:00.102 [info] Reading sessions from keychain...
2025-10-21 16:43:00.102 [info] Getting sessions for all scopes...
2025-10-21 16:43:00.628 [info] Got 0 sessions for ...
2025-10-21 16:43:00.629 [info] Getting sessions for all scopes...
2025-10-21 16:43:00.629 [info] Got 0 sessions for ...
2025-10-21 16:43:00.629 [info] Getting sessions for all scopes...
2025-10-21 16:43:00.629 [info] Got 0 sessions for ...
2025-10-21 16:43:00.629 [info] Getting sessions for all scopes...
2025-10-21 16:43:00.629 [info] Got 0 sessions for ...
2025-10-21 16:43:00.629 [info] Getting sessions for all scopes...
2025-10-21 16:43:00.629 [info] Got 0 sessions for ...
2025-10-21 16:43:00.629 [info] Getting sessions for all scopes...
2025-10-21 16:43:00.629 [info] Got 0 sessions for ...
2025-10-21 16:43:00.629 [info] Getting sessions for all scopes...
2025-10-21 16:43:00.629 [info] Got 0 sessions for ...
2025-10-21 16:43:00.629 [info] Getting sessions for all scopes...
2025-10-21 16:43:00.629 [info] Got 0 sessions for ...
2025-10-21 16:43:00.629 [info] Getting sessions for all scopes...
2025-10-21 16:43:00.629 [info] Got 0 sessions for ...
2025-10-21 16:43:00.629 [info] Getting sessions for all scopes...
2025-10-21 16:43:00.629 [info] Got 0 sessions for ...
2025-10-21 16:43:00.643 [info] Getting sessions for all scopes...
2025-10-21 16:43:00.643 [info] Got 0 sessions for ...
2025-10-21 16:43:00.644 [info] Getting sessions for all scopes...
2025-10-21 16:43:00.644 [info] Got 0 sessions for ...
2025-10-21 16:43:00.645 [info] Getting sessions for all scopes...
2025-10-21 16:43:00.645 [info] Got 0 sessions for ...
2025-10-21 16:43:00.645 [info] Getting sessions for all scopes...
2025-10-21 16:43:00.645 [info] Got 0 sessions for ...
2025-10-21 16:43:00.645 [info] Getting sessions for all scopes...
2025-10-21 16:43:00.645 [info] Got 0 sessions for ...
2025-10-21 16:43:01.886 [info] Getting sessions for all scopes...
2025-10-21 16:43:01.886 [info] Got 0 sessions for ...
2025-10-21 16:43:01.886 [info] Getting sessions for all scopes...
2025-10-21 16:43:01.886 [info] Got 0 sessions for ...
2025-10-21 16:43:01.891 [info] Getting sessions for all scopes...
2025-10-21 16:43:01.891 [info] Got 0 sessions for ...
2025-10-21 16:45:28.783 [info] Reading sessions from keychain...
2025-10-21 16:45:28.783 [info] Getting sessions for all scopes...
2025-10-21 16:45:28.783 [info] Got 0 sessions for ...
2025-10-21 16:45:28.783 [info] Getting sessions for all scopes...
2025-10-21 16:45:28.783 [info] Got 0 sessions for ...
2025-10-21 16:45:28.783 [info] Getting sessions for all scopes...
2025-10-21 16:45:28.783 [info] Got 0 sessions for ...
2025-10-21 16:45:28.783 [info] Getting sessions for all scopes...
2025-10-21 16:45:28.783 [info] Got 0 sessions for ...
2025-10-21 16:45:28.783 [info] Getting sessions for all scopes...
2025-10-21 16:45:28.783 [info] Got 0 sessions for ...
2025-10-21 16:45:28.783 [info] Getting sessions for all scopes...
2025-10-21 16:45:28.783 [info] Got 0 sessions for ...
2025-10-21 16:45:28.783 [info] Getting sessions for all scopes...
2025-10-21 16:45:28.783 [info] Got 0 sessions for ...
2025-10-21 16:45:28.783 [info] Getting sessions for all scopes...
2025-10-21 16:45:28.783 [info] Got 0 sessions for ...
2025-10-21 16:45:28.788 [info] Getting sessions for all scopes...
2025-10-21 16:45:28.788 [info] Got 0 sessions for ...
2025-10-21 16:45:28.789 [info] Getting sessions for all scopes...
2025-10-21 16:45:28.789 [info] Got 0 sessions for ...
2025-10-21 16:45:28.789 [info] Getting sessions for all scopes...
2025-10-21 16:45:28.789 [info] Got 0 sessions for ...
2025-10-21 16:45:28.789 [info] Getting sessions for all scopes...
2025-10-21 16:45:28.789 [info] Got 0 sessions for ...
2025-10-21 16:45:28.789 [info] Getting sessions for all scopes...
2025-10-21 16:45:28.789 [info] Got 0 sessions for ...
2025-10-21 16:45:28.789 [info] Getting sessions for all scopes...
2025-10-21 16:45:28.789 [info] Got 0 sessions for ...
2025-10-21 16:45:28.953 [info] Getting sessions for all scopes...
2025-10-21 16:45:28.953 [info] Got 0 sessions for ...
2025-10-21 16:45:29.904 [info] Getting sessions for read:user,repo,user:email,workflow...
2025-10-21 16:45:29.904 [info] Got 0 sessions for read:user,repo,user:email,workflow...
2025-10-21 16:45:30.644 [info] Getting sessions for all scopes...
2025-10-21 16:45:30.644 [info] Got 0 sessions for ...
2025-10-21 16:45:30.644 [info] Getting sessions for all scopes...
2025-10-21 16:45:30.644 [info] Got 0 sessions for ...
2025-10-21 16:45:30.652 [info] Getting sessions for all scopes...
2025-10-21 16:45:30.652 [info] Got 0 sessions for ...
