2025-10-17 18:36:02.321 [info] Reading sessions from keychain...
2025-10-17 18:36:02.321 [info] Getting sessions for all scopes...
2025-10-17 18:36:02.774 [info] Got 0 sessions for ...
2025-10-17 18:36:02.775 [info] Getting sessions for all scopes...
2025-10-17 18:36:02.775 [info] Got 0 sessions for ...
2025-10-17 18:36:02.775 [info] Getting sessions for all scopes...
2025-10-17 18:36:02.775 [info] Got 0 sessions for ...
2025-10-17 18:36:02.775 [info] Getting sessions for all scopes...
2025-10-17 18:36:02.775 [info] Got 0 sessions for ...
2025-10-17 18:36:02.775 [info] Getting sessions for all scopes...
2025-10-17 18:36:02.775 [info] Got 0 sessions for ...
2025-10-17 18:36:02.775 [info] Getting sessions for all scopes...
2025-10-17 18:36:02.775 [info] Got 0 sessions for ...
2025-10-17 18:36:02.775 [info] Getting sessions for all scopes...
2025-10-17 18:36:02.775 [info] Got 0 sessions for ...
2025-10-17 18:36:02.775 [info] Getting sessions for all scopes...
2025-10-17 18:36:02.775 [info] Got 0 sessions for ...
2025-10-17 18:36:02.923 [info] Getting sessions for all scopes...
2025-10-17 18:36:02.923 [info] Got 0 sessions for ...
2025-10-17 18:36:02.924 [info] Getting sessions for all scopes...
2025-10-17 18:36:02.924 [info] Got 0 sessions for ...
2025-10-17 18:36:02.924 [info] Getting sessions for all scopes...
2025-10-17 18:36:02.924 [info] Got 0 sessions for ...
2025-10-17 18:36:02.924 [info] Getting sessions for all scopes...
2025-10-17 18:36:02.924 [info] Got 0 sessions for ...
2025-10-17 18:36:02.924 [info] Getting sessions for all scopes...
2025-10-17 18:36:02.924 [info] Got 0 sessions for ...
2025-10-17 18:36:02.924 [info] Getting sessions for all scopes...
2025-10-17 18:36:02.924 [info] Got 0 sessions for ...
2025-10-17 18:36:03.665 [info] Getting sessions for all scopes...
2025-10-17 18:36:03.665 [info] Got 0 sessions for ...
2025-10-17 18:36:04.029 [info] Getting sessions for all scopes...
2025-10-17 18:36:04.029 [info] Got 0 sessions for ...
2025-10-17 18:36:04.030 [info] Getting sessions for all scopes...
2025-10-17 18:36:04.030 [info] Got 0 sessions for ...
2025-10-17 18:36:04.033 [info] Getting sessions for all scopes...
2025-10-17 18:36:04.033 [info] Got 0 sessions for ...
2025-10-17 18:36:11.850 [info] Reading sessions from keychain...
2025-10-17 18:36:11.850 [info] Getting sessions for all scopes...
2025-10-17 18:36:11.850 [info] Got 0 sessions for ...
2025-10-17 18:36:11.850 [info] Getting sessions for all scopes...
2025-10-17 18:36:11.850 [info] Got 0 sessions for ...
2025-10-17 18:36:11.850 [info] Getting sessions for all scopes...
2025-10-17 18:36:11.850 [info] Got 0 sessions for ...
2025-10-17 18:36:11.850 [info] Getting sessions for all scopes...
2025-10-17 18:36:11.850 [info] Got 0 sessions for ...
2025-10-17 18:36:11.850 [info] Getting sessions for all scopes...
2025-10-17 18:36:11.850 [info] Got 0 sessions for ...
2025-10-17 18:36:11.850 [info] Getting sessions for all scopes...
2025-10-17 18:36:11.850 [info] Got 0 sessions for ...
2025-10-17 18:36:11.850 [info] Getting sessions for all scopes...
2025-10-17 18:36:11.850 [info] Got 0 sessions for ...
2025-10-17 18:36:11.905 [info] Getting sessions for all scopes...
2025-10-17 18:36:11.905 [info] Got 0 sessions for ...
2025-10-17 18:36:12.086 [info] Getting sessions for all scopes...
2025-10-17 18:36:12.086 [info] Got 0 sessions for ...
2025-10-17 18:36:12.086 [info] Getting sessions for all scopes...
2025-10-17 18:36:12.086 [info] Got 0 sessions for ...
2025-10-17 18:36:12.086 [info] Getting sessions for all scopes...
2025-10-17 18:36:12.086 [info] Got 0 sessions for ...
2025-10-17 18:36:12.086 [info] Getting sessions for all scopes...
2025-10-17 18:36:12.086 [info] Got 0 sessions for ...
2025-10-17 18:36:12.087 [info] Getting sessions for all scopes...
2025-10-17 18:36:12.087 [info] Got 0 sessions for ...
2025-10-17 18:36:12.099 [info] Getting sessions for all scopes...
2025-10-17 18:36:12.099 [info] Got 0 sessions for ...
2025-10-17 18:36:12.265 [info] Getting sessions for all scopes...
2025-10-17 18:36:12.265 [info] Got 0 sessions for ...
2025-10-17 18:36:12.658 [info] Getting sessions for read:user,repo,user:email,workflow...
2025-10-17 18:36:12.658 [info] Got 0 sessions for read:user,repo,user:email,workflow...
2025-10-17 18:36:13.815 [info] Getting sessions for all scopes...
2025-10-17 18:36:13.815 [info] Got 0 sessions for ...
2025-10-17 18:36:13.815 [info] Getting sessions for all scopes...
2025-10-17 18:36:13.815 [info] Got 0 sessions for ...
2025-10-17 18:36:13.821 [info] Getting sessions for all scopes...
2025-10-17 18:36:13.822 [info] Got 0 sessions for ...
