[12/10/2025 10:11:23 - INFO] Discord Presence activated
[12/10/2025 10:11:23 - INFO] Creating discord-rpc client
[12/10/2025 10:11:23 - INFO] Successfully connected to Discord
[12/10/2025 10:11:23 - DEBUG] Loading git extension
[12/10/2025 10:11:23 - TRACE] Git extension not activated, activating...
[12/10/2025 10:11:23 - DEBUG] Loading git extension
[12/10/2025 10:11:23 - TRACE] Git extension not activated, activating...
[12/10/2025 10:11:31 - TRACE] VSCode language id: go
[12/10/2025 10:11:39 - TRACE] VSCode language id: go
[12/10/2025 10:11:41 - TRACE] VSCode language id: go
[12/10/2025 10:11:43 - TRACE] VSCode language id: go
[12/10/2025 10:11:45 - TRACE] VSCode language id: go
[12/10/2025 10:11:47 - TRACE] VSCode language id: go
[12/10/2025 10:11:50 - TRACE] VSCode language id: go
[12/10/2025 10:11:52 - TRACE] VSCode language id: go
[12/10/2025 10:11:54 - TRACE] VSCode language id: go
[12/10/2025 10:11:56 - TRACE] VSCode language id: go
[12/10/2025 10:11:58 - TRACE] VSCode language id: go
[12/10/2025 10:12:05 - TRACE] VSCode language id: go
[12/10/2025 10:12:07 - TRACE] VSCode language id: go
[12/10/2025 10:12:09 - TRACE] VSCode language id: go
[12/10/2025 10:12:11 - TRACE] VSCode language id: go
[12/10/2025 10:12:13 - TRACE] VSCode language id: go
[12/10/2025 10:12:15 - TRACE] VSCode language id: go
[12/10/2025 10:12:17 - TRACE] VSCode language id: go
[12/10/2025 10:12:19 - TRACE] VSCode language id: go
[12/10/2025 10:12:21 - TRACE] VSCode language id: go
[12/10/2025 10:12:24 - TRACE] VSCode language id: go
[12/10/2025 10:12:26 - TRACE] VSCode language id: go
[12/10/2025 10:12:28 - TRACE] VSCode language id: go
[12/10/2025 10:12:29 - TRACE] VSCode language id: go
[12/10/2025 10:12:31 - TRACE] VSCode language id: go
[12/10/2025 10:12:43 - TRACE] VSCode language id: go
[12/10/2025 10:12:45 - TRACE] VSCode language id: go
[12/10/2025 10:12:47 - TRACE] VSCode language id: go
[12/10/2025 10:12:49 - TRACE] VSCode language id: go
[12/10/2025 10:12:51 - TRACE] VSCode language id: go
[12/10/2025 10:12:53 - TRACE] VSCode language id: go
[12/10/2025 10:12:55 - TRACE] VSCode language id: go
[12/10/2025 10:12:57 - TRACE] VSCode language id: go
[12/10/2025 10:13:00 - TRACE] VSCode language id: go
[12/10/2025 10:13:02 - TRACE] VSCode language id: go
[12/10/2025 10:13:04 - TRACE] VSCode language id: go
[12/10/2025 10:13:06 - TRACE] VSCode language id: go
[12/10/2025 10:13:09 - TRACE] VSCode language id: go
[12/10/2025 10:13:11 - TRACE] VSCode language id: go
[12/10/2025 10:13:13 - TRACE] VSCode language id: go
[12/10/2025 10:13:15 - TRACE] VSCode language id: go
[12/10/2025 10:13:17 - TRACE] VSCode language id: go
[12/10/2025 10:13:19 - TRACE] VSCode language id: go
[12/10/2025 10:13:21 - TRACE] VSCode language id: go
[12/10/2025 10:13:23 - TRACE] VSCode language id: go
[12/10/2025 10:13:26 - TRACE] VSCode language id: go
[12/10/2025 10:13:43 - TRACE] VSCode language id: go
[12/10/2025 10:13:43 - TRACE] VSCode language id: go
[12/10/2025 10:13:45 - TRACE] VSCode language id: go
[12/10/2025 10:13:54 - TRACE] VSCode language id: go
[12/10/2025 10:13:56 - TRACE] VSCode language id: go
[12/10/2025 10:13:59 - TRACE] VSCode language id: go
[12/10/2025 10:14:01 - TRACE] VSCode language id: go
[12/10/2025 10:14:03 - TRACE] VSCode language id: go
[12/10/2025 10:14:03 - TRACE] VSCode language id: go
[12/10/2025 10:14:04 - TRACE] VSCode language id: go
[12/10/2025 10:14:07 - TRACE] VSCode language id: go
[12/10/2025 10:14:09 - TRACE] VSCode language id: go
[12/10/2025 10:14:11 - TRACE] VSCode language id: go
[12/10/2025 10:14:14 - TRACE] VSCode language id: go
[12/10/2025 10:14:15 - TRACE] VSCode language id: go
[12/10/2025 10:14:17 - TRACE] VSCode language id: go
[12/10/2025 10:14:19 - TRACE] VSCode language id: go
[12/10/2025 10:14:21 - TRACE] VSCode language id: go
[12/10/2025 10:14:23 - TRACE] VSCode language id: go
[12/10/2025 10:14:25 - TRACE] VSCode language id: go
[12/10/2025 10:14:27 - TRACE] VSCode language id: go
[12/10/2025 10:14:29 - TRACE] VSCode language id: go
[12/10/2025 10:14:31 - TRACE] VSCode language id: go
[12/10/2025 10:14:34 - TRACE] VSCode language id: go
[12/10/2025 10:14:36 - TRACE] VSCode language id: go
[12/10/2025 10:14:38 - TRACE] VSCode language id: go
[12/10/2025 10:15:01 - TRACE] VSCode language id: go
[12/10/2025 10:15:03 - TRACE] VSCode language id: go
[12/10/2025 10:15:05 - TRACE] VSCode language id: go
[12/10/2025 10:15:07 - TRACE] VSCode language id: go
[12/10/2025 10:15:09 - TRACE] VSCode language id: go
[12/10/2025 10:15:11 - TRACE] VSCode language id: go
[12/10/2025 10:15:13 - TRACE] VSCode language id: go
[12/10/2025 10:15:15 - TRACE] VSCode language id: go
[12/10/2025 10:15:17 - TRACE] VSCode language id: go
[12/10/2025 10:15:20 - TRACE] VSCode language id: go
[12/10/2025 10:15:22 - TRACE] VSCode language id: go
[12/10/2025 10:15:24 - TRACE] VSCode language id: go
[12/10/2025 10:15:53 - TRACE] VSCode language id: go
[12/10/2025 10:15:55 - TRACE] VSCode language id: go
[12/10/2025 10:16:01 - TRACE] VSCode language id: go
[12/10/2025 10:16:03 - TRACE] VSCode language id: go
[12/10/2025 10:16:06 - TRACE] VSCode language id: go
[12/10/2025 10:16:08 - TRACE] VSCode language id: go
[12/10/2025 10:16:15 - TRACE] VSCode language id: go
[12/10/2025 10:16:17 - TRACE] VSCode language id: go
[12/10/2025 10:17:06 - TRACE] VSCode language id: go
[12/10/2025 10:17:08 - TRACE] VSCode language id: go
[12/10/2025 10:17:10 - TRACE] VSCode language id: go
[12/10/2025 10:17:12 - TRACE] VSCode language id: go
[12/10/2025 10:17:14 - TRACE] VSCode language id: go
[12/10/2025 10:17:16 - TRACE] VSCode language id: go
[12/10/2025 10:17:22 - TRACE] VSCode language id: go
[12/10/2025 10:17:24 - TRACE] VSCode language id: go
[12/10/2025 10:17:26 - TRACE] VSCode language id: go
[12/10/2025 10:17:28 - TRACE] VSCode language id: go
[12/10/2025 10:17:30 - TRACE] VSCode language id: go
[12/10/2025 10:17:32 - TRACE] VSCode language id: go
[12/10/2025 10:17:34 - TRACE] VSCode language id: go
[12/10/2025 10:17:36 - TRACE] VSCode language id: go
[12/10/2025 10:17:38 - TRACE] VSCode language id: go
[12/10/2025 10:17:40 - TRACE] VSCode language id: go
[12/10/2025 10:17:51 - TRACE] VSCode language id: go
[12/10/2025 10:17:53 - TRACE] VSCode language id: go
[12/10/2025 10:17:55 - TRACE] VSCode language id: go
[12/10/2025 10:17:58 - TRACE] VSCode language id: go
[12/10/2025 10:18:00 - TRACE] VSCode language id: go
[12/10/2025 10:20:10 - TRACE] VSCode language id: go
[12/10/2025 10:20:12 - TRACE] VSCode language id: go
[12/10/2025 10:20:14 - TRACE] VSCode language id: go
[12/10/2025 10:20:18 - TRACE] VSCode language id: go
[12/10/2025 10:20:20 - TRACE] VSCode language id: go
[12/10/2025 10:20:23 - TRACE] VSCode language id: go
[12/10/2025 10:20:25 - TRACE] VSCode language id: go
[12/10/2025 10:20:27 - TRACE] VSCode language id: go
[12/10/2025 10:20:29 - TRACE] VSCode language id: go
[12/10/2025 10:20:31 - TRACE] VSCode language id: go
[12/10/2025 10:20:33 - TRACE] VSCode language id: go
[12/10/2025 10:20:35 - TRACE] VSCode language id: go
[12/10/2025 10:20:36 - TRACE] VSCode language id: go
[12/10/2025 10:20:38 - TRACE] VSCode language id: go
[12/10/2025 10:20:41 - TRACE] VSCode language id: go
[12/10/2025 10:20:56 - TRACE] VSCode language id: go
[12/10/2025 10:20:58 - TRACE] VSCode language id: go
[12/10/2025 10:21:00 - TRACE] VSCode language id: go
[12/10/2025 10:22:01 - TRACE] VSCode language id: go
[12/10/2025 10:22:03 - TRACE] VSCode language id: go
[12/10/2025 10:22:05 - TRACE] VSCode language id: go
[12/10/2025 10:22:08 - TRACE] VSCode language id: go
[12/10/2025 10:22:10 - TRACE] VSCode language id: go
[12/10/2025 10:22:12 - TRACE] VSCode language id: go
[12/10/2025 10:22:14 - TRACE] VSCode language id: go
[12/10/2025 10:22:24 - TRACE] VSCode language id: go
[12/10/2025 10:22:26 - TRACE] VSCode language id: go
[12/10/2025 10:22:28 - TRACE] VSCode language id: go
[12/10/2025 10:22:30 - TRACE] VSCode language id: go
[12/10/2025 10:22:32 - TRACE] VSCode language id: go
[12/10/2025 10:22:34 - TRACE] VSCode language id: go
[12/10/2025 10:22:36 - TRACE] VSCode language id: go
[12/10/2025 10:22:38 - TRACE] VSCode language id: go
[12/10/2025 10:22:40 - TRACE] VSCode language id: go
[12/10/2025 10:22:43 - TRACE] VSCode language id: go
[12/10/2025 10:22:45 - TRACE] VSCode language id: go
[12/10/2025 10:22:47 - TRACE] VSCode language id: go
[12/10/2025 10:22:49 - TRACE] VSCode language id: go
[12/10/2025 10:22:57 - TRACE] VSCode language id: go
[12/10/2025 10:22:59 - TRACE] VSCode language id: go
[12/10/2025 10:23:01 - TRACE] VSCode language id: go
[12/10/2025 10:23:03 - TRACE] VSCode language id: go
[12/10/2025 10:23:05 - TRACE] VSCode language id: go
[12/10/2025 10:23:07 - TRACE] VSCode language id: go
[12/10/2025 10:23:09 - TRACE] VSCode language id: go
[12/10/2025 10:23:12 - TRACE] VSCode language id: go
[12/10/2025 10:23:14 - TRACE] VSCode language id: go
[12/10/2025 10:23:24 - TRACE] VSCode language id: go
[12/10/2025 10:23:24 - TRACE] VSCode language id: go
[12/10/2025 10:23:26 - TRACE] VSCode language id: go
[12/10/2025 10:23:29 - TRACE] VSCode language id: go
[12/10/2025 10:23:30 - TRACE] VSCode language id: go
[12/10/2025 10:23:31 - TRACE] VSCode language id: go
[12/10/2025 10:23:32 - TRACE] VSCode language id: go
[12/10/2025 10:23:36 - TRACE] VSCode language id: go
[12/10/2025 10:23:38 - TRACE] VSCode language id: go
[12/10/2025 10:23:40 - TRACE] VSCode language id: go
[12/10/2025 10:23:42 - TRACE] VSCode language id: go
[12/10/2025 10:23:44 - TRACE] VSCode language id: go
[12/10/2025 10:23:46 - TRACE] VSCode language id: go
[12/10/2025 10:23:49 - TRACE] VSCode language id: go
[12/10/2025 10:23:51 - TRACE] VSCode language id: go
[12/10/2025 10:23:53 - TRACE] VSCode language id: go
[12/10/2025 10:23:55 - TRACE] VSCode language id: go
[12/10/2025 10:23:57 - TRACE] VSCode language id: go
[12/10/2025 10:23:59 - TRACE] VSCode language id: go
[12/10/2025 10:24:01 - TRACE] VSCode language id: go
[12/10/2025 10:24:03 - TRACE] VSCode language id: go
[12/10/2025 10:24:05 - TRACE] VSCode language id: go
[12/10/2025 10:24:07 - TRACE] VSCode language id: go
[12/10/2025 10:24:09 - TRACE] VSCode language id: go
[12/10/2025 10:24:13 - TRACE] VSCode language id: go
[12/10/2025 10:24:15 - TRACE] VSCode language id: go
[12/10/2025 10:24:17 - TRACE] VSCode language id: go
[12/10/2025 10:24:19 - TRACE] VSCode language id: go
[12/10/2025 10:24:22 - TRACE] VSCode language id: go
[12/10/2025 10:24:31 - TRACE] VSCode language id: go
[12/10/2025 10:24:33 - TRACE] VSCode language id: go
[12/10/2025 10:24:35 - TRACE] VSCode language id: go
[12/10/2025 10:24:37 - TRACE] VSCode language id: go
[12/10/2025 10:24:39 - TRACE] VSCode language id: go
[12/10/2025 10:24:50 - TRACE] VSCode language id: go
[12/10/2025 10:24:52 - TRACE] VSCode language id: go
[12/10/2025 10:24:55 - TRACE] VSCode language id: go
[12/10/2025 10:24:57 - TRACE] VSCode language id: go
[12/10/2025 10:25:00 - TRACE] VSCode language id: go
[12/10/2025 10:25:02 - TRACE] VSCode language id: go
[12/10/2025 10:25:04 - TRACE] VSCode language id: go
[12/10/2025 10:25:06 - TRACE] VSCode language id: go
[12/10/2025 10:29:07 - TRACE] VSCode language id: go
[12/10/2025 10:29:09 - TRACE] VSCode language id: go
[12/10/2025 10:29:12 - TRACE] VSCode language id: go
[12/10/2025 10:29:14 - TRACE] VSCode language id: go
[12/10/2025 10:29:16 - TRACE] VSCode language id: go
[12/10/2025 10:29:18 - TRACE] VSCode language id: go
[12/10/2025 10:29:31 - TRACE] VSCode language id: go
[12/10/2025 10:29:33 - TRACE] VSCode language id: go
[12/10/2025 10:29:35 - TRACE] VSCode language id: go
[12/10/2025 10:29:37 - TRACE] VSCode language id: go
[12/10/2025 10:29:59 - TRACE] VSCode language id: go
[12/10/2025 10:30:01 - TRACE] VSCode language id: go
[12/10/2025 10:30:03 - TRACE] VSCode language id: go
[12/10/2025 10:30:05 - TRACE] VSCode language id: go
[12/10/2025 10:30:08 - TRACE] VSCode language id: go
[12/10/2025 10:30:10 - TRACE] VSCode language id: go
[12/10/2025 10:30:12 - TRACE] VSCode language id: go
[12/10/2025 10:30:14 - TRACE] VSCode language id: go
[12/10/2025 10:30:16 - TRACE] VSCode language id: go
[12/10/2025 10:30:19 - TRACE] VSCode language id: go
[12/10/2025 10:30:21 - TRACE] VSCode language id: go
[12/10/2025 10:30:23 - TRACE] VSCode language id: go
[12/10/2025 10:30:37 - TRACE] VSCode language id: go
[12/10/2025 10:30:39 - TRACE] VSCode language id: go
[12/10/2025 10:30:41 - TRACE] VSCode language id: go
[12/10/2025 10:30:43 - TRACE] VSCode language id: go
[12/10/2025 10:30:45 - TRACE] VSCode language id: go
[12/10/2025 10:30:47 - TRACE] VSCode language id: go
[12/10/2025 10:30:49 - TRACE] VSCode language id: go
[12/10/2025 10:30:51 - TRACE] VSCode language id: go
[12/10/2025 10:30:53 - TRACE] VSCode language id: go
[12/10/2025 10:30:53 - TRACE] VSCode language id: go
[12/10/2025 10:30:55 - TRACE] VSCode language id: go
[12/10/2025 10:30:57 - TRACE] VSCode language id: go
[12/10/2025 10:30:59 - TRACE] VSCode language id: go
[12/10/2025 10:31:02 - TRACE] VSCode language id: go
[12/10/2025 10:31:04 - TRACE] VSCode language id: go
[12/10/2025 10:31:06 - TRACE] VSCode language id: go
[12/10/2025 10:31:08 - TRACE] VSCode language id: go
[12/10/2025 10:31:10 - TRACE] VSCode language id: go
[12/10/2025 10:31:12 - TRACE] VSCode language id: go
[12/10/2025 10:31:14 - TRACE] VSCode language id: go
[12/10/2025 10:31:41 - TRACE] VSCode language id: go
[12/10/2025 10:31:43 - TRACE] VSCode language id: go
[12/10/2025 10:31:46 - TRACE] VSCode language id: go
[12/10/2025 10:31:48 - TRACE] VSCode language id: go
[12/10/2025 10:31:56 - TRACE] VSCode language id: go
[12/10/2025 10:31:58 - TRACE] VSCode language id: go
[12/10/2025 10:32:00 - TRACE] VSCode language id: go
[12/10/2025 10:32:02 - TRACE] VSCode language id: go
[12/10/2025 10:32:05 - TRACE] VSCode language id: go
[12/10/2025 10:32:07 - TRACE] VSCode language id: go
[12/10/2025 10:32:09 - TRACE] VSCode language id: go
[12/10/2025 10:32:11 - TRACE] VSCode language id: go
[12/10/2025 10:32:16 - TRACE] VSCode language id: go
[12/10/2025 10:32:18 - TRACE] VSCode language id: go
[12/10/2025 10:32:20 - TRACE] VSCode language id: go
[12/10/2025 10:32:51 - TRACE] VSCode language id: go
[12/10/2025 10:32:51 - TRACE] VSCode language id: go
[12/10/2025 10:32:53 - TRACE] VSCode language id: go
[12/10/2025 10:32:57 - TRACE] VSCode language id: go
[12/10/2025 10:32:59 - TRACE] VSCode language id: go
[12/10/2025 10:33:01 - TRACE] VSCode language id: go
[12/10/2025 10:33:03 - TRACE] VSCode language id: go
[12/10/2025 10:33:05 - TRACE] VSCode language id: go
[12/10/2025 10:33:07 - TRACE] VSCode language id: go
[12/10/2025 10:33:09 - TRACE] VSCode language id: go
[12/10/2025 10:33:11 - TRACE] VSCode language id: go
[12/10/2025 10:33:13 - TRACE] VSCode language id: go
[12/10/2025 10:33:16 - TRACE] VSCode language id: go
[12/10/2025 10:33:18 - TRACE] VSCode language id: go
[12/10/2025 10:33:20 - TRACE] VSCode language id: go
[12/10/2025 10:33:22 - TRACE] VSCode language id: go
[12/10/2025 10:33:24 - TRACE] VSCode language id: go
[12/10/2025 10:33:26 - TRACE] VSCode language id: go
[12/10/2025 10:33:28 - TRACE] VSCode language id: go
[12/10/2025 10:33:30 - TRACE] VSCode language id: go
[12/10/2025 10:33:33 - TRACE] VSCode language id: go
[12/10/2025 10:33:35 - TRACE] VSCode language id: go
[12/10/2025 10:34:21 - TRACE] VSCode language id: go
[12/10/2025 10:34:22 - TRACE] VSCode language id: go
[12/10/2025 10:34:26 - TRACE] VSCode language id: go
[12/10/2025 10:34:28 - TRACE] VSCode language id: go
[12/10/2025 10:34:31 - TRACE] VSCode language id: go
[12/10/2025 10:34:33 - TRACE] VSCode language id: go
[12/10/2025 10:34:36 - TRACE] VSCode language id: go
[12/10/2025 10:34:38 - TRACE] VSCode language id: go
[12/10/2025 10:35:08 - TRACE] VSCode language id: go
[12/10/2025 10:35:09 - TRACE] VSCode language id: go
[12/10/2025 10:35:10 - TRACE] VSCode language id: go
[12/10/2025 10:35:12 - TRACE] VSCode language id: go
[12/10/2025 10:35:14 - TRACE] VSCode language id: go
[12/10/2025 10:35:16 - TRACE] VSCode language id: go
[12/10/2025 10:35:18 - TRACE] VSCode language id: go
[12/10/2025 10:35:20 - TRACE] VSCode language id: go
[12/10/2025 10:35:22 - TRACE] VSCode language id: go
[12/10/2025 10:35:24 - TRACE] VSCode language id: go
[12/10/2025 10:35:26 - TRACE] VSCode language id: go
[12/10/2025 10:35:28 - TRACE] VSCode language id: go
[12/10/2025 10:35:30 - TRACE] VSCode language id: go
[12/10/2025 10:35:32 - TRACE] VSCode language id: go
[12/10/2025 10:35:34 - TRACE] VSCode language id: go
[12/10/2025 10:35:36 - TRACE] VSCode language id: go
[12/10/2025 10:35:38 - TRACE] VSCode language id: go
[12/10/2025 10:35:39 - TRACE] VSCode language id: go
[12/10/2025 10:35:41 - TRACE] VSCode language id: go
[12/10/2025 10:35:43 - TRACE] VSCode language id: go
[12/10/2025 10:35:45 - TRACE] VSCode language id: go
[12/10/2025 10:35:47 - TRACE] VSCode language id: go
[12/10/2025 10:35:50 - TRACE] VSCode language id: go
[12/10/2025 10:35:52 - TRACE] VSCode language id: go
[12/10/2025 10:35:52 - TRACE] VSCode language id: go
[12/10/2025 10:35:54 - TRACE] VSCode language id: go
[12/10/2025 10:35:57 - TRACE] VSCode language id: go
[12/10/2025 10:36:01 - TRACE] VSCode language id: go
[12/10/2025 10:36:03 - TRACE] VSCode language id: go
[12/10/2025 10:36:05 - TRACE] VSCode language id: go
[12/10/2025 10:36:07 - TRACE] VSCode language id: go
[12/10/2025 10:36:09 - TRACE] VSCode language id: go
[12/10/2025 10:41:55 - TRACE] VSCode language id: go
[12/10/2025 10:41:57 - TRACE] VSCode language id: go
[12/10/2025 10:42:00 - TRACE] VSCode language id: go
[12/10/2025 10:42:02 - TRACE] VSCode language id: go
[12/10/2025 10:42:05 - TRACE] VSCode language id: go
[12/10/2025 10:42:07 - TRACE] VSCode language id: go
[12/10/2025 10:42:10 - TRACE] VSCode language id: go
[12/10/2025 10:42:10 - TRACE] VSCode language id: go
[12/10/2025 10:42:12 - TRACE] VSCode language id: go
[12/10/2025 10:42:14 - TRACE] VSCode language id: go
[12/10/2025 10:42:17 - TRACE] VSCode language id: go
[12/10/2025 10:42:19 - TRACE] VSCode language id: go
[12/10/2025 10:42:21 - TRACE] VSCode language id: go
[12/10/2025 10:42:24 - TRACE] VSCode language id: go
[12/10/2025 10:42:26 - TRACE] VSCode language id: go
[12/10/2025 10:42:28 - TRACE] VSCode language id: go
[12/10/2025 10:42:30 - TRACE] VSCode language id: go
[12/10/2025 10:42:39 - TRACE] VSCode language id: go
[12/10/2025 10:42:41 - TRACE] VSCode language id: go
[12/10/2025 10:42:43 - TRACE] VSCode language id: go
[12/10/2025 10:42:46 - TRACE] VSCode language id: go
[12/10/2025 10:42:48 - TRACE] VSCode language id: go
[12/10/2025 10:42:50 - TRACE] VSCode language id: go
[12/10/2025 10:43:15 - TRACE] VSCode language id: go
[12/10/2025 10:43:17 - TRACE] VSCode language id: go
[12/10/2025 10:43:19 - TRACE] VSCode language id: go
[12/10/2025 10:43:21 - TRACE] VSCode language id: go
[12/10/2025 10:43:23 - TRACE] VSCode language id: go
[12/10/2025 10:43:25 - TRACE] VSCode language id: go
[12/10/2025 10:43:27 - TRACE] VSCode language id: go
[12/10/2025 10:43:29 - TRACE] VSCode language id: go
[12/10/2025 10:43:31 - TRACE] VSCode language id: go
[12/10/2025 10:43:32 - TRACE] VSCode language id: go
[12/10/2025 10:43:34 - TRACE] VSCode language id: go
[12/10/2025 10:43:37 - TRACE] VSCode language id: go
[12/10/2025 10:43:39 - TRACE] VSCode language id: go
[12/10/2025 10:43:41 - TRACE] VSCode language id: go
[12/10/2025 10:43:43 - TRACE] VSCode language id: go
[12/10/2025 10:43:46 - TRACE] VSCode language id: go
[12/10/2025 10:43:48 - TRACE] VSCode language id: go
[12/10/2025 10:43:50 - TRACE] VSCode language id: go
[12/10/2025 10:43:52 - TRACE] VSCode language id: go
[12/10/2025 10:43:54 - TRACE] VSCode language id: go
[12/10/2025 10:43:56 - TRACE] VSCode language id: go
[12/10/2025 10:43:58 - TRACE] VSCode language id: go
[12/10/2025 10:44:00 - TRACE] VSCode language id: go
[12/10/2025 10:44:02 - TRACE] VSCode language id: go
[12/10/2025 10:44:05 - TRACE] VSCode language id: go
[12/10/2025 10:44:07 - TRACE] VSCode language id: go
[12/10/2025 10:44:09 - TRACE] VSCode language id: go
[12/10/2025 10:44:11 - TRACE] VSCode language id: go
[12/10/2025 10:44:18 - TRACE] VSCode language id: go
[12/10/2025 10:44:20 - TRACE] VSCode language id: go
[12/10/2025 10:44:22 - TRACE] VSCode language id: go
[12/10/2025 10:44:24 - TRACE] VSCode language id: go
[12/10/2025 10:44:26 - TRACE] VSCode language id: go
[12/10/2025 10:44:28 - TRACE] VSCode language id: go
[12/10/2025 10:44:31 - TRACE] VSCode language id: go
[12/10/2025 10:44:33 - TRACE] VSCode language id: go
[12/10/2025 10:44:42 - TRACE] VSCode language id: go
[12/10/2025 10:44:44 - TRACE] VSCode language id: go
[12/10/2025 10:44:45 - TRACE] VSCode language id: go
[12/10/2025 10:44:59 - TRACE] VSCode language id: go
[12/10/2025 10:45:01 - TRACE] VSCode language id: go
[12/10/2025 10:45:03 - TRACE] VSCode language id: go
[12/10/2025 10:45:05 - TRACE] VSCode language id: go
[12/10/2025 10:45:07 - TRACE] VSCode language id: go
[12/10/2025 10:45:09 - TRACE] VSCode language id: go
[12/10/2025 10:45:11 - TRACE] VSCode language id: go
[12/10/2025 10:45:13 - TRACE] VSCode language id: go
[12/10/2025 10:45:15 - TRACE] VSCode language id: go
[12/10/2025 10:45:17 - TRACE] VSCode language id: go
[12/10/2025 10:45:19 - TRACE] VSCode language id: go
[12/10/2025 10:45:21 - TRACE] VSCode language id: go
[12/10/2025 10:45:24 - TRACE] VSCode language id: go
[12/10/2025 10:45:25 - TRACE] VSCode language id: go
[12/10/2025 10:45:27 - TRACE] VSCode language id: go
[12/10/2025 10:45:29 - TRACE] VSCode language id: go
[12/10/2025 10:45:31 - TRACE] VSCode language id: go
[12/10/2025 10:45:33 - TRACE] VSCode language id: go
[12/10/2025 10:45:35 - TRACE] VSCode language id: go
[12/10/2025 10:45:37 - TRACE] VSCode language id: go
[12/10/2025 10:45:39 - TRACE] VSCode language id: go
[12/10/2025 10:45:42 - TRACE] VSCode language id: go
[12/10/2025 10:45:44 - TRACE] VSCode language id: go
[12/10/2025 10:45:46 - TRACE] VSCode language id: go
[12/10/2025 10:45:48 - TRACE] VSCode language id: go
[12/10/2025 10:45:50 - TRACE] VSCode language id: go
[12/10/2025 10:45:52 - TRACE] VSCode language id: go
[12/10/2025 10:45:54 - TRACE] VSCode language id: go
[12/10/2025 10:45:57 - TRACE] VSCode language id: go
[12/10/2025 10:45:57 - TRACE] VSCode language id: go
[12/10/2025 10:45:59 - TRACE] VSCode language id: go
[12/10/2025 10:46:08 - TRACE] VSCode language id: go
[12/10/2025 10:46:10 - TRACE] VSCode language id: go
[12/10/2025 10:46:13 - TRACE] VSCode language id: go
[12/10/2025 10:46:15 - TRACE] VSCode language id: go
[12/10/2025 10:46:17 - TRACE] VSCode language id: go
[12/10/2025 10:46:19 - TRACE] VSCode language id: go
[12/10/2025 10:46:21 - TRACE] VSCode language id: go
[12/10/2025 10:46:26 - TRACE] VSCode language id: go
[12/10/2025 10:46:28 - TRACE] VSCode language id: go
[12/10/2025 10:46:30 - TRACE] VSCode language id: go
[12/10/2025 10:46:32 - TRACE] VSCode language id: go
[12/10/2025 10:46:34 - TRACE] VSCode language id: go
[12/10/2025 10:46:36 - TRACE] VSCode language id: go
[12/10/2025 10:46:38 - TRACE] VSCode language id: go
[12/10/2025 10:46:40 - TRACE] VSCode language id: go
[12/10/2025 10:46:47 - TRACE] VSCode language id: go
[12/10/2025 10:46:49 - TRACE] VSCode language id: go
[12/10/2025 10:46:52 - TRACE] VSCode language id: go
[12/10/2025 10:46:54 - TRACE] VSCode language id: go
[12/10/2025 10:46:57 - TRACE] VSCode language id: go
[12/10/2025 10:46:59 - TRACE] VSCode language id: go
[12/10/2025 10:47:01 - TRACE] VSCode language id: go
[12/10/2025 10:47:03 - TRACE] VSCode language id: go
[12/10/2025 10:47:08 - TRACE] VSCode language id: go
[12/10/2025 10:47:10 - TRACE] VSCode language id: go
[12/10/2025 10:47:12 - TRACE] VSCode language id: go
[12/10/2025 10:47:14 - TRACE] VSCode language id: go
[12/10/2025 10:47:16 - TRACE] VSCode language id: go
[12/10/2025 10:47:21 - TRACE] VSCode language id: go
[12/10/2025 10:47:23 - TRACE] VSCode language id: go
[12/10/2025 10:47:29 - TRACE] VSCode language id: go
[12/10/2025 10:47:31 - TRACE] VSCode language id: go
[12/10/2025 10:47:33 - TRACE] VSCode language id: go
[12/10/2025 10:47:35 - TRACE] VSCode language id: go
[12/10/2025 10:48:08 - TRACE] VSCode language id: go
[12/10/2025 10:48:10 - TRACE] VSCode language id: go
[12/10/2025 10:48:13 - TRACE] VSCode language id: go
[12/10/2025 10:48:15 - TRACE] VSCode language id: go
[12/10/2025 10:48:17 - TRACE] VSCode language id: go
[12/10/2025 10:48:19 - TRACE] VSCode language id: go
[12/10/2025 10:48:21 - TRACE] VSCode language id: go
[12/10/2025 10:48:23 - TRACE] VSCode language id: go
[12/10/2025 10:48:25 - TRACE] VSCode language id: go
[12/10/2025 10:48:27 - TRACE] VSCode language id: go
[12/10/2025 10:48:29 - TRACE] VSCode language id: go
[12/10/2025 10:48:32 - TRACE] VSCode language id: go
[12/10/2025 10:48:38 - TRACE] VSCode language id: go
[12/10/2025 10:48:40 - TRACE] VSCode language id: go
[12/10/2025 10:48:42 - TRACE] VSCode language id: go
[12/10/2025 10:48:44 - TRACE] VSCode language id: go
[12/10/2025 10:48:54 - TRACE] VSCode language id: go
[12/10/2025 10:48:56 - TRACE] VSCode language id: go
[12/10/2025 10:48:58 - TRACE] VSCode language id: go
[12/10/2025 10:49:10 - TRACE] VSCode language id: go
[12/10/2025 10:49:12 - TRACE] VSCode language id: go
[12/10/2025 10:49:14 - TRACE] VSCode language id: go
[12/10/2025 10:49:16 - TRACE] VSCode language id: go
[12/10/2025 10:49:19 - TRACE] VSCode language id: go
[12/10/2025 10:49:23 - TRACE] VSCode language id: go
[12/10/2025 10:49:25 - TRACE] VSCode language id: go
[12/10/2025 10:49:27 - TRACE] VSCode language id: go
[12/10/2025 10:49:29 - TRACE] VSCode language id: go
[12/10/2025 10:49:31 - TRACE] VSCode language id: go
[12/10/2025 10:49:33 - TRACE] VSCode language id: go
[12/10/2025 10:49:35 - TRACE] VSCode language id: go
[12/10/2025 10:49:37 - TRACE] VSCode language id: go
[12/10/2025 10:49:39 - TRACE] VSCode language id: go
[12/10/2025 10:49:42 - TRACE] VSCode language id: go
[12/10/2025 10:49:44 - TRACE] VSCode language id: go
[12/10/2025 10:49:46 - TRACE] VSCode language id: go
[12/10/2025 10:49:48 - TRACE] VSCode language id: go
[12/10/2025 10:49:50 - TRACE] VSCode language id: go
[12/10/2025 10:49:52 - TRACE] VSCode language id: go
[12/10/2025 10:49:54 - TRACE] VSCode language id: go
[12/10/2025 10:49:56 - TRACE] VSCode language id: go
[12/10/2025 10:49:58 - TRACE] VSCode language id: go
[12/10/2025 10:50:00 - TRACE] VSCode language id: go
[12/10/2025 10:50:03 - TRACE] VSCode language id: go
[12/10/2025 10:50:05 - TRACE] VSCode language id: go
[12/10/2025 10:50:07 - TRACE] VSCode language id: go
[12/10/2025 10:50:10 - TRACE] VSCode language id: go
[12/10/2025 10:50:12 - TRACE] VSCode language id: go
[12/10/2025 10:50:14 - TRACE] VSCode language id: go
[12/10/2025 10:50:16 - TRACE] VSCode language id: go
[12/10/2025 10:50:18 - TRACE] VSCode language id: go
[12/10/2025 10:50:20 - TRACE] VSCode language id: go
[12/10/2025 10:50:22 - TRACE] VSCode language id: go
[12/10/2025 10:50:24 - TRACE] VSCode language id: go
[12/10/2025 10:50:26 - TRACE] VSCode language id: go
[12/10/2025 10:50:29 - TRACE] VSCode language id: go
[12/10/2025 10:50:31 - TRACE] VSCode language id: go
[12/10/2025 10:50:44 - TRACE] VSCode language id: go
[12/10/2025 10:50:46 - TRACE] VSCode language id: go
[12/10/2025 10:50:48 - TRACE] VSCode language id: go
[12/10/2025 10:50:50 - TRACE] VSCode language id: go
[12/10/2025 10:50:52 - TRACE] VSCode language id: go
[12/10/2025 10:51:22 - TRACE] VSCode language id: go
[12/10/2025 10:51:24 - TRACE] VSCode language id: go
[12/10/2025 10:51:28 - TRACE] VSCode language id: go
[12/10/2025 10:51:30 - TRACE] VSCode language id: go
[12/10/2025 10:52:24 - TRACE] VSCode language id: go
[12/10/2025 10:52:26 - TRACE] VSCode language id: go
[12/10/2025 10:52:28 - TRACE] VSCode language id: go
[12/10/2025 10:52:30 - TRACE] VSCode language id: go
[12/10/2025 10:52:33 - TRACE] VSCode language id: go
[12/10/2025 10:52:35 - TRACE] VSCode language id: go
[12/10/2025 10:52:42 - TRACE] VSCode language id: go
[12/10/2025 10:52:44 - TRACE] VSCode language id: go
[12/10/2025 10:52:47 - TRACE] VSCode language id: go
[12/10/2025 10:52:49 - TRACE] VSCode language id: go
[12/10/2025 10:53:37 - TRACE] VSCode language id: go
[12/10/2025 10:53:39 - TRACE] VSCode language id: go
[12/10/2025 10:53:57 - TRACE] VSCode language id: go
[12/10/2025 10:54:01 - TRACE] VSCode language id: go
[12/10/2025 10:54:03 - TRACE] VSCode language id: go
[12/10/2025 10:54:07 - TRACE] VSCode language id: go
[12/10/2025 10:54:09 - TRACE] VSCode language id: go
[12/10/2025 10:54:11 - TRACE] VSCode language id: go
[12/10/2025 10:54:13 - TRACE] VSCode language id: go
[12/10/2025 10:54:15 - TRACE] VSCode language id: go
[12/10/2025 10:54:17 - TRACE] VSCode language id: go
[12/10/2025 10:54:19 - TRACE] VSCode language id: go
[12/10/2025 10:54:21 - TRACE] VSCode language id: go
[12/10/2025 10:54:23 - TRACE] VSCode language id: go
[12/10/2025 10:54:28 - TRACE] VSCode language id: go
[12/10/2025 10:54:30 - TRACE] VSCode language id: go
[12/10/2025 10:55:28 - TRACE] VSCode language id: go
[12/10/2025 10:55:30 - TRACE] VSCode language id: go
[12/10/2025 10:55:39 - TRACE] VSCode language id: go
[12/10/2025 10:55:41 - TRACE] VSCode language id: go
[12/10/2025 10:55:44 - TRACE] VSCode language id: go
[12/10/2025 10:55:46 - TRACE] VSCode language id: go
[12/10/2025 10:55:48 - TRACE] VSCode language id: go
[12/10/2025 10:55:50 - TRACE] VSCode language id: go
[12/10/2025 10:55:52 - TRACE] VSCode language id: go
[12/10/2025 10:55:54 - TRACE] VSCode language id: go
[12/10/2025 10:55:56 - TRACE] VSCode language id: go
[12/10/2025 10:55:58 - TRACE] VSCode language id: go
[12/10/2025 10:56:00 - TRACE] VSCode language id: go
[12/10/2025 10:56:03 - TRACE] VSCode language id: go
[12/10/2025 10:56:05 - TRACE] VSCode language id: go
[12/10/2025 10:56:07 - TRACE] VSCode language id: go
[12/10/2025 10:56:10 - TRACE] VSCode language id: go
[12/10/2025 10:56:14 - TRACE] VSCode language id: go
[12/10/2025 10:56:16 - TRACE] VSCode language id: go
[12/10/2025 10:56:18 - TRACE] VSCode language id: go
[12/10/2025 10:56:20 - TRACE] VSCode language id: go
[12/10/2025 10:56:22 - TRACE] VSCode language id: go
[12/10/2025 10:56:25 - TRACE] VSCode language id: go
[12/10/2025 10:56:27 - TRACE] VSCode language id: go
[12/10/2025 10:56:29 - TRACE] VSCode language id: go
[12/10/2025 10:56:31 - TRACE] VSCode language id: go
[12/10/2025 10:56:34 - TRACE] VSCode language id: go
[12/10/2025 10:56:36 - TRACE] VSCode language id: go
[12/10/2025 10:56:39 - TRACE] VSCode language id: go
[12/10/2025 10:56:41 - TRACE] VSCode language id: go
[12/10/2025 10:56:44 - TRACE] VSCode language id: go
[12/10/2025 10:56:46 - TRACE] VSCode language id: go
[12/10/2025 10:56:48 - TRACE] VSCode language id: go
[12/10/2025 10:56:50 - TRACE] VSCode language id: go
[12/10/2025 10:56:51 - TRACE] VSCode language id: go
[12/10/2025 10:56:53 - TRACE] VSCode language id: go
[12/10/2025 10:56:55 - TRACE] VSCode language id: go
[12/10/2025 10:56:57 - TRACE] VSCode language id: go
[12/10/2025 10:56:59 - TRACE] VSCode language id: go
[12/10/2025 10:57:07 - TRACE] VSCode language id: go
[12/10/2025 10:57:09 - TRACE] VSCode language id: go
[12/10/2025 10:57:11 - TRACE] VSCode language id: go
[12/10/2025 10:57:13 - TRACE] VSCode language id: go
[12/10/2025 10:57:16 - TRACE] VSCode language id: go
[12/10/2025 10:57:18 - TRACE] VSCode language id: go
[12/10/2025 10:57:20 - TRACE] VSCode language id: go
[12/10/2025 10:57:20 - TRACE] VSCode language id: go
[12/10/2025 10:57:22 - TRACE] VSCode language id: go
[12/10/2025 10:57:25 - TRACE] VSCode language id: go
[12/10/2025 10:57:27 - TRACE] VSCode language id: go
[12/10/2025 10:57:29 - TRACE] VSCode language id: go
[12/10/2025 10:57:31 - TRACE] VSCode language id: go
[12/10/2025 10:57:33 - TRACE] VSCode language id: go
[12/10/2025 10:57:35 - TRACE] VSCode language id: go
[12/10/2025 10:57:38 - TRACE] VSCode language id: go
[12/10/2025 10:57:40 - TRACE] VSCode language id: go
[12/10/2025 10:57:47 - TRACE] VSCode language id: go
[12/10/2025 10:57:49 - TRACE] VSCode language id: go
[12/10/2025 10:57:52 - TRACE] VSCode language id: go
[12/10/2025 10:57:54 - TRACE] VSCode language id: go
[12/10/2025 10:57:56 - TRACE] VSCode language id: go
[12/10/2025 10:57:58 - TRACE] VSCode language id: go
[12/10/2025 10:58:01 - TRACE] VSCode language id: go
[12/10/2025 10:58:03 - TRACE] VSCode language id: go
[12/10/2025 10:58:05 - TRACE] VSCode language id: go
[12/10/2025 10:58:07 - TRACE] VSCode language id: go
[12/10/2025 10:58:10 - TRACE] VSCode language id: go
[12/10/2025 10:58:12 - TRACE] VSCode language id: go
[12/10/2025 10:58:14 - TRACE] VSCode language id: go
[12/10/2025 10:58:16 - TRACE] VSCode language id: go
[12/10/2025 10:58:18 - TRACE] VSCode language id: go
[12/10/2025 10:58:20 - TRACE] VSCode language id: go
[12/10/2025 10:58:22 - TRACE] VSCode language id: go
[12/10/2025 10:58:24 - TRACE] VSCode language id: go
[12/10/2025 10:58:26 - TRACE] VSCode language id: go
[12/10/2025 10:58:27 - TRACE] VSCode language id: go
[12/10/2025 10:58:29 - TRACE] VSCode language id: go
[12/10/2025 10:58:31 - TRACE] VSCode language id: go
[12/10/2025 10:58:33 - TRACE] VSCode language id: go
[12/10/2025 10:58:34 - TRACE] VSCode language id: go
[12/10/2025 10:58:36 - TRACE] VSCode language id: go
[12/10/2025 10:58:38 - TRACE] VSCode language id: go
[12/10/2025 10:58:41 - TRACE] VSCode language id: go
[12/10/2025 10:58:41 - TRACE] VSCode language id: go
[12/10/2025 10:58:43 - TRACE] VSCode language id: go
[12/10/2025 10:58:45 - TRACE] VSCode language id: go
[12/10/2025 10:58:51 - TRACE] VSCode language id: go
[12/10/2025 10:58:53 - TRACE] VSCode language id: go
[12/10/2025 10:58:55 - TRACE] VSCode language id: go
[12/10/2025 10:58:57 - TRACE] VSCode language id: go
[12/10/2025 10:59:00 - TRACE] VSCode language id: go
[12/10/2025 10:59:02 - TRACE] VSCode language id: go
[12/10/2025 10:59:04 - TRACE] VSCode language id: go
[12/10/2025 10:59:06 - TRACE] VSCode language id: go
[12/10/2025 10:59:09 - TRACE] VSCode language id: go
[12/10/2025 10:59:17 - TRACE] VSCode language id: go
[12/10/2025 10:59:19 - TRACE] VSCode language id: go
[12/10/2025 10:59:22 - TRACE] VSCode language id: go
[12/10/2025 10:59:24 - TRACE] VSCode language id: go
[12/10/2025 10:59:26 - TRACE] VSCode language id: go
[12/10/2025 10:59:28 - TRACE] VSCode language id: go
[12/10/2025 10:59:30 - TRACE] VSCode language id: go
[12/10/2025 10:59:32 - TRACE] VSCode language id: go
[12/10/2025 10:59:34 - TRACE] VSCode language id: go
[12/10/2025 10:59:36 - TRACE] VSCode language id: go
[12/10/2025 10:59:38 - TRACE] VSCode language id: go
[12/10/2025 10:59:40 - TRACE] VSCode language id: go
[12/10/2025 10:59:42 - TRACE] VSCode language id: go
[12/10/2025 10:59:45 - TRACE] VSCode language id: go
[12/10/2025 10:59:47 - TRACE] VSCode language id: go
[12/10/2025 10:59:50 - TRACE] VSCode language id: go
[12/10/2025 10:59:52 - TRACE] VSCode language id: go
[12/10/2025 11:00:41 - TRACE] VSCode language id: go
[12/10/2025 11:00:43 - TRACE] VSCode language id: go
[12/10/2025 11:00:45 - TRACE] VSCode language id: go
[12/10/2025 11:00:47 - TRACE] VSCode language id: go
[12/10/2025 11:00:50 - TRACE] VSCode language id: go
[12/10/2025 11:00:52 - TRACE] VSCode language id: go
[12/10/2025 11:00:56 - TRACE] VSCode language id: go
[12/10/2025 11:00:58 - TRACE] VSCode language id: go
[12/10/2025 11:01:28 - TRACE] VSCode language id: go
[12/10/2025 11:01:28 - TRACE] VSCode language id: go
[12/10/2025 11:01:30 - TRACE] VSCode language id: go
[12/10/2025 11:01:35 - TRACE] VSCode language id: go
[12/10/2025 11:01:37 - TRACE] VSCode language id: go
[12/10/2025 11:01:39 - TRACE] VSCode language id: go
[12/10/2025 11:01:41 - TRACE] VSCode language id: go
[12/10/2025 11:01:44 - TRACE] VSCode language id: go
[12/10/2025 11:01:46 - TRACE] VSCode language id: go
[12/10/2025 11:01:48 - TRACE] VSCode language id: go
[12/10/2025 11:01:50 - TRACE] VSCode language id: go
[12/10/2025 11:01:52 - TRACE] VSCode language id: go
[12/10/2025 11:01:54 - TRACE] VSCode language id: go
[12/10/2025 11:01:56 - TRACE] VSCode language id: go
[12/10/2025 11:01:58 - TRACE] VSCode language id: go
[12/10/2025 11:02:01 - TRACE] VSCode language id: go
[12/10/2025 11:02:01 - TRACE] VSCode language id: go
[12/10/2025 11:02:03 - TRACE] VSCode language id: go
[12/10/2025 11:02:05 - TRACE] VSCode language id: go
[12/10/2025 11:02:07 - TRACE] VSCode language id: go
[12/10/2025 11:02:09 - TRACE] VSCode language id: go
[12/10/2025 11:02:11 - TRACE] VSCode language id: go
[12/10/2025 11:02:13 - TRACE] VSCode language id: go
[12/10/2025 11:02:16 - TRACE] VSCode language id: go
[12/10/2025 11:02:18 - TRACE] VSCode language id: go
[12/10/2025 11:02:20 - TRACE] VSCode language id: go
[12/10/2025 11:02:22 - TRACE] VSCode language id: go
[12/10/2025 11:02:24 - TRACE] VSCode language id: go
[12/10/2025 11:02:26 - TRACE] VSCode language id: go
[12/10/2025 11:02:28 - TRACE] VSCode language id: go
[12/10/2025 11:02:30 - TRACE] VSCode language id: go
[12/10/2025 11:02:32 - TRACE] VSCode language id: go
[12/10/2025 11:02:34 - TRACE] VSCode language id: go
[12/10/2025 11:02:36 - TRACE] VSCode language id: go
[12/10/2025 11:02:39 - TRACE] VSCode language id: go
[12/10/2025 11:02:41 - TRACE] VSCode language id: go
[12/10/2025 11:03:10 - TRACE] VSCode language id: go
[12/10/2025 11:03:12 - TRACE] VSCode language id: go
[12/10/2025 11:03:14 - TRACE] VSCode language id: go
[12/10/2025 11:03:17 - TRACE] VSCode language id: go
[12/10/2025 11:03:19 - TRACE] VSCode language id: go
[12/10/2025 11:03:21 - TRACE] VSCode language id: go
[12/10/2025 11:03:34 - TRACE] VSCode language id: go
[12/10/2025 11:03:36 - TRACE] VSCode language id: go
[12/10/2025 11:03:38 - TRACE] VSCode language id: go
[12/10/2025 11:03:41 - TRACE] VSCode language id: go
[12/10/2025 11:03:43 - TRACE] VSCode language id: go
[12/10/2025 11:03:45 - TRACE] VSCode language id: go
[12/10/2025 11:03:47 - TRACE] VSCode language id: go
[12/10/2025 11:03:49 - TRACE] VSCode language id: go
[12/10/2025 11:03:52 - TRACE] VSCode language id: go
[12/10/2025 11:03:54 - TRACE] VSCode language id: go
[12/10/2025 11:03:56 - TRACE] VSCode language id: go
[12/10/2025 11:03:58 - TRACE] VSCode language id: go
[12/10/2025 11:04:01 - TRACE] VSCode language id: go
[12/10/2025 11:04:03 - TRACE] VSCode language id: go
[12/10/2025 11:04:05 - TRACE] VSCode language id: go
[12/10/2025 11:04:07 - TRACE] VSCode language id: go
[12/10/2025 11:04:10 - TRACE] VSCode language id: go
[12/10/2025 11:04:10 - TRACE] VSCode language id: go
[12/10/2025 11:04:12 - TRACE] VSCode language id: go
[12/10/2025 11:04:14 - TRACE] VSCode language id: go
[12/10/2025 11:04:16 - TRACE] VSCode language id: go
[12/10/2025 11:04:18 - TRACE] VSCode language id: go
[12/10/2025 11:04:20 - TRACE] VSCode language id: go
[12/10/2025 11:04:22 - TRACE] VSCode language id: go
[12/10/2025 11:04:24 - TRACE] VSCode language id: go
[12/10/2025 11:04:26 - TRACE] VSCode language id: go
[12/10/2025 11:04:28 - TRACE] VSCode language id: go
[12/10/2025 11:04:29 - TRACE] VSCode language id: go
[12/10/2025 11:04:31 - TRACE] VSCode language id: go
[12/10/2025 11:04:33 - TRACE] VSCode language id: go
[12/10/2025 11:04:35 - TRACE] VSCode language id: go
[12/10/2025 11:04:38 - TRACE] VSCode language id: go
[12/10/2025 11:04:40 - TRACE] VSCode language id: go
[12/10/2025 11:04:42 - TRACE] VSCode language id: go
[12/10/2025 11:04:44 - TRACE] VSCode language id: go
[12/10/2025 11:04:47 - TRACE] VSCode language id: go
[12/10/2025 11:04:49 - TRACE] VSCode language id: go
[12/10/2025 11:04:51 - TRACE] VSCode language id: go
[12/10/2025 11:04:53 - TRACE] VSCode language id: go
[12/10/2025 11:04:55 - TRACE] VSCode language id: go
[12/10/2025 11:04:57 - TRACE] VSCode language id: go
[12/10/2025 11:04:59 - TRACE] VSCode language id: go
[12/10/2025 11:05:15 - TRACE] VSCode language id: go
[12/10/2025 11:05:17 - TRACE] VSCode language id: go
[12/10/2025 11:05:20 - TRACE] VSCode language id: go
[12/10/2025 11:05:22 - TRACE] VSCode language id: go
[12/10/2025 11:05:24 - TRACE] VSCode language id: go
[12/10/2025 11:05:26 - TRACE] VSCode language id: go
[12/10/2025 11:05:28 - TRACE] VSCode language id: go
[12/10/2025 11:05:30 - TRACE] VSCode language id: go
[12/10/2025 11:05:31 - TRACE] VSCode language id: go
[12/10/2025 11:05:33 - TRACE] VSCode language id: go
[12/10/2025 11:05:35 - TRACE] VSCode language id: go
[12/10/2025 11:05:37 - TRACE] VSCode language id: go
[12/10/2025 11:05:39 - TRACE] VSCode language id: go
[12/10/2025 11:05:41 - TRACE] VSCode language id: go
[12/10/2025 11:05:44 - TRACE] VSCode language id: go
[12/10/2025 11:07:52 - TRACE] VSCode language id: go
[12/10/2025 11:07:54 - TRACE] VSCode language id: go
[12/10/2025 11:07:56 - TRACE] VSCode language id: go
[12/10/2025 11:07:58 - TRACE] VSCode language id: go
[12/10/2025 11:08:00 - TRACE] VSCode language id: go
[12/10/2025 11:08:02 - TRACE] VSCode language id: go
[12/10/2025 11:08:06 - TRACE] VSCode language id: go
[12/10/2025 11:08:20 - TRACE] VSCode language id: go
[12/10/2025 11:08:22 - TRACE] VSCode language id: go
[12/10/2025 11:08:24 - TRACE] VSCode language id: go
[12/10/2025 11:08:26 - TRACE] VSCode language id: go
[12/10/2025 11:08:28 - TRACE] VSCode language id: go
[12/10/2025 11:08:30 - TRACE] VSCode language id: go
[12/10/2025 11:08:32 - TRACE] VSCode language id: go
[12/10/2025 11:08:34 - TRACE] VSCode language id: go
[12/10/2025 11:08:37 - TRACE] VSCode language id: go
[12/10/2025 11:08:39 - TRACE] VSCode language id: go
[12/10/2025 11:08:41 - TRACE] VSCode language id: go
[12/10/2025 11:08:43 - TRACE] VSCode language id: go
[12/10/2025 11:08:45 - TRACE] VSCode language id: go
[12/10/2025 11:08:48 - TRACE] VSCode language id: go
[12/10/2025 11:08:50 - TRACE] VSCode language id: go
[12/10/2025 11:08:52 - TRACE] VSCode language id: go
[12/10/2025 11:08:54 - TRACE] VSCode language id: go
[12/10/2025 11:08:56 - TRACE] VSCode language id: go
[12/10/2025 11:08:58 - TRACE] VSCode language id: go
[12/10/2025 11:09:01 - TRACE] VSCode language id: go
[12/10/2025 11:09:03 - TRACE] VSCode language id: go
[12/10/2025 11:09:06 - TRACE] VSCode language id: go
[12/10/2025 11:09:08 - TRACE] VSCode language id: go
[12/10/2025 11:09:10 - TRACE] VSCode language id: go
[12/10/2025 11:09:12 - TRACE] VSCode language id: go
[12/10/2025 11:09:14 - TRACE] VSCode language id: go
[12/10/2025 11:09:17 - TRACE] VSCode language id: go
[12/10/2025 11:09:19 - TRACE] VSCode language id: go
[12/10/2025 11:09:21 - TRACE] VSCode language id: go
[12/10/2025 11:09:23 - TRACE] VSCode language id: go
[12/10/2025 11:09:25 - TRACE] VSCode language id: go
[12/10/2025 11:09:27 - TRACE] VSCode language id: go
[12/10/2025 11:09:29 - TRACE] VSCode language id: go
[12/10/2025 11:09:31 - TRACE] VSCode language id: go
[12/10/2025 11:09:34 - TRACE] VSCode language id: go
[12/10/2025 11:09:36 - TRACE] VSCode language id: go
[12/10/2025 11:09:38 - TRACE] VSCode language id: go
[12/10/2025 11:09:40 - TRACE] VSCode language id: go
[12/10/2025 11:09:42 - TRACE] VSCode language id: go
[12/10/2025 11:09:44 - TRACE] VSCode language id: go
[12/10/2025 11:09:46 - TRACE] VSCode language id: go
[12/10/2025 11:09:48 - TRACE] VSCode language id: go
[12/10/2025 11:09:50 - TRACE] VSCode language id: go
[12/10/2025 11:09:52 - TRACE] VSCode language id: go
[12/10/2025 11:09:55 - TRACE] VSCode language id: go
[12/10/2025 11:09:55 - TRACE] VSCode language id: go
[12/10/2025 11:09:57 - TRACE] VSCode language id: go
[12/10/2025 11:10:00 - TRACE] VSCode language id: go
[12/10/2025 11:10:01 - TRACE] VSCode language id: go
[12/10/2025 11:10:03 - TRACE] VSCode language id: go
[12/10/2025 11:10:06 - TRACE] VSCode language id: go
[12/10/2025 11:10:07 - TRACE] VSCode language id: go
[12/10/2025 11:10:09 - TRACE] VSCode language id: go
[12/10/2025 11:10:11 - TRACE] VSCode language id: go
[12/10/2025 11:10:13 - TRACE] VSCode language id: go
[12/10/2025 11:10:16 - TRACE] VSCode language id: go
[12/10/2025 11:10:18 - TRACE] VSCode language id: go
[12/10/2025 11:10:20 - TRACE] VSCode language id: go
[12/10/2025 11:10:20 - TRACE] VSCode language id: go
[12/10/2025 11:10:22 - TRACE] VSCode language id: go
[12/10/2025 11:10:24 - TRACE] VSCode language id: go
[12/10/2025 11:10:26 - TRACE] VSCode language id: go
[12/10/2025 11:10:28 - TRACE] VSCode language id: go
[12/10/2025 11:10:31 - TRACE] VSCode language id: go
[12/10/2025 11:10:33 - TRACE] VSCode language id: go
[12/10/2025 11:10:35 - TRACE] VSCode language id: go
[12/10/2025 11:10:37 - TRACE] VSCode language id: go
[12/10/2025 11:10:39 - TRACE] VSCode language id: go
[12/10/2025 11:10:42 - TRACE] VSCode language id: go
[12/10/2025 11:10:50 - TRACE] VSCode language id: go
[12/10/2025 11:10:52 - TRACE] VSCode language id: go
[12/10/2025 11:10:54 - TRACE] VSCode language id: go
[12/10/2025 11:10:56 - TRACE] VSCode language id: go
[12/10/2025 11:10:58 - TRACE] VSCode language id: go
[12/10/2025 11:11:00 - TRACE] VSCode language id: go
[12/10/2025 11:11:02 - TRACE] VSCode language id: go
[12/10/2025 11:11:04 - TRACE] VSCode language id: go
[12/10/2025 11:11:06 - TRACE] VSCode language id: go
[12/10/2025 11:11:50 - TRACE] VSCode language id: go
[12/10/2025 11:11:52 - TRACE] VSCode language id: go
[12/10/2025 11:11:54 - TRACE] VSCode language id: go
[12/10/2025 11:11:56 - TRACE] VSCode language id: go
[12/10/2025 11:11:58 - TRACE] VSCode language id: go
[12/10/2025 11:12:00 - TRACE] VSCode language id: go
[12/10/2025 11:12:02 - TRACE] VSCode language id: go
[12/10/2025 11:12:05 - TRACE] VSCode language id: go
[12/10/2025 11:12:07 - TRACE] VSCode language id: go
[12/10/2025 11:12:07 - TRACE] VSCode language id: go
[12/10/2025 11:12:09 - TRACE] VSCode language id: go
[12/10/2025 11:12:13 - TRACE] VSCode language id: go
[12/10/2025 11:12:15 - TRACE] VSCode language id: go
[12/10/2025 11:12:18 - TRACE] VSCode language id: go
[12/10/2025 11:12:20 - TRACE] VSCode language id: go
[12/10/2025 11:12:22 - TRACE] VSCode language id: go
[12/10/2025 11:12:24 - TRACE] VSCode language id: go
[12/10/2025 11:12:27 - TRACE] VSCode language id: go
[12/10/2025 11:12:27 - TRACE] VSCode language id: go
[12/10/2025 11:12:29 - TRACE] VSCode language id: go
[12/10/2025 11:12:31 - TRACE] VSCode language id: go
[12/10/2025 11:12:33 - TRACE] VSCode language id: go
[12/10/2025 11:12:35 - TRACE] VSCode language id: go
[12/10/2025 11:12:37 - TRACE] VSCode language id: go
[12/10/2025 11:12:39 - TRACE] VSCode language id: go
[12/10/2025 11:12:41 - TRACE] VSCode language id: go
[12/10/2025 11:12:43 - TRACE] VSCode language id: go
[12/10/2025 11:12:46 - TRACE] VSCode language id: go
[12/10/2025 11:12:48 - TRACE] VSCode language id: go
[12/10/2025 11:12:50 - TRACE] VSCode language id: go
[12/10/2025 11:12:53 - TRACE] VSCode language id: go
[12/10/2025 11:13:35 - TRACE] VSCode language id: go
[12/10/2025 11:13:37 - TRACE] VSCode language id: go
[12/10/2025 11:13:39 - TRACE] VSCode language id: go
[12/10/2025 11:13:41 - TRACE] VSCode language id: go
[12/10/2025 11:13:43 - TRACE] VSCode language id: go
[12/10/2025 11:13:45 - TRACE] VSCode language id: go
[12/10/2025 11:13:47 - TRACE] VSCode language id: go
[12/10/2025 11:13:49 - TRACE] VSCode language id: go
[12/10/2025 11:13:55 - TRACE] VSCode language id: go
[12/10/2025 11:13:57 - TRACE] VSCode language id: go
[12/10/2025 11:13:59 - TRACE] VSCode language id: go
[12/10/2025 11:14:01 - TRACE] VSCode language id: go
[12/10/2025 11:14:03 - TRACE] VSCode language id: go
[12/10/2025 11:14:05 - TRACE] VSCode language id: go
[12/10/2025 11:14:14 - TRACE] VSCode language id: go
[12/10/2025 11:14:16 - TRACE] VSCode language id: go
[12/10/2025 11:14:18 - TRACE] VSCode language id: go
[12/10/2025 11:14:21 - TRACE] VSCode language id: go
[12/10/2025 11:14:23 - TRACE] VSCode language id: go
[12/10/2025 11:14:25 - TRACE] VSCode language id: go
[12/10/2025 11:14:26 - TRACE] VSCode language id: go
[12/10/2025 11:14:28 - TRACE] VSCode language id: go
[12/10/2025 11:14:30 - TRACE] VSCode language id: go
[12/10/2025 11:14:32 - TRACE] VSCode language id: go
[12/10/2025 11:14:34 - TRACE] VSCode language id: go
[12/10/2025 11:14:36 - TRACE] VSCode language id: go
[12/10/2025 11:14:38 - TRACE] VSCode language id: go
[12/10/2025 11:14:40 - TRACE] VSCode language id: go
[12/10/2025 11:14:43 - TRACE] VSCode language id: go
[12/10/2025 11:14:44 - TRACE] VSCode language id: go
[12/10/2025 11:14:46 - TRACE] VSCode language id: go
[12/10/2025 11:14:49 - TRACE] VSCode language id: go
[12/10/2025 11:14:51 - TRACE] VSCode language id: go
[12/10/2025 11:14:53 - TRACE] VSCode language id: go
[12/10/2025 11:14:55 - TRACE] VSCode language id: go
[12/10/2025 11:14:57 - TRACE] VSCode language id: go
[12/10/2025 11:14:59 - TRACE] VSCode language id: go
[12/10/2025 11:15:02 - TRACE] VSCode language id: go
[12/10/2025 11:15:04 - TRACE] VSCode language id: go
[12/10/2025 11:15:06 - TRACE] VSCode language id: go
[12/10/2025 11:15:08 - TRACE] VSCode language id: go
[12/10/2025 11:15:10 - TRACE] VSCode language id: go
[12/10/2025 11:15:12 - TRACE] VSCode language id: go
[12/10/2025 11:15:19 - TRACE] VSCode language id: go
[12/10/2025 11:15:21 - TRACE] VSCode language id: go
[12/10/2025 11:15:23 - TRACE] VSCode language id: go
[12/10/2025 11:15:25 - TRACE] VSCode language id: go
[12/10/2025 11:15:27 - TRACE] VSCode language id: go
[12/10/2025 11:15:29 - TRACE] VSCode language id: go
[12/10/2025 11:15:31 - TRACE] VSCode language id: go
[12/10/2025 11:15:33 - TRACE] VSCode language id: go
[12/10/2025 11:15:36 - TRACE] VSCode language id: go
[12/10/2025 11:15:38 - TRACE] VSCode language id: go
[12/10/2025 11:15:40 - TRACE] VSCode language id: go
[12/10/2025 11:15:42 - TRACE] VSCode language id: go
[12/10/2025 11:15:44 - TRACE] VSCode language id: go
[12/10/2025 11:15:46 - TRACE] VSCode language id: go
[12/10/2025 11:15:48 - TRACE] VSCode language id: go
[12/10/2025 11:15:51 - TRACE] VSCode language id: go
[12/10/2025 11:15:53 - TRACE] VSCode language id: go
[12/10/2025 11:15:55 - TRACE] VSCode language id: go
[12/10/2025 11:15:57 - TRACE] VSCode language id: go
[12/10/2025 11:15:59 - TRACE] VSCode language id: go
[12/10/2025 11:16:02 - TRACE] VSCode language id: go
[12/10/2025 11:16:04 - TRACE] VSCode language id: go
[12/10/2025 11:16:08 - TRACE] VSCode language id: go
[12/10/2025 11:16:10 - TRACE] VSCode language id: go
[12/10/2025 11:16:12 - TRACE] VSCode language id: go
[12/10/2025 11:16:14 - TRACE] VSCode language id: go
[12/10/2025 11:16:16 - TRACE] VSCode language id: go
[12/10/2025 11:16:18 - TRACE] VSCode language id: go
[12/10/2025 11:16:20 - TRACE] VSCode language id: go
[12/10/2025 11:16:22 - TRACE] VSCode language id: go
[12/10/2025 11:16:25 - TRACE] VSCode language id: go
[12/10/2025 11:16:27 - TRACE] VSCode language id: go
[12/10/2025 11:16:29 - TRACE] VSCode language id: go
[12/10/2025 11:16:31 - TRACE] VSCode language id: go
[12/10/2025 11:16:33 - TRACE] VSCode language id: go
[12/10/2025 11:16:35 - TRACE] VSCode language id: go
[12/10/2025 11:16:40 - TRACE] VSCode language id: go
[12/10/2025 11:16:42 - TRACE] VSCode language id: go
[12/10/2025 11:16:44 - TRACE] VSCode language id: go
[12/10/2025 11:16:46 - TRACE] VSCode language id: go
[12/10/2025 11:16:48 - TRACE] VSCode language id: go
[12/10/2025 11:16:50 - TRACE] VSCode language id: go
[12/10/2025 11:16:52 - TRACE] VSCode language id: go
[12/10/2025 11:16:54 - TRACE] VSCode language id: go
[12/10/2025 11:16:56 - TRACE] VSCode language id: go
[12/10/2025 11:16:59 - TRACE] VSCode language id: go
[12/10/2025 11:17:01 - TRACE] VSCode language id: go
[12/10/2025 11:17:03 - TRACE] VSCode language id: go
[12/10/2025 11:17:05 - TRACE] VSCode language id: go
[12/10/2025 11:17:07 - TRACE] VSCode language id: go
[12/10/2025 11:17:09 - TRACE] VSCode language id: go
[12/10/2025 11:17:11 - TRACE] VSCode language id: go
[12/10/2025 11:17:13 - TRACE] VSCode language id: go
[12/10/2025 11:17:15 - TRACE] VSCode language id: go
[12/10/2025 11:17:17 - TRACE] VSCode language id: go
[12/10/2025 11:17:20 - TRACE] VSCode language id: go
[12/10/2025 11:17:22 - TRACE] VSCode language id: go
[12/10/2025 11:17:24 - TRACE] VSCode language id: go
[12/10/2025 11:17:26 - TRACE] VSCode language id: go
[12/10/2025 11:17:48 - TRACE] VSCode language id: go
[12/10/2025 11:17:53 - TRACE] VSCode language id: go
[12/10/2025 11:17:58 - TRACE] VSCode language id: go
[12/10/2025 11:18:00 - TRACE] VSCode language id: go
[12/10/2025 11:18:02 - TRACE] VSCode language id: go
[12/10/2025 11:18:07 - TRACE] VSCode language id: go
[12/10/2025 11:18:09 - TRACE] VSCode language id: go
[12/10/2025 11:18:11 - TRACE] VSCode language id: go
[12/10/2025 11:18:13 - TRACE] VSCode language id: go
[12/10/2025 11:18:18 - TRACE] VSCode language id: go
[12/10/2025 11:18:19 - TRACE] VSCode language id: go
[12/10/2025 11:18:21 - TRACE] VSCode language id: go
[12/10/2025 11:18:23 - TRACE] VSCode language id: go
[12/10/2025 11:18:25 - TRACE] VSCode language id: go
[12/10/2025 11:18:27 - TRACE] VSCode language id: go
[12/10/2025 11:18:29 - TRACE] VSCode language id: go
[12/10/2025 11:18:32 - TRACE] VSCode language id: go
[12/10/2025 11:18:33 - TRACE] VSCode language id: go
[12/10/2025 11:18:35 - TRACE] VSCode language id: go
[12/10/2025 11:18:37 - TRACE] VSCode language id: go
[12/10/2025 11:18:39 - TRACE] VSCode language id: go
[12/10/2025 11:18:41 - TRACE] VSCode language id: go
[12/10/2025 11:18:43 - TRACE] VSCode language id: go
[12/10/2025 11:18:45 - TRACE] VSCode language id: go
[12/10/2025 11:18:47 - TRACE] VSCode language id: go
[12/10/2025 11:18:51 - TRACE] VSCode language id: go
[12/10/2025 11:18:53 - TRACE] VSCode language id: go
[12/10/2025 11:20:26 - TRACE] VSCode language id: go
[12/10/2025 11:20:28 - TRACE] VSCode language id: go
[12/10/2025 11:20:30 - TRACE] VSCode language id: go
[12/10/2025 11:21:25 - TRACE] VSCode language id: go
[12/10/2025 11:21:27 - TRACE] VSCode language id: go
[12/10/2025 11:21:30 - TRACE] VSCode language id: go
[12/10/2025 11:21:46 - TRACE] VSCode language id: go
[12/10/2025 11:21:48 - TRACE] VSCode language id: go
[12/10/2025 11:21:50 - TRACE] VSCode language id: go
[12/10/2025 11:21:53 - TRACE] VSCode language id: go
[12/10/2025 11:21:55 - TRACE] VSCode language id: go
[12/10/2025 11:21:57 - TRACE] VSCode language id: go
[12/10/2025 11:21:59 - TRACE] VSCode language id: go
[12/10/2025 11:22:01 - TRACE] VSCode language id: go
[12/10/2025 11:22:03 - TRACE] VSCode language id: go
[12/10/2025 11:22:06 - TRACE] VSCode language id: go
[12/10/2025 11:22:08 - TRACE] VSCode language id: go
[12/10/2025 11:22:10 - TRACE] VSCode language id: go
[12/10/2025 11:22:13 - TRACE] VSCode language id: go
[12/10/2025 11:22:15 - TRACE] VSCode language id: go
[12/10/2025 11:22:17 - TRACE] VSCode language id: go
[12/10/2025 11:22:19 - TRACE] VSCode language id: go
[12/10/2025 11:22:22 - TRACE] VSCode language id: go
[12/10/2025 11:22:24 - TRACE] VSCode language id: go
[12/10/2025 11:22:27 - TRACE] VSCode language id: go
[12/10/2025 11:22:29 - TRACE] VSCode language id: go
[12/10/2025 11:22:31 - TRACE] VSCode language id: go
[12/10/2025 11:22:33 - TRACE] VSCode language id: go
[12/10/2025 11:22:35 - TRACE] VSCode language id: go
[12/10/2025 11:22:37 - TRACE] VSCode language id: go
[12/10/2025 11:22:40 - TRACE] VSCode language id: go
[12/10/2025 11:22:42 - TRACE] VSCode language id: go
[12/10/2025 11:22:44 - TRACE] VSCode language id: go
[12/10/2025 11:22:47 - TRACE] VSCode language id: go
[12/10/2025 11:22:49 - TRACE] VSCode language id: go
[12/10/2025 11:22:51 - TRACE] VSCode language id: go
[12/10/2025 11:22:52 - TRACE] VSCode language id: go
[12/10/2025 11:22:54 - TRACE] VSCode language id: go
[12/10/2025 11:22:55 - TRACE] VSCode language id: go
[12/10/2025 11:22:57 - TRACE] VSCode language id: go
[12/10/2025 11:22:59 - TRACE] VSCode language id: go
[12/10/2025 11:23:01 - TRACE] VSCode language id: go
[12/10/2025 11:23:03 - TRACE] VSCode language id: go
[12/10/2025 11:23:05 - TRACE] VSCode language id: go
[12/10/2025 11:23:08 - TRACE] VSCode language id: go
[12/10/2025 11:23:10 - TRACE] VSCode language id: go
[12/10/2025 11:23:12 - TRACE] VSCode language id: go
[12/10/2025 11:23:14 - TRACE] VSCode language id: go
[12/10/2025 11:23:16 - TRACE] VSCode language id: go
[12/10/2025 11:23:44 - TRACE] VSCode language id: go
[12/10/2025 11:23:46 - TRACE] VSCode language id: go
[12/10/2025 11:23:49 - TRACE] VSCode language id: go
[12/10/2025 11:23:51 - TRACE] VSCode language id: go
[12/10/2025 11:23:53 - TRACE] VSCode language id: go
[12/10/2025 11:23:55 - TRACE] VSCode language id: go
[12/10/2025 11:23:56 - TRACE] VSCode language id: go
[12/10/2025 11:23:58 - TRACE] VSCode language id: go
[12/10/2025 11:24:00 - TRACE] VSCode language id: go
[12/10/2025 11:24:02 - TRACE] VSCode language id: go
[12/10/2025 11:24:04 - TRACE] VSCode language id: go
[12/10/2025 11:24:06 - TRACE] VSCode language id: go
[12/10/2025 11:24:09 - TRACE] VSCode language id: go
[12/10/2025 11:24:11 - TRACE] VSCode language id: go
[12/10/2025 11:24:13 - TRACE] VSCode language id: go
[12/10/2025 11:24:15 - TRACE] VSCode language id: go
[12/10/2025 11:24:17 - TRACE] VSCode language id: go
[12/10/2025 11:24:25 - TRACE] VSCode language id: go
[12/10/2025 11:24:27 - TRACE] VSCode language id: go
[12/10/2025 11:24:29 - TRACE] VSCode language id: go
[12/10/2025 11:24:31 - TRACE] VSCode language id: go
[12/10/2025 11:24:33 - TRACE] VSCode language id: go
[12/10/2025 11:24:35 - TRACE] VSCode language id: go
[12/10/2025 11:24:37 - TRACE] VSCode language id: go
[12/10/2025 11:24:44 - TRACE] VSCode language id: go
[12/10/2025 11:24:46 - TRACE] VSCode language id: go
[12/10/2025 11:24:48 - TRACE] VSCode language id: go
[12/10/2025 11:24:50 - TRACE] VSCode language id: go
[12/10/2025 11:24:52 - TRACE] VSCode language id: go
[12/10/2025 11:24:54 - TRACE] VSCode language id: go
[12/10/2025 11:24:56 - TRACE] VSCode language id: go
[12/10/2025 11:24:58 - TRACE] VSCode language id: go
[12/10/2025 11:25:01 - TRACE] VSCode language id: go
[12/10/2025 11:25:03 - TRACE] VSCode language id: go
[12/10/2025 11:25:05 - TRACE] VSCode language id: go
[12/10/2025 11:25:09 - TRACE] VSCode language id: go
[12/10/2025 11:25:19 - TRACE] VSCode language id: go
[12/10/2025 11:25:29 - TRACE] VSCode language id: go
[12/10/2025 11:25:31 - TRACE] VSCode language id: go
[12/10/2025 11:25:33 - TRACE] VSCode language id: go
[12/10/2025 11:25:34 - TRACE] VSCode language id: go.mod
[12/10/2025 11:25:37 - TRACE] VSCode language id: go.mod
[12/10/2025 11:25:39 - TRACE] VSCode language id: go.mod
[12/10/2025 11:25:44 - TRACE] VSCode language id: go
[12/10/2025 11:25:46 - TRACE] VSCode language id: go
[12/10/2025 11:25:48 - TRACE] VSCode language id: go
[12/10/2025 11:25:50 - TRACE] VSCode language id: go
[12/10/2025 11:25:52 - TRACE] VSCode language id: go
[12/10/2025 11:25:59 - TRACE] VSCode language id: go
[12/10/2025 11:26:01 - TRACE] VSCode language id: go
[12/10/2025 11:26:03 - TRACE] VSCode language id: go
[12/10/2025 11:26:05 - TRACE] VSCode language id: go
[12/10/2025 11:26:07 - TRACE] VSCode language id: go
[12/10/2025 11:26:09 - TRACE] VSCode language id: go
[12/10/2025 11:26:11 - TRACE] VSCode language id: go
[12/10/2025 11:26:13 - TRACE] VSCode language id: go
[12/10/2025 11:26:15 - TRACE] VSCode language id: go
[12/10/2025 11:26:18 - TRACE] VSCode language id: go
[12/10/2025 11:26:20 - TRACE] VSCode language id: go
[12/10/2025 11:26:22 - TRACE] VSCode language id: go
[12/10/2025 11:26:26 - TRACE] VSCode language id: go
[12/10/2025 11:26:28 - TRACE] VSCode language id: go
[12/10/2025 11:26:30 - TRACE] VSCode language id: go
[12/10/2025 11:26:32 - TRACE] VSCode language id: go
[12/10/2025 11:26:38 - TRACE] VSCode language id: go
[12/10/2025 11:26:40 - TRACE] VSCode language id: go
[12/10/2025 11:26:42 - TRACE] VSCode language id: go
[12/10/2025 11:26:44 - TRACE] VSCode language id: go
[12/10/2025 11:26:47 - TRACE] VSCode language id: go
[12/10/2025 11:26:49 - TRACE] VSCode language id: go
[12/10/2025 11:26:54 - TRACE] VSCode language id: go
[12/10/2025 11:26:56 - TRACE] VSCode language id: go
[12/10/2025 11:26:58 - TRACE] VSCode language id: go
[12/10/2025 11:27:00 - TRACE] VSCode language id: go
[12/10/2025 11:27:02 - TRACE] VSCode language id: go
[12/10/2025 11:27:04 - TRACE] VSCode language id: go
[12/10/2025 11:27:06 - TRACE] VSCode language id: go
[12/10/2025 11:27:08 - TRACE] VSCode language id: go
[12/10/2025 11:27:11 - TRACE] VSCode language id: go
[12/10/2025 11:27:18 - TRACE] VSCode language id: go
[12/10/2025 11:27:30 - TRACE] VSCode language id: go
[12/10/2025 11:27:31 - TRACE] VSCode language id: go
[12/10/2025 11:27:43 - TRACE] VSCode language id: go
[12/10/2025 11:27:45 - TRACE] VSCode language id: go
[12/10/2025 11:27:48 - TRACE] VSCode language id: go
[12/10/2025 11:27:50 - TRACE] VSCode language id: go
[12/10/2025 11:27:52 - TRACE] VSCode language id: go
[12/10/2025 11:27:54 - TRACE] VSCode language id: go
[12/10/2025 11:27:56 - TRACE] VSCode language id: go
[12/10/2025 11:27:58 - TRACE] VSCode language id: go
[12/10/2025 11:28:00 - TRACE] VSCode language id: go
[12/10/2025 11:28:03 - TRACE] VSCode language id: go
[12/10/2025 11:28:06 - TRACE] VSCode language id: go
[12/10/2025 11:28:08 - TRACE] VSCode language id: go
[12/10/2025 11:28:10 - TRACE] VSCode language id: go
[12/10/2025 11:28:13 - TRACE] VSCode language id: go
[12/10/2025 11:28:15 - TRACE] VSCode language id: go
[12/10/2025 11:28:17 - TRACE] VSCode language id: go
[12/10/2025 11:28:19 - TRACE] VSCode language id: go
[12/10/2025 11:28:21 - TRACE] VSCode language id: go
[12/10/2025 11:28:23 - TRACE] VSCode language id: go
[12/10/2025 11:28:26 - TRACE] VSCode language id: go
[12/10/2025 11:28:26 - TRACE] VSCode language id: go
[12/10/2025 11:28:28 - TRACE] VSCode language id: go
[12/10/2025 11:28:30 - TRACE] VSCode language id: go
[12/10/2025 11:28:32 - TRACE] VSCode language id: go
[12/10/2025 11:28:35 - TRACE] VSCode language id: go
[12/10/2025 11:28:37 - TRACE] VSCode language id: go
[12/10/2025 11:28:39 - TRACE] VSCode language id: go
[12/10/2025 11:28:39 - TRACE] VSCode language id: go
[12/10/2025 11:28:41 - TRACE] VSCode language id: go
[12/10/2025 11:28:46 - TRACE] VSCode language id: go
[12/10/2025 11:28:48 - TRACE] VSCode language id: go
[12/10/2025 11:28:50 - TRACE] VSCode language id: go
[12/10/2025 11:28:52 - TRACE] VSCode language id: go
[12/10/2025 11:28:54 - TRACE] VSCode language id: go
[12/10/2025 11:28:56 - TRACE] VSCode language id: go
[12/10/2025 11:28:59 - TRACE] VSCode language id: go
[12/10/2025 11:29:01 - TRACE] VSCode language id: go
[12/10/2025 11:29:03 - TRACE] VSCode language id: go
[12/10/2025 11:29:05 - TRACE] VSCode language id: go
[12/10/2025 11:29:07 - TRACE] VSCode language id: go
[12/10/2025 11:29:09 - TRACE] VSCode language id: go
[12/10/2025 11:29:11 - TRACE] VSCode language id: go
[12/10/2025 11:29:13 - TRACE] VSCode language id: go
[12/10/2025 11:29:15 - TRACE] VSCode language id: go
[12/10/2025 11:29:17 - TRACE] VSCode language id: go
[12/10/2025 11:29:19 - TRACE] VSCode language id: go
[12/10/2025 11:29:21 - TRACE] VSCode language id: go
[12/10/2025 11:29:23 - TRACE] VSCode language id: go
[12/10/2025 11:29:25 - TRACE] VSCode language id: go
[12/10/2025 11:29:27 - TRACE] VSCode language id: go
[12/10/2025 11:29:30 - TRACE] VSCode language id: go
[12/10/2025 11:29:32 - TRACE] VSCode language id: go
[12/10/2025 11:29:34 - TRACE] VSCode language id: go
[12/10/2025 11:29:36 - TRACE] VSCode language id: go
[12/10/2025 11:29:39 - TRACE] VSCode language id: go
[12/10/2025 11:31:18 - TRACE] VSCode language id: go
[12/10/2025 11:31:40 - TRACE] VSCode language id: go
[12/10/2025 11:31:42 - TRACE] VSCode language id: go
[12/10/2025 11:31:42 - TRACE] VSCode language id: go
[12/10/2025 11:31:48 - TRACE] VSCode language id: go
[12/10/2025 11:31:50 - TRACE] VSCode language id: go
[12/10/2025 11:31:52 - TRACE] VSCode language id: go
[12/10/2025 11:31:58 - TRACE] VSCode language id: go
[12/10/2025 11:32:45 - TRACE] VSCode language id: go
[12/10/2025 11:32:47 - TRACE] VSCode language id: go
