2025-10-06 19:35:33.959 [info] Extension host with pid 6485 started
2025-10-06 19:35:33.987 [info] ExtensionService#_doActivateExtension vscode.github-authentication, startup: false, activationEvent: 'onAuthenticationRequest:github'
2025-10-06 19:35:34.010 [info] ExtensionService#_doActivateExtension vscode.emmet, startup: false, activationEvent: 'onLanguage'
2025-10-06 19:35:34.069 [info] ExtensionService#_doActivateExtension vscode.git-base, startup: true, activationEvent: '*', root cause: vscode.git
2025-10-06 19:35:34.113 [info] ExtensionService#_doActivateExtension vscode.git, startup: true, activationEvent: '*'
2025-10-06 19:35:34.151 [info] ExtensionService#_doActivateExtension vscode.github, startup: true, activationEvent: '*'
2025-10-06 19:35:34.252 [info] Eager extensions activated
2025-10-06 19:35:34.309 [info] ExtensionService#_doActivateExtension vscode.debug-auto-launch, startup: false, activationEvent: 'onStartupFinished'
2025-10-06 19:35:34.311 [info] ExtensionService#_doActivateExtension vscode.merge-conflict, startup: false, activationEvent: 'onStartupFinished'
2025-10-06 19:35:46.189 [info] Extension host terminating: renderer closed the MessagePort
2025-10-06 19:35:46.199 [info] Extension host with pid 6485 exiting with code 0
2025-10-06 19:35:47.061 [info] Extension host with pid 6599 started
2025-10-06 19:35:47.061 [info] Skipping acquiring lock for /home/arshan/.config/Code/User/workspaceStorage/595b7012d7e3d2da20288f2d5a52a3bf.
2025-10-06 19:35:47.093 [info] ExtensionService#_doActivateExtension vscode.github-authentication, startup: false, activationEvent: 'onAuthenticationRequest:github'
2025-10-06 19:35:47.117 [info] ExtensionService#_doActivateExtension vscode.emmet, startup: false, activationEvent: 'onLanguage'
2025-10-06 19:35:47.181 [info] ExtensionService#_doActivateExtension vscode.git-base, startup: true, activationEvent: '*'
2025-10-06 19:35:47.187 [info] ExtensionService#_doActivateExtension vscode.github, startup: true, activationEvent: '*'
2025-10-06 19:35:47.255 [info] Eager extensions activated
2025-10-06 19:35:47.266 [info] ExtensionService#_doActivateExtension vscode.debug-auto-launch, startup: false, activationEvent: 'onStartupFinished'
2025-10-06 19:35:47.268 [info] ExtensionService#_doActivateExtension vscode.merge-conflict, startup: false, activationEvent: 'onStartupFinished'
2025-10-06 19:35:48.916 [info] ExtensionService#_doActivateExtension vscode.git, startup: false, activationEvent: 'api', root cause: vscode.github
2025-10-06 19:36:02.309 [info] ExtensionService#_doActivateExtension vscode.configuration-editing, startup: false, activationEvent: 'onLanguage:jsonc'
2025-10-06 19:36:02.316 [info] ExtensionService#_doActivateExtension vscode.json-language-features, startup: false, activationEvent: 'onLanguage:jsonc'
2025-10-06 19:36:02.357 [info] ExtensionService#_doActivateExtension vscode.typescript-language-features, startup: false, activationEvent: 'onLanguage:jsonc'
2025-10-06 19:37:07.003 [info] ExtensionService#_doActivateExtension evan-buss.font-switcher, startup: false, activationEvent: 'onCommand:font-switcher.switchFont'
2025-10-06 19:37:14.786 [info] Extension host terminating: renderer closed the MessagePort
2025-10-06 19:37:14.802 [info] Extension host with pid 6599 exiting with code 0
2025-10-06 19:37:15.682 [info] Extension host with pid 8350 started
2025-10-06 19:37:15.682 [info] Skipping acquiring lock for /home/arshan/.config/Code/User/workspaceStorage/595b7012d7e3d2da20288f2d5a52a3bf.
2025-10-06 19:37:15.690 [info] ExtensionService#_doActivateExtension vscode.github-authentication, startup: false, activationEvent: 'onAuthenticationRequest:github'
2025-10-06 19:37:15.711 [info] ExtensionService#_doActivateExtension vscode.emmet, startup: false, activationEvent: 'onLanguage'
2025-10-06 19:37:15.754 [info] ExtensionService#_doActivateExtension vscode.git-base, startup: true, activationEvent: '*', root cause: vscode.git
2025-10-06 19:37:15.757 [info] ExtensionService#_doActivateExtension vscode.git, startup: true, activationEvent: '*'
2025-10-06 19:37:15.793 [info] ExtensionService#_doActivateExtension vscode.github, startup: true, activationEvent: '*'
2025-10-06 19:37:15.928 [info] Eager extensions activated
2025-10-06 19:37:15.938 [info] ExtensionService#_doActivateExtension vscode.debug-auto-launch, startup: false, activationEvent: 'onStartupFinished'
2025-10-06 19:37:15.939 [info] ExtensionService#_doActivateExtension vscode.merge-conflict, startup: false, activationEvent: 'onStartupFinished'
2025-10-06 19:37:23.422 [info] ExtensionService#_doActivateExtension golang.go, startup: false, activationEvent: 'onLanguage:go'
2025-10-06 19:37:23.487 [error] Activating extension golang.go failed due to an error:
2025-10-06 19:37:23.487 [error] undefined
2025-10-06 19:37:28.088 [info] ExtensionService#_doActivateExtension evan-buss.font-switcher, startup: false, activationEvent: 'onCommand:font-switcher.switchFont'
2025-10-06 19:37:28.106 [info] ExtensionService#_doActivateExtension vscode.configuration-editing, startup: false, activationEvent: 'onLanguage:jsonc'
2025-10-06 19:37:28.112 [info] ExtensionService#_doActivateExtension vscode.json-language-features, startup: false, activationEvent: 'onLanguage:jsonc'
2025-10-06 19:37:28.150 [info] ExtensionService#_doActivateExtension vscode.typescript-language-features, startup: false, activationEvent: 'onLanguage:jsonc'
2025-10-06 19:37:45.634 [info] ExtensionService#_doActivateExtension talhabalaj.actual-font-changer, startup: false, activationEvent: 'onCommand:font-changer.selectFont'
2025-10-06 19:37:52.077 [info] Extension host terminating: renderer closed the MessagePort
2025-10-06 19:37:52.092 [info] Extension host with pid 8350 exiting with code 0
2025-10-06 19:37:53.017 [info] Extension host with pid 8548 started
2025-10-06 19:37:53.017 [info] Skipping acquiring lock for /home/arshan/.config/Code/User/workspaceStorage/595b7012d7e3d2da20288f2d5a52a3bf.
2025-10-06 19:37:53.099 [info] ExtensionService#_doActivateExtension vscode.github-authentication, startup: false, activationEvent: 'onAuthenticationRequest:github'
2025-10-06 19:37:53.122 [info] ExtensionService#_doActivateExtension vscode.emmet, startup: false, activationEvent: 'onLanguage'
2025-10-06 19:37:53.141 [info] ExtensionService#_doActivateExtension golang.go, startup: false, activationEvent: 'onLanguage:go'
2025-10-06 19:37:53.236 [error] Activating extension golang.go failed due to an error:
2025-10-06 19:37:53.236 [error] undefined
2025-10-06 19:37:53.250 [info] ExtensionService#_doActivateExtension vscode.git-base, startup: true, activationEvent: '*', root cause: vscode.git
2025-10-06 19:37:53.278 [info] ExtensionService#_doActivateExtension vscode.git, startup: true, activationEvent: '*'
2025-10-06 19:37:53.317 [info] ExtensionService#_doActivateExtension vscode.github, startup: true, activationEvent: '*'
2025-10-06 19:37:53.421 [info] Eager extensions activated
2025-10-06 19:37:53.423 [info] ExtensionService#_doActivateExtension vscode.debug-auto-launch, startup: false, activationEvent: 'onStartupFinished'
2025-10-06 19:37:53.425 [info] ExtensionService#_doActivateExtension vscode.merge-conflict, startup: false, activationEvent: 'onStartupFinished'
2025-10-06 19:37:58.101 [info] ExtensionService#_doActivateExtension talhabalaj.actual-font-changer, startup: false, activationEvent: 'onCommand:font-changer.selectFont'
2025-10-06 19:37:58.377 [info] ExtensionService#_doActivateExtension vscode.configuration-editing, startup: false, activationEvent: 'onLanguage:jsonc'
2025-10-06 19:37:58.383 [info] ExtensionService#_doActivateExtension vscode.json-language-features, startup: false, activationEvent: 'onLanguage:jsonc'
2025-10-06 19:37:58.426 [info] ExtensionService#_doActivateExtension vscode.typescript-language-features, startup: false, activationEvent: 'onLanguage:jsonc'
2025-10-06 19:44:13.288 [info] Extension host terminating: renderer closed the MessagePort
2025-10-06 19:44:13.306 [info] Extension host with pid 8548 exiting with code 0
