2025-10-21 16:42:58.615 [info] update#setState idle
2025-10-21 16:43:28.616 [info] update#setState checking for updates
2025-10-21 16:43:28.676 [info] update#setState idle
2025-10-21 16:45:27.554 [info] Extension host with pid 651764 exited with code: 0, signal: unknown.
2025-10-21 16:45:27.584 [error] [UtilityProcess id: 1, type: fileWatcher, pid: 651779]: crashed with code 15 and reason 'killed'
2025-10-21 16:51:28.014 [error] [storage state.vscdb] prepare(): Error: SQLITE_READONLY_DBMOVED: attempt to write a readonly database (INSERT INTO ItemTable VALUES (?,?) ON CONFLICT (key) DO UPDATE SET value = excluded.value WHERE value != excluded.value). Details: Keys: memento/workbench.editors.files.textFileEditor Length: 995
2025-10-21 16:51:37.173 [info] Extension host with pid 653993 exited with code: 0, signal: unknown.
2025-10-21 16:51:37.217 [error] [UtilityProcess id: 1, type: fileWatcher, pid: 653994]: crashed with code 15 and reason 'killed'
2025-10-21 16:51:37.262 [error] [storage state.vscdb] prepare(): Error: SQLITE_READONLY_DBMOVED: attempt to write a readonly database (INSERT INTO ItemTable VALUES (?,?),(?,?) ON CONFLICT (key) DO UPDATE SET value = excluded.value WHERE value != excluded.value). Details: Keys: __$__targetStorageMarker, lifecyle.lastShutdownReason Length: 1876
2025-10-21 16:51:37.262 [error] [storage state.vscdb] prepare(): Error: SQLITE_READONLY_DBMOVED: attempt to write a readonly database (INSERT INTO ItemTable VALUES (?,?),(?,?) ON CONFLICT (key) DO UPDATE SET value = excluded.value WHERE value != excluded.value). Details: Keys: commandPalette.mru.cache, commandPalette.mru.counter Length: 418
2025-10-21 16:51:37.922 [error] [storage state.vscdb] prepare(): Error: SQLITE_READONLY_DBMOVED: attempt to write a readonly database (INSERT INTO ItemTable VALUES (?,?),(?,?),(?,?) ON CONFLICT (key) DO UPDATE SET value = excluded.value WHERE value != excluded.value). Details: Keys: __$__targetStorageMarker, workbench.activity.placeholderViewlets, workbench.panel.placeholderPanels Length: 6250
2025-10-21 16:51:37.922 [error] [storage state.vscdb] prepare(): Error: SQLITE_READONLY_DBMOVED: attempt to write a readonly database (INSERT INTO ItemTable VALUES (?,?),(?,?),(?,?) ON CONFLICT (key) DO UPDATE SET value = excluded.value WHERE value != excluded.value). Details: Keys: __$__targetStorageMarker, workbench.activity.viewletsWorkspaceState, workbench.panel.viewContainersWorkspaceState Length: 2928
2025-10-21 16:51:37.922 [error] [storage state.vscdb] prepare(): Error: SQLITE_READONLY_DBMOVED: attempt to write a readonly database (DELETE FROM ItemTable WHERE key IN (?)). Details: Keys: editorOverrideService.cache
2025-10-21 16:51:38.304 [error] [storage state.vscdb] prepare(): Error: SQLITE_READONLY_DBMOVED: attempt to write a readonly database (INSERT INTO ItemTable VALUES (?,?) ON CONFLICT (key) DO UPDATE SET value = excluded.value WHERE value != excluded.value). Details: Keys: workbench.activity.placeholderViewlets Length: 3379
2025-10-21 16:51:38.868 [error] [storage state.vscdb] prepare(): Error: SQLITE_READONLY_DBMOVED: attempt to write a readonly database (INSERT INTO ItemTable VALUES (?,?) ON CONFLICT (key) DO UPDATE SET value = excluded.value WHERE value != excluded.value). Details: Keys: workbench.panel.viewContainersWorkspaceState Length: 325
2025-10-21 16:51:39.640 [error] [storage state.vscdb] prepare(): Error: SQLITE_READONLY_DBMOVED: attempt to write a readonly database (INSERT INTO ItemTable VALUES (?,?) ON CONFLICT (key) DO UPDATE SET value = excluded.value WHERE value != excluded.value). Details: Keys: terminal.integrated.environmentVariableCollectionsV2 Length: 2
2025-10-21 16:51:39.812 [error] [storage state.vscdb] prepare(): Error: SQLITE_READONLY_DBMOVED: attempt to write a readonly database (INSERT INTO ItemTable VALUES (?,?) ON CONFLICT (key) DO UPDATE SET value = excluded.value WHERE value != excluded.value). Details: Keys: memento/workbench.editors.files.textFileEditor Length: 995
2025-10-21 16:51:41.275 [info] Extension host with pid 658003 exited with code: 0, signal: unknown.
2025-10-21 16:51:41.441 [error] [storage state.vscdb] prepare(): Error: SQLITE_READONLY_DBMOVED: attempt to write a readonly database (INSERT INTO ItemTable VALUES (?,?) ON CONFLICT (key) DO UPDATE SET value = excluded.value WHERE value != excluded.value). Details: Keys: editorFontInfo Length: 2
2025-10-21 16:51:41.441 [error] [storage state.vscdb] prepare(): Error: SQLITE_READONLY_DBMOVED: attempt to write a readonly database (INSERT INTO ItemTable VALUES (?,?),(?,?) ON CONFLICT (key) DO UPDATE SET value = excluded.value WHERE value != excluded.value). Details: Keys: __$__targetStorageMarker, lifecyle.lastShutdownReason Length: 1876
