2025-10-18 16:45:31.883 [info] Reading sessions from keychain...
2025-10-18 16:45:31.883 [info] Getting sessions for all scopes...
2025-10-18 16:45:32.215 [info] Got 0 sessions for ...
2025-10-18 16:45:32.215 [info] Getting sessions for all scopes...
2025-10-18 16:45:32.215 [info] Got 0 sessions for ...
2025-10-18 16:45:32.215 [info] Getting sessions for all scopes...
2025-10-18 16:45:32.215 [info] Got 0 sessions for ...
2025-10-18 16:45:32.216 [info] Getting sessions for all scopes...
2025-10-18 16:45:32.216 [info] Got 0 sessions for ...
2025-10-18 16:45:32.216 [info] Getting sessions for all scopes...
2025-10-18 16:45:32.216 [info] Got 0 sessions for ...
2025-10-18 16:45:32.216 [info] Getting sessions for all scopes...
2025-10-18 16:45:32.216 [info] Got 0 sessions for ...
2025-10-18 16:45:32.216 [info] Getting sessions for all scopes...
2025-10-18 16:45:32.216 [info] Got 0 sessions for ...
2025-10-18 16:45:32.216 [info] Getting sessions for all scopes...
2025-10-18 16:45:32.216 [info] Got 0 sessions for ...
2025-10-18 16:45:32.216 [info] Getting sessions for all scopes...
2025-10-18 16:45:32.216 [info] Got 0 sessions for ...
2025-10-18 16:45:32.216 [info] Getting sessions for all scopes...
2025-10-18 16:45:32.216 [info] Got 0 sessions for ...
2025-10-18 16:45:32.217 [info] Getting sessions for all scopes...
2025-10-18 16:45:32.217 [info] Got 0 sessions for ...
2025-10-18 16:45:32.217 [info] Getting sessions for all scopes...
2025-10-18 16:45:32.217 [info] Got 0 sessions for ...
2025-10-18 16:45:32.217 [info] Getting sessions for all scopes...
2025-10-18 16:45:32.217 [info] Got 0 sessions for ...
2025-10-18 16:45:32.217 [info] Getting sessions for all scopes...
2025-10-18 16:45:32.217 [info] Got 0 sessions for ...
2025-10-18 16:45:32.217 [info] Getting sessions for all scopes...
2025-10-18 16:45:32.217 [info] Got 0 sessions for ...
2025-10-18 16:45:33.418 [info] Getting sessions for read:user,repo,user:email,workflow...
2025-10-18 16:45:33.418 [info] Got 0 sessions for read:user,repo,user:email,workflow...
2025-10-18 16:45:33.862 [info] Getting sessions for all scopes...
2025-10-18 16:45:33.862 [info] Got 0 sessions for ...
2025-10-18 16:45:33.863 [info] Getting sessions for all scopes...
2025-10-18 16:45:33.863 [info] Got 0 sessions for ...
2025-10-18 16:45:33.863 [info] Getting sessions for all scopes...
2025-10-18 16:45:33.863 [info] Got 0 sessions for ...
2025-10-18 16:45:33.998 [info] Getting sessions for all scopes...
2025-10-18 16:45:33.998 [info] Got 0 sessions for ...
2025-10-18 16:45:39.490 [info] Getting sessions for read:user,repo,user:email,workflow...
2025-10-18 16:45:39.491 [info] Got 0 sessions for read:user,repo,user:email,workflow...
2025-10-18 16:48:32.397 [info] Reading sessions from keychain...
2025-10-18 16:48:32.398 [info] Getting sessions for all scopes...
2025-10-18 16:48:32.398 [info] Got 0 sessions for ...
2025-10-18 16:48:32.398 [info] Getting sessions for all scopes...
2025-10-18 16:48:32.398 [info] Got 0 sessions for ...
2025-10-18 16:48:32.398 [info] Getting sessions for all scopes...
2025-10-18 16:48:32.398 [info] Got 0 sessions for ...
2025-10-18 16:48:32.398 [info] Getting sessions for all scopes...
2025-10-18 16:48:32.398 [info] Got 0 sessions for ...
2025-10-18 16:48:32.398 [info] Getting sessions for all scopes...
2025-10-18 16:48:32.398 [info] Got 0 sessions for ...
2025-10-18 16:48:32.398 [info] Getting sessions for all scopes...
2025-10-18 16:48:32.398 [info] Got 0 sessions for ...
2025-10-18 16:48:32.398 [info] Getting sessions for all scopes...
2025-10-18 16:48:32.398 [info] Got 0 sessions for ...
2025-10-18 16:48:32.540 [info] Getting sessions for all scopes...
2025-10-18 16:48:32.540 [info] Got 0 sessions for ...
2025-10-18 16:48:32.541 [info] Getting sessions for all scopes...
2025-10-18 16:48:32.541 [info] Got 0 sessions for ...
2025-10-18 16:48:32.541 [info] Getting sessions for all scopes...
2025-10-18 16:48:32.541 [info] Got 0 sessions for ...
2025-10-18 16:48:32.541 [info] Getting sessions for all scopes...
2025-10-18 16:48:32.541 [info] Got 0 sessions for ...
2025-10-18 16:48:32.541 [info] Getting sessions for all scopes...
2025-10-18 16:48:32.541 [info] Got 0 sessions for ...
2025-10-18 16:48:32.541 [info] Getting sessions for all scopes...
2025-10-18 16:48:32.541 [info] Got 0 sessions for ...
2025-10-18 16:48:33.278 [info] Getting sessions for all scopes...
2025-10-18 16:48:33.278 [info] Got 0 sessions for ...
2025-10-18 16:48:33.841 [info] Getting sessions for all scopes...
2025-10-18 16:48:33.841 [info] Got 0 sessions for ...
2025-10-18 16:48:34.128 [info] Getting sessions for all scopes...
2025-10-18 16:48:34.128 [info] Got 0 sessions for ...
2025-10-18 16:48:34.128 [info] Getting sessions for all scopes...
2025-10-18 16:48:34.128 [info] Got 0 sessions for ...
2025-10-18 16:48:34.132 [info] Getting sessions for all scopes...
2025-10-18 16:48:34.132 [info] Got 0 sessions for ...
2025-10-18 19:32:25.220 [info] Getting sessions for all scopes...
2025-10-18 19:32:25.220 [info] Got 0 sessions for ...
2025-10-18 19:48:53.404 [info] Reading sessions from keychain...
2025-10-18 19:48:53.404 [info] Getting sessions for all scopes...
2025-10-18 19:48:53.404 [info] Got 0 sessions for ...
2025-10-18 19:48:53.404 [info] Getting sessions for all scopes...
2025-10-18 19:48:53.404 [info] Got 0 sessions for ...
2025-10-18 19:48:53.404 [info] Getting sessions for all scopes...
2025-10-18 19:48:53.404 [info] Got 0 sessions for ...
2025-10-18 19:48:53.404 [info] Getting sessions for all scopes...
2025-10-18 19:48:53.404 [info] Got 0 sessions for ...
2025-10-18 19:48:53.404 [info] Getting sessions for all scopes...
2025-10-18 19:48:53.404 [info] Got 0 sessions for ...
2025-10-18 19:48:53.404 [info] Getting sessions for all scopes...
2025-10-18 19:48:53.404 [info] Got 0 sessions for ...
2025-10-18 19:48:53.404 [info] Getting sessions for all scopes...
2025-10-18 19:48:53.404 [info] Got 0 sessions for ...
2025-10-18 19:48:53.506 [info] Getting sessions for all scopes...
2025-10-18 19:48:53.506 [info] Got 0 sessions for ...
2025-10-18 19:48:53.506 [info] Getting sessions for all scopes...
2025-10-18 19:48:53.506 [info] Got 0 sessions for ...
2025-10-18 19:48:53.506 [info] Getting sessions for all scopes...
2025-10-18 19:48:53.506 [info] Got 0 sessions for ...
2025-10-18 19:48:53.506 [info] Getting sessions for all scopes...
2025-10-18 19:48:53.506 [info] Got 0 sessions for ...
2025-10-18 19:48:53.507 [info] Getting sessions for all scopes...
2025-10-18 19:48:53.507 [info] Got 0 sessions for ...
2025-10-18 19:48:53.507 [info] Getting sessions for all scopes...
2025-10-18 19:48:53.507 [info] Got 0 sessions for ...
2025-10-18 19:48:53.717 [info] Getting sessions for all scopes...
2025-10-18 19:48:53.717 [info] Got 0 sessions for ...
2025-10-18 19:48:53.768 [info] Getting sessions for all scopes...
2025-10-18 19:48:53.768 [info] Got 0 sessions for ...
2025-10-18 19:48:54.363 [info] Getting sessions for read:user,repo,user:email,workflow...
2025-10-18 19:48:54.363 [info] Got 0 sessions for read:user,repo,user:email,workflow...
2025-10-18 19:48:55.252 [info] Getting sessions for all scopes...
2025-10-18 19:48:55.252 [info] Got 0 sessions for ...
2025-10-18 19:48:55.252 [info] Getting sessions for all scopes...
2025-10-18 19:48:55.252 [info] Got 0 sessions for ...
2025-10-18 19:48:55.259 [info] Getting sessions for all scopes...
2025-10-18 19:48:55.259 [info] Got 0 sessions for ...
2025-10-18 19:51:03.298 [info] Reading sessions from keychain...
2025-10-18 19:51:03.298 [info] Getting sessions for all scopes...
2025-10-18 19:51:03.549 [info] Got 0 sessions for ...
2025-10-18 19:51:03.549 [info] Getting sessions for all scopes...
2025-10-18 19:51:03.549 [info] Got 0 sessions for ...
2025-10-18 19:51:03.549 [info] Getting sessions for all scopes...
2025-10-18 19:51:03.549 [info] Got 0 sessions for ...
2025-10-18 19:51:03.549 [info] Getting sessions for all scopes...
2025-10-18 19:51:03.549 [info] Got 0 sessions for ...
2025-10-18 19:51:03.549 [info] Getting sessions for all scopes...
2025-10-18 19:51:03.549 [info] Got 0 sessions for ...
2025-10-18 19:51:03.549 [info] Getting sessions for all scopes...
2025-10-18 19:51:03.549 [info] Got 0 sessions for ...
2025-10-18 19:51:03.549 [info] Getting sessions for all scopes...
2025-10-18 19:51:03.549 [info] Got 0 sessions for ...
2025-10-18 19:51:03.654 [info] Getting sessions for all scopes...
2025-10-18 19:51:03.654 [info] Got 0 sessions for ...
2025-10-18 19:51:03.654 [info] Getting sessions for all scopes...
2025-10-18 19:51:03.654 [info] Got 0 sessions for ...
2025-10-18 19:51:03.654 [info] Getting sessions for all scopes...
2025-10-18 19:51:03.654 [info] Got 0 sessions for ...
2025-10-18 19:51:03.655 [info] Getting sessions for all scopes...
2025-10-18 19:51:03.655 [info] Got 0 sessions for ...
2025-10-18 19:51:03.655 [info] Getting sessions for all scopes...
2025-10-18 19:51:03.655 [info] Got 0 sessions for ...
2025-10-18 19:51:03.655 [info] Getting sessions for all scopes...
2025-10-18 19:51:03.655 [info] Got 0 sessions for ...
2025-10-18 19:51:04.294 [info] Getting sessions for all scopes...
2025-10-18 19:51:04.294 [info] Got 0 sessions for ...
2025-10-18 19:51:04.826 [info] Getting sessions for all scopes...
2025-10-18 19:51:04.826 [info] Got 0 sessions for ...
2025-10-18 19:51:05.243 [info] Getting sessions for all scopes...
2025-10-18 19:51:05.243 [info] Got 0 sessions for ...
2025-10-18 19:51:05.243 [info] Getting sessions for all scopes...
2025-10-18 19:51:05.243 [info] Got 0 sessions for ...
2025-10-18 19:51:05.249 [info] Getting sessions for all scopes...
2025-10-18 19:51:05.249 [info] Got 0 sessions for ...
