2025-10-12 13:54:50.743 [info] Try to start language server - activation (enabled: true)
2025-10-12 13:54:50.819 [info] Running language server gopls(v0.20.0/go1.25.1)
2025-10-12 13:57:46.815 [info] Running checks...
2025-10-12 13:57:46.815 [info] Starting linting the current package at /home/arshan/Code/goapi/api
2025-10-12 13:57:46.924 [info] /home/arshan/Code/goapi/api>Finished running tool: /home/arshan/go/bin/staticcheck
2025-10-12 13:57:46.924 [info] 
2025-10-12 14:03:16.103 [info] Try to start language server - activation (enabled: true)
2025-10-12 14:03:16.167 [info] Running language server gopls(v0.20.0/go1.25.1)
2025-10-12 14:03:23.536 [info] Running checks...
2025-10-12 14:03:23.536 [info] Starting linting the current package at /home/arshan/Code/omni/cmd
2025-10-12 14:03:23.587 [info] /home/arshan/Code/omni/cmd>Finished running tool: /home/arshan/go/bin/staticcheck
2025-10-12 14:03:23.587 [info] 
2025-10-12 14:03:26.777 [info] Running checks...
2025-10-12 14:03:26.777 [info] Starting linting the current package at /home/arshan/Code/omni/cmd
2025-10-12 14:03:26.824 [info] /home/arshan/Code/omni/cmd>Finished running tool: /home/arshan/go/bin/staticcheck
2025-10-12 14:03:26.824 [info] /home/arshan/Code/omni/cmd/main.go:3:1 syntax error: non-declaration statement outside function body (compile)
2025-10-12 14:03:26.824 [info] 
2025-10-12 14:03:30.949 [info] Running checks...
2025-10-12 14:03:30.949 [info] Starting linting the current package at /home/arshan/Code/omni/cmd
2025-10-12 14:03:31.013 [info] /home/arshan/Code/omni/cmd>Finished running tool: /home/arshan/go/bin/staticcheck
2025-10-12 14:03:31.013 [info] 
2025-10-12 14:30:39.541 [info] Running checks...
2025-10-12 14:30:39.541 [info] Starting linting the current package at /home/arshan/Code/omni/cmd
2025-10-12 14:30:39.648 [info] /home/arshan/Code/omni/cmd>Finished running tool: /home/arshan/go/bin/staticcheck
2025-10-12 14:30:39.648 [info] /home/arshan/Code/omni/cmd/main.go:4:1 syntax error: non-declaration statement outside function body (compile)
2025-10-12 14:30:39.648 [info] 
2025-10-12 14:30:43.148 [info] Running checks...
2025-10-12 14:30:43.148 [info] Starting linting the current package at /home/arshan/Code/omni/cmd
2025-10-12 14:30:43.202 [info] /home/arshan/Code/omni/cmd>Finished running tool: /home/arshan/go/bin/staticcheck
2025-10-12 14:30:43.202 [info] 
2025-10-12 14:30:48.051 [info] Running checks...
2025-10-12 14:30:48.051 [info] Starting linting the current package at /home/arshan/Code/omni/cmd
2025-10-12 14:30:48.107 [info] /home/arshan/Code/omni/cmd>Finished running tool: /home/arshan/go/bin/staticcheck
2025-10-12 14:30:48.107 [info] 
2025-10-12 14:30:55.241 [info] Running checks...
2025-10-12 14:30:55.241 [info] Starting linting the current package at /home/arshan/Code/omni/cmd
2025-10-12 14:30:55.303 [info] /home/arshan/Code/omni/cmd>Finished running tool: /home/arshan/go/bin/staticcheck
2025-10-12 14:30:55.303 [info] /home/arshan/Code/omni/cmd/main.go:3:8 "fmt" imported and not used (compile)
2025-10-12 14:30:55.303 [info] 
2025-10-12 14:32:54.813 [info] Running checks...
2025-10-12 14:32:54.813 [info] Starting linting the current package at /home/arshan/Code/omni/cmd
2025-10-12 14:32:54.870 [info] /home/arshan/Code/omni/cmd>Finished running tool: /home/arshan/go/bin/staticcheck
2025-10-12 14:32:54.870 [info] /home/arshan/Code/omni/cmd/main.go:6:12 syntax error: unexpected newline, expected type (compile)
2025-10-12 14:32:54.870 [info] 
2025-10-12 14:32:57.814 [info] Running checks...
2025-10-12 14:32:57.814 [info] Starting linting the current package at /home/arshan/Code/omni/cmd
2025-10-12 14:32:57.871 [info] /home/arshan/Code/omni/cmd>Finished running tool: /home/arshan/go/bin/staticcheck
2025-10-12 14:32:57.871 [info] /home/arshan/Code/omni/cmd/main.go:6:11 syntax error: unexpected newline, expected type (compile)
2025-10-12 14:32:57.871 [info] 
2025-10-12 14:32:59.909 [info] Running checks...
2025-10-12 14:32:59.909 [info] Starting linting the current package at /home/arshan/Code/omni/cmd
2025-10-12 14:32:59.968 [info] /home/arshan/Code/omni/cmd>Finished running tool: /home/arshan/go/bin/staticcheck
2025-10-12 14:32:59.968 [info] /home/arshan/Code/omni/cmd/main.go:6:12 syntax error: unexpected :=, expected =
2025-10-12 14:32:59.968 [info] /home/arshan/Code/omni/cmd/main.go:10:1 syntax error: unexpected }, expected expression (compile)
2025-10-12 14:32:59.968 [info] 
2025-10-12 14:33:06.972 [info] Running checks...
2025-10-12 14:33:06.972 [info] Starting linting the current package at /home/arshan/Code/omni/cmd
2025-10-12 14:33:07.033 [info] /home/arshan/Code/omni/cmd>Finished running tool: /home/arshan/go/bin/staticcheck
2025-10-12 14:33:07.033 [info] /home/arshan/Code/omni/cmd/main.go:3:8 "fmt" imported and not used
2025-10-12 14:33:07.033 [info] /home/arshan/Code/omni/cmd/main.go:6:2 undefined: tasks (compile)
2025-10-12 14:33:07.033 [info] 
2025-10-12 14:33:12.329 [info] Running checks...
2025-10-12 14:33:12.329 [info] Starting linting the current package at /home/arshan/Code/omni/cmd
2025-10-12 14:33:12.386 [info] /home/arshan/Code/omni/cmd>Finished running tool: /home/arshan/go/bin/staticcheck
2025-10-12 14:33:12.386 [info] /home/arshan/Code/omni/cmd/main.go:3:8 "fmt" imported and not used
2025-10-12 14:33:12.386 [info] /home/arshan/Code/omni/cmd/main.go:6:2 declared and not used: tasks
2025-10-12 14:33:12.386 [info] /home/arshan/Code/omni/cmd/main.go:6:11 []string (type) is not an expression (compile)
2025-10-12 14:33:12.386 [info] 
2025-10-12 14:33:23.637 [info] Running checks...
2025-10-12 14:33:23.637 [info] Starting linting the current package at /home/arshan/Code/omni/cmd
2025-10-12 14:33:23.697 [info] /home/arshan/Code/omni/cmd>Finished running tool: /home/arshan/go/bin/staticcheck
2025-10-12 14:33:23.697 [info] /home/arshan/Code/omni/cmd/main.go:3:8 "fmt" imported and not used
2025-10-12 14:33:23.697 [info] /home/arshan/Code/omni/cmd/main.go:6:2 declared and not used: tasks (compile)
2025-10-12 14:33:23.697 [info] 
2025-10-12 14:33:24.648 [info] Running checks...
2025-10-12 14:33:24.648 [info] Starting linting the current package at /home/arshan/Code/omni/cmd
2025-10-12 14:33:24.705 [info] /home/arshan/Code/omni/cmd>Finished running tool: /home/arshan/go/bin/staticcheck
2025-10-12 14:33:24.705 [info] /home/arshan/Code/omni/cmd/main.go:3:8 "fmt" imported and not used
2025-10-12 14:33:24.705 [info] /home/arshan/Code/omni/cmd/main.go:6:2 declared and not used: tasks (compile)
2025-10-12 14:33:24.705 [info] 
2025-10-12 14:33:26.445 [info] Running checks...
2025-10-12 14:33:26.445 [info] Starting linting the current package at /home/arshan/Code/omni/cmd
2025-10-12 14:33:26.504 [info] /home/arshan/Code/omni/cmd>Finished running tool: /home/arshan/go/bin/staticcheck
2025-10-12 14:33:26.504 [info] /home/arshan/Code/omni/cmd/main.go:3:8 "fmt" imported and not used
2025-10-12 14:33:26.504 [info] /home/arshan/Code/omni/cmd/main.go:6:2 declared and not used: tasks (compile)
2025-10-12 14:33:26.504 [info] 
2025-10-12 14:34:52.923 [info] Running checks...
2025-10-12 14:34:52.923 [info] Starting linting the current package at /home/arshan/Code/omni/cmd
2025-10-12 14:34:53.007 [info] /home/arshan/Code/omni/cmd>Finished running tool: /home/arshan/go/bin/staticcheck
2025-10-12 14:34:53.007 [info] 
2025-10-12 14:35:11.243 [info] Running checks...
2025-10-12 14:35:11.243 [info] Starting linting the current package at /home/arshan/Code/omni/cmd
2025-10-12 14:35:11.300 [info] /home/arshan/Code/omni/cmd>Finished running tool: /home/arshan/go/bin/staticcheck
2025-10-12 14:35:11.300 [info] /home/arshan/Code/omni/cmd/main.go:5:10 syntax error: unexpected newline, expected ( (compile)
2025-10-12 14:35:11.300 [info] 
2025-10-12 14:35:14.595 [info] Running checks...
2025-10-12 14:35:14.595 [info] Starting linting the current package at /home/arshan/Code/omni/cmd
2025-10-12 14:35:14.650 [info] /home/arshan/Code/omni/cmd>Finished running tool: /home/arshan/go/bin/staticcheck
2025-10-12 14:35:14.650 [info] /home/arshan/Code/omni/cmd/main.go:3:8 "fmt" imported and not used (compile)
2025-10-12 14:35:14.650 [info] 
2025-10-12 14:35:17.023 [info] Running checks...
2025-10-12 14:35:17.023 [info] Starting linting the current package at /home/arshan/Code/omni/cmd
2025-10-12 14:35:17.079 [info] /home/arshan/Code/omni/cmd>Finished running tool: /home/arshan/go/bin/staticcheck
2025-10-12 14:35:17.079 [info] /home/arshan/Code/omni/cmd/main.go:3:8 "fmt" imported and not used (compile)
2025-10-12 14:35:17.079 [info] 
2025-10-12 14:35:22.553 [info] Running checks...
2025-10-12 14:35:22.553 [info] Starting linting the current package at /home/arshan/Code/omni/cmd
2025-10-12 14:35:22.610 [info] /home/arshan/Code/omni/cmd>Finished running tool: /home/arshan/go/bin/staticcheck
2025-10-12 14:35:22.610 [info] /home/arshan/Code/omni/cmd/main.go:3:8 "fmt" imported and not used (compile)
2025-10-12 14:35:22.610 [info] 
2025-10-12 14:35:32.738 [info] Running checks...
2025-10-12 14:35:32.738 [info] Starting linting the current package at /home/arshan/Code/omni/cmd
2025-10-12 14:35:32.794 [info] /home/arshan/Code/omni/cmd>Finished running tool: /home/arshan/go/bin/staticcheck
2025-10-12 14:35:32.794 [info] /home/arshan/Code/omni/cmd/main.go:3:8 "fmt" imported and not used
2025-10-12 14:35:32.794 [info] /home/arshan/Code/omni/cmd/main.go:6:2 undefined: tasks (compile)
2025-10-12 14:35:32.794 [info] 
2025-10-12 14:35:38.718 [info] Running checks...
2025-10-12 14:35:38.718 [info] Starting linting the current package at /home/arshan/Code/omni/cmd
2025-10-12 14:35:38.775 [info] /home/arshan/Code/omni/cmd>Finished running tool: /home/arshan/go/bin/staticcheck
2025-10-12 14:35:38.775 [info] /home/arshan/Code/omni/cmd/main.go:7:1 syntax error: unexpected }, expected expression (compile)
2025-10-12 14:35:38.775 [info] 
2025-10-12 14:35:41.719 [info] Running checks...
2025-10-12 14:35:41.719 [info] Starting linting the current package at /home/arshan/Code/omni/cmd
2025-10-12 14:35:41.776 [info] /home/arshan/Code/omni/cmd>Finished running tool: /home/arshan/go/bin/staticcheck
2025-10-12 14:35:41.776 [info] /home/arshan/Code/omni/cmd/main.go:3:8 "fmt" imported and not used
2025-10-12 14:35:41.776 [info] /home/arshan/Code/omni/cmd/main.go:6:2 declared and not used: tasks
2025-10-12 14:35:41.776 [info] /home/arshan/Code/omni/cmd/main.go:6:11 []string (type) is not an expression (compile)
2025-10-12 14:35:41.776 [info] 
2025-10-12 14:35:42.954 [info] Running checks...
2025-10-12 14:35:42.954 [info] Starting linting the current package at /home/arshan/Code/omni/cmd
2025-10-12 14:35:43.012 [info] /home/arshan/Code/omni/cmd>Finished running tool: /home/arshan/go/bin/staticcheck
2025-10-12 14:35:43.012 [info] /home/arshan/Code/omni/cmd/main.go:3:8 "fmt" imported and not used
2025-10-12 14:35:43.012 [info] /home/arshan/Code/omni/cmd/main.go:6:2 declared and not used: tasks (compile)
2025-10-12 14:35:43.012 [info] 
2025-10-12 14:35:44.007 [info] Running checks...
2025-10-12 14:35:44.007 [info] Starting linting the current package at /home/arshan/Code/omni/cmd
2025-10-12 14:35:44.065 [info] /home/arshan/Code/omni/cmd>Finished running tool: /home/arshan/go/bin/staticcheck
2025-10-12 14:35:44.065 [info] /home/arshan/Code/omni/cmd/main.go:3:8 "fmt" imported and not used
2025-10-12 14:35:44.065 [info] /home/arshan/Code/omni/cmd/main.go:6:2 declared and not used: tasks (compile)
2025-10-12 14:35:44.065 [info] 
2025-10-12 14:35:57.679 [info] Running checks...
2025-10-12 14:35:57.679 [info] Starting linting the current package at /home/arshan/Code/omni/cmd
2025-10-12 14:35:57.735 [info] /home/arshan/Code/omni/cmd>Finished running tool: /home/arshan/go/bin/staticcheck
2025-10-12 14:35:57.735 [info] /home/arshan/Code/omni/cmd/main.go:6:2 declared and not used: tasks
2025-10-12 14:35:57.735 [info] /home/arshan/Code/omni/cmd/main.go:7:2 fmt.Println (value of type func(a ...any) (n int, err error)) is not used (compile)
2025-10-12 14:35:57.735 [info] 
2025-10-12 14:35:59.432 [info] Running checks...
2025-10-12 14:35:59.432 [info] Starting linting the current package at /home/arshan/Code/omni/cmd
2025-10-12 14:35:59.487 [info] /home/arshan/Code/omni/cmd>Finished running tool: /home/arshan/go/bin/staticcheck
2025-10-12 14:35:59.487 [info] /home/arshan/Code/omni/cmd/main.go:6:2 declared and not used: tasks (compile)
2025-10-12 14:35:59.487 [info] 
2025-10-12 14:36:12.270 [info] Using cached Go developer survey: v0.1.0
2025-10-12 14:36:12.270 [info] Survey active from Mon Sep 08 2025 to Tue Sep 30 2025
2025-10-12 14:36:52.171 [info] Running checks...
2025-10-12 14:36:52.171 [info] Starting linting the current package at /home/arshan/Code/omni/cmd
2025-10-12 14:36:52.236 [info] /home/arshan/Code/omni/cmd>Finished running tool: /home/arshan/go/bin/staticcheck
2025-10-12 14:36:52.236 [info] 
2025-10-12 14:36:54.095 [info] Running checks...
2025-10-12 14:36:54.095 [info] Starting linting the current package at /home/arshan/Code/omni/cmd
2025-10-12 14:36:54.157 [info] /home/arshan/Code/omni/cmd>Finished running tool: /home/arshan/go/bin/staticcheck
2025-10-12 14:36:54.157 [info] /home/arshan/Code/omni/cmd/main.go:8:2 use of package fmt not in selector (compile)
2025-10-12 14:36:54.157 [info] 
2025-10-12 14:36:59.938 [info] Running checks...
2025-10-12 14:36:59.938 [info] Starting linting the current package at /home/arshan/Code/omni/cmd
2025-10-12 14:36:59.995 [info] /home/arshan/Code/omni/cmd>Finished running tool: /home/arshan/go/bin/staticcheck
2025-10-12 14:36:59.995 [info] /home/arshan/Code/omni/cmd/main.go:8:2 fmt.Print (value of type func(a ...any) (n int, err error)) is not used (compile)
2025-10-12 14:36:59.995 [info] 
2025-10-12 14:37:06.491 [info] Running checks...
2025-10-12 14:37:06.491 [info] Starting linting the current package at /home/arshan/Code/omni/cmd
2025-10-12 14:37:06.553 [info] /home/arshan/Code/omni/cmd>Finished running tool: /home/arshan/go/bin/staticcheck
2025-10-12 14:37:06.553 [info] /home/arshan/Code/omni/cmd/main.go:8:2 fmt.Fprintln (value of type func(w io.Writer, a ...any) (n int, err error)) is not used (compile)
2025-10-12 14:37:06.553 [info] 
2025-10-12 14:37:07.844 [info] Running checks...
2025-10-12 14:37:07.844 [info] Starting linting the current package at /home/arshan/Code/omni/cmd
2025-10-12 14:37:07.900 [info] /home/arshan/Code/omni/cmd>Finished running tool: /home/arshan/go/bin/staticcheck
2025-10-12 14:37:07.900 [info] /home/arshan/Code/omni/cmd/main.go:8:2 not enough arguments in call to fmt.Fprintln
2025-10-12 14:37:07.900 [info] 
2025-10-12 14:37:16.070 [info] Running checks...
2025-10-12 14:37:16.070 [info] Starting linting the current package at /home/arshan/Code/omni/cmd
2025-10-12 14:37:16.128 [info] /home/arshan/Code/omni/cmd>Finished running tool: /home/arshan/go/bin/staticcheck
2025-10-12 14:37:16.128 [info] /home/arshan/Code/omni/cmd/main.go:8:2 fmt.Println (value of type func(a ...any) (n int, err error)) is not used (compile)
2025-10-12 14:37:16.128 [info] 
2025-10-12 14:37:20.705 [info] Running checks...
2025-10-12 14:37:20.705 [info] Starting linting the current package at /home/arshan/Code/omni/cmd
2025-10-12 14:37:20.769 [info] /home/arshan/Code/omni/cmd>Finished running tool: /home/arshan/go/bin/staticcheck
2025-10-12 14:37:20.769 [info] 
2025-10-12 14:37:25.788 [info] Running checks...
2025-10-12 14:37:25.788 [info] Starting linting the current package at /home/arshan/Code/omni/cmd
2025-10-12 14:37:25.852 [info] /home/arshan/Code/omni/cmd>Finished running tool: /home/arshan/go/bin/staticcheck
2025-10-12 14:37:25.852 [info] 
2025-10-12 14:37:28.261 [info] Running checks...
2025-10-12 14:37:28.261 [info] Starting linting the current package at /home/arshan/Code/omni/cmd
2025-10-12 14:37:28.315 [info] /home/arshan/Code/omni/cmd>Finished running tool: /home/arshan/go/bin/staticcheck
2025-10-12 14:37:28.315 [info] /home/arshan/Code/omni/cmd/main.go:9:12 syntax error: unexpected ), expected expression (compile)
2025-10-12 14:37:28.315 [info] 
2025-10-12 14:37:30.407 [info] Running checks...
2025-10-12 14:37:30.407 [info] Starting linting the current package at /home/arshan/Code/omni/cmd
2025-10-12 14:37:30.474 [info] /home/arshan/Code/omni/cmd>Finished running tool: /home/arshan/go/bin/staticcheck
2025-10-12 14:37:30.474 [info] 
2025-10-12 14:37:32.156 [info] Running checks...
2025-10-12 14:37:32.156 [info] Starting linting the current package at /home/arshan/Code/omni/cmd
2025-10-12 14:37:32.214 [info] /home/arshan/Code/omni/cmd>Finished running tool: /home/arshan/go/bin/staticcheck
2025-10-12 14:37:32.214 [info] 
2025-10-12 14:37:33.829 [info] Running checks...
2025-10-12 14:37:33.829 [info] Starting linting the current package at /home/arshan/Code/omni/cmd
2025-10-12 14:37:33.894 [info] /home/arshan/Code/omni/cmd>Finished running tool: /home/arshan/go/bin/staticcheck
2025-10-12 14:37:33.894 [info] 
2025-10-12 14:37:47.289 [info] Running checks...
2025-10-12 14:37:47.289 [info] Starting linting the current package at /home/arshan/Code/omni/cmd
2025-10-12 14:37:47.372 [info] /home/arshan/Code/omni/cmd>Finished running tool: /home/arshan/go/bin/staticcheck
2025-10-12 14:37:47.372 [info] 
2025-10-12 14:39:03.021 [info] Running checks...
2025-10-12 14:39:03.021 [info] Starting linting the current package at /home/arshan/Code/omni/cmd
2025-10-12 14:39:03.089 [info] /home/arshan/Code/omni/cmd>Finished running tool: /home/arshan/go/bin/staticcheck
2025-10-12 14:39:03.089 [info] 
2025-10-12 14:39:05.627 [info] Running checks...
2025-10-12 14:39:05.627 [info] Starting linting the current package at /home/arshan/Code/omni/cmd
2025-10-12 14:39:05.672 [info] /home/arshan/Code/omni/cmd>Finished running tool: /home/arshan/go/bin/staticcheck
2025-10-12 14:39:05.672 [info] /home/arshan/Code/omni/cmd/main.go:5:1 missing import path (compile)
2025-10-12 14:39:05.672 [info] 
2025-10-12 14:39:09.772 [info] Running checks...
2025-10-12 14:39:09.772 [info] Starting linting the current package at /home/arshan/Code/omni/cmd
2025-10-12 14:39:09.833 [info] /home/arshan/Code/omni/cmd>Finished running tool: /home/arshan/go/bin/staticcheck
2025-10-12 14:39:09.833 [info] /home/arshan/Code/omni/cmd/main.go:5:2 "time" imported and not used (compile)
2025-10-12 14:39:09.833 [info] 
2025-10-12 14:39:17.300 [info] Running checks...
2025-10-12 14:39:17.300 [info] Starting linting the current package at /home/arshan/Code/omni/cmd
2025-10-12 14:39:17.358 [info] /home/arshan/Code/omni/cmd>Finished running tool: /home/arshan/go/bin/staticcheck
2025-10-12 14:39:17.358 [info] /home/arshan/Code/omni/cmd/main.go:13:2 not enough arguments in call to time.Sleep
2025-10-12 14:39:17.358 [info] 
2025-10-12 14:39:19.559 [info] Running checks...
2025-10-12 14:39:19.559 [info] Starting linting the current package at /home/arshan/Code/omni/cmd
2025-10-12 14:39:19.621 [info] /home/arshan/Code/omni/cmd>Finished running tool: /home/arshan/go/bin/staticcheck
2025-10-12 14:39:19.621 [info] /home/arshan/Code/omni/cmd/main.go:13:2 not enough arguments in call to time.Sleep
2025-10-12 14:39:19.621 [info] 
2025-10-12 14:39:21.625 [info] Running checks...
2025-10-12 14:39:21.626 [info] Starting linting the current package at /home/arshan/Code/omni/cmd
2025-10-12 14:39:21.683 [info] /home/arshan/Code/omni/cmd>Finished running tool: /home/arshan/go/bin/staticcheck
2025-10-12 14:39:21.683 [info] /home/arshan/Code/omni/cmd/main.go:13:15 syntax error: unexpected literal "" in argument list; possibly missing comma or ) (compile)
2025-10-12 14:39:21.683 [info] 
2025-10-12 14:39:24.495 [info] Running checks...
2025-10-12 14:39:24.495 [info] Starting linting the current package at /home/arshan/Code/omni/cmd
2025-10-12 14:39:24.558 [info] /home/arshan/Code/omni/cmd>Finished running tool: /home/arshan/go/bin/staticcheck
2025-10-12 14:39:24.558 [info] /home/arshan/Code/omni/cmd/main.go:13:15 syntax error: unexpected literal "" in argument list; possibly missing comma or )
2025-10-12 14:39:24.558 [info] /home/arshan/Code/omni/cmd/main.go:13:27 newline in string (compile)
2025-10-12 14:39:24.558 [info] 
2025-10-12 14:39:28.257 [info] Running checks...
2025-10-12 14:39:28.257 [info] Starting linting the current package at /home/arshan/Code/omni/cmd
2025-10-12 14:39:28.315 [info] /home/arshan/Code/omni/cmd>Finished running tool: /home/arshan/go/bin/staticcheck
2025-10-12 14:39:28.315 [info] /home/arshan/Code/omni/cmd/main.go:13:14 syntax error: unexpected ) at end of statement (compile)
2025-10-12 14:39:28.315 [info] 
2025-10-12 14:39:29.851 [info] Running checks...
2025-10-12 14:39:29.851 [info] Starting linting the current package at /home/arshan/Code/omni/cmd
2025-10-12 14:39:29.912 [info] /home/arshan/Code/omni/cmd>Finished running tool: /home/arshan/go/bin/staticcheck
2025-10-12 14:39:29.912 [info] /home/arshan/Code/omni/cmd/main.go:13:2 not enough arguments in call to time.Sleep
2025-10-12 14:39:29.912 [info] 
2025-10-12 14:39:31.376 [info] Running checks...
2025-10-12 14:39:31.376 [info] Starting linting the current package at /home/arshan/Code/omni/cmd
2025-10-12 14:39:31.433 [info] /home/arshan/Code/omni/cmd>Finished running tool: /home/arshan/go/bin/staticcheck
2025-10-12 14:39:31.433 [info] /home/arshan/Code/omni/cmd/main.go:13:13 cannot use "" (untyped string constant) as time.Duration value in argument to time.Sleep (compile)
2025-10-12 14:39:31.433 [info] 
2025-10-12 14:39:34.428 [info] Running checks...
2025-10-12 14:39:34.428 [info] Starting linting the current package at /home/arshan/Code/omni/cmd
2025-10-12 14:39:34.485 [info] /home/arshan/Code/omni/cmd>Finished running tool: /home/arshan/go/bin/staticcheck
2025-10-12 14:39:34.485 [info] /home/arshan/Code/omni/cmd/main.go:13:13 cannot use "" (untyped string constant) as time.Duration value in argument to time.Sleep (compile)
2025-10-12 14:39:34.485 [info] 
2025-10-12 14:39:35.663 [info] Running checks...
2025-10-12 14:39:35.663 [info] Starting linting the current package at /home/arshan/Code/omni/cmd
2025-10-12 14:39:35.720 [info] /home/arshan/Code/omni/cmd>Finished running tool: /home/arshan/go/bin/staticcheck
2025-10-12 14:39:35.720 [info] /home/arshan/Code/omni/cmd/main.go:13:15 newline in string
2025-10-12 14:39:35.720 [info] /home/arshan/Code/omni/cmd/main.go:13:15 syntax error: unexpected newline in argument list; possibly missing comma or ) (compile)
2025-10-12 14:39:35.720 [info] 
2025-10-12 14:39:36.897 [info] Running checks...
2025-10-12 14:39:36.897 [info] Starting linting the current package at /home/arshan/Code/omni/cmd
2025-10-12 14:39:36.954 [info] /home/arshan/Code/omni/cmd>Finished running tool: /home/arshan/go/bin/staticcheck
2025-10-12 14:39:36.954 [info] /home/arshan/Code/omni/cmd/main.go:13:2 not enough arguments in call to time.Sleep
2025-10-12 14:39:36.954 [info] 
2025-10-12 14:39:39.861 [info] Running checks...
2025-10-12 14:39:39.861 [info] Starting linting the current package at /home/arshan/Code/omni/cmd
2025-10-12 14:39:39.926 [info] /home/arshan/Code/omni/cmd>Finished running tool: /home/arshan/go/bin/staticcheck
2025-10-12 14:39:39.926 [info] 
2025-10-12 14:39:42.863 [info] Running checks...
2025-10-12 14:39:42.863 [info] Starting linting the current package at /home/arshan/Code/omni/cmd
2025-10-12 14:39:42.930 [info] /home/arshan/Code/omni/cmd>Finished running tool: /home/arshan/go/bin/staticcheck
2025-10-12 14:39:42.930 [info] 
2025-10-12 14:39:57.842 [info] Running checks...
2025-10-12 14:39:57.842 [info] Starting linting the current package at /home/arshan/Code/omni/cmd
2025-10-12 14:39:57.898 [info] /home/arshan/Code/omni/cmd>Finished running tool: /home/arshan/go/bin/staticcheck
2025-10-12 14:39:57.898 [info] /home/arshan/Code/omni/cmd/main.go:5:2 "time" imported and not used (compile)
2025-10-12 14:39:57.898 [info] 
2025-10-12 14:40:00.979 [info] Running checks...
2025-10-12 14:40:00.979 [info] Starting linting the current package at /home/arshan/Code/omni/cmd
2025-10-12 14:40:01.035 [info] /home/arshan/Code/omni/cmd>Finished running tool: /home/arshan/go/bin/staticcheck
2025-10-12 14:40:01.035 [info] /home/arshan/Code/omni/cmd/main.go:5:2 package ime is not in std (/usr/lib/go/src/ime) (compile)
2025-10-12 14:40:01.035 [info] 
2025-10-12 14:40:03.910 [info] Running checks...
2025-10-12 14:40:03.910 [info] Starting linting the current package at /home/arshan/Code/omni/cmd
2025-10-12 14:40:03.979 [info] /home/arshan/Code/omni/cmd>Finished running tool: /home/arshan/go/bin/staticcheck
2025-10-12 14:40:03.979 [info] 
2025-10-12 14:41:02.338 [info] Running checks...
2025-10-12 14:41:02.338 [info] Starting linting the current package at /home/arshan/Code/omni/cmd
2025-10-12 14:41:02.402 [info] /home/arshan/Code/omni/cmd>Finished running tool: /home/arshan/go/bin/staticcheck
2025-10-12 14:41:02.402 [info] 
2025-10-12 14:41:07.929 [info] Running checks...
2025-10-12 14:41:07.929 [info] Starting linting the current package at /home/arshan/Code/omni/cmd
2025-10-12 14:41:07.984 [info] /home/arshan/Code/omni/cmd>Finished running tool: /home/arshan/go/bin/staticcheck
2025-10-12 14:41:07.984 [info] 
2025-10-12 14:41:10.284 [info] Running checks...
2025-10-12 14:41:10.285 [info] Starting linting the current package at /home/arshan/Code/omni/cmd
2025-10-12 14:41:10.340 [info] /home/arshan/Code/omni/cmd>Finished running tool: /home/arshan/go/bin/staticcheck
2025-10-12 14:41:10.340 [info] /home/arshan/Code/omni/cmd/main.go:11:1 syntax error: unexpected }, expected name (compile)
2025-10-12 14:41:10.340 [info] 
2025-10-12 14:41:21.534 [info] Running checks...
2025-10-12 14:41:21.534 [info] Starting linting the current package at /home/arshan/Code/omni/cmd
2025-10-12 14:41:21.650 [info] /home/arshan/Code/omni/cmd>Finished running tool: /home/arshan/go/bin/staticcheck
2025-10-12 14:41:21.650 [info] /home/arshan/Code/omni/cmd/main.go:11:1 syntax error: unexpected }, expected name (compile)
2025-10-12 14:41:21.650 [info] 
2025-10-12 14:41:25.184 [info] Running checks...
2025-10-12 14:41:25.184 [info] Starting linting the current package at /home/arshan/Code/omni/cmd
2025-10-12 14:41:25.245 [info] /home/arshan/Code/omni/cmd>Finished running tool: /home/arshan/go/bin/staticcheck
2025-10-12 14:41:25.245 [info] /home/arshan/Code/omni/cmd/main.go:10:6 declared and not used: newTask (compile)
2025-10-12 14:41:25.245 [info] 
2025-10-12 14:41:35.697 [info] Running checks...
2025-10-12 14:41:35.697 [info] Starting linting the current package at /home/arshan/Code/omni/cmd
2025-10-12 14:41:35.754 [info] /home/arshan/Code/omni/cmd>Finished running tool: /home/arshan/go/bin/staticcheck
2025-10-12 14:41:35.754 [info] /home/arshan/Code/omni/cmd/main.go:10:6 declared and not used: newTask (compile)
2025-10-12 14:41:35.754 [info] 
2025-10-12 14:41:44.722 [info] Running checks...
2025-10-12 14:41:44.722 [info] Starting linting the current package at /home/arshan/Code/omni/cmd
2025-10-12 14:41:44.783 [info] /home/arshan/Code/omni/cmd>Finished running tool: /home/arshan/go/bin/staticcheck
2025-10-12 14:41:44.783 [info] /home/arshan/Code/omni/cmd/main.go:10:6 declared and not used: newTask (compile)
2025-10-12 14:41:44.783 [info] 
2025-10-12 14:41:48.459 [info] Running checks...
2025-10-12 14:41:48.459 [info] Starting linting the current package at /home/arshan/Code/omni/cmd
2025-10-12 14:41:48.518 [info] /home/arshan/Code/omni/cmd>Finished running tool: /home/arshan/go/bin/staticcheck
2025-10-12 14:41:48.518 [info] /home/arshan/Code/omni/cmd/main.go:10:6 declared and not used: newTask (compile)
2025-10-12 14:41:48.518 [info] 
2025-10-12 14:41:56.638 [info] Running checks...
2025-10-12 14:41:56.638 [info] Starting linting the current package at /home/arshan/Code/omni/cmd
2025-10-12 14:41:56.694 [info] /home/arshan/Code/omni/cmd>Finished running tool: /home/arshan/go/bin/staticcheck
2025-10-12 14:41:56.694 [info] /home/arshan/Code/omni/cmd/main.go:10:6 declared and not used: newTask (compile)
2025-10-12 14:41:56.694 [info] 
2025-10-12 14:41:58.055 [info] Running checks...
2025-10-12 14:41:58.055 [info] Starting linting the current package at /home/arshan/Code/omni/cmd
2025-10-12 14:41:58.113 [info] /home/arshan/Code/omni/cmd>Finished running tool: /home/arshan/go/bin/staticcheck
2025-10-12 14:41:58.113 [info] /home/arshan/Code/omni/cmd/main.go:10:6 declared and not used: newTask (compile)
2025-10-12 14:41:58.113 [info] 
2025-10-12 14:42:00.881 [info] Running checks...
2025-10-12 14:42:00.881 [info] Starting linting the current package at /home/arshan/Code/omni/cmd
2025-10-12 14:42:00.939 [info] /home/arshan/Code/omni/cmd>Finished running tool: /home/arshan/go/bin/staticcheck
2025-10-12 14:42:00.939 [info] /home/arshan/Code/omni/cmd/main.go:10:6 declared and not used: newTask (compile)
2025-10-12 14:42:00.939 [info] 
2025-10-12 14:42:03.648 [info] Running checks...
2025-10-12 14:42:03.648 [info] Starting linting the current package at /home/arshan/Code/omni/cmd
2025-10-12 14:42:03.707 [info] /home/arshan/Code/omni/cmd>Finished running tool: /home/arshan/go/bin/staticcheck
2025-10-12 14:42:03.707 [info] /home/arshan/Code/omni/cmd/main.go:10:6 declared and not used: newTask
2025-10-12 14:42:03.707 [info] /home/arshan/Code/omni/cmd/main.go:12:12 undefined: task (compile)
2025-10-12 14:42:03.707 [info] 
2025-10-12 14:42:06.936 [info] Running checks...
2025-10-12 14:42:06.936 [info] Starting linting the current package at /home/arshan/Code/omni/cmd
2025-10-12 14:42:06.993 [info] /home/arshan/Code/omni/cmd>Finished running tool: /home/arshan/go/bin/staticcheck
2025-10-12 14:42:06.993 [info] /home/arshan/Code/omni/cmd/main.go:10:6 declared and not used: newTask
2025-10-12 14:42:06.993 [info] /home/arshan/Code/omni/cmd/main.go:12:12 new (built-in) must be called (compile)
2025-10-12 14:42:06.993 [info] 
2025-10-12 14:42:11.106 [info] Running checks...
2025-10-12 14:42:11.106 [info] Starting linting the current package at /home/arshan/Code/omni/cmd
2025-10-12 14:42:11.174 [info] /home/arshan/Code/omni/cmd>Finished running tool: /home/arshan/go/bin/staticcheck
2025-10-12 14:42:11.174 [info] 
2025-10-12 14:45:33.597 [info] Running checks...
2025-10-12 14:45:33.597 [info] Starting linting the current package at /home/arshan/Code/omni/cmd
2025-10-12 14:45:33.653 [info] /home/arshan/Code/omni/cmd>Finished running tool: /home/arshan/go/bin/staticcheck
2025-10-12 14:45:33.653 [info] /home/arshan/Code/omni/cmd/main.go:13:2 not enough arguments in call to fmt.Append
2025-10-12 14:45:33.653 [info] 
2025-10-12 14:45:47.934 [info] Running checks...
2025-10-12 14:45:47.934 [info] Starting linting the current package at /home/arshan/Code/omni/cmd
2025-10-12 14:45:48.003 [info] /home/arshan/Code/omni/cmd>Finished running tool: /home/arshan/go/bin/staticcheck
2025-10-12 14:45:48.003 [info] /home/arshan/Code/omni/cmd/main.go:13:2 this value of tasks is never used (SA4006)
2025-10-12 14:45:48.003 [info] 
2025-10-12 14:45:48.802 [info] Running checks...
2025-10-12 14:45:48.803 [info] Starting linting the current package at /home/arshan/Code/omni/cmd
2025-10-12 14:45:48.872 [info] /home/arshan/Code/omni/cmd>Finished running tool: /home/arshan/go/bin/staticcheck
2025-10-12 14:45:48.872 [info] /home/arshan/Code/omni/cmd/main.go:13:2 this value of tasks is never used (SA4006)
2025-10-12 14:45:48.872 [info] 
2025-10-12 14:46:05.410 [info] Running checks...
2025-10-12 14:46:05.410 [info] Starting linting the current package at /home/arshan/Code/omni/cmd
2025-10-12 14:46:05.476 [info] /home/arshan/Code/omni/cmd>Finished running tool: /home/arshan/go/bin/staticcheck
2025-10-12 14:46:05.476 [info] /home/arshan/Code/omni/cmd/main.go:13:2 this value of tasks is never used (SA4006)
2025-10-12 14:46:05.476 [info] 
2025-10-12 14:46:11.948 [info] Running checks...
2025-10-12 14:46:11.948 [info] Starting linting the current package at /home/arshan/Code/omni/cmd
2025-10-12 14:46:12.018 [info] /home/arshan/Code/omni/cmd>Finished running tool: /home/arshan/go/bin/staticcheck
2025-10-12 14:46:12.018 [info] 
