2025-10-11 19:07:35.483 [info] [main] Log level: Info
2025-10-11 19:07:35.483 [info] [main] Validating found git in: "git"
2025-10-11 19:07:35.483 [info] [main] Using git "2.51.0" from "git"
2025-10-11 19:07:35.483 [info] [Model][doInitialScan] Initial repository scan started
2025-10-11 19:07:35.483 [info] > git rev-parse --show-toplevel [6ms]
2025-10-11 19:07:35.483 [info] fatal: not a git repository (or any parent up to mount point /)
Stopping at filesystem boundary (GIT_DISCOVERY_ACROSS_FILESYSTEM not set).
2025-10-11 19:07:35.483 [info] > git rev-parse --show-toplevel [3ms]
2025-10-11 19:07:35.483 [info] fatal: not a git repository (or any parent up to mount point /)
Stopping at filesystem boundary (GIT_DISCOVERY_ACROSS_FILESYSTEM not set).
2025-10-11 19:07:35.483 [info] [Model][doInitialScan] Initial repository scan completed - repositories (0), closed repositories (0), parent repositories (0), unsafe repositories (0)
2025-10-11 19:07:35.483 [info] > git rev-parse --show-toplevel [1ms]
2025-10-11 19:07:35.483 [info] fatal: not a git repository (or any parent up to mount point /)
Stopping at filesystem boundary (GIT_DISCOVERY_ACROSS_FILESYSTEM not set).
2025-10-11 19:07:35.533 [info] > git rev-parse --show-toplevel [1ms]
2025-10-11 19:07:35.533 [info] fatal: not a git repository (or any parent up to mount point /)
Stopping at filesystem boundary (GIT_DISCOVERY_ACROSS_FILESYSTEM not set).
2025-10-11 19:07:35.819 [info] > git rev-parse --show-toplevel [0ms]
2025-10-11 19:07:35.819 [info] fatal: not a git repository (or any parent up to mount point /)
Stopping at filesystem boundary (GIT_DISCOVERY_ACROSS_FILESYSTEM not set).
2025-10-11 19:07:36.998 [info] > git rev-parse --show-toplevel [1ms]
2025-10-11 19:07:36.998 [info] fatal: not a git repository (or any parent up to mount point /)
Stopping at filesystem boundary (GIT_DISCOVERY_ACROSS_FILESYSTEM not set).
2025-10-11 19:07:52.591 [info] > git rev-parse --show-toplevel [6ms]
2025-10-11 19:07:52.591 [info] fatal: not a git repository (or any parent up to mount point /)
Stopping at filesystem boundary (GIT_DISCOVERY_ACROSS_FILESYSTEM not set).
2025-10-11 19:08:03.967 [info] > git rev-parse --show-toplevel [1ms]
2025-10-11 19:08:03.967 [info] fatal: not a git repository (or any parent up to mount point /)
Stopping at filesystem boundary (GIT_DISCOVERY_ACROSS_FILESYSTEM not set).
