2025-10-11 16:17:14.207 [info] Native locator: Refresh started
2025-10-11 16:17:14.224 [info] Native locator: Refresh started
2025-10-11 16:17:14.225 [info] Native locator: Refresh started
2025-10-11 16:17:14.398 [info] Native locator: Refresh finished in 246 ms
2025-10-11 16:17:14.404 [info] > pyenv which python
2025-10-11 16:17:14.404 [info] cwd: .
2025-10-11 16:17:14.431 [info] Python interpreter path: /bin/python
2025-10-11 16:17:15.396 [info] Starting Pylance language server.
2025-10-11 16:17:22.892 [info] Discover tests for workspace name: gotut - uri: /home/arshan/Code/gotut/g.py
2025-10-11 16:17:34.097 [info] Discover tests for workspace name: gotut - uri: /home/arshan/Code/gotut/g.py
2025-10-11 16:17:41.824 [info] Discover tests for workspace name: gotut - uri: /home/arshan/Code/gotut/g.py
2025-10-11 16:17:43.997 [info] Discover tests for workspace name: gotut - uri: /home/arshan/Code/gotut/g.py
2025-10-11 16:17:58.953 [info] Discover tests for workspace name: gotut - uri: /home/arshan/Code/gotut/g.py
2025-10-11 16:18:09.359 [info] Discover tests for workspace name: gotut - uri: /home/arshan/Code/gotut/g.py
2025-10-11 16:18:14.673 [info] Discover tests for workspace name: gotut - uri: /home/arshan/Code/gotut/g.py
2025-10-11 16:18:23.265 [info] Discover tests for workspace name: gotut - uri: /home/arshan/Code/gotut/g.py
2025-10-11 16:18:29.597 [info] Discover tests for workspace name: gotut - uri: /home/arshan/Code/gotut/g.py
2025-10-11 16:18:38.476 [info] Discover tests for workspace name: gotut - uri: /home/arshan/Code/gotut/g.py
2025-10-11 16:18:42.433 [info] Discover tests for workspace name: gotut - uri: /home/arshan/Code/gotut/g.py
2025-10-11 16:18:45.181 [info] Discover tests for workspace name: gotut - uri: /home/arshan/Code/gotut/g.py
2025-10-11 16:18:46.831 [info] Discover tests for workspace name: gotut - uri: /home/arshan/Code/gotut/g.py
2025-10-11 16:18:52.320 [info] Discover tests for workspace name: gotut - uri: /home/arshan/Code/gotut/g.py
2025-10-11 16:18:58.467 [info] Discover tests for workspace name: gotut - uri: /home/arshan/Code/gotut/g.py
2025-10-11 16:19:00.316 [info] Discover tests for workspace name: gotut - uri: /home/arshan/Code/gotut/g.py
2025-10-11 16:19:09.741 [info] Discover tests for workspace name: gotut - uri: /home/arshan/Code/gotut/g.py
2025-10-11 16:19:11.147 [info] Discover tests for workspace name: gotut - uri: /home/arshan/Code/gotut/g.py
2025-10-11 16:19:16.310 [info] Discover tests for workspace name: gotut - uri: /home/arshan/Code/gotut/g.py
2025-10-11 16:19:18.554 [info] Discover tests for workspace name: gotut - uri: /home/arshan/Code/gotut/g.py
2025-10-11 16:19:21.277 [info] Discover tests for workspace name: gotut - uri: /home/arshan/Code/gotut/g.py
2025-10-11 16:19:25.261 [info] Discover tests for workspace name: gotut - uri: /home/arshan/Code/gotut/g.py
2025-10-11 16:19:37.842 [info] Discover tests for workspace name: gotut - uri: /home/arshan/Code/gotut/g.py
2025-10-11 16:19:39.878 [info] Discover tests for workspace name: gotut - uri: /home/arshan/Code/gotut/g.py
2025-10-11 16:19:42.153 [info] Discover tests for workspace name: gotut - uri: /home/arshan/Code/gotut/g.py
2025-10-11 16:19:48.760 [info] Discover tests for workspace name: gotut - uri: /home/arshan/Code/gotut/g.py
2025-10-11 16:19:55.751 [info] Discover tests for workspace name: gotut - uri: /home/arshan/Code/gotut/g.py
2025-10-11 16:20:02.952 [info] Discover tests for workspace name: gotut - uri: /home/arshan/Code/gotut/g.py
2025-10-11 16:20:18.470 [info] Discover tests for workspace name: gotut - uri: /home/arshan/Code/gotut/g.py
2025-10-11 16:20:19.603 [info] Discover tests for workspace name: gotut - uri: /home/arshan/Code/gotut/g.py
2025-10-11 16:20:24.006 [info] Discover tests for workspace name: gotut - uri: /home/arshan/Code/gotut/g.py
2025-10-11 16:20:32.316 [info] Discover tests for workspace name: gotut - uri: /home/arshan/Code/gotut/g.py
2025-10-11 16:20:48.770 [info] Discover tests for workspace name: gotut - uri: /home/arshan/Code/gotut/g.py
2025-10-11 16:20:50.202 [info] Discover tests for workspace name: gotut - uri: /home/arshan/Code/gotut/g.py
2025-10-11 16:20:58.203 [info] Discover tests for workspace name: gotut - uri: /home/arshan/Code/gotut/g.py
2025-10-11 16:20:59.848 [info] Discover tests for workspace name: gotut - uri: /home/arshan/Code/gotut/g.py
2025-10-11 16:21:05.176 [info] Discover tests for workspace name: gotut - uri: /home/arshan/Code/gotut/g.py
2025-10-11 16:21:07.715 [info] Discover tests for workspace name: gotut - uri: /home/arshan/Code/gotut/g.py
2025-10-11 16:21:10.744 [info] Discover tests for workspace name: gotut - uri: /home/arshan/Code/gotut/g.py
2025-10-11 16:21:13.412 [info] Discover tests for workspace name: gotut - uri: /home/arshan/Code/gotut/g.py
2025-10-11 16:21:27.487 [info] Discover tests for workspace name: gotut - uri: /home/arshan/Code/gotut/g.py
2025-10-11 16:21:29.470 [info] Discover tests for workspace name: gotut - uri: /home/arshan/Code/gotut/g.py
2025-10-11 16:21:38.642 [info] Discover tests for workspace name: gotut - uri: /home/arshan/Code/gotut/g.py
2025-10-11 16:21:44.556 [info] Discover tests for workspace name: gotut - uri: /home/arshan/Code/gotut/g.py
2025-10-11 16:21:50.175 [info] Discover tests for workspace name: gotut - uri: /home/arshan/Code/gotut/g.py
2025-10-11 16:21:51.665 [info] Discover tests for workspace name: gotut - uri: /home/arshan/Code/gotut/g.py
2025-10-11 16:21:53.889 [info] Discover tests for workspace name: gotut - uri: /home/arshan/Code/gotut/g.py
2025-10-11 16:21:57.382 [info] Discover tests for workspace name: gotut - uri: /home/arshan/Code/gotut/g.py
2025-10-11 16:21:58.753 [info] Discover tests for workspace name: gotut - uri: /home/arshan/Code/gotut/g.py
2025-10-11 16:22:01.334 [info] Discover tests for workspace name: gotut - uri: /home/arshan/Code/gotut/g.py
2025-10-11 16:22:05.065 [info] Discover tests for workspace name: gotut - uri: /home/arshan/Code/gotut/g.py
2025-10-11 16:22:06.534 [info] Discover tests for workspace name: gotut - uri: /home/arshan/Code/gotut/g.py
2025-10-11 16:22:07.568 [info] Discover tests for workspace name: gotut - uri: /home/arshan/Code/gotut/g.py
2025-10-11 16:22:21.808 [info] Discover tests for workspace name: gotut - uri: /home/arshan/Code/gotut/g.py
2025-10-11 16:22:24.347 [info] Discover tests for workspace name: gotut - uri: /home/arshan/Code/gotut/g.py
2025-10-11 16:22:26.969 [info] Discover tests for workspace name: gotut - uri: /home/arshan/Code/gotut/g.py
2025-10-11 16:22:29.592 [info] Discover tests for workspace name: gotut - uri: /home/arshan/Code/gotut/g.py
2025-10-11 16:22:33.719 [info] Discover tests for workspace name: gotut - uri: /home/arshan/Code/gotut/g.py
2025-10-11 16:22:48.421 [info] Discover tests for workspace name: gotut - uri: /home/arshan/Code/gotut/g.py
2025-10-11 16:23:04.557 [info] Discover tests for workspace name: gotut - uri: /home/arshan/Code/gotut/g.py
2025-10-11 16:23:12.755 [info] Discover tests for workspace name: gotut - uri: /home/arshan/Code/gotut/g.py
2025-10-11 16:23:25.149 [info] Discover tests for workspace name: gotut - uri: /home/arshan/Code/gotut/g.py
2025-10-11 16:23:26.675 [info] Discover tests for workspace name: gotut - uri: /home/arshan/Code/gotut/g.py
2025-10-11 16:23:28.041 [info] Discover tests for workspace name: gotut - uri: /home/arshan/Code/gotut/g.py
2025-10-11 16:23:34.250 [info] Discover tests for workspace name: gotut - uri: /home/arshan/Code/gotut/g.py
2025-10-11 16:23:37.692 [info] Discover tests for workspace name: gotut - uri: /home/arshan/Code/gotut/g.py
2025-10-11 16:24:04.473 [info] Discover tests for workspace name: gotut - uri: /home/arshan/Code/gotut/g.py
2025-10-11 16:24:14.773 [info] Discover tests for workspace name: gotut - uri: /home/arshan/Code/gotut/g.py
2025-10-11 16:24:22.194 [info] Discover tests for workspace name: gotut - uri: /home/arshan/Code/gotut/g.py
2025-10-11 16:24:26.809 [info] Discover tests for workspace name: gotut - uri: /home/arshan/Code/gotut/g.py
2025-10-11 16:24:28.784 [info] Discover tests for workspace name: gotut - uri: /home/arshan/Code/gotut/g.py
2025-10-11 16:24:31.537 [info] Discover tests for workspace name: gotut - uri: /home/arshan/Code/gotut/g.py
2025-10-11 16:24:37.737 [info] Discover tests for workspace name: gotut - uri: /home/arshan/Code/gotut/g.py
2025-10-11 16:24:40.085 [info] Discover tests for workspace name: gotut - uri: /home/arshan/Code/gotut/g.py
2025-10-11 16:24:44.500 [info] Discover tests for workspace name: gotut - uri: /home/arshan/Code/gotut/g.py
2025-10-11 16:24:46.480 [info] Discover tests for workspace name: gotut - uri: /home/arshan/Code/gotut/g.py
2025-10-11 16:24:57.485 [info] Discover tests for workspace name: gotut - uri: /home/arshan/Code/gotut/g.py
2025-10-11 16:24:59.970 [info] Discover tests for workspace name: gotut - uri: /home/arshan/Code/gotut/g.py
2025-10-11 16:25:08.447 [info] Discover tests for workspace name: gotut - uri: /home/arshan/Code/gotut/g.py
2025-10-11 16:25:10.251 [info] Discover tests for workspace name: gotut - uri: /home/arshan/Code/gotut/g.py
2025-10-11 16:25:17.570 [info] Discover tests for workspace name: gotut - uri: /home/arshan/Code/gotut/g.py
2025-10-11 16:26:40.483 [info] Discover tests for workspace name: gotut - uri: /home/arshan/Code/gotut/g.py
2025-10-11 16:26:43.337 [info] Discover tests for workspace name: gotut - uri: /home/arshan/Code/gotut/g.py
2025-10-11 16:26:54.690 [info] Discover tests for workspace name: gotut - uri: /home/arshan/Code/gotut/g.py
2025-10-11 16:26:56.650 [info] Discover tests for workspace name: gotut - uri: /home/arshan/Code/gotut/g.py
2025-10-11 16:27:04.028 [info] Discover tests for workspace name: gotut - uri: /home/arshan/Code/gotut/g.py
2025-10-11 16:27:04.290 [info] Discover tests for workspace name: gotut - uri: /home/arshan/Code/gotut/g.py
2025-10-11 16:27:27.594 [info] Discover tests for workspace name: gotut - uri: /home/arshan/Code/gotut/g.py
2025-10-11 16:27:30.448 [info] Discover tests for workspace name: gotut - uri: /home/arshan/Code/gotut/g.py
2025-10-11 16:27:37.975 [info] Discover tests for workspace name: gotut - uri: /home/arshan/Code/gotut/g.py
2025-10-11 16:27:39.995 [info] Discover tests for workspace name: gotut - uri: /home/arshan/Code/gotut/g.py
2025-10-11 16:27:41.360 [info] Discover tests for workspace name: gotut - uri: /home/arshan/Code/gotut/g.py
2025-10-11 16:27:42.626 [info] Discover tests for workspace name: gotut - uri: /home/arshan/Code/gotut/g.py
2025-10-11 16:27:47.039 [info] Discover tests for workspace name: gotut - uri: /home/arshan/Code/gotut/g.py
2025-10-11 16:27:48.641 [info] Discover tests for workspace name: gotut - uri: /home/arshan/Code/gotut/g.py
2025-10-11 16:27:50.924 [info] Discover tests for workspace name: gotut - uri: /home/arshan/Code/gotut/g.py
2025-10-11 16:27:53.995 [info] Discover tests for workspace name: gotut - uri: /home/arshan/Code/gotut/g.py
2025-10-11 16:27:57.912 [info] Discover tests for workspace name: gotut - uri: /home/arshan/Code/gotut/g.py
2025-10-11 16:28:07.781 [info] Discover tests for workspace name: gotut - uri: /home/arshan/Code/gotut/g.py
2025-10-11 16:28:11.153 [info] Discover tests for workspace name: gotut - uri: /home/arshan/Code/gotut/g.py
2025-10-11 16:28:21.359 [info] Discover tests for workspace name: gotut - uri: /home/arshan/Code/gotut/g.py
