[Warn  - 13:12:29] 20:12:29.767 WARNING ⛔️ Environment variable configuration is being deprecated, please use workspace configuration. The following environment variables were used: shfmt
[Info  - 13:12:29] 20:12:29.782 INFO BackgroundAnalysis: resolving glob "**/*@(.sh|.inc|.bash|.command)" inside "file:///home/arshan/Code/magOSpostinstall"...
[Info  - 13:12:29] 20:12:29.790 INFO BackgroundAnalysis: Glob resolved with 1 files after 0.008 seconds
[Info  - 13:12:29] 20:12:29.791 INFO BackgroundAnalysis: Completed after 0.009 seconds.
[Warn  - 14:26:15] 21:26:15.123 WARNING ⛔️ Error while parsing file:///home/arshan/Code/magOSpostinstall/main.sh: syntax error
[Warn  - 14:26:15] 21:26:15.661 WARNING ⛔️ Error while parsing file:///home/arshan/Code/magOSpostinstall/main.sh: syntax error
[Warn  - 14:26:16] 21:26:16.461 WARNING ⛔️ Error while parsing file:///home/arshan/Code/magOSpostinstall/main.sh: syntax error
[Warn  - 14:28:17] 21:28:17.110 WARNING ⛔️ Error while parsing file:///home/arshan/Code/magOSpostinstall/main.sh: syntax error
[Warn  - 14:28:22] 21:28:22.154 WARNING ⛔️ Error while parsing file:///home/arshan/Code/magOSpostinstall/main.sh: syntax error
[Warn  - 14:28:30] 21:28:30.373 WARNING ⛔️ Error while parsing file:///home/arshan/Code/magOSpostinstall/main.sh: syntax error
[Warn  - 14:28:30] 21:28:30.816 WARNING ⛔️ Error while parsing file:///home/arshan/Code/magOSpostinstall/main.sh: syntax error
[Warn  - 14:28:32] 21:28:32.861 WARNING ⛔️ Error while parsing file:///home/arshan/Code/magOSpostinstall/main.sh: syntax error
[Warn  - 14:28:32] 21:28:32.888 WARNING ⛔️ Error while parsing file:///home/arshan/Code/magOSpostinstall/main.sh: syntax error
[Warn  - 14:28:33] 21:28:33.817 WARNING ⛔️ Error while parsing file:///home/arshan/Code/magOSpostinstall/main.sh: syntax error
[Warn  - 14:28:35] 21:28:35.088 WARNING ⛔️ Error while parsing file:///home/arshan/Code/magOSpostinstall/main.sh: syntax error
[Warn  - 14:28:35] 21:28:35.189 WARNING ⛔️ Error while parsing file:///home/arshan/Code/magOSpostinstall/main.sh: syntax error
[Warn  - 14:28:37] 21:28:37.569 WARNING ⛔️ Error while parsing file:///home/arshan/Code/magOSpostinstall/main.sh: syntax error
[Warn  - 14:28:38] 21:28:38.376 WARNING ⛔️ Error while parsing file:///home/arshan/Code/magOSpostinstall/main.sh: syntax error
[Warn  - 14:28:40] 21:28:40.441 WARNING ⛔️ Error while parsing file:///home/arshan/Code/magOSpostinstall/main.sh: syntax error
[Warn  - 14:28:41] 21:28:41.297 WARNING ⛔️ Error while parsing file:///home/arshan/Code/magOSpostinstall/main.sh: syntax error
[Warn  - 14:28:48] 21:28:48.079 WARNING ⛔️ Error while parsing file:///home/arshan/Code/magOSpostinstall/main.sh: syntax error
[Warn  - 14:28:48] 21:28:48.356 WARNING ⛔️ Error while parsing file:///home/arshan/Code/magOSpostinstall/main.sh: syntax error
[Warn  - 14:28:52] 21:28:52.428 WARNING ⛔️ Error while parsing file:///home/arshan/Code/magOSpostinstall/main.sh: syntax error
[Warn  - 14:28:53] 21:28:53.186 WARNING ⛔️ Error while parsing file:///home/arshan/Code/magOSpostinstall/main.sh: syntax error
[Warn  - 14:28:53] 21:28:53.395 WARNING ⛔️ Error while parsing file:///home/arshan/Code/magOSpostinstall/main.sh: syntax error
[Warn  - 14:28:55] 21:28:55.912 WARNING ⛔️ Error while parsing file:///home/arshan/Code/magOSpostinstall/main.sh: syntax error
[Warn  - 14:28:56] 21:28:56.281 WARNING ⛔️ Error while parsing file:///home/arshan/Code/magOSpostinstall/main.sh: syntax error
[Warn  - 14:28:56] 21:28:56.381 WARNING ⛔️ Error while parsing file:///home/arshan/Code/magOSpostinstall/main.sh: syntax error
[Warn  - 14:28:56] 21:28:56.833 WARNING ⛔️ Error while parsing file:///home/arshan/Code/magOSpostinstall/main.sh: syntax error
[Warn  - 14:28:59] 21:28:59.412 WARNING ⛔️ Error while parsing file:///home/arshan/Code/magOSpostinstall/main.sh: syntax error
[Warn  - 14:29:00] 21:29:00.023 WARNING ⛔️ Error while parsing file:///home/arshan/Code/magOSpostinstall/main.sh: syntax error
[Warn  - 14:29:15] 21:29:15.589 WARNING ⛔️ Error while parsing file:///home/arshan/Code/magOSpostinstall/main.sh: syntax error
[Warn  - 14:36:24] 21:36:24.145 WARNING ⛔️ Error while parsing file:///home/arshan/Code/magOSpostinstall/main.sh: syntax error
[Warn  - 14:36:24] 21:36:24.249 WARNING ⛔️ Error while parsing file:///home/arshan/Code/magOSpostinstall/main.sh: syntax error
[Warn  - 14:38:27] 21:38:27.791 WARNING ⛔️ Error while parsing file:///home/arshan/Code/magOSpostinstall/main.sh: syntax error
[Warn  - 14:38:28] 21:38:28.195 WARNING ⛔️ Error while parsing file:///home/arshan/Code/magOSpostinstall/main.sh: syntax error
[Warn  - 14:38:28] 21:38:28.382 WARNING ⛔️ Error while parsing file:///home/arshan/Code/magOSpostinstall/main.sh: syntax error
[Warn  - 14:38:28] 21:38:28.715 WARNING ⛔️ Error while parsing file:///home/arshan/Code/magOSpostinstall/main.sh: syntax error
[Warn  - 14:38:29] 21:38:29.072 WARNING ⛔️ Error while parsing file:///home/arshan/Code/magOSpostinstall/main.sh: syntax error
[Warn  - 14:38:29] 21:38:29.112 WARNING ⛔️ Error while parsing file:///home/arshan/Code/magOSpostinstall/main.sh: syntax error
[Warn  - 14:38:29] 21:38:29.325 WARNING ⛔️ Error while parsing file:///home/arshan/Code/magOSpostinstall/main.sh: syntax error
[Warn  - 14:38:29] 21:38:29.846 WARNING ⛔️ Error while parsing file:///home/arshan/Code/magOSpostinstall/main.sh: syntax error
[Warn  - 14:38:29] 21:38:29.947 WARNING ⛔️ Error while parsing file:///home/arshan/Code/magOSpostinstall/main.sh: syntax error
[Warn  - 14:38:38] 21:38:38.017 WARNING ⛔️ Error while parsing file:///home/arshan/Code/magOSpostinstall/main.sh: syntax error
[Warn  - 14:38:53] 21:38:53.435 WARNING ⛔️ Error while parsing file:///home/arshan/Code/magOSpostinstall/main.sh: syntax error
[Warn  - 14:38:53] 21:38:53.664 WARNING ⛔️ Error while parsing file:///home/arshan/Code/magOSpostinstall/main.sh: syntax error
[Warn  - 14:38:55] 21:38:55.006 WARNING ⛔️ Error while parsing file:///home/arshan/Code/magOSpostinstall/main.sh: syntax error
[Warn  - 14:38:55] 21:38:55.106 WARNING ⛔️ Error while parsing file:///home/arshan/Code/magOSpostinstall/main.sh: syntax error
[Warn  - 14:39:02] 21:39:02.803 WARNING ⛔️ Error while parsing file:///home/arshan/Code/magOSpostinstall/main.sh: syntax error
[Warn  - 14:42:59] 21:42:59.693 WARNING ⛔️ Error while parsing file:///home/arshan/Code/magOSpostinstall/main.sh: syntax error
[Warn  - 14:43:00] 21:43:00.583 WARNING ⛔️ Error while parsing file:///home/arshan/Code/magOSpostinstall/main.sh: syntax error
[Warn  - 14:43:01] 21:43:01.374 WARNING ⛔️ Error while parsing file:///home/arshan/Code/magOSpostinstall/main.sh: syntax error
[Warn  - 14:43:01] 21:43:01.989 WARNING ⛔️ Error while parsing file:///home/arshan/Code/magOSpostinstall/main.sh: syntax error
[Warn  - 14:43:06] 21:43:06.437 WARNING ⛔️ Error while parsing file:///home/arshan/Code/magOSpostinstall/main.sh: syntax error
[Warn  - 14:43:07] 21:43:07.451 WARNING ⛔️ Error while parsing file:///home/arshan/Code/magOSpostinstall/main.sh: syntax error
[Warn  - 14:43:10] 21:43:10.813 WARNING ⛔️ Error while parsing file:///home/arshan/Code/magOSpostinstall/main.sh: syntax error
[Warn  - 14:43:11] 21:43:11.525 WARNING ⛔️ Error while parsing file:///home/arshan/Code/magOSpostinstall/main.sh: syntax error
[Warn  - 14:43:12] 21:43:12.507 WARNING ⛔️ Error while parsing file:///home/arshan/Code/magOSpostinstall/main.sh: syntax error
[Warn  - 14:43:12] 21:43:12.801 WARNING ⛔️ Error while parsing file:///home/arshan/Code/magOSpostinstall/main.sh: syntax error
[Warn  - 14:43:13] 21:43:13.294 WARNING ⛔️ Error while parsing file:///home/arshan/Code/magOSpostinstall/main.sh: syntax error
[Warn  - 14:43:14] 21:43:14.196 WARNING ⛔️ Error while parsing file:///home/arshan/Code/magOSpostinstall/main.sh: syntax error
[Warn  - 14:43:15] 21:43:15.340 WARNING ⛔️ Error while parsing file:///home/arshan/Code/magOSpostinstall/main.sh: syntax error
[Warn  - 14:43:15] 21:43:15.441 WARNING ⛔️ Error while parsing file:///home/arshan/Code/magOSpostinstall/main.sh: syntax error
[Warn  - 14:43:15] 21:43:15.935 WARNING ⛔️ Error while parsing file:///home/arshan/Code/magOSpostinstall/main.sh: syntax error
[Warn  - 14:43:23] 21:43:23.579 WARNING ⛔️ Error while parsing file:///home/arshan/Code/magOSpostinstall/main.sh: syntax error
[Warn  - 14:43:24] 21:43:24.032 WARNING ⛔️ Error while parsing file:///home/arshan/Code/magOSpostinstall/main.sh: syntax error
[Warn  - 14:43:25] 21:43:25.656 WARNING ⛔️ Error while parsing file:///home/arshan/Code/magOSpostinstall/main.sh: syntax error
[Warn  - 14:43:26] 21:43:26.143 WARNING ⛔️ Error while parsing file:///home/arshan/Code/magOSpostinstall/main.sh: syntax error
[Warn  - 14:43:32] 21:43:32.260 WARNING ⛔️ Error while parsing file:///home/arshan/Code/magOSpostinstall/main.sh: syntax error
[Warn  - 14:43:35] 21:43:35.118 WARNING ⛔️ Error while parsing file:///home/arshan/Code/magOSpostinstall/main.sh: syntax error
[Warn  - 14:43:41] 21:43:41.152 WARNING ⛔️ Error while parsing file:///home/arshan/Code/magOSpostinstall/main.sh: syntax error
[Warn  - 14:43:41] 21:43:41.564 WARNING ⛔️ Error while parsing file:///home/arshan/Code/magOSpostinstall/main.sh: syntax error
