2025-10-18 16:27:04.723 [info] Reading sessions from keychain...
2025-10-18 16:27:04.723 [info] Getting sessions for all scopes...
2025-10-18 16:27:04.723 [info] Got 0 sessions for ...
2025-10-18 16:27:04.723 [info] Getting sessions for all scopes...
2025-10-18 16:27:04.723 [info] Got 0 sessions for ...
2025-10-18 16:27:04.723 [info] Getting sessions for all scopes...
2025-10-18 16:27:04.723 [info] Got 0 sessions for ...
2025-10-18 16:27:04.723 [info] Getting sessions for all scopes...
2025-10-18 16:27:04.723 [info] Got 0 sessions for ...
2025-10-18 16:27:04.723 [info] Getting sessions for all scopes...
2025-10-18 16:27:04.723 [info] Got 0 sessions for ...
2025-10-18 16:27:04.723 [info] Getting sessions for all scopes...
2025-10-18 16:27:04.723 [info] Got 0 sessions for ...
2025-10-18 16:27:04.723 [info] Getting sessions for all scopes...
2025-10-18 16:27:04.723 [info] Got 0 sessions for ...
2025-10-18 16:27:04.723 [info] Getting sessions for all scopes...
2025-10-18 16:27:04.723 [info] Got 0 sessions for ...
2025-10-18 16:27:04.723 [info] Getting sessions for all scopes...
2025-10-18 16:27:04.723 [info] Got 0 sessions for ...
2025-10-18 16:27:04.723 [info] Getting sessions for all scopes...
2025-10-18 16:27:04.723 [info] Got 0 sessions for ...
2025-10-18 16:27:04.769 [info] Getting sessions for all scopes...
2025-10-18 16:27:04.769 [info] Got 0 sessions for ...
2025-10-18 16:27:04.769 [info] Getting sessions for all scopes...
2025-10-18 16:27:04.769 [info] Got 0 sessions for ...
2025-10-18 16:27:04.770 [info] Getting sessions for all scopes...
2025-10-18 16:27:04.770 [info] Got 0 sessions for ...
2025-10-18 16:27:04.770 [info] Getting sessions for all scopes...
2025-10-18 16:27:04.770 [info] Got 0 sessions for ...
2025-10-18 16:27:04.770 [info] Getting sessions for all scopes...
2025-10-18 16:27:04.770 [info] Got 0 sessions for ...
2025-10-18 16:27:04.770 [info] Getting sessions for all scopes...
2025-10-18 16:27:04.770 [info] Got 0 sessions for ...
2025-10-18 16:27:05.116 [info] Getting sessions for read:user,repo,user:email,workflow...
2025-10-18 16:27:05.116 [info] Got 0 sessions for read:user,repo,user:email,workflow...
2025-10-18 16:27:06.288 [info] Getting sessions for all scopes...
2025-10-18 16:27:06.288 [info] Got 0 sessions for ...
2025-10-18 16:27:06.288 [info] Getting sessions for all scopes...
2025-10-18 16:27:06.288 [info] Got 0 sessions for ...
2025-10-18 16:27:06.295 [info] Getting sessions for all scopes...
2025-10-18 16:27:06.295 [info] Got 0 sessions for ...
