2025-10-15 18:30:15.342 [info] Try to start language server - activation (enabled: true)
2025-10-15 18:30:15.411 [info] Running language server gopls(v0.20.0/go1.25.1)
2025-10-15 18:30:36.249 [info] Running checks...
2025-10-15 18:30:36.249 [info] Starting linting the current package at /home/arshan/Code/omni/cmd
2025-10-15 18:30:36.315 [info] /home/arshan/Code/omni/cmd>Finished running tool: /home/arshan/go/bin/staticcheck
2025-10-15 18:30:36.315 [info] /home/arshan/Code/omni/cmd/main.go:5:2 "os" imported and not used
2025-10-15 18:30:36.315 [info] /home/arshan/Code/omni/cmd/main.go:12:2 fmt.Println (value of type func(a ...any) (n int, err error)) is not used (compile)
2025-10-15 18:30:36.315 [info] 
2025-10-15 18:30:44.782 [info] Running checks...
2025-10-15 18:30:44.782 [info] Starting linting the current package at /home/arshan/Code/omni/cmd
2025-10-15 18:30:44.838 [info] /home/arshan/Code/omni/cmd>Finished running tool: /home/arshan/go/bin/staticcheck
2025-10-15 18:30:44.838 [info] /home/arshan/Code/omni/cmd/main.go:5:2 "os" imported and not used (compile)
2025-10-15 18:30:44.838 [info] 
2025-10-15 18:30:45.854 [info] Running checks...
2025-10-15 18:30:45.854 [info] Starting linting the current package at /home/arshan/Code/omni/cmd
2025-10-15 18:30:45.909 [info] /home/arshan/Code/omni/cmd>Finished running tool: /home/arshan/go/bin/staticcheck
2025-10-15 18:30:45.909 [info] /home/arshan/Code/omni/cmd/main.go:5:2 "os" imported and not used (compile)
2025-10-15 18:30:45.909 [info] 
2025-10-15 18:31:00.811 [info] Running checks...
2025-10-15 18:31:00.811 [info] Starting linting the current package at /home/arshan/Code/omni/cmd
2025-10-15 18:31:00.866 [info] /home/arshan/Code/omni/cmd>Finished running tool: /home/arshan/go/bin/staticcheck
2025-10-15 18:31:00.866 [info] /home/arshan/Code/omni/cmd/main.go:5:2 "os" imported and not used (compile)
2025-10-15 18:31:00.866 [info] 
2025-10-15 18:31:05.540 [info] Running checks...
2025-10-15 18:31:05.540 [info] Starting linting the current package at /home/arshan/Code/omni/cmd
2025-10-15 18:31:05.595 [info] /home/arshan/Code/omni/cmd>Finished running tool: /home/arshan/go/bin/staticcheck
2025-10-15 18:31:05.595 [info] /home/arshan/Code/omni/cmd/main.go:5:2 "os" imported and not used (compile)
2025-10-15 18:31:05.595 [info] 
2025-10-15 18:31:21.255 [info] Running checks...
2025-10-15 18:31:21.255 [info] Starting linting the current package at /home/arshan/Code/omni/cmd
2025-10-15 18:31:21.317 [info] /home/arshan/Code/omni/cmd>Finished running tool: /home/arshan/go/bin/staticcheck
2025-10-15 18:31:21.317 [info] /home/arshan/Code/omni/cmd/main.go:5:2 "os" imported and not used (compile)
2025-10-15 18:31:21.317 [info] 
2025-10-15 18:31:23.563 [info] Running checks...
2025-10-15 18:31:23.563 [info] Starting linting the current package at /home/arshan/Code/omni/cmd
2025-10-15 18:31:23.629 [info] /home/arshan/Code/omni/cmd>Finished running tool: /home/arshan/go/bin/staticcheck
2025-10-15 18:31:23.629 [info] /home/arshan/Code/omni/cmd/main.go:23:6 func printBanner is unused (U1000)
2025-10-15 18:31:23.629 [info] 
2025-10-15 18:31:24.462 [info] Running checks...
2025-10-15 18:31:24.462 [info] Starting linting the current package at /home/arshan/Code/omni/cmd
2025-10-15 18:31:24.532 [info] /home/arshan/Code/omni/cmd>Finished running tool: /home/arshan/go/bin/staticcheck
2025-10-15 18:31:24.532 [info] /home/arshan/Code/omni/cmd/main.go:14:6 func printBanner is unused (U1000)
2025-10-15 18:31:24.532 [info] 
2025-10-15 18:31:25.998 [info] Running checks...
2025-10-15 18:31:25.998 [info] Starting linting the current package at /home/arshan/Code/omni/cmd
2025-10-15 18:31:26.054 [info] /home/arshan/Code/omni/cmd>Finished running tool: /home/arshan/go/bin/staticcheck
2025-10-15 18:31:26.054 [info] /home/arshan/Code/omni/cmd/main.go:14:6 func printBanner is unused (U1000)
2025-10-15 18:31:26.054 [info] 
2025-10-15 18:31:46.992 [info] Running checks...
2025-10-15 18:31:46.992 [info] Starting linting the current package at /home/arshan/Code/omni/cmd
2025-10-15 18:31:47.045 [info] /home/arshan/Code/omni/cmd>Finished running tool: /home/arshan/go/bin/staticcheck
2025-10-15 18:31:47.045 [info] /home/arshan/Code/omni/cmd/main.go:14:6 func printBanner is unused (U1000)
2025-10-15 18:31:47.045 [info] 
2025-10-15 18:32:30.173 [info] Running checks...
2025-10-15 18:32:30.173 [info] Starting linting the current package at /home/arshan/Code/omni/cmd
2025-10-15 18:32:30.228 [info] /home/arshan/Code/omni/cmd>Finished running tool: /home/arshan/go/bin/staticcheck
2025-10-15 18:32:30.229 [info] /home/arshan/Code/omni/cmd/main.go:12:2 fmt.Formatter (type) is not an expression (compile)
2025-10-15 18:32:30.229 [info] 
2025-10-15 18:32:38.890 [info] Running checks...
2025-10-15 18:32:38.890 [info] Starting linting the current package at /home/arshan/Code/omni/cmd
2025-10-15 18:32:38.946 [info] /home/arshan/Code/omni/cmd>Finished running tool: /home/arshan/go/bin/staticcheck
2025-10-15 18:32:38.946 [info] /home/arshan/Code/omni/cmd/main.go:7:2 "github.com/fatih/color" imported and not used
2025-10-15 18:32:38.946 [info] /home/arshan/Code/omni/cmd/main.go:12:2 fmt.Formatter (type) is not an expression (compile)
2025-10-15 18:32:38.946 [info] 
2025-10-15 18:32:41.467 [info] Running checks...
2025-10-15 18:32:41.467 [info] Starting linting the current package at /home/arshan/Code/omni/cmd
2025-10-15 18:32:41.527 [info] /home/arshan/Code/omni/cmd>Finished running tool: /home/arshan/go/bin/staticcheck
2025-10-15 18:32:41.527 [info] /home/arshan/Code/omni/cmd/main.go:12:2 fmt.Formatter (type) is not an expression (compile)
2025-10-15 18:32:41.527 [info] 
2025-10-15 18:32:43.768 [info] Running checks...
2025-10-15 18:32:43.768 [info] Starting linting the current package at /home/arshan/Code/omni/cmd
2025-10-15 18:32:43.823 [info] /home/arshan/Code/omni/cmd>Finished running tool: /home/arshan/go/bin/staticcheck
2025-10-15 18:32:43.823 [info] /home/arshan/Code/omni/cmd/main.go:12:2 fmt.Formatter (type) is not an expression (compile)
2025-10-15 18:32:43.823 [info] 
2025-10-15 18:32:46.633 [info] Running checks...
2025-10-15 18:32:46.633 [info] Starting linting the current package at /home/arshan/Code/omni/cmd
2025-10-15 18:32:46.688 [info] /home/arshan/Code/omni/cmd>Finished running tool: /home/arshan/go/bin/staticcheck
2025-10-15 18:32:46.689 [info] /home/arshan/Code/omni/cmd/main.go:12:2 fmt.Formatter (type) is not an expression (compile)
2025-10-15 18:32:46.689 [info] 
2025-10-15 18:32:54.548 [info] Running checks...
2025-10-15 18:32:54.548 [info] Starting linting the current package at /home/arshan/Code/omni/cmd
2025-10-15 18:32:54.604 [info] /home/arshan/Code/omni/cmd>Finished running tool: /home/arshan/go/bin/staticcheck
2025-10-15 18:32:54.604 [info] /home/arshan/Code/omni/cmd/main.go:14:1 syntax error: non-declaration statement outside function body
2025-10-15 18:32:54.604 [info] /home/arshan/Code/omni/cmd/main.go:18:8 invalid character U+005C '\'
2025-10-15 18:32:54.604 [info] /home/arshan/Code/omni/cmd/main.go:21:1 invalid character U+005C '\'
2025-10-15 18:32:54.604 [info] /home/arshan/Code/omni/cmd/main.go:23:2 string not terminated (compile)
2025-10-15 18:32:54.604 [info] 
2025-10-15 18:32:55.701 [info] Running checks...
2025-10-15 18:32:55.701 [info] Starting linting the current package at /home/arshan/Code/omni/cmd
2025-10-15 18:32:55.758 [info] /home/arshan/Code/omni/cmd>Finished running tool: /home/arshan/go/bin/staticcheck
2025-10-15 18:32:55.758 [info] /home/arshan/Code/omni/cmd/main.go:12:2 fmt.Formatter (type) is not an expression (compile)
2025-10-15 18:32:55.758 [info] 
2025-10-15 18:33:00.150 [info] Running checks...
2025-10-15 18:33:00.150 [info] Starting linting the current package at /home/arshan/Code/omni/cmd
2025-10-15 18:33:00.204 [info] /home/arshan/Code/omni/cmd>Finished running tool: /home/arshan/go/bin/staticcheck
2025-10-15 18:33:00.204 [info] /home/arshan/Code/omni/cmd/main.go:7:2 "github.com/fatih/color" imported and not used
2025-10-15 18:33:00.204 [info] /home/arshan/Code/omni/cmd/main.go:12:2 fmt.Formatter (type) is not an expression
2025-10-15 18:33:00.204 [info] /home/arshan/Code/omni/cmd/main.go:14:1 comment not terminated (compile)
2025-10-15 18:33:00.204 [info] 
2025-10-15 18:33:05.991 [info] Running checks...
2025-10-15 18:33:05.991 [info] Starting linting the current package at /home/arshan/Code/omni/cmd
2025-10-15 18:33:06.045 [info] /home/arshan/Code/omni/cmd>Finished running tool: /home/arshan/go/bin/staticcheck
2025-10-15 18:33:06.045 [info] /home/arshan/Code/omni/cmd/main.go:7:2 "github.com/fatih/color" imported and not used
2025-10-15 18:33:06.045 [info] /home/arshan/Code/omni/cmd/main.go:12:2 fmt.Formatter (type) is not an expression
2025-10-15 18:33:06.045 [info] /home/arshan/Code/omni/cmd/main.go:14:1 comment not terminated (compile)
2025-10-15 18:33:06.045 [info] 
2025-10-15 18:33:09.327 [info] Running checks...
2025-10-15 18:33:09.327 [info] Starting linting the current package at /home/arshan/Code/omni/cmd
2025-10-15 18:33:09.396 [info] /home/arshan/Code/omni/cmd>Finished running tool: /home/arshan/go/bin/staticcheck
2025-10-15 18:33:09.396 [info] /home/arshan/Code/omni/cmd/main.go:7:2 "github.com/fatih/color" imported and not used
2025-10-15 18:33:09.396 [info] /home/arshan/Code/omni/cmd/main.go:12:2 fmt.Formatter (type) is not an expression (compile)
2025-10-15 18:33:09.396 [info] 
2025-10-15 18:33:15.010 [info] Running checks...
2025-10-15 18:33:15.010 [info] Starting linting the current package at /home/arshan/Code/omni/cmd
2025-10-15 18:33:15.080 [info] /home/arshan/Code/omni/cmd>Finished running tool: /home/arshan/go/bin/staticcheck
2025-10-15 18:33:15.080 [info] /home/arshan/Code/omni/cmd/main.go:7:2 "github.com/fatih/color" imported and not used
2025-10-15 18:33:15.080 [info] /home/arshan/Code/omni/cmd/main.go:12:2 fmt.Formatter (type) is not an expression (compile)
2025-10-15 18:33:15.080 [info] 
2025-10-15 18:33:43.928 [info] Running checks...
2025-10-15 18:33:43.928 [info] Starting linting the current package at /home/arshan/Code/omni/cmd
2025-10-15 18:33:44.007 [info] /home/arshan/Code/omni/cmd>Finished running tool: /home/arshan/go/bin/staticcheck
2025-10-15 18:33:44.007 [info] /home/arshan/Code/omni/cmd/main.go:13:1 syntax error: unexpected }, expected name or ( (compile)
2025-10-15 18:33:44.007 [info] 
2025-10-15 18:33:48.901 [info] Running checks...
2025-10-15 18:33:48.901 [info] Starting linting the current package at /home/arshan/Code/omni/cmd
2025-10-15 18:33:48.955 [info] /home/arshan/Code/omni/cmd>Finished running tool: /home/arshan/go/bin/staticcheck
2025-10-15 18:33:48.955 [info] /home/arshan/Code/omni/cmd/main.go:13:1 syntax error: unexpected }, expected expression (compile)
2025-10-15 18:33:48.955 [info] 
2025-10-15 18:33:52.630 [info] Running checks...
2025-10-15 18:33:52.630 [info] Starting linting the current package at /home/arshan/Code/omni/cmd
2025-10-15 18:33:52.685 [info] /home/arshan/Code/omni/cmd>Finished running tool: /home/arshan/go/bin/staticcheck
2025-10-15 18:33:52.685 [info] /home/arshan/Code/omni/cmd/main.go:13:1 syntax error: unexpected }, expected expression (compile)
2025-10-15 18:33:52.685 [info] 
2025-10-15 18:34:00.726 [info] Running checks...
2025-10-15 18:34:00.726 [info] Starting linting the current package at /home/arshan/Code/omni/cmd
2025-10-15 18:34:00.780 [info] /home/arshan/Code/omni/cmd>Finished running tool: /home/arshan/go/bin/staticcheck
2025-10-15 18:34:00.780 [info] /home/arshan/Code/omni/cmd/main.go:7:2 "github.com/fatih/color" imported and not used (compile)
2025-10-15 18:34:00.780 [info] 
2025-10-15 18:34:25.858 [info] Running checks...
2025-10-15 18:34:25.858 [info] Starting linting the current package at /home/arshan/Code/omni/cmd
2025-10-15 18:34:25.914 [info] /home/arshan/Code/omni/cmd>Finished running tool: /home/arshan/go/bin/staticcheck
2025-10-15 18:34:25.914 [info] /home/arshan/Code/omni/cmd/main.go:7:2 "github.com/fatih/color" imported and not used (compile)
2025-10-15 18:34:25.914 [info] 
2025-10-15 18:34:27.076 [info] Running checks...
2025-10-15 18:34:27.076 [info] Starting linting the current package at /home/arshan/Code/omni/cmd
2025-10-15 18:34:27.129 [info] /home/arshan/Code/omni/cmd>Finished running tool: /home/arshan/go/bin/staticcheck
2025-10-15 18:34:27.129 [info] /home/arshan/Code/omni/cmd/main.go:13:33 newline in string
2025-10-15 18:34:27.129 [info] /home/arshan/Code/omni/cmd/main.go:13:33 syntax error: unexpected newline in argument list; possibly missing comma or ) (compile)
2025-10-15 18:34:27.129 [info] 
2025-10-15 18:34:28.762 [info] Running checks...
2025-10-15 18:34:28.762 [info] Starting linting the current package at /home/arshan/Code/omni/cmd
2025-10-15 18:34:28.816 [info] /home/arshan/Code/omni/cmd>Finished running tool: /home/arshan/go/bin/staticcheck
2025-10-15 18:34:28.816 [info] /home/arshan/Code/omni/cmd/main.go:7:2 "github.com/fatih/color" imported and not used (compile)
2025-10-15 18:34:28.816 [info] 
2025-10-15 18:34:34.294 [info] Running checks...
2025-10-15 18:34:34.295 [info] Starting linting the current package at /home/arshan/Code/omni/cmd
2025-10-15 18:34:34.351 [info] /home/arshan/Code/omni/cmd>Finished running tool: /home/arshan/go/bin/staticcheck
2025-10-15 18:34:34.351 [info] /home/arshan/Code/omni/cmd/main.go:7:2 "github.com/fatih/color" imported and not used (compile)
2025-10-15 18:34:34.351 [info] 
2025-10-15 18:34:39.361 [info] Running checks...
2025-10-15 18:34:39.361 [info] Starting linting the current package at /home/arshan/Code/omni/cmd
2025-10-15 18:34:39.423 [info] /home/arshan/Code/omni/cmd>Finished running tool: /home/arshan/go/bin/staticcheck
2025-10-15 18:34:39.423 [info] 
2025-10-15 18:34:40.744 [info] Running checks...
2025-10-15 18:34:40.744 [info] Starting linting the current package at /home/arshan/Code/omni/cmd
2025-10-15 18:34:40.806 [info] /home/arshan/Code/omni/cmd>Finished running tool: /home/arshan/go/bin/staticcheck
2025-10-15 18:34:40.806 [info] 
2025-10-15 18:34:43.729 [info] Running checks...
2025-10-15 18:34:43.729 [info] Starting linting the current package at /home/arshan/Code/omni/cmd
2025-10-15 18:34:43.785 [info] /home/arshan/Code/omni/cmd>Finished running tool: /home/arshan/go/bin/staticcheck
2025-10-15 18:34:43.785 [info] 
2025-10-15 18:34:55.213 [info] Running checks...
2025-10-15 18:34:55.213 [info] Starting linting the current package at /home/arshan/Code/omni/cmd
2025-10-15 18:34:55.278 [info] /home/arshan/Code/omni/cmd>Finished running tool: /home/arshan/go/bin/staticcheck
2025-10-15 18:34:55.278 [info] 
2025-10-15 18:37:20.141 [info] Running checks...
2025-10-15 18:37:20.141 [info] Starting linting the current package at /home/arshan/Code/omni/cmd
2025-10-15 18:37:20.194 [info] /home/arshan/Code/omni/cmd>Finished running tool: /home/arshan/go/bin/staticcheck
2025-10-15 18:37:20.194 [info] /home/arshan/Code/omni/cmd/main.go:4:2 "fmt" imported and not used
2025-10-15 18:37:20.194 [info] /home/arshan/Code/omni/cmd/main.go:5:2 "os" imported and not used (compile)
2025-10-15 18:37:20.194 [info] 
2025-10-15 18:37:26.858 [info] Running checks...
2025-10-15 18:37:26.858 [info] Starting linting the current package at /home/arshan/Code/omni/cmd
2025-10-15 18:37:26.913 [info] /home/arshan/Code/omni/cmd>Finished running tool: /home/arshan/go/bin/staticcheck
2025-10-15 18:37:26.913 [info] 
2025-10-15 18:37:34.260 [info] Running checks...
2025-10-15 18:37:34.260 [info] Starting linting the current package at /home/arshan/Code/omni/cmd
2025-10-15 18:37:34.314 [info] /home/arshan/Code/omni/cmd>Finished running tool: /home/arshan/go/bin/staticcheck
2025-10-15 18:37:34.314 [info] /home/arshan/Code/omni/cmd/main.go:4:2 "fmt" imported and not used
2025-10-15 18:37:34.314 [info] /home/arshan/Code/omni/cmd/main.go:5:2 "os" imported and not used (compile)
2025-10-15 18:37:34.314 [info] 
2025-10-15 18:38:09.620 [info] Running checks...
2025-10-15 18:38:09.620 [info] Starting linting the current package at /home/arshan/Code/omni/cmd
2025-10-15 18:38:09.678 [info] /home/arshan/Code/omni/cmd>Finished running tool: /home/arshan/go/bin/staticcheck
2025-10-15 18:38:09.678 [info] /home/arshan/Code/omni/cmd/main.go:4:2 "fmt" imported and not used
2025-10-15 18:38:09.678 [info] /home/arshan/Code/omni/cmd/main.go:5:2 "os" imported and not used (compile)
2025-10-15 18:38:09.678 [info] 
2025-10-15 18:38:31.353 [info] Running checks...
2025-10-15 18:38:31.353 [info] Starting linting the current package at /home/arshan/Code/omni/cmd
2025-10-15 18:38:31.406 [info] /home/arshan/Code/omni/cmd>Finished running tool: /home/arshan/go/bin/staticcheck
2025-10-15 18:38:31.406 [info] /home/arshan/Code/omni/cmd/main.go:4:2 "fmt" imported and not used
2025-10-15 18:38:31.406 [info] /home/arshan/Code/omni/cmd/main.go:5:2 "os" imported and not used (compile)
2025-10-15 18:38:31.406 [info] 
2025-10-15 18:38:36.844 [info] Running checks...
2025-10-15 18:38:36.844 [info] Starting linting the current package at /home/arshan/Code/omni/cmd
2025-10-15 18:38:36.915 [info] /home/arshan/Code/omni/cmd>Finished running tool: /home/arshan/go/bin/staticcheck
2025-10-15 18:38:36.915 [info] 
2025-10-15 18:38:41.661 [info] Running checks...
2025-10-15 18:38:41.661 [info] Starting linting the current package at /home/arshan/Code/omni/cmd
2025-10-15 18:38:41.714 [info] /home/arshan/Code/omni/cmd>Finished running tool: /home/arshan/go/bin/staticcheck
2025-10-15 18:38:41.714 [info] 
2025-10-15 18:38:44.380 [info] Running checks...
2025-10-15 18:38:44.380 [info] Starting linting the current package at /home/arshan/Code/omni/cmd
2025-10-15 18:38:44.444 [info] /home/arshan/Code/omni/cmd>Finished running tool: /home/arshan/go/bin/staticcheck
2025-10-15 18:38:44.444 [info] 
2025-10-15 18:38:50.962 [info] Try to start language server - activation (enabled: true)
2025-10-15 18:38:51.049 [info] Running language server gopls(v0.20.0/go1.25.1)
2025-10-15 18:38:52.576 [info] Running checks...
2025-10-15 18:38:52.576 [info] Starting linting the current package at /home/arshan/Code/omni/cmd
2025-10-15 18:38:52.651 [info] /home/arshan/Code/omni/cmd>Finished running tool: /home/arshan/go/bin/staticcheck
2025-10-15 18:38:52.651 [info] 
2025-10-15 18:38:53.125 [info] Running checks...
2025-10-15 18:38:53.125 [info] Starting linting the current package at /home/arshan/Code/omni/cmd
2025-10-15 18:38:53.199 [info] /home/arshan/Code/omni/cmd>Finished running tool: /home/arshan/go/bin/staticcheck
2025-10-15 18:38:53.199 [info] 
2025-10-15 18:38:53.359 [info] Running checks...
2025-10-15 18:38:53.359 [info] Starting linting the current package at /home/arshan/Code/omni/cmd
2025-10-15 18:38:53.426 [info] /home/arshan/Code/omni/cmd>Finished running tool: /home/arshan/go/bin/staticcheck
2025-10-15 18:38:53.426 [info] 
2025-10-15 18:38:53.579 [info] Running checks...
2025-10-15 18:38:53.579 [info] Starting linting the current package at /home/arshan/Code/omni/cmd
2025-10-15 18:38:53.649 [info] /home/arshan/Code/omni/cmd>Finished running tool: /home/arshan/go/bin/staticcheck
2025-10-15 18:38:53.649 [info] 
2025-10-15 18:39:28.015 [info] Running checks...
2025-10-15 18:39:28.015 [info] Starting linting the current package at /home/arshan/Code/omni/cmd
2025-10-15 18:39:28.077 [info] /home/arshan/Code/omni/cmd>Finished running tool: /home/arshan/go/bin/staticcheck
2025-10-15 18:39:28.077 [info] 
2025-10-15 18:39:32.556 [info] Running checks...
2025-10-15 18:39:32.556 [info] Starting linting the current package at /home/arshan/Code/omni/cmd
2025-10-15 18:39:32.611 [info] /home/arshan/Code/omni/cmd>Finished running tool: /home/arshan/go/bin/staticcheck
2025-10-15 18:39:32.611 [info] /home/arshan/Code/omni/cmd/main.go:4:2 "fmt" imported and not used
2025-10-15 18:39:32.611 [info] /home/arshan/Code/omni/cmd/main.go:5:2 "os" imported and not used (compile)
2025-10-15 18:39:32.611 [info] 
2025-10-15 18:39:35.884 [info] Running checks...
2025-10-15 18:39:35.884 [info] Starting linting the current package at /home/arshan/Code/omni/cmd
2025-10-15 18:39:35.937 [info] /home/arshan/Code/omni/cmd>Finished running tool: /home/arshan/go/bin/staticcheck
2025-10-15 18:39:35.937 [info] /home/arshan/Code/omni/cmd/main.go:4:2 "fmt" imported and not used
2025-10-15 18:39:35.937 [info] /home/arshan/Code/omni/cmd/main.go:5:2 "os" imported and not used (compile)
2025-10-15 18:39:35.937 [info] 
2025-10-15 18:39:37.405 [info] Running checks...
2025-10-15 18:39:37.405 [info] Starting linting the current package at /home/arshan/Code/omni/cmd
2025-10-15 18:39:37.476 [info] /home/arshan/Code/omni/cmd>Finished running tool: /home/arshan/go/bin/staticcheck
2025-10-15 18:39:37.476 [info] /home/arshan/Code/omni/cmd/main.go:4:2 "fmt" imported and not used
2025-10-15 18:39:37.476 [info] /home/arshan/Code/omni/cmd/main.go:5:2 "os" imported and not used (compile)
2025-10-15 18:39:37.476 [info] 
2025-10-15 18:41:27.864 [info] Try to start language server - activation (enabled: true)
2025-10-15 18:41:27.966 [info] Running language server gopls(v0.20.0/go1.25.1)
2025-10-15 18:44:44.203 [info] Try to start language server - activation (enabled: true)
2025-10-15 18:44:44.351 [info] Running language server gopls(v0.20.0/go1.25.1)
2025-10-15 18:44:58.825 [info] Try to start language server - activation (enabled: true)
2025-10-15 18:44:58.899 [info] Running language server gopls(v0.20.0/go1.25.1)
2025-10-15 18:46:16.754 [info] Running checks...
2025-10-15 18:46:16.754 [info] Starting linting the current package at /home/arshan/Code/omni/cmd
2025-10-15 18:46:16.809 [info] /home/arshan/Code/omni/cmd>Finished running tool: /home/arshan/go/bin/staticcheck
2025-10-15 18:46:16.809 [info] /home/arshan/Code/omni/cmd/main.go:4:2 "fmt" imported and not used
2025-10-15 18:46:16.809 [info] /home/arshan/Code/omni/cmd/main.go:5:2 "os" imported and not used (compile)
2025-10-15 18:46:16.809 [info] 
2025-10-15 18:46:18.009 [info] Running checks...
2025-10-15 18:46:18.009 [info] Starting linting the current package at /home/arshan/Code/omni/cmd
2025-10-15 18:46:18.080 [info] /home/arshan/Code/omni/cmd>Finished running tool: /home/arshan/go/bin/staticcheck
2025-10-15 18:46:18.080 [info] /home/arshan/Code/omni/cmd/main.go:4:2 "fmt" imported and not used
2025-10-15 18:46:18.080 [info] /home/arshan/Code/omni/cmd/main.go:5:2 "os" imported and not used (compile)
2025-10-15 18:46:18.080 [info] 
2025-10-15 18:54:11.589 [info] Running checks...
2025-10-15 18:54:11.589 [info] Starting linting the current package at /home/arshan/Code/omni/cmd
2025-10-15 18:54:11.647 [info] /home/arshan/Code/omni/cmd>Finished running tool: /home/arshan/go/bin/staticcheck
2025-10-15 18:54:11.647 [info] /home/arshan/Code/omni/cmd/main.go:4:2 "fmt" imported and not used
2025-10-15 18:54:11.647 [info] /home/arshan/Code/omni/cmd/main.go:5:2 "os" imported and not used (compile)
2025-10-15 18:54:11.647 [info] 
2025-10-15 18:54:20.433 [info] Running checks...
2025-10-15 18:54:20.433 [info] Starting linting the current package at /home/arshan/Code/omni/cmd
2025-10-15 18:54:20.487 [info] /home/arshan/Code/omni/cmd>Finished running tool: /home/arshan/go/bin/staticcheck
2025-10-15 18:54:20.487 [info] /home/arshan/Code/omni/cmd/main.go:4:2 "fmt" imported and not used
2025-10-15 18:54:20.487 [info] /home/arshan/Code/omni/cmd/main.go:5:2 "os" imported and not used (compile)
2025-10-15 18:54:20.487 [info] 
2025-10-15 18:54:38.763 [info] Running checks...
2025-10-15 18:54:38.763 [info] Starting linting the current package at /home/arshan/Code/omni/cmd
2025-10-15 18:54:38.817 [info] /home/arshan/Code/omni/cmd>Finished running tool: /home/arshan/go/bin/staticcheck
2025-10-15 18:54:38.817 [info] /home/arshan/Code/omni/cmd/main.go:4:2 "fmt" imported and not used
2025-10-15 18:54:38.817 [info] /home/arshan/Code/omni/cmd/main.go:5:2 "os" imported and not used
2025-10-15 18:54:38.817 [info] /home/arshan/Code/omni/cmd/main.go:13:1 comment not terminated (compile)
2025-10-15 18:54:38.817 [info] 
2025-10-15 18:54:40.281 [info] Running checks...
2025-10-15 18:54:40.281 [info] Starting linting the current package at /home/arshan/Code/omni/cmd
2025-10-15 18:54:40.343 [info] /home/arshan/Code/omni/cmd>Finished running tool: /home/arshan/go/bin/staticcheck
2025-10-15 18:54:40.343 [info] /home/arshan/Code/omni/cmd/main.go:4:2 "fmt" imported and not used
2025-10-15 18:54:40.343 [info] /home/arshan/Code/omni/cmd/main.go:5:2 "os" imported and not used
2025-10-15 18:54:40.343 [info] /home/arshan/Code/omni/cmd/main.go:15:2 undefined: color (compile)
2025-10-15 18:54:40.343 [info] 
2025-10-15 18:54:49.855 [info] Running checks...
2025-10-15 18:54:49.855 [info] Starting linting the current package at /home/arshan/Code/omni/cmd
2025-10-15 18:54:49.911 [info] /home/arshan/Code/omni/cmd>Finished running tool: /home/arshan/go/bin/staticcheck
2025-10-15 18:54:49.911 [info] /home/arshan/Code/omni/cmd/main.go:4:2 "fmt" imported and not used
2025-10-15 18:54:49.911 [info] /home/arshan/Code/omni/cmd/main.go:5:2 "os" imported and not used (compile)
2025-10-15 18:54:49.911 [info] 
2025-10-15 18:55:13.076 [info] Running checks...
2025-10-15 18:55:13.076 [info] Starting linting the current package at /home/arshan/Code/omni/cmd
2025-10-15 18:55:13.129 [info] /home/arshan/Code/omni/cmd>Finished running tool: /home/arshan/go/bin/staticcheck
2025-10-15 18:55:13.129 [info] /home/arshan/Code/omni/cmd/main.go:4:2 "fmt" imported and not used
2025-10-15 18:55:13.129 [info] /home/arshan/Code/omni/cmd/main.go:5:2 "os" imported and not used (compile)
2025-10-15 18:55:13.129 [info] 
2025-10-15 18:55:19.670 [info] Running checks...
2025-10-15 18:55:19.670 [info] Starting linting the current package at /home/arshan/Code/omni/cmd
2025-10-15 18:55:19.724 [info] /home/arshan/Code/omni/cmd>Finished running tool: /home/arshan/go/bin/staticcheck
2025-10-15 18:55:19.724 [info] /home/arshan/Code/omni/cmd/main.go:15:6 syntax error: unexpected EOF, expected name or ( (compile)
2025-10-15 18:55:19.724 [info] 
2025-10-15 18:55:28.208 [info] Running checks...
2025-10-15 18:55:28.208 [info] Starting linting the current package at /home/arshan/Code/omni/cmd
2025-10-15 18:55:28.262 [info] /home/arshan/Code/omni/cmd>Finished running tool: /home/arshan/go/bin/staticcheck
2025-10-15 18:55:28.262 [info] /home/arshan/Code/omni/cmd/main.go:15:13 syntax error: unexpected EOF, expected ( (compile)
2025-10-15 18:55:28.262 [info] 
2025-10-15 18:55:32.661 [info] Running checks...
2025-10-15 18:55:32.661 [info] Starting linting the current package at /home/arshan/Code/omni/cmd
2025-10-15 18:55:32.716 [info] /home/arshan/Code/omni/cmd>Finished running tool: /home/arshan/go/bin/staticcheck
2025-10-15 18:55:32.716 [info] /home/arshan/Code/omni/cmd/main.go:4:2 "fmt" imported and not used
2025-10-15 18:55:32.716 [info] /home/arshan/Code/omni/cmd/main.go:5:2 "os" imported and not used (compile)
2025-10-15 18:55:32.716 [info] 
2025-10-15 18:55:35.192 [info] Running checks...
2025-10-15 18:55:35.192 [info] Starting linting the current package at /home/arshan/Code/omni/cmd
2025-10-15 18:55:35.249 [info] /home/arshan/Code/omni/cmd>Finished running tool: /home/arshan/go/bin/staticcheck
2025-10-15 18:55:35.249 [info] /home/arshan/Code/omni/cmd/main.go:4:2 "fmt" imported and not used
2025-10-15 18:55:35.249 [info] /home/arshan/Code/omni/cmd/main.go:5:2 "os" imported and not used (compile)
2025-10-15 18:55:35.249 [info] 
2025-10-15 18:55:36.921 [info] Running checks...
2025-10-15 18:55:36.921 [info] Starting linting the current package at /home/arshan/Code/omni/cmd
2025-10-15 18:55:36.977 [info] /home/arshan/Code/omni/cmd>Finished running tool: /home/arshan/go/bin/staticcheck
2025-10-15 18:55:36.977 [info] /home/arshan/Code/omni/cmd/main.go:4:2 "fmt" imported and not used
2025-10-15 18:55:36.977 [info] /home/arshan/Code/omni/cmd/main.go:5:2 "os" imported and not used
2025-10-15 18:55:36.977 [info] /home/arshan/Code/omni/cmd/main.go:16:2 undefined: run (compile)
2025-10-15 18:55:36.977 [info] 
2025-10-15 18:57:10.331 [info] Running checks...
2025-10-15 18:57:10.331 [info] Starting linting the current package at /home/arshan/Code/omni/cmd
2025-10-15 18:57:10.394 [info] /home/arshan/Code/omni/cmd>Finished running tool: /home/arshan/go/bin/staticcheck
2025-10-15 18:57:10.394 [info] /home/arshan/Code/omni/cmd/main.go:4:2 "fmt" imported and not used
2025-10-15 18:57:10.394 [info] /home/arshan/Code/omni/cmd/main.go:5:2 "os" imported and not used (compile)
2025-10-15 18:57:10.394 [info] 
2025-10-15 19:02:13.674 [info] Running checks...
2025-10-15 19:02:13.674 [info] Starting linting the current package at /home/arshan/Code/omni/cmd
2025-10-15 19:02:13.770 [info] /home/arshan/Code/omni/cmd>Finished running tool: /home/arshan/go/bin/staticcheck
2025-10-15 19:02:13.770 [info] /home/arshan/Code/omni/cmd/main.go:17:1 syntax error: unexpected }, expected name or ( (compile)
2025-10-15 19:02:13.770 [info] 
2025-10-15 19:02:29.007 [info] Running checks...
2025-10-15 19:02:29.007 [info] Starting linting the current package at /home/arshan/Code/omni/cmd
2025-10-15 19:02:29.092 [info] /home/arshan/Code/omni/cmd>Finished running tool: /home/arshan/go/bin/staticcheck
2025-10-15 19:02:29.092 [info] /home/arshan/Code/omni/cmd/main.go:4:2 "fmt" imported and not used
2025-10-15 19:02:29.092 [info] /home/arshan/Code/omni/cmd/main.go:16:5 undefined: os.Run (compile)
2025-10-15 19:02:29.092 [info] 
2025-10-15 19:02:32.416 [info] Running checks...
2025-10-15 19:02:32.416 [info] Starting linting the current package at /home/arshan/Code/omni/cmd
2025-10-15 19:02:32.515 [info] /home/arshan/Code/omni/cmd>Finished running tool: /home/arshan/go/bin/staticcheck
2025-10-15 19:02:32.515 [info] /home/arshan/Code/omni/cmd/main.go:4:2 "fmt" imported and not used
2025-10-15 19:02:32.515 [info] /home/arshan/Code/omni/cmd/main.go:5:2 "os" imported and not used (compile)
2025-10-15 19:02:32.515 [info] 
2025-10-15 19:02:48.385 [info] Running checks...
2025-10-15 19:02:48.386 [info] Starting linting the current package at /home/arshan/Code/omni/cmd
2025-10-15 19:02:48.473 [info] /home/arshan/Code/omni/cmd>Finished running tool: /home/arshan/go/bin/staticcheck
2025-10-15 19:02:48.473 [info] /home/arshan/Code/omni/cmd/main.go:17:1 syntax error: unexpected }, expected expression (compile)
2025-10-15 19:02:48.473 [info] 
2025-10-15 19:02:50.955 [info] Running checks...
2025-10-15 19:02:50.955 [info] Starting linting the current package at /home/arshan/Code/omni/cmd
2025-10-15 19:02:51.077 [info] /home/arshan/Code/omni/cmd>Finished running tool: /home/arshan/go/bin/staticcheck
2025-10-15 19:02:51.077 [info] /home/arshan/Code/omni/cmd/main.go:17:1 syntax error: unexpected }, expected expression (compile)
2025-10-15 19:02:51.077 [info] 
2025-10-15 19:02:52.884 [info] Running checks...
2025-10-15 19:02:52.884 [info] Starting linting the current package at /home/arshan/Code/omni/cmd
2025-10-15 19:02:52.981 [info] /home/arshan/Code/omni/cmd>Finished running tool: /home/arshan/go/bin/staticcheck
2025-10-15 19:02:52.981 [info] /home/arshan/Code/omni/cmd/main.go:17:1 syntax error: unexpected }, expected name or ( (compile)
2025-10-15 19:02:52.981 [info] 
2025-10-15 19:03:06.925 [info] Running checks...
2025-10-15 19:03:06.925 [info] Starting linting the current package at /home/arshan/Code/omni/cmd
2025-10-15 19:03:07.013 [info] /home/arshan/Code/omni/cmd>Finished running tool: /home/arshan/go/bin/staticcheck
2025-10-15 19:03:07.013 [info] /home/arshan/Code/omni/cmd/main.go:4:2 "fmt" imported and not used
2025-10-15 19:03:07.013 [info] /home/arshan/Code/omni/cmd/main.go:5:2 "os" imported and not used
2025-10-15 19:03:07.013 [info] /home/arshan/Code/omni/cmd/main.go:16:2 declared and not used: cmd
2025-10-15 19:03:07.013 [info] /home/arshan/Code/omni/cmd/main.go:16:9 undefined: exec (compile)
2025-10-15 19:03:07.013 [info] 
2025-10-15 19:03:14.837 [info] Running checks...
2025-10-15 19:03:14.837 [info] Starting linting the current package at /home/arshan/Code/omni/cmd
2025-10-15 19:03:14.920 [info] /home/arshan/Code/omni/cmd>Finished running tool: /home/arshan/go/bin/staticcheck
2025-10-15 19:03:14.920 [info] /home/arshan/Code/omni/cmd/main.go:4:2 "fmt" imported and not used
2025-10-15 19:03:14.920 [info] /home/arshan/Code/omni/cmd/main.go:16:2 declared and not used: cmd
2025-10-15 19:03:14.920 [info] /home/arshan/Code/omni/cmd/main.go:16:9 exec.Cmd (type) is not an expression (compile)
2025-10-15 19:03:14.920 [info] 
2025-10-15 19:04:05.217 [info] Running checks...
2025-10-15 19:04:05.217 [info] Starting linting the current package at /home/arshan/Code/omni/cmd
2025-10-15 19:04:05.294 [info] /home/arshan/Code/omni/cmd>Finished running tool: /home/arshan/go/bin/staticcheck
2025-10-15 19:04:05.294 [info] /home/arshan/Code/omni/cmd/main.go:4:2 "fmt" imported and not used
2025-10-15 19:04:05.294 [info] /home/arshan/Code/omni/cmd/main.go:16:2 declared and not used: cmd
2025-10-15 19:04:05.294 [info] /home/arshan/Code/omni/cmd/main.go:16:18 cannot convert "ls" (untyped string constant) to type exec.Cmd (compile)
2025-10-15 19:04:05.294 [info] 
