2025-10-15 18:10:25.899 [info] Try to start language server - activation (enabled: true)
2025-10-15 18:10:25.952 [info] Running language server gopls(v0.20.0/go1.25.1)
2025-10-15 18:10:42.524 [info] Running checks...
2025-10-15 18:10:42.525 [info] Starting linting the current package at /home/arshan/Code/omni/cmd
2025-10-15 18:10:42.593 [info] /home/arshan/Code/omni/cmd>Finished running tool: /home/arshan/go/bin/staticcheck
2025-10-15 18:10:42.593 [info] 
2025-10-15 18:10:49.473 [info] Running checks...
2025-10-15 18:10:49.473 [info] Starting linting the current package at /home/arshan/Code/omni/cmd
2025-10-15 18:10:49.549 [info] /home/arshan/Code/omni/cmd>Finished running tool: /home/arshan/go/bin/staticcheck
2025-10-15 18:10:49.549 [info] /home/arshan/Code/omni/cmd/main.go:4:2 "fmt" imported and not used
2025-10-15 18:10:49.549 [info] /home/arshan/Code/omni/cmd/main.go:5:2 "os" imported and not used (compile)
2025-10-15 18:10:49.549 [info] 
2025-10-15 18:10:58.730 [info] Running checks...
2025-10-15 18:10:58.730 [info] Starting linting the current package at /home/arshan/Code/omni/cmd
2025-10-15 18:10:58.787 [info] /home/arshan/Code/omni/cmd>Finished running tool: /home/arshan/go/bin/staticcheck
2025-10-15 18:10:58.787 [info] /home/arshan/Code/omni/cmd/main.go:5:2 "os" imported and not used (compile)
2025-10-15 18:10:58.787 [info] 
2025-10-15 18:13:51.477 [info] Running checks...
2025-10-15 18:13:51.477 [info] Starting linting the current package at /home/arshan/Code/omni/cmd
2025-10-15 18:13:51.536 [info] /home/arshan/Code/omni/cmd>Finished running tool: /home/arshan/go/bin/staticcheck
2025-10-15 18:13:51.536 [info] /home/arshan/Code/omni/cmd/main.go:5:2 "os" imported and not used (compile)
2025-10-15 18:13:51.536 [info] 
2025-10-15 18:15:01.129 [info] Running checks...
2025-10-15 18:15:01.129 [info] Starting linting the current package at /home/arshan/Code/omni/cmd
2025-10-15 18:15:01.186 [info] /home/arshan/Code/omni/cmd>Finished running tool: /home/arshan/go/bin/staticcheck
2025-10-15 18:15:01.186 [info] /home/arshan/Code/omni/cmd/main.go:5:2 "os" imported and not used (compile)
2025-10-15 18:15:01.186 [info] 
2025-10-15 18:15:04.210 [info] Running checks...
2025-10-15 18:15:04.210 [info] Starting linting the current package at /home/arshan/Code/omni/cmd
2025-10-15 18:15:04.267 [info] /home/arshan/Code/omni/cmd>Finished running tool: /home/arshan/go/bin/staticcheck
2025-10-15 18:15:04.267 [info] /home/arshan/Code/omni/cmd/main.go:6:2 malformed import path "github.com/": trailing slash (compile)
2025-10-15 18:15:04.267 [info] 
2025-10-15 18:15:09.379 [info] Running checks...
2025-10-15 18:15:09.379 [info] Starting linting the current package at /home/arshan/Code/omni/cmd
2025-10-15 18:15:09.433 [info] /home/arshan/Code/omni/cmd>Finished running tool: /home/arshan/go/bin/staticcheck
2025-10-15 18:15:09.433 [info] /home/arshan/Code/omni/cmd/main.go:6:2 no required module provides package github.com/faith/color; to add it:
2025-10-15 18:15:09.433 [info] 
2025-10-15 18:15:11.552 [info] Running checks...
2025-10-15 18:15:11.552 [info] Starting linting the current package at /home/arshan/Code/omni/cmd
2025-10-15 18:15:11.604 [info] /home/arshan/Code/omni/cmd>Finished running tool: /home/arshan/go/bin/staticcheck
2025-10-15 18:15:11.604 [info] /home/arshan/Code/omni/cmd/main.go:6:2 no required module provides package github.com/faith/color; to add it:
2025-10-15 18:15:11.604 [info] 
2025-10-15 18:15:18.924 [info] Running checks...
2025-10-15 18:15:18.924 [info] Starting linting the current package at /home/arshan/Code/omni/cmd
2025-10-15 18:15:18.977 [info] /home/arshan/Code/omni/cmd>Finished running tool: /home/arshan/go/bin/staticcheck
2025-10-15 18:15:18.977 [info] /home/arshan/Code/omni/cmd/main.go:6:2 no required module provides package github.com/faith/color; to add it:
2025-10-15 18:15:18.977 [info] 
2025-10-15 18:15:20.360 [info] Running checks...
2025-10-15 18:15:20.360 [info] Starting linting the current package at /home/arshan/Code/omni/cmd
2025-10-15 18:15:20.412 [info] /home/arshan/Code/omni/cmd>Finished running tool: /home/arshan/go/bin/staticcheck
2025-10-15 18:15:20.412 [info] /home/arshan/Code/omni/cmd/main.go:7:2 no required module provides package github.com/faith/color; to add it:
2025-10-15 18:15:20.412 [info] /home/arshan/Code/omni/cmd/main.go:8:2 no required module provides package github.com/fatih/color; to add it:
2025-10-15 18:15:20.412 [info] 
2025-10-15 18:15:22.095 [info] Running checks...
2025-10-15 18:15:22.096 [info] Starting linting the current package at /home/arshan/Code/omni/cmd
2025-10-15 18:15:22.147 [info] /home/arshan/Code/omni/cmd>Finished running tool: /home/arshan/go/bin/staticcheck
2025-10-15 18:15:22.147 [info] /home/arshan/Code/omni/cmd/main.go:7:2 no required module provides package github.com/faith/color; to add it:
2025-10-15 18:15:22.147 [info] /home/arshan/Code/omni/cmd/main.go:8:2 no required module provides package github.com/fatih/color; to add it:
2025-10-15 18:15:22.147 [info] 
2025-10-15 18:15:25.208 [info] Running checks...
2025-10-15 18:15:25.208 [info] Starting linting the current package at /home/arshan/Code/omni/cmd
2025-10-15 18:15:25.261 [info] /home/arshan/Code/omni/cmd>Finished running tool: /home/arshan/go/bin/staticcheck
2025-10-15 18:15:25.261 [info] /home/arshan/Code/omni/cmd/main.go:7:2 no required module provides package github.com/faith/color; to add it:
2025-10-15 18:15:25.261 [info] 
2025-10-15 18:15:30.021 [info] Running checks...
2025-10-15 18:15:30.021 [info] Starting linting the current package at /home/arshan/Code/omni/cmd
2025-10-15 18:15:30.073 [info] /home/arshan/Code/omni/cmd>Finished running tool: /home/arshan/go/bin/staticcheck
2025-10-15 18:15:30.073 [info] /home/arshan/Code/omni/cmd/main.go:7:2 no required module provides package github.com/faith/color; to add it:
2025-10-15 18:15:30.073 [info] 
2025-10-15 18:15:32.055 [info] Running checks...
2025-10-15 18:15:32.055 [info] Starting linting the current package at /home/arshan/Code/omni/cmd
2025-10-15 18:15:32.108 [info] /home/arshan/Code/omni/cmd>Finished running tool: /home/arshan/go/bin/staticcheck
2025-10-15 18:15:32.108 [info] /home/arshan/Code/omni/cmd/main.go:7:2 no required module provides package github.com/faith/color; to add it:
2025-10-15 18:15:32.108 [info] 
2025-10-15 18:16:20.456 [info] Running checks...
2025-10-15 18:16:20.456 [info] Starting linting the current package at /home/arshan/Code/omni/cmd
2025-10-15 18:16:20.940 [info] /home/arshan/Code/omni/cmd>Finished running tool: /home/arshan/go/bin/staticcheck
2025-10-15 18:16:20.940 [info] 
2025-10-15 18:16:34.100 [info] Running checks...
2025-10-15 18:16:34.100 [info] Starting linting the current package at /home/arshan/Code/omni/cmd
2025-10-15 18:16:34.165 [info] /home/arshan/Code/omni/cmd>Finished running tool: /home/arshan/go/bin/staticcheck
2025-10-15 18:16:34.165 [info] 
2025-10-15 18:16:40.390 [info] Running checks...
2025-10-15 18:16:40.390 [info] Starting linting the current package at /home/arshan/Code/omni/cmd
2025-10-15 18:16:40.444 [info] /home/arshan/Code/omni/cmd>Finished running tool: /home/arshan/go/bin/staticcheck
2025-10-15 18:16:40.444 [info] /home/arshan/Code/omni/cmd/main.go:13:8 undefined: color.Blink (compile)
2025-10-15 18:16:40.444 [info] 
2025-10-15 18:16:41.566 [info] Running checks...
2025-10-15 18:16:41.566 [info] Starting linting the current package at /home/arshan/Code/omni/cmd
2025-10-15 18:16:41.623 [info] /home/arshan/Code/omni/cmd>Finished running tool: /home/arshan/go/bin/staticcheck
2025-10-15 18:16:41.623 [info] /home/arshan/Code/omni/cmd/main.go:13:2 invalid operation: cannot call color.BlinkRapid (constant 6 of int type color.Attribute): color.Attribute is not a function (compile)
2025-10-15 18:16:41.623 [info] 
2025-10-15 18:16:48.933 [info] Running checks...
2025-10-15 18:16:48.933 [info] Starting linting the current package at /home/arshan/Code/omni/cmd
2025-10-15 18:16:48.989 [info] /home/arshan/Code/omni/cmd>Finished running tool: /home/arshan/go/bin/staticcheck
2025-10-15 18:16:48.989 [info] /home/arshan/Code/omni/cmd/main.go:13:9 syntax error: unexpected literal "Hello, world!", expected type (compile)
2025-10-15 18:16:48.989 [info] 
2025-10-15 18:16:51.177 [info] Running checks...
2025-10-15 18:16:51.177 [info] Starting linting the current package at /home/arshan/Code/omni/cmd
2025-10-15 18:16:51.235 [info] /home/arshan/Code/omni/cmd>Finished running tool: /home/arshan/go/bin/staticcheck
2025-10-15 18:16:51.235 [info] /home/arshan/Code/omni/cmd/main.go:13:2 invalid operation: cannot call color.BgHiRed (constant 101 of int type color.Attribute): color.Attribute is not a function (compile)
2025-10-15 18:16:51.235 [info] 
2025-10-15 18:16:54.194 [info] Running checks...
2025-10-15 18:16:54.194 [info] Starting linting the current package at /home/arshan/Code/omni/cmd
2025-10-15 18:16:54.250 [info] /home/arshan/Code/omni/cmd>Finished running tool: /home/arshan/go/bin/staticcheck
2025-10-15 18:16:54.250 [info] /home/arshan/Code/omni/cmd/main.go:13:2 color.BgHiRed (constant 101 of int type color.Attribute) is not used (compile)
2025-10-15 18:16:54.250 [info] 
2025-10-15 18:16:55.240 [info] Running checks...
2025-10-15 18:16:55.240 [info] Starting linting the current package at /home/arshan/Code/omni/cmd
2025-10-15 18:16:55.297 [info] /home/arshan/Code/omni/cmd>Finished running tool: /home/arshan/go/bin/staticcheck
2025-10-15 18:16:55.297 [info] /home/arshan/Code/omni/cmd/main.go:13:2 color.BgHiRed (constant 101 of int type color.Attribute) is not used (compile)
2025-10-15 18:16:55.297 [info] 
2025-10-15 18:16:58.126 [info] Running checks...
2025-10-15 18:16:58.126 [info] Starting linting the current package at /home/arshan/Code/omni/cmd
2025-10-15 18:16:58.181 [info] /home/arshan/Code/omni/cmd>Finished running tool: /home/arshan/go/bin/staticcheck
2025-10-15 18:16:58.181 [info] /home/arshan/Code/omni/cmd/main.go:13:2 color.BgHiRed (constant 101 of int type color.Attribute) is not used (compile)
2025-10-15 18:16:58.181 [info] 
2025-10-15 18:17:08.510 [info] Running checks...
2025-10-15 18:17:08.510 [info] Starting linting the current package at /home/arshan/Code/omni/cmd
2025-10-15 18:17:08.564 [info] /home/arshan/Code/omni/cmd>Finished running tool: /home/arshan/go/bin/staticcheck
2025-10-15 18:17:08.564 [info] /home/arshan/Code/omni/cmd/main.go:13:13 syntax error: unexpected . at end of statement (compile)
2025-10-15 18:17:08.564 [info] 
2025-10-15 18:17:12.578 [info] Running checks...
2025-10-15 18:17:12.578 [info] Starting linting the current package at /home/arshan/Code/omni/cmd
2025-10-15 18:17:12.633 [info] /home/arshan/Code/omni/cmd>Finished running tool: /home/arshan/go/bin/staticcheck
2025-10-15 18:17:12.633 [info] /home/arshan/Code/omni/cmd/main.go:13:2 color.BgHiRed (constant 101 of int type color.Attribute) is not used (compile)
2025-10-15 18:17:12.633 [info] 
2025-10-15 18:17:17.246 [info] Running checks...
2025-10-15 18:17:17.246 [info] Starting linting the current package at /home/arshan/Code/omni/cmd
2025-10-15 18:17:17.301 [info] /home/arshan/Code/omni/cmd>Finished running tool: /home/arshan/go/bin/staticcheck
2025-10-15 18:17:17.301 [info] /home/arshan/Code/omni/cmd/main.go:13:13 syntax error: unexpected . at end of statement (compile)
2025-10-15 18:17:17.301 [info] 
2025-10-15 18:17:22.107 [info] Running checks...
2025-10-15 18:17:22.107 [info] Starting linting the current package at /home/arshan/Code/omni/cmd
2025-10-15 18:17:22.166 [info] /home/arshan/Code/omni/cmd>Finished running tool: /home/arshan/go/bin/staticcheck
2025-10-15 18:17:22.166 [info] /home/arshan/Code/omni/cmd/main.go:13:13 syntax error: unexpected . at end of statement (compile)
2025-10-15 18:17:22.166 [info] 
2025-10-15 18:17:23.129 [info] Running checks...
2025-10-15 18:17:23.129 [info] Starting linting the current package at /home/arshan/Code/omni/cmd
2025-10-15 18:17:23.185 [info] /home/arshan/Code/omni/cmd>Finished running tool: /home/arshan/go/bin/staticcheck
2025-10-15 18:17:23.185 [info] /home/arshan/Code/omni/cmd/main.go:13:13 syntax error: unexpected . at end of statement (compile)
2025-10-15 18:17:23.185 [info] 
2025-10-15 18:17:30.228 [info] Running checks...
2025-10-15 18:17:30.228 [info] Starting linting the current package at /home/arshan/Code/omni/cmd
2025-10-15 18:17:30.284 [info] /home/arshan/Code/omni/cmd>Finished running tool: /home/arshan/go/bin/staticcheck
2025-10-15 18:17:30.284 [info] /home/arshan/Code/omni/cmd/main.go:13:17 syntax error: unexpected name color at end of statement (compile)
2025-10-15 18:17:30.284 [info] 
2025-10-15 18:17:32.041 [info] Running checks...
2025-10-15 18:17:32.041 [info] Starting linting the current package at /home/arshan/Code/omni/cmd
2025-10-15 18:17:32.099 [info] /home/arshan/Code/omni/cmd>Finished running tool: /home/arshan/go/bin/staticcheck
2025-10-15 18:17:32.099 [info] /home/arshan/Code/omni/cmd/main.go:13:3 color.BgHiRed (constant 101 of int type color.Attribute) is not used (compile)
2025-10-15 18:17:32.099 [info] 
2025-10-15 18:17:39.631 [info] Running checks...
2025-10-15 18:17:39.631 [info] Starting linting the current package at /home/arshan/Code/omni/cmd
2025-10-15 18:17:39.688 [info] /home/arshan/Code/omni/cmd>Finished running tool: /home/arshan/go/bin/staticcheck
2025-10-15 18:17:39.688 [info] /home/arshan/Code/omni/cmd/main.go:13:2 color.BgHiRed (constant 101 of int type color.Attribute) is not used (compile)
2025-10-15 18:17:39.688 [info] 
2025-10-15 18:17:42.472 [info] Running checks...
2025-10-15 18:17:42.473 [info] Starting linting the current package at /home/arshan/Code/omni/cmd
2025-10-15 18:17:42.527 [info] /home/arshan/Code/omni/cmd>Finished running tool: /home/arshan/go/bin/staticcheck
2025-10-15 18:17:42.527 [info] /home/arshan/Code/omni/cmd/main.go:7:2 "github.com/fatih/color" imported and not used (compile)
2025-10-15 18:17:42.527 [info] 
2025-10-15 18:17:59.631 [info] Running checks...
2025-10-15 18:17:59.631 [info] Starting linting the current package at /home/arshan/Code/omni/cmd
2025-10-15 18:17:59.688 [info] /home/arshan/Code/omni/cmd>Finished running tool: /home/arshan/go/bin/staticcheck
2025-10-15 18:17:59.688 [info] /home/arshan/Code/omni/cmd/main.go:13:18 syntax error: unexpected ), expected name or ( (compile)
2025-10-15 18:17:59.688 [info] 
2025-10-15 18:18:04.034 [info] Running checks...
2025-10-15 18:18:04.034 [info] Starting linting the current package at /home/arshan/Code/omni/cmd
2025-10-15 18:18:04.092 [info] /home/arshan/Code/omni/cmd>Finished running tool: /home/arshan/go/bin/staticcheck
2025-10-15 18:18:04.092 [info] /home/arshan/Code/omni/cmd/main.go:13:18 undefined: color.Back (compile)
2025-10-15 18:18:04.092 [info] 
2025-10-15 18:18:11.322 [info] Running checks...
2025-10-15 18:18:11.322 [info] Starting linting the current package at /home/arshan/Code/omni/cmd
2025-10-15 18:18:11.383 [info] /home/arshan/Code/omni/cmd>Finished running tool: /home/arshan/go/bin/staticcheck
2025-10-15 18:18:11.383 [info] /home/arshan/Code/omni/cmd/main.go:13:12 use of package color not in selector (compile)
2025-10-15 18:18:11.383 [info] 
2025-10-15 18:18:18.512 [info] Running checks...
2025-10-15 18:18:18.512 [info] Starting linting the current package at /home/arshan/Code/omni/cmd
2025-10-15 18:18:18.573 [info] /home/arshan/Code/omni/cmd>Finished running tool: /home/arshan/go/bin/staticcheck
2025-10-15 18:18:18.573 [info] /home/arshan/Code/omni/cmd/main.go:13:12 undefined: bg (compile)
2025-10-15 18:18:18.573 [info] 
2025-10-15 18:18:21.735 [info] Running checks...
2025-10-15 18:18:21.735 [info] Starting linting the current package at /home/arshan/Code/omni/cmd
2025-10-15 18:18:21.793 [info] /home/arshan/Code/omni/cmd>Finished running tool: /home/arshan/go/bin/staticcheck
2025-10-15 18:18:21.793 [info] /home/arshan/Code/omni/cmd/main.go:13:12 invalid operation: cannot call color.BgBlack (constant 40 of int type color.Attribute): color.Attribute is not a function (compile)
2025-10-15 18:18:21.793 [info] 
2025-10-15 18:18:27.431 [info] Running checks...
2025-10-15 18:18:27.431 [info] Starting linting the current package at /home/arshan/Code/omni/cmd
2025-10-15 18:18:27.500 [info] /home/arshan/Code/omni/cmd>Finished running tool: /home/arshan/go/bin/staticcheck
2025-10-15 18:18:27.500 [info] /home/arshan/Code/omni/cmd/main.go:7:2 "github.com/fatih/color" imported and not used (compile)
2025-10-15 18:18:27.500 [info] 
2025-10-15 18:18:43.927 [info] Running checks...
2025-10-15 18:18:43.927 [info] Starting linting the current package at /home/arshan/Code/omni/cmd
2025-10-15 18:18:43.991 [info] /home/arshan/Code/omni/cmd>Finished running tool: /home/arshan/go/bin/staticcheck
2025-10-15 18:18:43.991 [info] /home/arshan/Code/omni/cmd/main.go:7:2 "github.com/fatih/color" imported and not used (compile)
2025-10-15 18:18:43.991 [info] 
2025-10-15 18:18:46.963 [info] Running checks...
2025-10-15 18:18:46.963 [info] Starting linting the current package at /home/arshan/Code/omni/cmd
2025-10-15 18:18:47.022 [info] /home/arshan/Code/omni/cmd>Finished running tool: /home/arshan/go/bin/staticcheck
2025-10-15 18:18:47.022 [info] /home/arshan/Code/omni/cmd/main.go:13:2 not enough arguments in call to color.Red
2025-10-15 18:18:47.022 [info] 
2025-10-15 18:18:51.878 [info] Running checks...
2025-10-15 18:18:51.878 [info] Starting linting the current package at /home/arshan/Code/omni/cmd
2025-10-15 18:18:51.941 [info] /home/arshan/Code/omni/cmd>Finished running tool: /home/arshan/go/bin/staticcheck
2025-10-15 18:18:51.941 [info] 
2025-10-15 18:18:55.588 [info] Running checks...
2025-10-15 18:18:55.588 [info] Starting linting the current package at /home/arshan/Code/omni/cmd
2025-10-15 18:18:55.662 [info] /home/arshan/Code/omni/cmd>Finished running tool: /home/arshan/go/bin/staticcheck
2025-10-15 18:18:55.662 [info] 
2025-10-15 18:19:02.862 [info] Running checks...
2025-10-15 18:19:02.862 [info] Starting linting the current package at /home/arshan/Code/omni/cmd
2025-10-15 18:19:02.927 [info] /home/arshan/Code/omni/cmd>Finished running tool: /home/arshan/go/bin/staticcheck
2025-10-15 18:19:02.927 [info] 
2025-10-15 18:19:04.251 [info] Running checks...
2025-10-15 18:19:04.251 [info] Starting linting the current package at /home/arshan/Code/omni/cmd
2025-10-15 18:19:04.320 [info] /home/arshan/Code/omni/cmd>Finished running tool: /home/arshan/go/bin/staticcheck
2025-10-15 18:19:04.320 [info] 
2025-10-15 18:19:13.911 [info] Running checks...
2025-10-15 18:19:13.911 [info] Starting linting the current package at /home/arshan/Code/omni/cmd
2025-10-15 18:19:13.986 [info] /home/arshan/Code/omni/cmd>Finished running tool: /home/arshan/go/bin/staticcheck
2025-10-15 18:19:13.986 [info] 
2025-10-15 18:19:18.697 [info] Running checks...
2025-10-15 18:19:18.697 [info] Starting linting the current package at /home/arshan/Code/omni/cmd
2025-10-15 18:19:18.765 [info] /home/arshan/Code/omni/cmd>Finished running tool: /home/arshan/go/bin/staticcheck
2025-10-15 18:19:18.765 [info] 
2025-10-15 18:19:21.952 [info] Running checks...
2025-10-15 18:19:21.952 [info] Starting linting the current package at /home/arshan/Code/omni/cmd
2025-10-15 18:19:22.019 [info] /home/arshan/Code/omni/cmd>Finished running tool: /home/arshan/go/bin/staticcheck
2025-10-15 18:19:22.019 [info] 
2025-10-15 18:19:27.346 [info] Running checks...
2025-10-15 18:19:27.346 [info] Starting linting the current package at /home/arshan/Code/omni/cmd
2025-10-15 18:19:27.415 [info] /home/arshan/Code/omni/cmd>Finished running tool: /home/arshan/go/bin/staticcheck
2025-10-15 18:19:27.415 [info] 
2025-10-15 18:19:30.056 [info] Running checks...
2025-10-15 18:19:30.056 [info] Starting linting the current package at /home/arshan/Code/omni/cmd
2025-10-15 18:19:30.123 [info] /home/arshan/Code/omni/cmd>Finished running tool: /home/arshan/go/bin/staticcheck
2025-10-15 18:19:30.123 [info] 
2025-10-15 18:19:44.301 [info] Running checks...
2025-10-15 18:19:44.301 [info] Starting linting the current package at /home/arshan/Code/omni/cmd
2025-10-15 18:19:44.370 [info] /home/arshan/Code/omni/cmd>Finished running tool: /home/arshan/go/bin/staticcheck
2025-10-15 18:19:44.370 [info] 
2025-10-15 18:19:46.062 [info] Running checks...
2025-10-15 18:19:46.062 [info] Starting linting the current package at /home/arshan/Code/omni/cmd
2025-10-15 18:19:46.154 [info] /home/arshan/Code/omni/cmd>Finished running tool: /home/arshan/go/bin/staticcheck
2025-10-15 18:19:46.154 [info] 
2025-10-15 18:20:29.395 [info] Running checks...
2025-10-15 18:20:29.395 [info] Starting linting the current package at /home/arshan/Code/omni/cmd
2025-10-15 18:20:29.460 [info] /home/arshan/Code/omni/cmd>Finished running tool: /home/arshan/go/bin/staticcheck
2025-10-15 18:20:29.460 [info] 
2025-10-15 18:20:40.041 [info] Running checks...
2025-10-15 18:20:40.041 [info] Starting linting the current package at /home/arshan/Code/omni/cmd
2025-10-15 18:20:40.098 [info] /home/arshan/Code/omni/cmd>Finished running tool: /home/arshan/go/bin/staticcheck
2025-10-15 18:20:40.098 [info] /home/arshan/Code/omni/cmd/main.go:7:2 "github.com/fatih/color" imported and not used (compile)
2025-10-15 18:20:40.098 [info] 
2025-10-15 18:20:44.973 [info] Running checks...
2025-10-15 18:20:44.973 [info] Starting linting the current package at /home/arshan/Code/omni/cmd
2025-10-15 18:20:45.032 [info] /home/arshan/Code/omni/cmd>Finished running tool: /home/arshan/go/bin/staticcheck
2025-10-15 18:20:45.032 [info] /home/arshan/Code/omni/cmd/main.go:7:2 "github.com/fatih/color" imported and not used
2025-10-15 18:20:45.032 [info] /home/arshan/Code/omni/cmd/main.go:13:2 undefined: printBanner (compile)
2025-10-15 18:20:45.032 [info] 
2025-10-15 18:20:48.090 [info] Running checks...
2025-10-15 18:20:48.090 [info] Starting linting the current package at /home/arshan/Code/omni/cmd
2025-10-15 18:20:48.160 [info] /home/arshan/Code/omni/cmd>Finished running tool: /home/arshan/go/bin/staticcheck
2025-10-15 18:20:48.160 [info] /home/arshan/Code/omni/cmd/main.go:7:2 "github.com/fatih/color" imported and not used
2025-10-15 18:20:48.160 [info] /home/arshan/Code/omni/cmd/main.go:12:2 not enough arguments in call to fmt.Printf
2025-10-15 18:20:48.160 [info] /home/arshan/Code/omni/cmd/main.go:13:2 undefined: printBanner (compile)
2025-10-15 18:20:48.160 [info] 
2025-10-15 18:20:53.396 [info] Running checks...
2025-10-15 18:20:53.396 [info] Starting linting the current package at /home/arshan/Code/omni/cmd
2025-10-15 18:20:53.466 [info] /home/arshan/Code/omni/cmd>Finished running tool: /home/arshan/go/bin/staticcheck
2025-10-15 18:20:53.466 [info] /home/arshan/Code/omni/cmd/main.go:7:2 "github.com/fatih/color" imported and not used
2025-10-15 18:20:53.466 [info] /home/arshan/Code/omni/cmd/main.go:12:2 not enough arguments in call to fmt.Printf
2025-10-15 18:20:53.466 [info] 
2025-10-15 18:20:56.640 [info] Running checks...
2025-10-15 18:20:56.640 [info] Starting linting the current package at /home/arshan/Code/omni/cmd
2025-10-15 18:20:56.717 [info] /home/arshan/Code/omni/cmd>Finished running tool: /home/arshan/go/bin/staticcheck
2025-10-15 18:20:56.717 [info] /home/arshan/Code/omni/cmd/main.go:7:2 "github.com/fatih/color" imported and not used
2025-10-15 18:20:56.717 [info] /home/arshan/Code/omni/cmd/main.go:12:2 not enough arguments in call to fmt.Printf
2025-10-15 18:20:56.717 [info] /home/arshan/Code/omni/cmd/main.go:13:2 not enough arguments in call to printBanner
2025-10-15 18:20:56.717 [info] /home/arshan/Code/omni/cmd/main.go:17:20 color is not a type (compile)
2025-10-15 18:20:56.717 [info] 
2025-10-15 18:21:03.382 [info] Running checks...
2025-10-15 18:21:03.382 [info] Starting linting the current package at /home/arshan/Code/omni/cmd
2025-10-15 18:21:03.441 [info] /home/arshan/Code/omni/cmd>Finished running tool: /home/arshan/go/bin/staticcheck
2025-10-15 18:21:03.441 [info] /home/arshan/Code/omni/cmd/main.go:7:2 "github.com/fatih/color" imported and not used
2025-10-15 18:21:03.441 [info] /home/arshan/Code/omni/cmd/main.go:12:2 not enough arguments in call to fmt.Printf
2025-10-15 18:21:03.441 [info] /home/arshan/Code/omni/cmd/main.go:13:2 not enough arguments in call to printBanner
2025-10-15 18:21:03.441 [info] 
2025-10-15 18:21:43.976 [info] Running checks...
2025-10-15 18:21:43.976 [info] Starting linting the current package at /home/arshan/Code/omni/cmd
2025-10-15 18:21:44.033 [info] /home/arshan/Code/omni/cmd>Finished running tool: /home/arshan/go/bin/staticcheck
2025-10-15 18:21:44.033 [info] /home/arshan/Code/omni/cmd/main.go:19:1 syntax error: unexpected }, expected name or ( (compile)
2025-10-15 18:21:44.033 [info] 
2025-10-15 18:21:56.028 [info] Running checks...
2025-10-15 18:21:56.028 [info] Starting linting the current package at /home/arshan/Code/omni/cmd
2025-10-15 18:21:56.094 [info] /home/arshan/Code/omni/cmd>Finished running tool: /home/arshan/go/bin/staticcheck
2025-10-15 18:21:56.094 [info] /home/arshan/Code/omni/cmd/main.go:7:2 "github.com/fatih/color" imported and not used
2025-10-15 18:21:56.094 [info] /home/arshan/Code/omni/cmd/main.go:12:2 not enough arguments in call to fmt.Printf
2025-10-15 18:21:56.094 [info] /home/arshan/Code/omni/cmd/main.go:13:2 not enough arguments in call to printBanner
2025-10-15 18:21:56.094 [info] 
2025-10-15 18:24:21.572 [info] Running checks...
2025-10-15 18:24:21.572 [info] Starting linting the current package at /home/arshan/Code/omni/cmd
2025-10-15 18:24:21.630 [info] /home/arshan/Code/omni/cmd>Finished running tool: /home/arshan/go/bin/staticcheck
2025-10-15 18:24:21.630 [info] /home/arshan/Code/omni/cmd/main.go:7:2 "github.com/fatih/color" imported and not used
2025-10-15 18:24:21.630 [info] /home/arshan/Code/omni/cmd/main.go:12:2 not enough arguments in call to fmt.Printf
2025-10-15 18:24:21.630 [info] 
2025-10-15 18:24:23.447 [info] Running checks...
2025-10-15 18:24:23.447 [info] Starting linting the current package at /home/arshan/Code/omni/cmd
2025-10-15 18:24:23.505 [info] /home/arshan/Code/omni/cmd>Finished running tool: /home/arshan/go/bin/staticcheck
2025-10-15 18:24:23.505 [info] /home/arshan/Code/omni/cmd/main.go:7:2 "github.com/fatih/color" imported and not used
2025-10-15 18:24:23.505 [info] /home/arshan/Code/omni/cmd/main.go:12:2 not enough arguments in call to fmt.Printf
2025-10-15 18:24:23.505 [info] 
2025-10-15 18:24:28.694 [info] Running checks...
2025-10-15 18:24:28.694 [info] Starting linting the current package at /home/arshan/Code/omni/cmd
2025-10-15 18:24:28.754 [info] /home/arshan/Code/omni/cmd>Finished running tool: /home/arshan/go/bin/staticcheck
2025-10-15 18:24:28.754 [info] /home/arshan/Code/omni/cmd/main.go:12:2 not enough arguments in call to fmt.Printf
2025-10-15 18:24:28.754 [info] /home/arshan/Code/omni/cmd/main.go:18:2 not enough arguments in call to color.Red
2025-10-15 18:24:28.754 [info] 
2025-10-15 18:24:32.219 [info] Running checks...
2025-10-15 18:24:32.219 [info] Starting linting the current package at /home/arshan/Code/omni/cmd
2025-10-15 18:24:32.281 [info] /home/arshan/Code/omni/cmd>Finished running tool: /home/arshan/go/bin/staticcheck
2025-10-15 18:24:32.281 [info] /home/arshan/Code/omni/cmd/main.go:12:2 not enough arguments in call to fmt.Printf
2025-10-15 18:24:32.281 [info] 
2025-10-15 18:24:39.489 [info] Running checks...
2025-10-15 18:24:39.489 [info] Starting linting the current package at /home/arshan/Code/omni/cmd
2025-10-15 18:24:39.550 [info] /home/arshan/Code/omni/cmd>Finished running tool: /home/arshan/go/bin/staticcheck
2025-10-15 18:24:39.550 [info] /home/arshan/Code/omni/cmd/main.go:12:15 syntax error: unexpected ) at end of statement (compile)
2025-10-15 18:24:39.550 [info] 
2025-10-15 18:24:40.869 [info] Running checks...
2025-10-15 18:24:40.869 [info] Starting linting the current package at /home/arshan/Code/omni/cmd
2025-10-15 18:24:40.937 [info] /home/arshan/Code/omni/cmd>Finished running tool: /home/arshan/go/bin/staticcheck
2025-10-15 18:24:40.937 [info] 
2025-10-15 18:24:42.861 [info] Running checks...
2025-10-15 18:24:42.861 [info] Starting linting the current package at /home/arshan/Code/omni/cmd
2025-10-15 18:24:42.930 [info] /home/arshan/Code/omni/cmd>Finished running tool: /home/arshan/go/bin/staticcheck
2025-10-15 18:24:42.930 [info] 
2025-10-15 18:24:47.472 [info] Running checks...
2025-10-15 18:24:47.472 [info] Starting linting the current package at /home/arshan/Code/omni/cmd
2025-10-15 18:24:47.544 [info] /home/arshan/Code/omni/cmd>Finished running tool: /home/arshan/go/bin/staticcheck
2025-10-15 18:24:47.544 [info] 
2025-10-15 18:24:58.661 [info] Running checks...
2025-10-15 18:24:58.661 [info] Starting linting the current package at /home/arshan/Code/omni/cmd
2025-10-15 18:24:58.734 [info] /home/arshan/Code/omni/cmd>Finished running tool: /home/arshan/go/bin/staticcheck
2025-10-15 18:24:58.734 [info] 
2025-10-15 18:25:00.887 [info] Running checks...
2025-10-15 18:25:00.887 [info] Starting linting the current package at /home/arshan/Code/omni/cmd
2025-10-15 18:25:00.947 [info] /home/arshan/Code/omni/cmd>Finished running tool: /home/arshan/go/bin/staticcheck
2025-10-15 18:25:00.947 [info] /home/arshan/Code/omni/cmd/main.go:4:2 "fmt" imported and not used (compile)
2025-10-15 18:25:00.947 [info] 
2025-10-15 18:25:04.307 [info] Running checks...
2025-10-15 18:25:04.307 [info] Starting linting the current package at /home/arshan/Code/omni/cmd
2025-10-15 18:25:04.372 [info] /home/arshan/Code/omni/cmd>Finished running tool: /home/arshan/go/bin/staticcheck
2025-10-15 18:25:04.372 [info] /home/arshan/Code/omni/cmd/main.go:23:6 func printBanner is unused (U1000)
2025-10-15 18:25:04.372 [info] 
2025-10-15 18:25:06.722 [info] Running checks...
2025-10-15 18:25:06.722 [info] Starting linting the current package at /home/arshan/Code/omni/cmd
2025-10-15 18:25:06.786 [info] /home/arshan/Code/omni/cmd>Finished running tool: /home/arshan/go/bin/staticcheck
2025-10-15 18:25:06.786 [info] /home/arshan/Code/omni/cmd/main.go:22:6 func printBanner is unused (U1000)
2025-10-15 18:25:06.786 [info] 
2025-10-15 18:25:08.165 [info] Running checks...
2025-10-15 18:25:08.165 [info] Starting linting the current package at /home/arshan/Code/omni/cmd
2025-10-15 18:25:08.235 [info] /home/arshan/Code/omni/cmd>Finished running tool: /home/arshan/go/bin/staticcheck
2025-10-15 18:25:08.235 [info] /home/arshan/Code/omni/cmd/main.go:21:6 func printBanner is unused (U1000)
2025-10-15 18:25:08.235 [info] 
