[Info  - 18:38:29] 2025/10/17 18:38:29 Created View (#1)
	directory=/home/arshan/Code/scripts
	view_type="AdHoc"
	root_dir="file:///home/arshan/Code/scripts"
	go_version="go version go1.25.2 linux/amd64"
	build_flags=[]
	env={GOOS:linux GOARCH:amd64 GOCACHE:/home/arshan/.cache/go-build GOMODCACHE:/home/arshan/go/pkg/mod GOPATH:/home/arshan/go GOPRIVATE: GOFLAGS: GO111MODULE: GOTOOLCHAIN:auto GOROOT:/usr/lib/go GoVersion:25 GoVersionOutput:go version go1.25.2 linux/amd64
 ExplicitGOWORK: EffectiveGOPACKAGESDRIVER:}
	env_overlay=[]

[Info  - 18:38:29] 2025/10/17 18:38:29 go/packages.Load #1
	view_id="1"
	snapshot=0
	directory=/home/arshan/Code/scripts
	query=[./ builtin]
	packages=2
	duration=12.988082ms

[Info  - 18:38:59] 2025/10/17 18:38:59 background imports cache refresh starting

[Info  - 18:38:59] 2025/10/17 18:38:59 background refresh finished after 2.374978ms

[Info  - 18:40:06] 2025/10/17 18:40:06 go/packages.Load #2
	view_id="1"
	snapshot=2
	directory=/home/arshan/Code/scripts
	query=[./]
	packages=1
	duration=33.98025ms

[Info  - 18:40:39] 2025/10/17 18:40:39 background imports cache refresh starting

[Info  - 18:40:39] 2025/10/17 18:40:39 background refresh finished after 27.171µs

[Info  - 20:28:22] 2025/10/17 20:28:21 Shutdown session
	shutdown_session=1

