2025-10-20 21:40:51.590 [info] Try to start language server - activation (enabled: true)
2025-10-20 21:40:51.660 [info] Running language server gopls(v0.20.0/go1.25.1)
2025-10-20 21:40:54.436 [info] Running checks...
2025-10-20 21:40:54.436 [info] Starting linting the current package at /home/arshan/Code/gomisc/calculator
2025-10-20 21:40:54.541 [info] /home/arshan/Code/gomisc/calculator>Finished running tool: /home/arshan/go/bin/staticcheck
2025-10-20 21:40:54.541 [info] 
2025-10-20 22:10:51.594 [info] Fetching latest go developer survey
2025-10-20 22:10:51.744 [info] Using fetched Go developer survey: v0.1.0
2025-10-20 22:10:51.745 [info] Survey active from Mon Sep 08 2025 to Tue Sep 30 2025
2025-10-21 16:16:41.685 [info] Try to start language server - activation (enabled: true)
2025-10-21 16:16:41.747 [info] Running language server gopls(v0.20.0/go1.25.1)
2025-10-21 16:16:48.490 [info] Running checks...
2025-10-21 16:16:48.490 [info] Starting linting the current package at /home/arshan/Code/gofiregrabber
2025-10-21 16:16:48.524 [info] /home/arshan/Code/gofiregrabber>Finished running tool: /home/arshan/go/bin/staticcheck
2025-10-21 16:16:48.524 [info] 
2025-10-21 16:16:55.680 [info] Running checks...
2025-10-21 16:16:55.680 [info] Starting linting the current package at /home/arshan/Code/gofiregrabber
2025-10-21 16:16:55.711 [info] /home/arshan/Code/gofiregrabber>Finished running tool: /home/arshan/go/bin/staticcheck
2025-10-21 16:16:55.711 [info] 
2025-10-21 16:17:17.881 [info] Running checks...
2025-10-21 16:17:17.881 [info] Starting linting the current package at /home/arshan/Code/gofiregrabber
2025-10-21 16:17:17.912 [info] /home/arshan/Code/gofiregrabber>Finished running tool: /home/arshan/go/bin/staticcheck
2025-10-21 16:17:17.912 [info] 
2025-10-21 16:17:20.334 [info] Running checks...
2025-10-21 16:17:20.334 [info] Starting linting the current package at /home/arshan/Code/gofiregrabber
2025-10-21 16:17:20.364 [info] /home/arshan/Code/gofiregrabber>Finished running tool: /home/arshan/go/bin/staticcheck
2025-10-21 16:17:20.364 [info] 
2025-10-21 16:18:23.798 [info] Running checks...
2025-10-21 16:18:23.799 [info] Starting linting the current package at /home/arshan/Code/gofiregrabber
2025-10-21 16:18:23.826 [info] /home/arshan/Code/gofiregrabber>Finished running tool: /home/arshan/go/bin/staticcheck
2025-10-21 16:18:23.826 [info] 
2025-10-21 16:18:35.663 [info] Running checks...
2025-10-21 16:18:35.663 [info] Starting linting the current package at /home/arshan/Code/gofiregrabber
2025-10-21 16:18:35.690 [info] /home/arshan/Code/gofiregrabber>Finished running tool: /home/arshan/go/bin/staticcheck
2025-10-21 16:18:35.690 [info] 
2025-10-21 16:18:45.098 [info] Running checks...
2025-10-21 16:18:45.098 [info] Starting linting the current package at /home/arshan/Code/gofiregrabber
2025-10-21 16:18:45.124 [info] /home/arshan/Code/gofiregrabber>Finished running tool: /home/arshan/go/bin/staticcheck
2025-10-21 16:18:45.124 [info] 
2025-10-21 16:18:46.317 [info] Running checks...
2025-10-21 16:18:46.317 [info] Starting linting the current package at /home/arshan/Code/gofiregrabber
2025-10-21 16:18:46.343 [info] /home/arshan/Code/gofiregrabber>Finished running tool: /home/arshan/go/bin/staticcheck
2025-10-21 16:18:46.343 [info] 
2025-10-21 16:18:56.951 [info] Running checks...
2025-10-21 16:18:56.951 [info] Starting linting the current package at /home/arshan/Code/gofiregrabber
2025-10-21 16:18:56.980 [info] /home/arshan/Code/gofiregrabber>Finished running tool: /home/arshan/go/bin/staticcheck
2025-10-21 16:18:56.980 [info] 
2025-10-21 16:20:13.155 [info] Running checks...
2025-10-21 16:20:13.155 [info] Starting linting the current package at /home/arshan/Code/gofiregrabber
2025-10-21 16:20:13.183 [info] /home/arshan/Code/gofiregrabber>Finished running tool: /home/arshan/go/bin/staticcheck
2025-10-21 16:20:13.183 [info] 
2025-10-21 16:20:14.371 [info] Running checks...
2025-10-21 16:20:14.371 [info] Starting linting the current package at /home/arshan/Code/gofiregrabber
2025-10-21 16:20:14.400 [info] /home/arshan/Code/gofiregrabber>Finished running tool: /home/arshan/go/bin/staticcheck
2025-10-21 16:20:14.400 [info] 
2025-10-21 16:20:44.980 [info] Running checks...
2025-10-21 16:20:44.980 [info] Starting linting the current package at /home/arshan/Code/gofiregrabber
2025-10-21 16:20:45.008 [info] /home/arshan/Code/gofiregrabber>Finished running tool: /home/arshan/go/bin/staticcheck
2025-10-21 16:20:45.008 [info] 
2025-10-21 16:20:52.442 [info] Running checks...
2025-10-21 16:20:52.442 [info] Starting linting the current package at /home/arshan/Code/gofiregrabber
2025-10-21 16:20:52.469 [info] /home/arshan/Code/gofiregrabber>Finished running tool: /home/arshan/go/bin/staticcheck
2025-10-21 16:20:52.469 [info] 
2025-10-21 16:21:27.667 [info] Running checks...
2025-10-21 16:21:27.667 [info] Starting linting the current package at /home/arshan/Code/gofiregrabber
2025-10-21 16:21:27.693 [info] /home/arshan/Code/gofiregrabber>Finished running tool: /home/arshan/go/bin/staticcheck
2025-10-21 16:21:27.693 [info] 
2025-10-21 16:21:31.118 [info] Running checks...
2025-10-21 16:21:31.118 [info] Starting linting the current package at /home/arshan/Code/gofiregrabber
2025-10-21 16:21:31.146 [info] /home/arshan/Code/gofiregrabber>Finished running tool: /home/arshan/go/bin/staticcheck
2025-10-21 16:21:31.146 [info] 
2025-10-21 16:21:39.478 [info] Running checks...
2025-10-21 16:21:39.478 [info] Starting linting the current package at /home/arshan/Code/gofiregrabber
2025-10-21 16:21:39.503 [info] /home/arshan/Code/gofiregrabber>Finished running tool: /home/arshan/go/bin/staticcheck
2025-10-21 16:21:39.503 [info] 
2025-10-21 16:21:40.870 [info] Running checks...
2025-10-21 16:21:40.870 [info] Starting linting the current package at /home/arshan/Code/gofiregrabber
2025-10-21 16:21:40.896 [info] /home/arshan/Code/gofiregrabber>Finished running tool: /home/arshan/go/bin/staticcheck
2025-10-21 16:21:40.896 [info] 
2025-10-21 16:21:42.012 [info] Running checks...
2025-10-21 16:21:42.012 [info] Starting linting the current package at /home/arshan/Code/gofiregrabber
2025-10-21 16:21:42.037 [info] /home/arshan/Code/gofiregrabber>Finished running tool: /home/arshan/go/bin/staticcheck
2025-10-21 16:21:42.037 [info] 
2025-10-21 16:21:44.028 [info] Running checks...
2025-10-21 16:21:44.028 [info] Starting linting the current package at /home/arshan/Code/gofiregrabber
2025-10-21 16:21:44.053 [info] /home/arshan/Code/gofiregrabber>Finished running tool: /home/arshan/go/bin/staticcheck
2025-10-21 16:21:44.053 [info] 
2025-10-21 16:21:45.537 [info] Running checks...
2025-10-21 16:21:45.537 [info] Starting linting the current package at /home/arshan/Code/gofiregrabber
2025-10-21 16:21:45.563 [info] /home/arshan/Code/gofiregrabber>Finished running tool: /home/arshan/go/bin/staticcheck
2025-10-21 16:21:45.563 [info] 
2025-10-21 16:21:48.744 [info] Running checks...
2025-10-21 16:21:48.744 [info] Starting linting the current package at /home/arshan/Code/gofiregrabber
2025-10-21 16:21:48.770 [info] /home/arshan/Code/gofiregrabber>Finished running tool: /home/arshan/go/bin/staticcheck
2025-10-21 16:21:48.770 [info] 
2025-10-21 16:21:53.153 [info] Running checks...
2025-10-21 16:21:53.153 [info] Starting linting the current package at /home/arshan/Code/gofiregrabber
2025-10-21 16:21:53.182 [info] /home/arshan/Code/gofiregrabber>Finished running tool: /home/arshan/go/bin/staticcheck
2025-10-21 16:21:53.182 [info] 
