2025-10-15 18:10:26.336 [info] [main] Log level: Info
2025-10-15 18:10:26.336 [info] [main] Validating found git in: "git"
2025-10-15 18:10:26.336 [info] [main] Using git "2.51.0" from "git"
2025-10-15 18:10:26.336 [info] [Model][doInitialScan] Initial repository scan started
2025-10-15 18:10:26.336 [info] > git rev-parse --show-toplevel [16ms]
2025-10-15 18:10:26.336 [info] fatal: not a git repository (or any parent up to mount point /)
Stopping at filesystem boundary (GIT_DISCOVERY_ACROSS_FILESYSTEM not set).
2025-10-15 18:10:26.336 [info] > git rev-parse --show-toplevel [3ms]
2025-10-15 18:10:26.336 [info] fatal: not a git repository (or any parent up to mount point /)
Stopping at filesystem boundary (GIT_DISCOVERY_ACROSS_FILESYSTEM not set).
2025-10-15 18:10:26.336 [info] > git rev-parse --show-toplevel [4ms]
2025-10-15 18:10:26.336 [info] fatal: not a git repository (or any parent up to mount point /)
Stopping at filesystem boundary (GIT_DISCOVERY_ACROSS_FILESYSTEM not set).
2025-10-15 18:10:26.336 [info] > git rev-parse --show-toplevel [3ms]
2025-10-15 18:10:26.336 [info] fatal: not a git repository (or any parent up to mount point /)
Stopping at filesystem boundary (GIT_DISCOVERY_ACROSS_FILESYSTEM not set).
2025-10-15 18:10:26.336 [info] [Model][doInitialScan] Initial repository scan completed - repositories (0), closed repositories (0), parent repositories (0), unsafe repositories (0)
2025-10-15 18:10:26.645 [info] > git rev-parse --show-toplevel [22ms]
2025-10-15 18:10:26.645 [info] fatal: not a git repository (or any parent up to mount point /)
Stopping at filesystem boundary (GIT_DISCOVERY_ACROSS_FILESYSTEM not set).
2025-10-15 18:10:26.661 [info] > git rev-parse --show-toplevel [4ms]
2025-10-15 18:10:26.661 [info] fatal: not a git repository (or any parent up to mount point /)
Stopping at filesystem boundary (GIT_DISCOVERY_ACROSS_FILESYSTEM not set).
2025-10-15 18:10:27.294 [info] > git rev-parse --show-toplevel [1ms]
2025-10-15 18:10:27.294 [info] fatal: not a git repository (or any parent up to mount point /)
Stopping at filesystem boundary (GIT_DISCOVERY_ACROSS_FILESYSTEM not set).
2025-10-15 18:10:33.997 [info] > git rev-parse --show-toplevel [1ms]
2025-10-15 18:10:33.997 [info] fatal: not a git repository (or any parent up to mount point /)
Stopping at filesystem boundary (GIT_DISCOVERY_ACROSS_FILESYSTEM not set).
2025-10-15 18:19:22.206 [info] > git rev-parse --show-toplevel [1ms]
2025-10-15 18:19:22.206 [info] fatal: not a git repository (or any parent up to mount point /)
Stopping at filesystem boundary (GIT_DISCOVERY_ACROSS_FILESYSTEM not set).
2025-10-15 18:19:31.974 [info] > git rev-parse --show-toplevel [1ms]
2025-10-15 18:19:31.974 [info] fatal: not a git repository (or any parent up to mount point /)
Stopping at filesystem boundary (GIT_DISCOVERY_ACROSS_FILESYSTEM not set).
