[62382][1760288744663][main][info]["Booting Postman 11.66.5, linux-6.17.1-2-cachyos on x64"]
[62382][1760288744665][main][info]["EventBus~initialize - Success"]
[62382][1760288744668][main][info]["Proxy configuration has not been setup"]
[62382][1760288744669][main][info]["CloudProxyManager~init - Success"]
[62382][1760288744703][main][info]["performShellDataMigration: Starting shell data migration"]
[62382][1760288744704][main][info]["migrateShellData:Starting"]
[62382][1760288744705][main][info]["migrateShellData: Old storage cleaned up"]
[62382][1760288746187][main][info]["migrateShellData: Got data from shell. Writing to storage"]
[62382][1760288746190][main][info]["performShellDataMigration: Migration successful on try count 1"]
[62382][1760288746195][main][info]["UpdateHandler~init - Success"]
[62382][1760288746196][main][info]["LeaderSelection: Initialized successfully"]
[62382][1760288746204][main][info]["GPU detected VID 4318 DID 9637 ACTIVE true"]
[62382][1760288746204][main][info]["GPU detected VID 32902 DID 39528 ACTIVE false"]
[62382][1760288746206][main][info]["main.js: Agent started"]
[62382][1760288746206][main][info]["shellController~init: Success"]
[62382][1760288746207][main][info]["shellMeta~init: Success"]
[62382][1760288746207][main][info]["partitionMigrationService: State of V7 partition:"]
[62382][1760288746207][main][info]["partitionMigrationService: V7 partitions",[]]
[62382][1760288746207][main][info]["partitionMigrationService~rectifyNamespaceOfScratchPadPartition: There is no partition with scratchpad namespace"]
[62382][1760288746207][main][info]["partitionMigrationService~rectifyNamespaceOfScratchPadPartition: There is no transit partition which could have been used for scratchpad"]
[62382][1760288746207][main][info]["partitionMigrationService~init: Success"]
[62382][1760288746207][main][info]["partitionMigrationService~runV8PartitionsIntegrity: Two way migration~ removing the following partitions from v8",[]]
[62382][1760288746207][main][info]["userPartitionService~_rectifyTheActivePartitionOfApplication: Setting the active partition to ",null]
[62382][1760288746212][main][info]["LinuxAutoUpdater~Cleanup - Initial cleanup successful"]
[62382][1760288746214][main][info]["newAccountRegionPreferenceService~getPreferenceWithFallback - Preference not found in storage."]
[62382][1760288746214][main][info]["newAccountRegionPreferenceService~getToggleMenuTemplate - Using preference:","useUSRegion"]
[62382][1760288746218][main][info]["userPartitionService~init: Success"]
[62382][1760288746226][main][info]["userPartitionService: State of v8 partition system:"]
[62382][1760288746226][main][info]["shell~init~getPartitionToLoad: loading scratchpad partition"]
[62382][1760288746227][main][info]["userPartitionService: List of partitions:",[]]
[62382][1760288746227][main][info]["userPartitionService: users global meta:",{}]
[62382][1760288746231][main][info]["Main:windowManager~newRequesterWindow: Fetch and update runtime config: undefined"]
[62382][1760288747919][main][info]["RuntimeIPCAgent~started: Success"]
[62382][1760288747937][main][info]["Main~scratchpadThemeAction:: action: set, value: dark"]
[62382][1760288747938][main][info]["Main~scratchpadThemeAction:: action: set, value: dark"]
[62382][1760288747945][main][info]["Main~scratchpadThemeAction:: action: set, value: dark"]
[62382][1760288747952][main][info]["UpdateHandler~app-update-events - Received event",{"name":"checkForElectronVersionUpdated","namespace":"appUpdate"}]
[62382][1760288747956][main][info]["windowManager: First requester booted successfully."]
[62382][1760288747957][main][info]["windowManager~restoreWindows: Restoring requester windows"]
[62382][1760288747957][main][info]["WebVersionService: Initialized successfully with version: undefined"]
[62382][1760288747957][main][info]["Main~AppEvents - Received booted event for process requester.Version undefined UI Version: undefined Desktop Platform Version: 11.66.5"]
[62382][1760288750712][main][info]["Main - model-events~user - (users, add) received"]
[62382][1760288750728][main][info]["WebVersionService: Resetting UI version as user logged out/switched account"]
[62382][1760288750728][main][info]["WebVersionService: Resetting web app version"]
[62382][1760288750903][main][info]["AuthHandler~open: Received dom-ready event."]
[62382][1760288750904][main][info]["AuthHandler~open: Received did-finish-load event."]
[62382][1760288751028][main][warn]["AuthHandler~open: Current app is not default protocol client - Falling back to polling mechanism."]
[62382][1760288751029][main][info]["newAccountRegionPreferenceService~getPreferenceWithFallback - Preference not found in storage."]
[62382][1760288751029][main][info]["newAccountRegionPreferenceService~getRegionPreference - Using preference:","useUSRegion"]
[62382][1760288751029][main][info]["AuthHandler~open: new Account region preference:","us"]
[62382][1760288751029][main][info]["AuthHandler~open: get multiLoginToken token."]
[62382][1760288751029][main][info]["AuthHandler~open: Publishing initialize event to auth-window channel."]
[62382][1760288757101][main][info]["Shell~init~loginUser: associating the user ","48893070"," with transit partition"]
[62382][1760288757101][main][info]["userPartitionService~getNewPartitionId: creating a partition with userId and teamId as 0"]
[62382][1760288757108][main][info]["userPartitionService~associateTransitPartition: ",{"partitionId":"3711158a-b928-4b80-af08-a238d71f3866","context":{"namespace":"users","userId":"48893070","teamId":"10518363","region":"us"}}]
[62382][1760288757114][main][info]["userPartitionService: State of v8 partition system:"]
[62382][1760288757114][main][info]["userPartitionService: List of partitions:",[{"partitionId":"3711158a-b928-4b80-af08-a238d71f3866","namespace":"users","userId":"48893070","teamId":"10518363","lastUpdated":"2025-10-12T17:05:57.108Z"},{"partitionId":"fc51238c-f946-43cc-899e-e6d8bc71f85d","namespace":"scratchPad","userId":0,"teamId":0,"isDirty":false}]]
[62382][1760288757115][main][info]["userPartitionService: users global meta:",{}]
[62382][1760288757118][main][info]["Main:windowManager~newRequesterWindow: found partition: 3711158a-b928-4b80-af08-a238d71f3866 for user: 48893070 on us"]
[62382][1760288757118][main][info]["Main:windowManager~newRequesterWindow: Fetch and update runtime config: us"]
[62382][1760288757129][main][info]["getDesktopReleaseVersionAsQueryParams: webVersion: "]
[62382][1760288758744][main][info]["Main~getRemoteInitPath:: "]
[62382][1760288758808][main][info]["Main - model-events~user - (user, update) received"]
[62382][1760288758809][main][info]["Main~reload: https://desktop.postman.com/?desktopVersion=11.66.5&userId=48893070&teamId=10518363&region=us"]
[62382][1760288759012][main][info]["UpdateHandler~app-update-events - Received event",{"name":"checkForElectronVersionUpdated","namespace":"appUpdate"}]
[62382][1760288759015][main][info]["INTERCEPTOR CONNECTIVITY: Connecting to Interceptor Bridge"]
[62382][1760288759022][main][info]["windowManager: First requester booted successfully."]
[62382][1760288759022][main][info]["windowManager~restoreWindows: Restoring requester windows"]
[62382][1760288759022][main][info]["WebVersionService: Initialized successfully with version: 11.66.5-ui-251010-0111"]
[62382][1760288759022][main][info]["Main~AppEvents - Received booted event for process requester.Version 11.66.5 UI Version: 11.66.5-ui-251010-0111 Desktop Platform Version: 11.66.5"]
[62382][1760288759085][main][info]["Main~getRemoteInitPath:: "]
[62382][1760288759220][main][info]["INTERCEPTOR CONNECTIVITY: Attempting to start websocket server on port 15611"]
[62382][1760288759827][main][info]["Main~getRemoteInitPath:: "]
[62382][1760288759879][main][info]["Main - model-events~user - (user, update) received"]
[62382][1760288760065][main][info]["UpdateHandler~app-update-events - Received event",{"name":"checkForElectronVersionUpdated","namespace":"appUpdate"}]
[62382][1760288760071][main][info]["WebVersionService: Initialized successfully with version: 11.66.5-ui-251010-0111"]
[62382][1760288760072][main][info]["Main~AppEvents - Received booted event for process requester.Version 11.66.5 UI Version: 11.66.5-ui-251010-0111 Desktop Platform Version: 11.66.5"]
[62382][1760288760105][main][info]["Main~getRemoteInitPath:: "]
[62382][1760288760221][main][info]["Main~getPlatformLaunchPerfMetrics"]
[62382][1760288760651][main][info]["Main - model-events~user - (user, bootstrapUser) received"]
[62382][1760288760651][main][info]["model-events~user - bootstrapUser received"]
[62382][1760288761155][main][info]["Main - model-events~user - (user, bootstrapUser) received"]
[62382][1760288761155][main][info]["model-events~user - bootstrapUser received"]
[62382][1760288766068][main][info]["Agent.worker: Agent process started"]
[62382][1760288766070][main][info]["Initializing provider:","runtime"]
[62382][1760288766070][main][info]["Initializing provider:","cloudFiles"]
[62382][1760288766070][main][info]["Agent.worker: Provider initialized","cloudFiles"]
[62382][1760288766213][main][info]["Agent.worker: Provider initialized","runtime"]
[62382][1760288766216][main][error]["Error while retrieving user key from keychain",{"name":"Error","message":"The name is not activatable","stack":"Error: The name is not activatable\n    at /opt/postman/app/resources/app/vendors-node_modules_postman_runtime_runtime-rpc_dist_index_js-07a7741c7d1b9b04.min.js:1:12686\n    at _unpackers.<computed> (/opt/postman/app/resources/app/vendors-node_modules_postman_runtime_runtime-rpc_dist_index_js-07a7741c7d1b9b04.min.js:1:19279)\n    at ext (/opt/postman/app/resources/app/vendors-node_modules_postman_runtime_runtime-rpc_dist_index_js-07a7741c7d1b9b04.min.js:1:29678)\n    at e.exports (/opt/postman/app/resources/app/vendors-node_modules_postman_runtime_runtime-rpc_dist_index_js-07a7741c7d1b9b04.min.js:1:22029)\n    at array (/opt/postman/app/resources/app/vendors-node_modules_postman_runtime_runtime-rpc_dist_index_js-07a7741c7d1b9b04.min.js:1:29195)\n    at e.exports (/opt/postman/app/resources/app/vendors-node_modules_postman_runtime_runtime-rpc_dist_index_js-07a7741c7d1b9b04.min.js:1:21541)\n    at map (/opt/postman/app/resources/app/vendors-node_modules_postman_runtime_runtime-rpc_dist_index_js-07a7741c7d1b9b04.min.js:1:29124)\n    at e.exports (/opt/postman/app/resources/app/vendors-node_modules_postman_runtime_runtime-rpc_dist_index_js-07a7741c7d1b9b04.min.js:1:21379)\n    at map (/opt/postman/app/resources/app/vendors-node_modules_postman_runtime_runtime-rpc_dist_index_js-07a7741c7d1b9b04.min.js:1:29124)\n    at e.exports (/opt/postman/app/resources/app/vendors-node_modules_postman_runtime_runtime-rpc_dist_index_js-07a7741c7d1b9b04.min.js:1:21379)\n    at t.decode (/opt/postman/app/resources/app/vendors-node_modules_postman_runtime_runtime-rpc_dist_index_js-07a7741c7d1b9b04.min.js:1:26797)\n    at Object.decode (/opt/postman/app/resources/app/vendors-node_modules_postman_runtime_runtime-rpc_dist_index_js-07a7741c7d1b9b04.min.js:1:12769)\n    at t.default (/opt/postman/app/resources/app/vendors-node_modules_postman_runtime_runtime-rpc_dist_index_js-07a7741c7d1b9b04.min.js:1:13201)\n    at Object.receive (/opt/postman/app/resources/app/vendors-node_modules_postman_runtime_runtime-rpc_dist_index_js-07a7741c7d1b9b04.min.js:1:5515)\n    at /opt/postman/app/resources/app/Agent-b3cea5b0486a5c37.min.js:1:2887\n    at Worker.<anonymous> (/opt/postman/app/resources/app/Agent-b3cea5b0486a5c37.min.js:1:4124)"}]
[62382][1760288796432][main][info]["Agent.worker: Provider initialized","fs"]
[62382][1760288796433][main][info]["Initializing provider:","fs"]
[62382][1760294097320][main][info]["WindowManager~closeHandler - Closed Window (id: 4 )"]
[62382][1760294097337][main][info]["Quitting app"]
