[Info  - 18:10:26] 2025/10/15 18:10:26 Created View (#1)
	directory=/home/arshan/Code/omni
	view_type="GoMod"
	root_dir="file:///home/arshan/Code/omni"
	go_version="go version go1.25.1 linux/amd64"
	build_flags=[]
	env={GOOS:linux GOARCH:amd64 GOCACHE:/home/arshan/.cache/go-build GOMODCACHE:/home/arshan/go/pkg/mod GOPATH:/home/arshan/go GOPRIVATE: GOFLAGS: GO111MODULE: GOTOOLCHAIN:auto GOROOT:/usr/lib/go GoVersion:25 GoVersionOutput:go version go1.25.1 linux/amd64
 ExplicitGOWORK: EffectiveGOPACKAGESDRIVER:}
	env_overlay=[]

[Info  - 18:10:26] 2025/10/15 18:10:26 go/packages.Load #1
	view_id="1"
	snapshot=0
	directory=/home/arshan/Code/omni
	query=[/home/arshan/Code/omni/... builtin]
	packages=2
	duration=161.408984ms

[Info  - 18:10:32] 2025/10/15 18:10:32 go/packages.Load #2
	view_id="1"
	snapshot=3
	directory=/home/arshan/Code/omni
	query=[omni/cmd]
	packages=1
	duration=5.39023ms

[Info  - 18:10:33] 2025/10/15 18:10:33 go/packages.Load #3
	view_id="1"
	snapshot=4
	directory=/home/arshan/Code/omni
	query=[file=/home/arshan/Code/omni/cmd/main.go]
	packages=1
	duration=8.557664ms

[Info  - 18:10:35] 2025/10/15 18:10:35 go/packages.Load #4
	view_id="1"
	snapshot=14
	directory=/home/arshan/Code/omni
	query=[file=/home/arshan/Code/omni/cmd/main.go]
	packages=1
	duration=8.26024ms

[Info  - 18:10:36] 2025/10/15 18:10:36 go/packages.Load #5
	view_id="1"
	snapshot=15
	directory=/home/arshan/Code/omni
	query=[file=/home/arshan/Code/omni/cmd/main.go]
	packages=1
	duration=8.809013ms

[Info  - 18:10:36] 2025/10/15 18:10:36 go/packages.Load #6
	view_id="1"
	snapshot=15
	directory=/home/arshan/Code/omni
	query=[file=/home/arshan/Code/omni/cmd/main.go]
	packages=1
	duration=8.766854ms

[Info  - 18:10:36] 2025/10/15 18:10:36 go/packages.Load #7
	view_id="1"
	snapshot=16
	directory=/home/arshan/Code/omni
	query=[file=/home/arshan/Code/omni/cmd/main.go]
	packages=1
	duration=9.417666ms

[Info  - 18:10:36] 2025/10/15 18:10:36 go/packages.Load #8
	view_id="1"
	snapshot=16
	directory=/home/arshan/Code/omni
	query=[file=/home/arshan/Code/omni/cmd/main.go]
	packages=1
	duration=9.448955ms

[Info  - 18:10:36] 2025/10/15 18:10:36 go/packages.Load #9
	view_id="1"
	snapshot=17
	directory=/home/arshan/Code/omni
	query=[file=/home/arshan/Code/omni/cmd/main.go]
	packages=1
	duration=8.832747ms

[Info  - 18:10:36] 2025/10/15 18:10:36 go/packages.Load #10
	view_id="1"
	snapshot=17
	directory=/home/arshan/Code/omni
	query=[file=/home/arshan/Code/omni/cmd/main.go]
	packages=1
	duration=8.896451ms

[Info  - 18:10:36] 2025/10/15 18:10:36 go/packages.Load #11
	view_id="1"
	snapshot=19
	directory=/home/arshan/Code/omni
	query=[file=/home/arshan/Code/omni/cmd/main.go]
	packages=1
	duration=7.854455ms

[Info  - 18:10:36] 2025/10/15 18:10:36 go/packages.Load #12
	view_id="1"
	snapshot=20
	directory=/home/arshan/Code/omni
	query=[file=/home/arshan/Code/omni/cmd/main.go]
	packages=1
	duration=7.434335ms

[Info  - 18:10:36] 2025/10/15 18:10:36 go/packages.Load #13
	view_id="1"
	snapshot=21
	directory=/home/arshan/Code/omni
	query=[file=/home/arshan/Code/omni/cmd/main.go]
	packages=1
	duration=8.93034ms

[Info  - 18:10:36] 2025/10/15 18:10:36 go/packages.Load #14
	view_id="1"
	snapshot=22
	directory=/home/arshan/Code/omni
	query=[file=/home/arshan/Code/omni/cmd/main.go]
	packages=1
	duration=8.312783ms

[Info  - 18:10:37] 2025/10/15 18:10:37 go/packages.Load #16
	view_id="1"
	snapshot=23
	directory=/home/arshan/Code/omni
	query=[file=/home/arshan/Code/omni/cmd/main.go]
	packages=1
	duration=7.410258ms

[Info  - 18:10:37] 2025/10/15 18:10:37 go/packages.Load #15
	view_id="1"
	snapshot=23
	directory=/home/arshan/Code/omni
	query=[file=/home/arshan/Code/omni/cmd/main.go]
	packages=1
	duration=7.419452ms

[Info  - 18:10:37] 2025/10/15 18:10:37 go/packages.Load #18
	view_id="1"
	snapshot=24
	directory=/home/arshan/Code/omni
	query=[file=/home/arshan/Code/omni/cmd/main.go]
	packages=1
	duration=28.067692ms

[Info  - 18:10:37] 2025/10/15 18:10:37 go/packages.Load #17
	view_id="1"
	snapshot=24
	directory=/home/arshan/Code/omni
	query=[file=/home/arshan/Code/omni/cmd/main.go]
	packages=1
	duration=28.272006ms

[Error - 18:10:38] 2025/10/15 18:10:38 imports fixes: allImportsFixes: /home/arshan/Code/omni/cmd/main.go:3:5: expected '(', found 'EOF' (and 3 more errors)
	file="/home/arshan/Code/omni/cmd/main.go"

[Info  - 18:10:43] 2025/10/15 18:10:43 go/packages.Load #19
	view_id="1"
	snapshot=50
	directory=/home/arshan/Code/omni
	query=[file=/home/arshan/Code/omni/cmd/main.go]
	packages=1
	duration=24.718393ms

[Info  - 18:10:44] 2025/10/15 18:10:44 go/packages.Load #20
	view_id="1"
	snapshot=53
	directory=/home/arshan/Code/omni
	query=[file=/home/arshan/Code/omni/cmd/main.go]
	packages=1
	duration=23.020694ms

[Info  - 18:10:45] 2025/10/15 18:10:45 go/packages.Load #21
	view_id="1"
	snapshot=54
	directory=/home/arshan/Code/omni
	query=[file=/home/arshan/Code/omni/cmd/main.go]
	packages=1
	duration=24.257897ms

[Info  - 18:10:45] 2025/10/15 18:10:45 go/packages.Load #22
	view_id="1"
	snapshot=55
	directory=/home/arshan/Code/omni
	query=[file=/home/arshan/Code/omni/cmd/main.go]
	packages=1
	duration=32.239457ms

[Info  - 18:10:45] 2025/10/15 18:10:45 go/packages.Load #23
	view_id="1"
	snapshot=55
	directory=/home/arshan/Code/omni
	query=[file=/home/arshan/Code/omni/cmd/main.go]
	packages=1
	duration=32.343786ms

[Info  - 18:10:46] 2025/10/15 18:10:46 go/packages.Load #24
	view_id="1"
	snapshot=58
	directory=/home/arshan/Code/omni
	query=[file=/home/arshan/Code/omni/cmd/main.go]
	packages=1
	duration=32.555449ms

[Info  - 18:10:46] 2025/10/15 18:10:46 go/packages.Load #25
	view_id="1"
	snapshot=58
	directory=/home/arshan/Code/omni
	query=[file=/home/arshan/Code/omni/cmd/main.go]
	packages=1
	duration=30.84391ms

[Info  - 18:10:46] 2025/10/15 18:10:46 go/packages.Load #26
	view_id="1"
	snapshot=59
	directory=/home/arshan/Code/omni
	query=[file=/home/arshan/Code/omni/cmd/main.go]
	packages=1
	duration=34.84261ms

[Info  - 18:10:46] 2025/10/15 18:10:46 go/packages.Load #27
	view_id="1"
	snapshot=59
	directory=/home/arshan/Code/omni
	query=[file=/home/arshan/Code/omni/cmd/main.go]
	packages=1
	duration=34.411821ms

[Info  - 18:10:47] 2025/10/15 18:10:47 go/packages.Load #29
	view_id="1"
	snapshot=60
	directory=/home/arshan/Code/omni
	query=[file=/home/arshan/Code/omni/cmd/main.go]
	packages=1
	duration=37.029269ms

[Info  - 18:10:47] 2025/10/15 18:10:47 go/packages.Load #28
	view_id="1"
	snapshot=60
	directory=/home/arshan/Code/omni
	query=[file=/home/arshan/Code/omni/cmd/main.go]
	packages=1
	duration=38.264819ms

[Info  - 18:10:47] 2025/10/15 18:10:47 go/packages.Load #30
	view_id="1"
	snapshot=61
	directory=/home/arshan/Code/omni
	query=[file=/home/arshan/Code/omni/cmd/main.go]
	packages=1
	duration=32.024163ms

[Info  - 18:10:47] 2025/10/15 18:10:47 go/packages.Load #31
	view_id="1"
	snapshot=61
	directory=/home/arshan/Code/omni
	query=[file=/home/arshan/Code/omni/cmd/main.go]
	packages=1
	duration=34.48098ms

[Info  - 18:10:47] 2025/10/15 18:10:47 go/packages.Load #32
	view_id="1"
	snapshot=62
	directory=/home/arshan/Code/omni
	query=[file=/home/arshan/Code/omni/cmd/main.go]
	packages=1
	duration=32.087332ms

[Info  - 18:10:47] 2025/10/15 18:10:47 go/packages.Load #33
	view_id="1"
	snapshot=62
	directory=/home/arshan/Code/omni
	query=[file=/home/arshan/Code/omni/cmd/main.go]
	packages=1
	duration=31.114937ms

[Info  - 18:10:47] 2025/10/15 18:10:47 go/packages.Load #34
	view_id="1"
	snapshot=63
	directory=/home/arshan/Code/omni
	query=[file=/home/arshan/Code/omni/cmd/main.go]
	packages=1
	duration=32.749376ms

[Info  - 18:10:47] 2025/10/15 18:10:47 go/packages.Load #35
	view_id="1"
	snapshot=63
	directory=/home/arshan/Code/omni
	query=[file=/home/arshan/Code/omni/cmd/main.go]
	packages=1
	duration=30.444624ms

[Info  - 18:10:47] 2025/10/15 18:10:47 go/packages.Load #36
	view_id="1"
	snapshot=64
	directory=/home/arshan/Code/omni
	query=[file=/home/arshan/Code/omni/cmd/main.go]
	packages=1
	duration=32.64844ms

[Info  - 18:10:47] 2025/10/15 18:10:47 go/packages.Load #37
	view_id="1"
	snapshot=64
	directory=/home/arshan/Code/omni
	query=[file=/home/arshan/Code/omni/cmd/main.go]
	packages=1
	duration=29.772286ms

[Info  - 18:10:47] 2025/10/15 18:10:47 go/packages.Load #38
	view_id="1"
	snapshot=65
	directory=/home/arshan/Code/omni
	query=[file=/home/arshan/Code/omni/cmd/main.go]
	packages=1
	duration=29.745097ms

[Info  - 18:10:48] 2025/10/15 18:10:48 go/packages.Load #39
	view_id="1"
	snapshot=66
	directory=/home/arshan/Code/omni
	query=[file=/home/arshan/Code/omni/cmd/main.go]
	packages=1
	duration=30.267055ms

[Info  - 18:10:48] 2025/10/15 18:10:48 go/packages.Load #40
	view_id="1"
	snapshot=66
	directory=/home/arshan/Code/omni
	query=[file=/home/arshan/Code/omni/cmd/main.go]
	packages=1
	duration=34.478191ms

[Info  - 18:10:48] 2025/10/15 18:10:48 go/packages.Load #41
	view_id="1"
	snapshot=67
	directory=/home/arshan/Code/omni
	query=[file=/home/arshan/Code/omni/cmd/main.go]
	packages=1
	duration=29.260176ms

[Info  - 18:10:48] 2025/10/15 18:10:48 go/packages.Load #42
	view_id="1"
	snapshot=68
	directory=/home/arshan/Code/omni
	query=[file=/home/arshan/Code/omni/cmd/main.go]
	packages=1
	duration=28.50106ms

[Info  - 18:10:48] 2025/10/15 18:10:48 go/packages.Load #43
	view_id="1"
	snapshot=68
	directory=/home/arshan/Code/omni
	query=[file=/home/arshan/Code/omni/cmd/main.go]
	packages=1
	duration=33.981219ms

[Info  - 18:10:48] 2025/10/15 18:10:48 go/packages.Load #44
	view_id="1"
	snapshot=69
	directory=/home/arshan/Code/omni
	query=[file=/home/arshan/Code/omni/cmd/main.go]
	packages=1
	duration=32.813313ms

[Info  - 18:10:48] 2025/10/15 18:10:48 go/packages.Load #45
	view_id="1"
	snapshot=69
	directory=/home/arshan/Code/omni
	query=[file=/home/arshan/Code/omni/cmd/main.go]
	packages=1
	duration=34.899869ms

[Info  - 18:10:56] 2025/10/15 18:10:56 background imports cache refresh starting

[Info  - 18:10:56] 2025/10/15 18:10:56 background refresh finished after 2.089804ms

[Info  - 18:15:02] 2025/10/15 18:15:02 go/packages.Load #46
	view_id="1"
	snapshot=114
	directory=/home/arshan/Code/omni
	query=[file=/home/arshan/Code/omni/cmd/main.go]
	packages=1
	duration=35.047454ms

[Info  - 18:15:02] 2025/10/15 18:15:02 go/packages.Load #47
	view_id="1"
	snapshot=114
	directory=/home/arshan/Code/omni
	query=[file=/home/arshan/Code/omni/cmd/main.go]
	packages=1
	duration=31.295781ms

[Info  - 18:15:02] 2025/10/15 18:15:02 go/packages.Load #48
	view_id="1"
	snapshot=115
	directory=/home/arshan/Code/omni
	query=[file=/home/arshan/Code/omni/cmd/main.go]
	packages=1
	duration=29.812204ms

[Info  - 18:15:02] 2025/10/15 18:15:02 go/packages.Load #49
	view_id="1"
	snapshot=115
	directory=/home/arshan/Code/omni
	query=[file=/home/arshan/Code/omni/cmd/main.go]
	packages=1
	duration=28.823209ms

[Info  - 18:15:02] 2025/10/15 18:15:02 go/packages.Load #50
	view_id="1"
	snapshot=116
	directory=/home/arshan/Code/omni
	query=[file=/home/arshan/Code/omni/cmd/main.go]
	packages=1
	duration=33.23099ms

[Info  - 18:15:02] 2025/10/15 18:15:02 go/packages.Load #51
	view_id="1"
	snapshot=116
	directory=/home/arshan/Code/omni
	query=[file=/home/arshan/Code/omni/cmd/main.go]
	packages=1
	duration=33.766391ms

[Info  - 18:15:02] 2025/10/15 18:15:02 go/packages.Load #52
	view_id="1"
	snapshot=117
	directory=/home/arshan/Code/omni
	query=[file=/home/arshan/Code/omni/cmd/main.go]
	packages=1
	duration=35.573207ms

[Info  - 18:15:02] 2025/10/15 18:15:02 go/packages.Load #53
	view_id="1"
	snapshot=117
	directory=/home/arshan/Code/omni
	query=[file=/home/arshan/Code/omni/cmd/main.go]
	packages=1
	duration=33.199796ms

[Info  - 18:15:02] 2025/10/15 18:15:02 go/packages.Load #54
	view_id="1"
	snapshot=118
	directory=/home/arshan/Code/omni
	query=[file=/home/arshan/Code/omni/cmd/main.go]
	packages=1
	duration=32.357376ms

[Info  - 18:15:02] 2025/10/15 18:15:02 go/packages.Load #55
	view_id="1"
	snapshot=118
	directory=/home/arshan/Code/omni
	query=[file=/home/arshan/Code/omni/cmd/main.go]
	packages=1
	duration=34.630608ms

[Info  - 18:15:02] 2025/10/15 18:15:02 go/packages.Load #56
	view_id="1"
	snapshot=119
	directory=/home/arshan/Code/omni
	query=[file=/home/arshan/Code/omni/cmd/main.go]
	packages=1
	duration=29.231804ms

[Info  - 18:15:02] 2025/10/15 18:15:02 go/packages.Load #58
	view_id="1"
	snapshot=120
	directory=/home/arshan/Code/omni
	query=[file=/home/arshan/Code/omni/cmd/main.go]
	packages=1
	duration=34.211954ms

[Info  - 18:15:02] 2025/10/15 18:15:02 go/packages.Load #57
	view_id="1"
	snapshot=120
	directory=/home/arshan/Code/omni
	query=[file=/home/arshan/Code/omni/cmd/main.go]
	packages=1
	duration=35.241314ms

[Info  - 18:15:02] 2025/10/15 18:15:02 go/packages.Load #59
	view_id="1"
	snapshot=121
	directory=/home/arshan/Code/omni
	query=[file=/home/arshan/Code/omni/cmd/main.go]
	packages=1
	duration=33.04474ms

[Error - 18:15:02] Request textDocument/inlayHint failed.
  Message: getting file for InlayHint: context canceled
  Code: 0 
[Info  - 18:15:02] 2025/10/15 18:15:02 go/packages.Load #61
	view_id="1"
	snapshot=122
	directory=/home/arshan/Code/omni
	query=[file=/home/arshan/Code/omni/cmd/main.go]
	packages=1
	duration=31.498204ms

[Info  - 18:15:03] 2025/10/15 18:15:03 go/packages.Load #62
	view_id="1"
	snapshot=123
	directory=/home/arshan/Code/omni
	query=[file=/home/arshan/Code/omni/cmd/main.go]
	packages=1
	duration=32.822307ms

[Info  - 18:15:03] 2025/10/15 18:15:03 go/packages.Load #63
	view_id="1"
	snapshot=123
	directory=/home/arshan/Code/omni
	query=[file=/home/arshan/Code/omni/cmd/main.go]
	packages=1
	duration=31.21089ms

[Info  - 18:15:03] 2025/10/15 18:15:03 go/packages.Load #64
	view_id="1"
	snapshot=124
	directory=/home/arshan/Code/omni
	query=[file=/home/arshan/Code/omni/cmd/main.go]
	packages=1
	duration=29.496115ms

[Error - 18:15:05] 2025/10/15 18:15:05 tidy: diagnosing file:///home/arshan/Code/omni/go.mod: err: exit status 1: stderr: go: omni/cmd imports
	github.com/: malformed import path "github.com/": trailing slash


[Info  - 18:15:06] 2025/10/15 18:15:06 go/packages.Load #65
	view_id="1"
	snapshot=127
	directory=/home/arshan/Code/omni
	query=[file=/home/arshan/Code/omni/cmd/main.go]
	packages=1
	duration=39.270111ms

[Info  - 18:15:06] 2025/10/15 18:15:06 go/packages.Load #66
	view_id="1"
	snapshot=127
	directory=/home/arshan/Code/omni
	query=[file=/home/arshan/Code/omni/cmd/main.go]
	packages=1
	duration=32.877877ms

[Info  - 18:15:06] 2025/10/15 18:15:06 go/packages.Load #67
	view_id="1"
	snapshot=128
	directory=/home/arshan/Code/omni
	query=[file=/home/arshan/Code/omni/cmd/main.go]
	packages=1
	duration=32.332599ms

[Info  - 18:15:06] 2025/10/15 18:15:06 go/packages.Load #68
	view_id="1"
	snapshot=128
	directory=/home/arshan/Code/omni
	query=[file=/home/arshan/Code/omni/cmd/main.go]
	packages=1
	duration=31.872106ms

[Info  - 18:15:06] 2025/10/15 18:15:06 go/packages.Load #69
	view_id="1"
	snapshot=129
	directory=/home/arshan/Code/omni
	query=[file=/home/arshan/Code/omni/cmd/main.go]
	packages=1
	duration=40.042863ms

[Info  - 18:15:06] 2025/10/15 18:15:06 go/packages.Load #70
	view_id="1"
	snapshot=129
	directory=/home/arshan/Code/omni
	query=[file=/home/arshan/Code/omni/cmd/main.go]
	packages=1
	duration=45.058698ms

[Info  - 18:15:06] 2025/10/15 18:15:06 go/packages.Load #71
	view_id="1"
	snapshot=130
	directory=/home/arshan/Code/omni
	query=[file=/home/arshan/Code/omni/cmd/main.go]
	packages=1
	duration=29.259693ms

[Info  - 18:15:06] 2025/10/15 18:15:06 go/packages.Load #72
	view_id="1"
	snapshot=130
	directory=/home/arshan/Code/omni
	query=[file=/home/arshan/Code/omni/cmd/main.go]
	packages=1
	duration=29.799209ms

[Info  - 18:15:06] 2025/10/15 18:15:06 go/packages.Load #73
	view_id="1"
	snapshot=131
	directory=/home/arshan/Code/omni
	query=[file=/home/arshan/Code/omni/cmd/main.go]
	packages=1
	duration=28.607868ms

[Info  - 18:15:07] 2025/10/15 18:15:07 go/packages.Load #74
	view_id="1"
	snapshot=132
	directory=/home/arshan/Code/omni
	query=[file=/home/arshan/Code/omni/cmd/main.go]
	packages=1
	duration=31.232265ms

[Info  - 18:15:07] 2025/10/15 18:15:07 go/packages.Load #75
	view_id="1"
	snapshot=132
	directory=/home/arshan/Code/omni
	query=[file=/home/arshan/Code/omni/cmd/main.go]
	packages=1
	duration=31.487425ms

[Info  - 18:15:07] 2025/10/15 18:15:07 go/packages.Load #76
	view_id="1"
	snapshot=133
	directory=/home/arshan/Code/omni
	query=[file=/home/arshan/Code/omni/cmd/main.go]
	packages=1
	duration=29.889628ms

[Info  - 18:15:07] 2025/10/15 18:15:07 go/packages.Load #77
	view_id="1"
	snapshot=134
	directory=/home/arshan/Code/omni
	query=[file=/home/arshan/Code/omni/cmd/main.go]
	packages=1
	duration=28.638515ms

[Info  - 18:15:07] 2025/10/15 18:15:07 go/packages.Load #78
	view_id="1"
	snapshot=134
	directory=/home/arshan/Code/omni
	query=[file=/home/arshan/Code/omni/cmd/main.go]
	packages=1
	duration=29.877258ms

[Info  - 18:15:07] 2025/10/15 18:15:07 go/packages.Load #79
	view_id="1"
	snapshot=135
	directory=/home/arshan/Code/omni
	query=[file=/home/arshan/Code/omni/cmd/main.go]
	packages=1
	duration=29.397168ms

[Info  - 18:15:07] 2025/10/15 18:15:07 go/packages.Load #80
	view_id="1"
	snapshot=135
	directory=/home/arshan/Code/omni
	query=[file=/home/arshan/Code/omni/cmd/main.go]
	packages=1
	duration=29.976346ms

[Info  - 18:15:08] 2025/10/15 18:15:08 go/packages.Load #81
	view_id="1"
	snapshot=136
	directory=/home/arshan/Code/omni
	query=[file=/home/arshan/Code/omni/cmd/main.go]
	packages=1
	duration=29.862729ms

[Info  - 18:15:08] 2025/10/15 18:15:08 go/packages.Load #82
	view_id="1"
	snapshot=136
	directory=/home/arshan/Code/omni
	query=[file=/home/arshan/Code/omni/cmd/main.go]
	packages=1
	duration=28.482935ms

[Info  - 18:15:08] 2025/10/15 18:15:08 go/packages.Load #83
	view_id="1"
	snapshot=137
	directory=/home/arshan/Code/omni
	query=[file=/home/arshan/Code/omni/cmd/main.go]
	packages=1
	duration=31.54598ms

[Info  - 18:15:08] 2025/10/15 18:15:08 go/packages.Load #84
	view_id="1"
	snapshot=137
	directory=/home/arshan/Code/omni
	query=[file=/home/arshan/Code/omni/cmd/main.go]
	packages=1
	duration=29.990099ms

[Info  - 18:15:08] 2025/10/15 18:15:08 go/packages.Load #85
	view_id="1"
	snapshot=138
	directory=/home/arshan/Code/omni
	query=[file=/home/arshan/Code/omni/cmd/main.go]
	packages=1
	duration=30.050404ms

[Info  - 18:15:08] 2025/10/15 18:15:08 go/packages.Load #86
	view_id="1"
	snapshot=138
	directory=/home/arshan/Code/omni
	query=[file=/home/arshan/Code/omni/cmd/main.go]
	packages=1
	duration=33.290053ms

[Info  - 18:15:08] 2025/10/15 18:15:08 go/packages.Load #87
	view_id="1"
	snapshot=139
	directory=/home/arshan/Code/omni
	query=[file=/home/arshan/Code/omni/cmd/main.go]
	packages=1
	duration=31.330241ms

[Info  - 18:15:08] 2025/10/15 18:15:08 go/packages.Load #88
	view_id="1"
	snapshot=139
	directory=/home/arshan/Code/omni
	query=[file=/home/arshan/Code/omni/cmd/main.go]
	packages=1
	duration=30.241793ms

[Info  - 18:15:19] 2025/10/15 18:15:19 go/packages.Load #90
	view_id="1"
	snapshot=157
	directory=/home/arshan/Code/omni
	query=[file=/home/arshan/Code/omni/cmd/main.go]
	packages=1
	duration=35.042725ms

[Info  - 18:15:19] 2025/10/15 18:15:19 go/packages.Load #91
	view_id="1"
	snapshot=157
	directory=/home/arshan/Code/omni
	query=[file=/home/arshan/Code/omni/cmd/main.go]
	packages=1
	duration=33.151304ms

[Error - 18:15:19] 2025/10/15 18:15:19 signature help failed: cannot get type for Fun *ast.SelectorExpr (&{color Red})
	position=13:11

[Error - 18:15:21] Request textDocument/hover failed.
  Message: no package data for import "github.com/fatih/color"
  Code: 0 
[Error - 18:15:22] 2025/10/15 18:15:22 imports fixes: allImportsFixes: /home/arshan/Code/omni/cmd/main.go:14:12: expected operand, found ':' (and 5 more errors)
	file="/home/arshan/Code/omni/cmd/main.go"

[Error - 18:15:22] Request textDocument/hover failed.
  Message: no package data for import "github.com/faith/color"
  Code: 0 
[Error - 18:15:22] 2025/10/15 18:15:22 imports fixes: allImportsFixes: /home/arshan/Code/omni/cmd/main.go:14:12: expected operand, found ':' (and 5 more errors)
	file="/home/arshan/Code/omni/cmd/main.go"

[Error - 18:15:22] 2025/10/15 18:15:22 imports fixes: allImportsFixes: /home/arshan/Code/omni/cmd/main.go:14:12: expected operand, found ':' (and 5 more errors)
	file="/home/arshan/Code/omni/cmd/main.go"

[Error - 18:15:23] 2025/10/15 18:15:23 imports fixes: allImportsFixes: /home/arshan/Code/omni/cmd/main.go:14:12: expected operand, found ':' (and 5 more errors)
	file="/home/arshan/Code/omni/cmd/main.go"

[Error - 18:15:23] Request textDocument/hover failed.
  Message: no package data for import "github.com/fatih/color"
  Code: 0 
[Error - 18:15:24] 2025/10/15 18:15:24 imports fixes: allImportsFixes: /home/arshan/Code/omni/cmd/main.go:14:12: expected operand, found ':' (and 5 more errors)
	file="/home/arshan/Code/omni/cmd/main.go"

[Info  - 18:15:24] 2025/10/15 18:15:24 go/packages.Load #92
	view_id="1"
	snapshot=164
	directory=/home/arshan/Code/omni
	query=[file=/home/arshan/Code/omni/cmd/main.go]
	packages=1
	duration=29.481696ms

[Info  - 18:15:24] 2025/10/15 18:15:24 go/packages.Load #93
	view_id="1"
	snapshot=164
	directory=/home/arshan/Code/omni
	query=[file=/home/arshan/Code/omni/cmd/main.go]
	packages=1
	duration=30.709917ms

[Info  - 18:15:30] 2025/10/15 18:15:30 go/packages.Load #94
	view_id="1"
	snapshot=185
	directory=/home/arshan/Code/omni
	query=[file=/home/arshan/Code/omni/cmd/main.go]
	packages=1
	duration=21.047486ms

[Info  - 18:15:31] 2025/10/15 18:15:31 go/packages.Load #95
	view_id="1"
	snapshot=186
	directory=/home/arshan/Code/omni
	query=[file=/home/arshan/Code/omni/cmd/main.go]
	packages=1
	duration=30.11405ms

[Info  - 18:15:31] 2025/10/15 18:15:31 go/packages.Load #96
	view_id="1"
	snapshot=186
	directory=/home/arshan/Code/omni
	query=[file=/home/arshan/Code/omni/cmd/main.go]
	packages=1
	duration=29.263571ms

[Info  - 18:15:31] 2025/10/15 18:15:31 background imports cache refresh starting

[Info  - 18:15:31] 2025/10/15 18:15:31 background refresh finished after 3.666119ms

[Error - 18:15:33] Request textDocument/hover failed.
  Message: no package data for import "github.com/faith/color"
  Code: 0 
[Info  - 18:16:03] 2025/10/15 18:16:03 background imports cache refresh starting

[Info  - 18:16:03] 2025/10/15 18:16:03 background refresh finished after 4.689584ms

[Info  - 18:16:07] 2025/10/15 18:16:07 go/packages.Load #97
	view_id="1"
	snapshot=189
	directory=/home/arshan/Code/omni
	query=[/home/arshan/Code/omni/... builtin]
	packages=2
	duration=28.432179ms

[Info  - 18:16:18] 2025/10/15 18:16:18 go/packages.Load #98
	view_id="1"
	snapshot=190
	directory=/home/arshan/Code/omni
	query=[file=/home/arshan/Code/omni/cmd/main.go]
	packages=1
	duration=32.336844ms

[Info  - 18:16:18] 2025/10/15 18:16:18 go/packages.Load #99
	view_id="1"
	snapshot=190
	directory=/home/arshan/Code/omni
	query=[file=/home/arshan/Code/omni/cmd/main.go]
	packages=1
	duration=30.45178ms

[Info  - 18:16:18] 2025/10/15 18:16:18 go/packages.Load #100
	view_id="1"
	snapshot=191
	directory=/home/arshan/Code/omni
	query=[file=/home/arshan/Code/omni/cmd/main.go]
	packages=1
	duration=28.777427ms

[Info  - 18:16:18] 2025/10/15 18:16:18 go/packages.Load #101
	view_id="1"
	snapshot=191
	directory=/home/arshan/Code/omni
	query=[file=/home/arshan/Code/omni/cmd/main.go]
	packages=1
	duration=31.352416ms

[Info  - 18:16:19] 2025/10/15 18:16:19 go/packages.Load #102
	view_id="1"
	snapshot=192
	directory=/home/arshan/Code/omni
	query=[file=/home/arshan/Code/omni/cmd/main.go]
	packages=1
	duration=30.694961ms

[Info  - 18:16:19] 2025/10/15 18:16:19 go/packages.Load #103
	view_id="1"
	snapshot=192
	directory=/home/arshan/Code/omni
	query=[file=/home/arshan/Code/omni/cmd/main.go]
	packages=1
	duration=31.679354ms

[Info  - 18:16:19] 2025/10/15 18:16:19 go/packages.Load #104
	view_id="1"
	snapshot=193
	directory=/home/arshan/Code/omni
	query=[file=/home/arshan/Code/omni/cmd/main.go]
	packages=1
	duration=36.320138ms

[Info  - 18:16:19] 2025/10/15 18:16:19 go/packages.Load #105
	view_id="1"
	snapshot=193
	directory=/home/arshan/Code/omni
	query=[file=/home/arshan/Code/omni/cmd/main.go]
	packages=1
	duration=38.098743ms

[Info  - 18:16:22] 2025/10/15 18:16:22 go/packages.Load #106
	view_id="1"
	snapshot=196
	directory=/home/arshan/Code/omni
	query=[file=/home/arshan/Code/omni/cmd/main.go]
	packages=1
	duration=33.599548ms

[Info  - 18:16:22] 2025/10/15 18:16:22 go/packages.Load #107
	view_id="1"
	snapshot=196
	directory=/home/arshan/Code/omni
	query=[/home/arshan/Code/omni/... builtin]
	packages=2
	duration=30.901067ms

[Info  - 18:16:48] 2025/10/15 18:16:48 background imports cache refresh starting

[Info  - 18:16:48] 2025/10/15 18:16:48 background refresh finished after 6.399164ms

[Error - 18:16:56] 2025/10/15 18:16:56 signature help failed: call operand is not a func or type: *ast.SelectorExpr (&{color BgHiRed})
	position=12:15

[Error - 18:17:09] 2025/10/15 18:17:09 imports fixes: allImportsFixes: /home/arshan/Code/omni/cmd/main.go:13:13: expected ';', found '.' (and 2 more errors)
	file="/home/arshan/Code/omni/cmd/main.go"

[Error - 18:17:10] 2025/10/15 18:17:10 imports fixes: allImportsFixes: /home/arshan/Code/omni/cmd/main.go:13:13: expected ';', found '.' (and 2 more errors)
	file="/home/arshan/Code/omni/cmd/main.go"

[Info  - 18:17:20] 2025/10/15 18:17:20 background imports cache refresh starting

[Info  - 18:17:20] 2025/10/15 18:17:20 background refresh finished after 4.128439ms

[Error - 18:17:22] 2025/10/15 18:17:22 imports fixes: allImportsFixes: /home/arshan/Code/omni/cmd/main.go:13:13: expected ';', found '.' (and 2 more errors)
	file="/home/arshan/Code/omni/cmd/main.go"

[Error - 18:17:22] Request textDocument/formatting failed.
  Message: 13:13: expected ';', found '.' (and 1 more errors)
  Code: 0 
[Error - 18:17:22] 2025/10/15 18:17:22 imports fixes: allImportsFixes: /home/arshan/Code/omni/cmd/main.go:13:13: expected ';', found '.' (and 2 more errors)
	file="/home/arshan/Code/omni/cmd/main.go"

[Error - 18:17:22] 2025/10/15 18:17:22 imports fixes: allImportsFixes: /home/arshan/Code/omni/cmd/main.go:13:13: expected ';', found '.' (and 2 more errors)
	file="/home/arshan/Code/omni/cmd/main.go"

[Error - 18:17:23] 2025/10/15 18:17:23 imports fixes: allImportsFixes: /home/arshan/Code/omni/cmd/main.go:13:13: expected ';', found '.' (and 2 more errors)
	file="/home/arshan/Code/omni/cmd/main.go"

[Error - 18:17:23] Request textDocument/formatting failed.
  Message: 13:13: expected ';', found '.' (and 1 more errors)
  Code: 0 
[Error - 18:17:26] 2025/10/15 18:17:26 imports fixes: allImportsFixes: /home/arshan/Code/omni/cmd/main.go:13:13: expected ';', found '.' (and 2 more errors)
	file="/home/arshan/Code/omni/cmd/main.go"

[Info  - 18:18:01] 2025/10/15 18:18:01 background imports cache refresh starting

[Info  - 18:18:01] 2025/10/15 18:18:01 background refresh finished after 4.782278ms

[Error - 18:18:20] 2025/10/15 18:18:20 signature help failed: call operand is not a func or type: *ast.SelectorExpr (&{color BgBlack})
	position=12:25

[Error - 18:18:22] 2025/10/15 18:18:22 signature help failed: call operand is not a func or type: *ast.SelectorExpr (&{color BgBlack})
	position=12:25

[Error - 18:18:25] 2025/10/15 18:18:25 imports fixes: allImportsFixes: /home/arshan/Code/omni/cmd/main.go:13:11: expected statement, found ')' (and 2 more errors)
	file="/home/arshan/Code/omni/cmd/main.go"

[Error - 18:18:26] 2025/10/15 18:18:26 imports fixes: allImportsFixes: /home/arshan/Code/omni/cmd/main.go:13:2: expected statement, found ')' (and 2 more errors)
	file="/home/arshan/Code/omni/cmd/main.go"

[Info  - 18:18:32] 2025/10/15 18:18:32 background imports cache refresh starting

[Info  - 18:18:32] 2025/10/15 18:18:32 background refresh finished after 4.275909ms

[Info  - 18:19:14] 2025/10/15 18:19:14 background imports cache refresh starting

[Info  - 18:19:14] 2025/10/15 18:19:14 background refresh finished after 4.670165ms

[Error - 18:20:44] 2025/10/15 18:20:44 signature help failed: cannot get type for Fun *ast.Ident (printBanner)
	position=12:13

[Error - 18:20:50] 2025/10/15 18:20:50 imports fixes: allImportsFixes: /home/arshan/Code/omni/cmd/main.go:17:11: expected '(', found newline (and 2 more errors)
	file="/home/arshan/Code/omni/cmd/main.go"

[Info  - 18:21:10] 2025/10/15 18:21:10 background imports cache refresh starting

[Info  - 18:21:10] 2025/10/15 18:21:10 background refresh finished after 4.244481ms

[Error - 18:21:49] 2025/10/15 18:21:49 imports fixes: allImportsFixes: /home/arshan/Code/omni/cmd/main.go:18:7: expected statement, found ')' (and 2 more errors)
	file="/home/arshan/Code/omni/cmd/main.go"

[Error - 18:21:52] 2025/10/15 18:21:52 signature help failed: cannot get type for Fun *ast.SelectorExpr (&{color C})
	position=17:9

[Info  - 18:22:10] 2025/10/15 18:22:10 background imports cache refresh starting

[Info  - 18:22:10] 2025/10/15 18:22:10 background refresh finished after 3.748904ms

[Error - 18:24:37] 2025/10/15 18:24:37 imports fixes: allImportsFixes: /home/arshan/Code/omni/cmd/main.go:12:11: expected statement, found ')' (and 2 more errors)
	file="/home/arshan/Code/omni/cmd/main.go"

[Error - 18:24:38] 2025/10/15 18:24:38 imports fixes: allImportsFixes: /home/arshan/Code/omni/cmd/main.go:12:13: expected statement, found ')' (and 2 more errors)
	file="/home/arshan/Code/omni/cmd/main.go"

[Info  - 18:24:53] 2025/10/15 18:24:53 background imports cache refresh starting

[Info  - 18:24:53] 2025/10/15 18:24:53 background refresh finished after 4.290547ms

[Info  - 18:25:03] 2025/10/15 18:25:03 go/packages.Load #108
	view_id="1"
	snapshot=722
	directory=/home/arshan/Code/omni
	query=[file=/home/arshan/Code/omni/cmd/main.go]
	packages=1
	duration=26.873412ms

[Info  - 18:25:03] 2025/10/15 18:25:03 go/packages.Load #109
	view_id="1"
	snapshot=722
	directory=/home/arshan/Code/omni
	query=[file=/home/arshan/Code/omni/cmd/main.go]
	packages=1
	duration=25.175433ms

[Info  - 18:25:03] 2025/10/15 18:25:03 go/packages.Load #110
	view_id="1"
	snapshot=723
	directory=/home/arshan/Code/omni
	query=[file=/home/arshan/Code/omni/cmd/main.go]
	packages=1
	duration=39.795301ms

[Info  - 18:25:03] 2025/10/15 18:25:03 go/packages.Load #111
	view_id="1"
	snapshot=723
	directory=/home/arshan/Code/omni
	query=[file=/home/arshan/Code/omni/cmd/main.go]
	packages=1
	duration=42.232936ms

[Info  - 18:25:32] 2025/10/15 18:25:32 background imports cache refresh starting

[Info  - 18:25:32] 2025/10/15 18:25:32 background refresh finished after 4.129232ms

