[Running] go run "/home/arshan/Code/omni/cmd/main.go"


    ___           ___           ___                 
     /\  \         /\  \         /\  \                
    /::\  \       |::\  \        \:\  \       ___     
   /:/\:\  \      |:|:\  \        \:\  \     /\__\    
  /:/  \:\  \   __|:|\:\  \   _____\:\  \   /:/__/    
 /:/__/ \:\__\ /::::|_\:\__\ /::::::::\__\ /::\  \    
 \:\  \ /:/  / \:\~~\  \/__/ \:\~~\~~\/__/ \/\:\  \__ 
  \:\  /:/  /   \:\  \        \:\  \        ~~\:\/\__\
   \:\/:/  /     \:\  \        \:\  \          \::/  /
    \::/  /       \:\__\        \:\__\         /:/  / 
     \/__/         \/__/         \/__/         \/__/  

[Done] exited with code=0 in 0.087 seconds

[Running] go run "/home/arshan/Code/omni/cmd/main.go"


     ___           ___           ___                 
     /\  \         /\  \         /\  \                
    /::\  \       |::\  \        \:\  \       ___     
   /:/\:\  \      |:|:\  \        \:\  \     /\__\    
  /:/  \:\  \   __|:|\:\  \   _____\:\  \   /:/__/    
 /:/__/ \:\__\ /::::|_\:\__\ /::::::::\__\ /::\  \    
 \:\  \ /:/  / \:\~~\  \/__/ \:\~~\~~\/__/ \/\:\  \__ 
  \:\  /:/  /   \:\  \        \:\  \        ~~\:\/\__\
   \:\/:/  /     \:\  \        \:\  \          \::/  /
    \::/  /       \:\__\        \:\__\         /:/  / 
     \/__/         \/__/         \/__/         \/__/  

[Done] exited with code=0 in 0.086 seconds

[Running] go run "/home/arshan/Code/omni/cmd/main.go"


      ___           ___           ___                 
     /\  \         /\  \         /\  \                
    /::\  \       |::\  \        \:\  \       ___     
   /:/\:\  \      |:|:\  \        \:\  \     /\__\    
  /:/  \:\  \   __|:|\:\  \   _____\:\  \   /:/__/    
 /:/__/ \:\__\ /::::|_\:\__\ /::::::::\__\ /::\  \    
 \:\  \ /:/  / \:\~~\  \/__/ \:\~~\~~\/__/ \/\:\  \__ 
  \:\  /:/  /   \:\  \        \:\  \        ~~\:\/\__\
   \:\/:/  /     \:\  \        \:\  \          \::/  /
    \::/  /       \:\__\        \:\__\         /:/  / 
     \/__/         \/__/         \/__/         \/__/  

[Done] exited with code=0 in 0.082 seconds

