2025-10-11 16:50:35.893 [info] Extension host with pid 122382 started
2025-10-11 16:50:35.893 [info] Skipping acquiring lock for /home/arshan/.config/Code/User/workspaceStorage/595b7012d7e3d2da20288f2d5a52a3bf.
2025-10-11 16:50:36.132 [info] ExtensionService#_doActivateExtension vscode.github-authentication, startup: false, activationEvent: 'onAuthenticationRequest:github'
2025-10-11 16:50:36.155 [info] ExtensionService#_doActivateExtension vscode.emmet, startup: false, activationEvent: 'onLanguage'
2025-10-11 16:50:36.171 [info] ExtensionService#_doActivateExtension golang.go, startup: false, activationEvent: 'onLanguage:go'
2025-10-11 16:50:36.387 [info] ExtensionService#_doActivateExtension vscode.terminal-suggest, startup: false, activationEvent: 'onTerminalShellIntegration:*'
2025-10-11 16:50:36.582 [info] ExtensionService#_doActivateExtension vscode.git-base, startup: true, activationEvent: '*', root cause: vscode.git
2025-10-11 16:50:36.600 [info] ExtensionService#_doActivateExtension vscode.git, startup: true, activationEvent: '*'
2025-10-11 16:50:36.681 [info] ExtensionService#_doActivateExtension vscode.github, startup: true, activationEvent: '*'
2025-10-11 16:50:36.921 [info] Eager extensions activated
2025-10-11 16:50:36.947 [info] ExtensionService#_doActivateExtension vscode.debug-auto-launch, startup: false, activationEvent: 'onStartupFinished'
2025-10-11 16:50:36.949 [info] ExtensionService#_doActivateExtension vscode.merge-conflict, startup: false, activationEvent: 'onStartupFinished'
2025-10-11 16:50:36.966 [info] ExtensionService#_doActivateExtension esbenp.prettier-vscode, startup: false, activationEvent: 'onStartupFinished'
2025-10-11 16:50:37.058 [info] ExtensionService#_doActivateExtension rpinski.shebang-snippets, startup: false, activationEvent: 'onStartupFinished'
2025-10-11 18:26:15.495 [info] Extension host terminating: renderer closed the MessagePort
2025-10-11 18:26:15.509 [info] Extension host with pid 122382 exiting with code 0
2025-10-11 18:26:16.570 [info] Extension host with pid 128091 started
2025-10-11 18:26:16.570 [info] Skipping acquiring lock for /home/arshan/.config/Code/User/workspaceStorage/f944a6608cbd78fbd46b95bceb862347.
2025-10-11 18:26:16.628 [info] ExtensionService#_doActivateExtension vscode.github-authentication, startup: false, activationEvent: 'onAuthenticationRequest:github'
2025-10-11 18:26:16.650 [info] ExtensionService#_doActivateExtension vscode.emmet, startup: false, activationEvent: 'onLanguage'
2025-10-11 18:26:16.714 [info] ExtensionService#_doActivateExtension vscode.git-base, startup: true, activationEvent: '*'
2025-10-11 18:26:16.723 [info] ExtensionService#_doActivateExtension vscode.github, startup: true, activationEvent: '*'
2025-10-11 18:26:16.789 [info] Eager extensions activated
2025-10-11 18:26:16.832 [info] ExtensionService#_doActivateExtension vscode.debug-auto-launch, startup: false, activationEvent: 'onStartupFinished'
2025-10-11 18:26:16.833 [info] ExtensionService#_doActivateExtension vscode.merge-conflict, startup: false, activationEvent: 'onStartupFinished'
2025-10-11 18:26:16.849 [info] ExtensionService#_doActivateExtension esbenp.prettier-vscode, startup: false, activationEvent: 'onStartupFinished'
2025-10-11 18:26:16.911 [info] ExtensionService#_doActivateExtension rpinski.shebang-snippets, startup: false, activationEvent: 'onStartupFinished'
2025-10-11 18:26:18.430 [info] ExtensionService#_doActivateExtension vscode.git, startup: false, activationEvent: 'api', root cause: vscode.github
2025-10-11 18:26:40.781 [info] Extension host terminating: renderer closed the MessagePort
2025-10-11 18:26:40.790 [info] Extension host with pid 128091 exiting with code 0
