2025-10-13 10:46:22.063 [info] Extension host with pid 4041 started
2025-10-13 10:46:22.063 [info] Skipping acquiring lock for /home/arshan/.config/Code/User/workspaceStorage/1a559d47fa0d015cf38cef4db9558df6.
2025-10-13 10:46:22.284 [info] ExtensionService#_doActivateExtension vscode.github-authentication, startup: false, activationEvent: 'onAuthenticationRequest:github'
2025-10-13 10:46:22.305 [info] ExtensionService#_doActivateExtension vscode.emmet, startup: false, activationEvent: 'onLanguage'
2025-10-13 10:46:22.318 [info] ExtensionService#_doActivateExtension golang.go, startup: false, activationEvent: 'onLanguage:go'
2025-10-13 10:46:22.489 [info] ExtensionService#_doActivateExtension vscode.terminal-suggest, startup: false, activationEvent: 'onTerminalShellIntegration:*'
2025-10-13 10:46:22.645 [info] ExtensionService#_doActivateExtension vscode.git-base, startup: true, activationEvent: '*', root cause: vscode.git
2025-10-13 10:46:22.647 [info] ExtensionService#_doActivateExtension icrawl.discord-vscode, startup: true, activationEvent: '*'
2025-10-13 10:46:22.701 [info] ExtensionService#_doActivateExtension vscode.git, startup: true, activationEvent: '*'
2025-10-13 10:46:22.760 [info] ExtensionService#_doActivateExtension vscode.github, startup: true, activationEvent: '*'
2025-10-13 10:46:22.954 [info] Eager extensions activated
2025-10-13 10:46:23.011 [info] ExtensionService#_doActivateExtension vscode.debug-auto-launch, startup: false, activationEvent: 'onStartupFinished'
2025-10-13 10:46:23.013 [info] ExtensionService#_doActivateExtension vscode.merge-conflict, startup: false, activationEvent: 'onStartupFinished'
2025-10-13 10:46:23.027 [info] ExtensionService#_doActivateExtension Catppuccin.catppuccin-vsc, startup: false, activationEvent: 'onStartupFinished'
2025-10-13 10:46:23.031 [info] ExtensionService#_doActivateExtension esbenp.prettier-vscode, startup: false, activationEvent: 'onStartupFinished'
2025-10-13 10:46:23.091 [info] ExtensionService#_doActivateExtension formulahendry.code-runner, startup: false, activationEvent: 'onStartupFinished'
2025-10-13 10:46:23.105 [info] ExtensionService#_doActivateExtension rpinski.shebang-snippets, startup: false, activationEvent: 'onStartupFinished'
2025-10-13 10:46:23.108 [info] ExtensionService#_doActivateExtension zhuangtongfa.material-theme, startup: false, activationEvent: 'onStartupFinished'
2025-10-13 10:46:26.010 [info] Extension host terminating: renderer closed the MessagePort
2025-10-13 10:46:26.036 [info] Extension host with pid 4041 exiting with code 0
