[12/10/2025 13:59:57 - INFO] Discord Presence activated
[12/10/2025 13:59:57 - INFO] Creating discord-rpc client
[12/10/2025 13:59:57 - INFO] Successfully connected to Discord
[12/10/2025 13:59:57 - DEBUG] Loading git extension
[12/10/2025 14:03:15 - TRACE] VSCode language id: go
[12/10/2025 14:03:16 - TRACE] VSCode language id: go
[12/10/2025 14:03:18 - TRACE] VSCode language id: go
[12/10/2025 14:03:20 - TRACE] VSCode language id: go
[12/10/2025 14:03:23 - TRACE] VSCode language id: go
[12/10/2025 14:03:25 - TRACE] VSCode language id: go
[12/10/2025 14:03:27 - TRACE] VSCode language id: go
[12/10/2025 14:03:29 - TRACE] VSCode language id: go
[12/10/2025 14:03:31 - TRACE] VSCode language id: go
[12/10/2025 14:30:36 - TRACE] VSCode language id: go
[12/10/2025 14:30:38 - TRACE] VSCode language id: go
[12/10/2025 14:30:41 - TRACE] VSCode language id: go
[12/10/2025 14:30:41 - TRACE] VSCode language id: go
[12/10/2025 14:30:43 - TRACE] VSCode language id: go
[12/10/2025 14:30:45 - TRACE] VSCode language id: go
[12/10/2025 14:30:48 - TRACE] VSCode language id: go
[12/10/2025 14:30:50 - TRACE] VSCode language id: go
[12/10/2025 14:30:52 - TRACE] VSCode language id: go
[12/10/2025 14:30:54 - TRACE] VSCode language id: go
[12/10/2025 14:30:56 - TRACE] VSCode language id: go
[12/10/2025 14:32:52 - TRACE] VSCode language id: go
[12/10/2025 14:32:54 - TRACE] VSCode language id: go
[12/10/2025 14:32:56 - TRACE] VSCode language id: go
[12/10/2025 14:32:58 - TRACE] VSCode language id: go
[12/10/2025 14:33:00 - TRACE] VSCode language id: go
[12/10/2025 14:33:03 - TRACE] VSCode language id: go
[12/10/2025 14:33:05 - TRACE] VSCode language id: go
[12/10/2025 14:33:07 - TRACE] VSCode language id: go
[12/10/2025 14:33:10 - TRACE] VSCode language id: go
[12/10/2025 14:33:12 - TRACE] VSCode language id: go
[12/10/2025 14:33:14 - TRACE] VSCode language id: go
[12/10/2025 14:33:22 - TRACE] VSCode language id: go
[12/10/2025 14:33:24 - TRACE] VSCode language id: go
[12/10/2025 14:33:26 - TRACE] VSCode language id: go
[12/10/2025 14:34:52 - TRACE] VSCode language id: go
[12/10/2025 14:34:54 - TRACE] VSCode language id: go
[12/10/2025 14:34:55 - TRACE] VSCode language id: code-runner-output
[12/10/2025 14:34:56 - TRACE] VSCode language id: code-runner-output
[12/10/2025 14:35:01 - TRACE] VSCode language id: go
[12/10/2025 14:35:07 - TRACE] VSCode language id: go
[12/10/2025 14:35:09 - TRACE] VSCode language id: go
[12/10/2025 14:35:11 - TRACE] VSCode language id: go
[12/10/2025 14:35:13 - TRACE] VSCode language id: go
[12/10/2025 14:35:15 - TRACE] VSCode language id: go
[12/10/2025 14:35:18 - TRACE] VSCode language id: go
[12/10/2025 14:35:21 - TRACE] VSCode language id: go
[12/10/2025 14:35:23 - TRACE] VSCode language id: go
[12/10/2025 14:35:26 - TRACE] VSCode language id: go
[12/10/2025 14:35:28 - TRACE] VSCode language id: go
[12/10/2025 14:35:30 - TRACE] VSCode language id: go
[12/10/2025 14:35:32 - TRACE] VSCode language id: go
[12/10/2025 14:35:36 - TRACE] VSCode language id: go
[12/10/2025 14:35:38 - TRACE] VSCode language id: go
[12/10/2025 14:35:40 - TRACE] VSCode language id: go
[12/10/2025 14:35:42 - TRACE] VSCode language id: go
[12/10/2025 14:35:44 - TRACE] VSCode language id: go
[12/10/2025 14:35:52 - TRACE] VSCode language id: go
[12/10/2025 14:35:54 - TRACE] VSCode language id: go
[12/10/2025 14:35:56 - TRACE] VSCode language id: go
[12/10/2025 14:35:58 - TRACE] VSCode language id: go
[12/10/2025 14:36:01 - TRACE] VSCode language id: go
[12/10/2025 14:36:45 - TRACE] VSCode language id: go
[12/10/2025 14:36:47 - TRACE] VSCode language id: go
[12/10/2025 14:36:49 - TRACE] VSCode language id: go
[12/10/2025 14:36:51 - TRACE] VSCode language id: go
[12/10/2025 14:36:54 - TRACE] VSCode language id: go
[12/10/2025 14:36:56 - TRACE] VSCode language id: go
[12/10/2025 14:36:58 - TRACE] VSCode language id: go
[12/10/2025 14:37:00 - TRACE] VSCode language id: go
[12/10/2025 14:37:02 - TRACE] VSCode language id: go
[12/10/2025 14:37:04 - TRACE] VSCode language id: go
[12/10/2025 14:37:06 - TRACE] VSCode language id: go
[12/10/2025 14:37:09 - TRACE] VSCode language id: go
[12/10/2025 14:37:10 - TRACE] VSCode language id: go
[12/10/2025 14:37:12 - TRACE] VSCode language id: go
[12/10/2025 14:37:14 - TRACE] VSCode language id: go
[12/10/2025 14:37:16 - TRACE] VSCode language id: go
[12/10/2025 14:37:18 - TRACE] VSCode language id: go
[12/10/2025 14:37:20 - TRACE] VSCode language id: go
[12/10/2025 14:37:23 - TRACE] VSCode language id: go
[12/10/2025 14:37:25 - TRACE] VSCode language id: go
[12/10/2025 14:37:27 - TRACE] VSCode language id: go
[12/10/2025 14:37:29 - TRACE] VSCode language id: go
[12/10/2025 14:37:31 - TRACE] VSCode language id: go
[12/10/2025 14:37:33 - TRACE] VSCode language id: go
[12/10/2025 14:37:35 - TRACE] VSCode language id: go
[12/10/2025 14:37:37 - TRACE] VSCode language id: go
[12/10/2025 14:37:40 - TRACE] VSCode language id: go
[12/10/2025 14:37:42 - TRACE] VSCode language id: go
[12/10/2025 14:37:44 - TRACE] VSCode language id: go
[12/10/2025 14:37:46 - TRACE] VSCode language id: go
[12/10/2025 14:37:48 - TRACE] VSCode language id: go
[12/10/2025 14:38:02 - TRACE] VSCode language id: go
[12/10/2025 14:38:04 - TRACE] VSCode language id: go
[12/10/2025 14:39:02 - TRACE] VSCode language id: go
[12/10/2025 14:39:04 - TRACE] VSCode language id: go
[12/10/2025 14:39:06 - TRACE] VSCode language id: go
[12/10/2025 14:39:08 - TRACE] VSCode language id: go
[12/10/2025 14:39:10 - TRACE] VSCode language id: go
[12/10/2025 14:39:12 - TRACE] VSCode language id: go
[12/10/2025 14:39:14 - TRACE] VSCode language id: go
[12/10/2025 14:39:16 - TRACE] VSCode language id: go
[12/10/2025 14:39:18 - TRACE] VSCode language id: go
[12/10/2025 14:39:20 - TRACE] VSCode language id: go
[12/10/2025 14:39:22 - TRACE] VSCode language id: go
[12/10/2025 14:39:24 - TRACE] VSCode language id: go
[12/10/2025 14:39:26 - TRACE] VSCode language id: go
[12/10/2025 14:39:28 - TRACE] VSCode language id: go
[12/10/2025 14:39:31 - TRACE] VSCode language id: go
[12/10/2025 14:39:33 - TRACE] VSCode language id: go
[12/10/2025 14:39:35 - TRACE] VSCode language id: go
[12/10/2025 14:39:37 - TRACE] VSCode language id: go
[12/10/2025 14:39:39 - TRACE] VSCode language id: go
[12/10/2025 14:39:41 - TRACE] VSCode language id: go
[12/10/2025 14:39:43 - TRACE] VSCode language id: go
[12/10/2025 14:39:56 - TRACE] VSCode language id: go
[12/10/2025 14:39:58 - TRACE] VSCode language id: go
[12/10/2025 14:39:59 - TRACE] VSCode language id: go
[12/10/2025 14:40:01 - TRACE] VSCode language id: go
[12/10/2025 14:40:03 - TRACE] VSCode language id: go
[12/10/2025 14:41:00 - TRACE] VSCode language id: go
[12/10/2025 14:41:02 - TRACE] VSCode language id: go
[12/10/2025 14:41:05 - TRACE] VSCode language id: go
[12/10/2025 14:41:07 - TRACE] VSCode language id: go
[12/10/2025 14:41:09 - TRACE] VSCode language id: go
[12/10/2025 14:41:12 - TRACE] VSCode language id: go
[12/10/2025 14:41:14 - TRACE] VSCode language id: go
[12/10/2025 14:41:16 - TRACE] VSCode language id: go
[12/10/2025 14:41:18 - TRACE] VSCode language id: go
[12/10/2025 14:41:20 - TRACE] VSCode language id: go
[12/10/2025 14:41:22 - TRACE] VSCode language id: go
[12/10/2025 14:41:24 - TRACE] VSCode language id: go
[12/10/2025 14:41:26 - TRACE] VSCode language id: go
[12/10/2025 14:41:28 - TRACE] VSCode language id: go
[12/10/2025 14:41:30 - TRACE] VSCode language id: go
[12/10/2025 14:41:32 - TRACE] VSCode language id: go
[12/10/2025 14:41:34 - TRACE] VSCode language id: go
[12/10/2025 14:41:37 - TRACE] VSCode language id: go
[12/10/2025 14:41:39 - TRACE] VSCode language id: go
[12/10/2025 14:41:41 - TRACE] VSCode language id: go
[12/10/2025 14:41:43 - TRACE] VSCode language id: go
[12/10/2025 14:41:45 - TRACE] VSCode language id: go
[12/10/2025 14:41:47 - TRACE] VSCode language id: go
[12/10/2025 14:41:49 - TRACE] VSCode language id: go
[12/10/2025 14:41:50 - TRACE] VSCode language id: go
[12/10/2025 14:41:52 - TRACE] VSCode language id: go
[12/10/2025 14:41:54 - TRACE] VSCode language id: go
[12/10/2025 14:41:56 - TRACE] VSCode language id: go
[12/10/2025 14:41:59 - TRACE] VSCode language id: go
[12/10/2025 14:42:01 - TRACE] VSCode language id: go
[12/10/2025 14:42:03 - TRACE] VSCode language id: go
[12/10/2025 14:42:05 - TRACE] VSCode language id: go
[12/10/2025 14:42:07 - TRACE] VSCode language id: go
[12/10/2025 14:42:10 - TRACE] VSCode language id: go
[12/10/2025 14:42:12 - TRACE] VSCode language id: go
[12/10/2025 14:45:29 - TRACE] VSCode language id: go
[12/10/2025 14:45:31 - TRACE] VSCode language id: go
[12/10/2025 14:45:33 - TRACE] VSCode language id: go
[12/10/2025 14:45:35 - TRACE] VSCode language id: go
[12/10/2025 14:45:39 - TRACE] VSCode language id: go
[12/10/2025 14:45:41 - TRACE] VSCode language id: go
[12/10/2025 14:45:43 - TRACE] VSCode language id: go
[12/10/2025 14:45:45 - TRACE] VSCode language id: go
[12/10/2025 14:45:47 - TRACE] VSCode language id: go
[12/10/2025 14:45:49 - TRACE] VSCode language id: go
[12/10/2025 14:45:56 - TRACE] VSCode language id: go
[12/10/2025 14:45:58 - TRACE] VSCode language id: go
[12/10/2025 14:46:00 - TRACE] VSCode language id: go
[12/10/2025 14:46:02 - TRACE] VSCode language id: go
[12/10/2025 14:46:05 - TRACE] VSCode language id: go
[12/10/2025 14:46:07 - TRACE] VSCode language id: go
[12/10/2025 14:46:09 - TRACE] VSCode language id: go
[12/10/2025 14:46:11 - TRACE] VSCode language id: go
[12/10/2025 14:46:13 - TRACE] VSCode language id: go
[12/10/2025 14:46:15 - TRACE] VSCode language id: go
[12/10/2025 14:46:16 - TRACE] VSCode language id: code-runner-output
[12/10/2025 14:46:17 - TRACE] VSCode language id: code-runner-output
[12/10/2025 14:46:26 - TRACE] VSCode language id: go
