[Info  - 13:54:51] 2025/10/12 13:54:50 Created View (#1)
	directory=/home/arshan/Code/goapi
	view_type="GoMod"
	root_dir="file:///home/arshan/Code/goapi"
	go_version="go version go1.25.1 linux/amd64"
	build_flags=[]
	env={GOOS:linux GOARCH:amd64 GOCACHE:/home/arshan/.cache/go-build GOMODCACHE:/home/arshan/go/pkg/mod GOPATH:/home/arshan/go GOPRIVATE: GOFLAGS: GO111MODULE: GOTOOLCHAIN:auto GOROOT:/usr/lib/go GoVersion:25 GoVersionOutput:go version go1.25.1 linux/amd64
 ExplicitGOWORK: EffectiveGOPACKAGESDRIVER:}
	env_overlay=[]

[Info  - 13:54:51] 2025/10/12 13:54:51 go/packages.Load #1
	view_id="1"
	snapshot=0
	directory=/home/arshan/Code/goapi
	query=[/home/arshan/Code/goapi/... builtin]
	packages=6
	duration=94.481232ms

[Info  - 13:55:20] 2025/10/12 13:55:20 background imports cache refresh starting

[Info  - 13:55:20] 2025/10/12 13:55:20 background refresh finished after 50.35496ms

[Info  - 13:59:55] 2025/10/12 13:59:55 Shutdown session
	shutdown_session=1

