[Info  - 19:19:00] 2025/10/19 19:19:00 Created View (#1)
	directory=/home/arshan/Code/omni
	view_type="GoMod"
	root_dir="file:///home/arshan/Code/omni"
	go_version="go version go1.25.2 linux/amd64"
	build_flags=[]
	env={GOOS:linux GOARCH:amd64 GOCACHE:/home/arshan/.cache/go-build GOMODCACHE:/home/arshan/go/pkg/mod GOPATH:/home/arshan/go GOPRIVATE: GOFLAGS: GO111MODULE: GOTOOLCHAIN:auto GOROOT:/usr/lib/go GoVersion:25 GoVersionOutput:go version go1.25.2 linux/amd64
 ExplicitGOWORK: EffectiveGOPACKAGESDRIVER:}
	env_overlay=[]

[Info  - 19:19:00] 2025/10/19 19:19:00 go/packages.Load #1
	view_id="1"
	snapshot=0
	directory=/home/arshan/Code/omni
	query=[/home/arshan/Code/omni/... builtin]
	packages=4
	duration=81.908354ms

[Info  - 19:19:30] 2025/10/19 19:19:30 background imports cache refresh starting

[Info  - 19:19:30] 2025/10/19 19:19:30 background refresh finished after 42.999778ms

[Error - 19:22:15] 2025/10/19 19:22:15 imports fixes: allImportsFixes: /home/arshan/Code/omni/main/main.go:98:13: missing ',' before newline in argument list (and 37 more errors)
	file="/home/arshan/Code/omni/main/main.go"

[Error - 19:22:35] 2025/10/19 19:22:35 imports fixes: allImportsFixes: /home/arshan/Code/omni/main/main.go:98:13: missing ',' before newline in argument list (and 37 more errors)
	file="/home/arshan/Code/omni/main/main.go"

[Info  - 19:22:46] 2025/10/19 19:22:46 background imports cache refresh starting

[Info  - 19:22:46] 2025/10/19 19:22:46 background refresh finished after 6.125657ms

[Error - 19:25:03] 2025/10/19 19:25:03 imports fixes: allImportsFixes: /home/arshan/Code/omni/main/main.go:109:8: expected ':', found newline
	file="/home/arshan/Code/omni/main/main.go"

[Error - 19:25:04] 2025/10/19 19:25:04 imports fixes: allImportsFixes: /home/arshan/Code/omni/main/main.go:109:12: expected ':', found newline
	file="/home/arshan/Code/omni/main/main.go"

[Error - 19:25:04] 2025/10/19 19:25:04 imports fixes: allImportsFixes: /home/arshan/Code/omni/main/main.go:109:14: expected ':', found newline
	file="/home/arshan/Code/omni/main/main.go"

[Error - 19:25:05] 2025/10/19 19:25:05 imports fixes: allImportsFixes: /home/arshan/Code/omni/main/main.go:109:8: expected ':', found newline
	file="/home/arshan/Code/omni/main/main.go"

[Error - 19:25:08] 2025/10/19 19:25:08 imports fixes: allImportsFixes: /home/arshan/Code/omni/main/main.go:109:12: expected ':', found newline
	file="/home/arshan/Code/omni/main/main.go"

[Error - 19:25:13] 2025/10/19 19:25:13 imports fixes: allImportsFixes: /home/arshan/Code/omni/main/main.go:109:17: expected ':', found newline
	file="/home/arshan/Code/omni/main/main.go"

[Error - 19:25:13] 2025/10/19 19:25:13 imports fixes: allImportsFixes: /home/arshan/Code/omni/main/main.go:109:17: expected ':', found newline
	file="/home/arshan/Code/omni/main/main.go"

[Info  - 19:25:31] 2025/10/19 19:25:31 background imports cache refresh starting

[Info  - 19:25:31] 2025/10/19 19:25:31 background refresh finished after 5.87457ms

[Error - 19:27:44] 2025/10/19 19:27:44 imports fixes: allImportsFixes: /home/arshan/Code/omni/main/main.go:109:9: expected ':', found newline
	file="/home/arshan/Code/omni/main/main.go"

[Error - 19:28:45] 2025/10/19 19:28:45 imports fixes: allImportsFixes: /home/arshan/Code/omni/main/main.go:109:14: expected ':', found newline
	file="/home/arshan/Code/omni/main/main.go"

[Error - 19:28:46] 2025/10/19 19:28:46 imports fixes: allImportsFixes: /home/arshan/Code/omni/main/main.go:109:14: expected ':', found newline
	file="/home/arshan/Code/omni/main/main.go"

[Error - 19:28:46] 2025/10/19 19:28:46 imports fixes: allImportsFixes: /home/arshan/Code/omni/main/main.go:109:14: expected ':', found newline
	file="/home/arshan/Code/omni/main/main.go"

[Error - 19:29:27] 2025/10/19 19:29:27 signature help failed: call operand is not a func or type: *ast.Ident (len)
	position=109:9

[Error - 19:29:37] 2025/10/19 19:29:37 imports fixes: allImportsFixes: /home/arshan/Code/omni/main/main.go:110:20: exponent has no digits (and 14 more errors)
	file="/home/arshan/Code/omni/main/main.go"

[Info  - 19:29:39] 2025/10/19 19:29:39 background imports cache refresh starting

[Info  - 19:29:39] 2025/10/19 19:29:39 background refresh finished after 3.897221ms

[Error - 19:29:59] 2025/10/19 19:29:59 signature help failed: cannot get type for Fun *ast.Ident (intRunCmd)
	position=109:12

[Info  - 19:30:26] 2025/10/19 19:30:26 background imports cache refresh starting

[Info  - 19:30:26] 2025/10/19 19:30:26 background refresh finished after 3.909908ms

[Info  - 19:32:14] 2025/10/19 19:32:14 background imports cache refresh starting

[Info  - 19:32:14] 2025/10/19 19:32:14 background refresh finished after 4.671773ms

[Info  - 19:32:45] 2025/10/19 19:32:45 background imports cache refresh starting

[Info  - 19:32:45] 2025/10/19 19:32:45 background refresh finished after 5.359551ms

[Info  - 19:33:15] 2025/10/19 19:33:15 background imports cache refresh starting

[Info  - 19:33:15] 2025/10/19 19:33:15 background refresh finished after 4.265827ms

[Info  - 19:34:09] 2025/10/19 19:34:09 background imports cache refresh starting

[Info  - 19:34:09] 2025/10/19 19:34:09 background refresh finished after 4.66977ms

[Info  - 19:34:39] 2025/10/19 19:34:39 background imports cache refresh starting

[Info  - 19:34:39] 2025/10/19 19:34:39 background refresh finished after 5.902939ms

[Info  - 19:35:10] 2025/10/19 19:35:10 background imports cache refresh starting

[Info  - 19:35:10] 2025/10/19 19:35:10 background refresh finished after 4.731436ms

[Info  - 19:36:06] 2025/10/19 19:36:06 background imports cache refresh starting

[Info  - 19:36:06] 2025/10/19 19:36:06 background refresh finished after 4.250929ms

[Info  - 19:36:59] 2025/10/19 19:36:59 background imports cache refresh starting

[Info  - 19:36:59] 2025/10/19 19:36:59 background refresh finished after 4.479658ms

[Error - 19:40:02] 2025/10/19 19:40:02 imports fixes: allImportsFixes: /home/arshan/Code/omni/main/main.go:114:14: expected ':', found newline
	file="/home/arshan/Code/omni/main/main.go"

[Info  - 19:40:26] 2025/10/19 19:40:26 background imports cache refresh starting

[Info  - 19:40:26] 2025/10/19 19:40:26 background refresh finished after 4.850876ms

[Error - 19:47:05] 2025/10/19 19:47:05 signature help failed: call operand is not a func or type: *ast.Ident (len)
	position=114:9

[Info  - 19:47:29] 2025/10/19 19:47:29 background imports cache refresh starting

[Info  - 19:47:29] 2025/10/19 19:47:29 background refresh finished after 3.546046ms

[Info  - 19:48:03] 2025/10/19 19:48:03 background imports cache refresh starting

[Info  - 19:48:03] 2025/10/19 19:48:03 background refresh finished after 4.384719ms

[Error - 19:48:13] 2025/10/19 19:48:13 imports fixes: allImportsFixes: /home/arshan/Code/omni/main/main.go:116:60: string literal not terminated (and 35 more errors)
	file="/home/arshan/Code/omni/main/main.go"

[Error - 19:48:17] 2025/10/19 19:48:17 imports fixes: allImportsFixes: /home/arshan/Code/omni/main/main.go:116:61: expected statement, found ')' (and 13 more errors)
	file="/home/arshan/Code/omni/main/main.go"

[Error - 19:48:24] 2025/10/19 19:48:24 imports fixes: allImportsFixes: /home/arshan/Code/omni/main/main.go:117:17: expected operand, found ')' (and 13 more errors)
	file="/home/arshan/Code/omni/main/main.go"

[Info  - 19:48:38] 2025/10/19 19:48:38 background imports cache refresh starting

[Info  - 19:48:38] 2025/10/19 19:48:38 background refresh finished after 4.233719ms

[Info  - 19:49:08] 2025/10/19 19:49:08 background imports cache refresh starting

[Info  - 19:49:08] 2025/10/19 19:49:08 background refresh finished after 4.17289ms

[Error - 19:49:38] 2025/10/19 19:49:38 imports fixes: allImportsFixes: /home/arshan/Code/omni/main/main.go:116:66: expected statement, found ')' (and 13 more errors)
	file="/home/arshan/Code/omni/main/main.go"

[Error - 19:49:38] 2025/10/19 19:49:38 imports fixes: allImportsFixes: /home/arshan/Code/omni/main/main.go:116:64: expected statement, found ')' (and 13 more errors)
	file="/home/arshan/Code/omni/main/main.go"

[Info  - 19:49:51] 2025/10/19 19:49:51 background imports cache refresh starting

[Info  - 19:49:51] 2025/10/19 19:49:51 background refresh finished after 4.861094ms

[Info  - 19:50:21] 2025/10/19 19:50:21 background imports cache refresh starting

[Info  - 19:50:21] 2025/10/19 19:50:21 background refresh finished after 4.494423ms

[Info  - 19:51:02] 2025/10/19 19:51:02 background imports cache refresh starting

[Info  - 19:51:02] 2025/10/19 19:51:02 background refresh finished after 4.484375ms

[Error - 19:51:07] 2025/10/19 19:51:07 imports fixes: allImportsFixes: /home/arshan/Code/omni/main/main.go:116:83: expected operand, found ')' (and 33 more errors)
	file="/home/arshan/Code/omni/main/main.go"

[Error - 19:51:08] 2025/10/19 19:51:08 imports fixes: allImportsFixes: /home/arshan/Code/omni/main/main.go:116:83: expected operand, found ')' (and 33 more errors)
	file="/home/arshan/Code/omni/main/main.go"

[Info  - 19:51:39] 2025/10/19 19:51:39 background imports cache refresh starting

[Info  - 19:51:39] 2025/10/19 19:51:39 background refresh finished after 4.11793ms

[Error - 19:52:14] 2025/10/19 19:52:14 imports fixes: allImportsFixes: /home/arshan/Code/omni/main/main.go:119:15: expected operand, found ']'
	file="/home/arshan/Code/omni/main/main.go"

[Error - 19:52:15] 2025/10/19 19:52:15 imports fixes: allImportsFixes: /home/arshan/Code/omni/main/main.go:119:15: expected operand, found ']'
	file="/home/arshan/Code/omni/main/main.go"

[Info  - 19:52:16] 2025/10/19 19:52:16 background imports cache refresh starting

[Info  - 19:52:16] 2025/10/19 19:52:16 background refresh finished after 4.338179ms

[Info  - 19:52:48] 2025/10/19 19:52:48 background imports cache refresh starting

[Info  - 19:52:48] 2025/10/19 19:52:48 background refresh finished after 3.957738ms

[Error - 19:52:59] 2025/10/19 19:52:59 imports fixes: allImportsFixes: /home/arshan/Code/omni/main/main.go:120:64: expected operand, found ')' (and 31 more errors)
	file="/home/arshan/Code/omni/main/main.go"

[Error - 19:53:00] 2025/10/19 19:53:00 imports fixes: allImportsFixes: /home/arshan/Code/omni/main/main.go:120:64: expected operand, found ')' (and 31 more errors)
	file="/home/arshan/Code/omni/main/main.go"

[Error - 19:53:01] 2025/10/19 19:53:01 imports fixes: allImportsFixes: /home/arshan/Code/omni/main/main.go:120:64: expected operand, found ')' (and 31 more errors)
	file="/home/arshan/Code/omni/main/main.go"

[Info  - 19:53:18] 2025/10/19 19:53:18 background imports cache refresh starting

[Info  - 19:53:18] 2025/10/19 19:53:18 background refresh finished after 4.124821ms

[Info  - 19:59:26] 2025/10/19 19:59:26 background imports cache refresh starting

[Info  - 19:59:26] 2025/10/19 19:59:26 background refresh finished after 6.572675ms

[Error - 20:01:34] 2025/10/19 20:01:34 imports fixes: allImportsFixes: /home/arshan/Code/omni/main/main.go:121:9: expected ':', found newline
	file="/home/arshan/Code/omni/main/main.go"

[Error - 20:10:07] 2025/10/19 20:10:07 imports fixes: allImportsFixes: /home/arshan/Code/omni/main/main.go:122:10: illegal rune literal
	file="/home/arshan/Code/omni/main/main.go"

[Error - 20:10:08] 2025/10/19 20:10:08 imports fixes: allImportsFixes: /home/arshan/Code/omni/main/main.go:122:10: illegal rune literal
	file="/home/arshan/Code/omni/main/main.go"

[Error - 20:10:09] 2025/10/19 20:10:09 imports fixes: allImportsFixes: /home/arshan/Code/omni/main/main.go:122:10: illegal rune literal
	file="/home/arshan/Code/omni/main/main.go"

[Error - 20:10:09] 2025/10/19 20:10:09 imports fixes: allImportsFixes: /home/arshan/Code/omni/main/main.go:122:10: illegal rune literal
	file="/home/arshan/Code/omni/main/main.go"

[Error - 20:10:17] 2025/10/19 20:10:17 imports fixes: allImportsFixes: /home/arshan/Code/omni/main/main.go:122:10: illegal rune literal
	file="/home/arshan/Code/omni/main/main.go"

[Info  - 20:10:18] 2025/10/19 20:10:18 background imports cache refresh starting

[Info  - 20:10:18] 2025/10/19 20:10:18 background refresh finished after 3.96902ms

[Error - 20:10:19] 2025/10/19 20:10:19 imports fixes: allImportsFixes: /home/arshan/Code/omni/main/main.go:122:10: illegal rune literal
	file="/home/arshan/Code/omni/main/main.go"

[Error - 20:10:21] 2025/10/19 20:10:21 imports fixes: allImportsFixes: /home/arshan/Code/omni/main/main.go:122:10: illegal rune literal
	file="/home/arshan/Code/omni/main/main.go"

[Error - 20:10:22] 2025/10/19 20:10:22 imports fixes: allImportsFixes: /home/arshan/Code/omni/main/main.go:122:10: illegal rune literal
	file="/home/arshan/Code/omni/main/main.go"

[Error - 20:10:23] 2025/10/19 20:10:23 imports fixes: allImportsFixes: /home/arshan/Code/omni/main/main.go:122:10: illegal rune literal
	file="/home/arshan/Code/omni/main/main.go"

[Error - 20:10:46] 2025/10/19 20:10:46 imports fixes: allImportsFixes: /home/arshan/Code/omni/main/main.go:122:25: final index required in 3-index slice (and 12 more errors)
	file="/home/arshan/Code/omni/main/main.go"

[Error - 20:10:46] 2025/10/19 20:10:46 imports fixes: allImportsFixes: /home/arshan/Code/omni/main/main.go:122:25: final index required in 3-index slice (and 12 more errors)
	file="/home/arshan/Code/omni/main/main.go"

[Info  - 20:10:54] 2025/10/19 20:10:54 background imports cache refresh starting

[Info  - 20:10:54] 2025/10/19 20:10:54 background refresh finished after 4.561805ms

[Info  - 20:11:56] 2025/10/19 20:11:56 background imports cache refresh starting

[Info  - 20:11:56] 2025/10/19 20:11:56 background refresh finished after 5.835316ms

[Error - 20:12:47] 2025/10/19 20:12:47 imports fixes: allImportsFixes: /home/arshan/Code/omni/main/main.go:121:9: expected ':', found newline
	file="/home/arshan/Code/omni/main/main.go"

[Info  - 20:12:49] 2025/10/19 20:12:49 background imports cache refresh starting

[Info  - 20:12:49] 2025/10/19 20:12:49 background refresh finished after 8.859303ms

[Error - 20:13:41] 2025/10/19 20:13:41 signature help failed: call operand is not a func or type: *ast.Ident (len)
	position=121:9

[Info  - 20:14:08] 2025/10/19 20:14:08 background imports cache refresh starting

[Info  - 20:14:08] 2025/10/19 20:14:08 background refresh finished after 4.516341ms

[Error - 20:14:38] 2025/10/19 20:14:38 signature help failed: cannot get type for Fun *ast.SelectorExpr (&{color hiBlackString})
	position=123:35

[Info  - 20:14:55] 2025/10/19 20:14:55 background imports cache refresh starting

[Info  - 20:14:55] 2025/10/19 20:14:55 background refresh finished after 4.098806ms

[Error - 20:15:08] 2025/10/19 20:15:08 imports fixes: allImportsFixes: /home/arshan/Code/omni/main/main.go:124:74: expected operand, found ')' (and 33 more errors)
	file="/home/arshan/Code/omni/main/main.go"

[Info  - 20:15:39] 2025/10/19 20:15:39 background imports cache refresh starting

[Info  - 20:15:39] 2025/10/19 20:15:39 background refresh finished after 4.358359ms

[Error - 20:18:11] 2025/10/19 20:18:11 imports fixes: allImportsFixes: /home/arshan/Code/omni/main/main.go:127:16: expected operand, found ']'
	file="/home/arshan/Code/omni/main/main.go"

[Info  - 20:18:17] 2025/10/19 20:18:17 background imports cache refresh starting

[Info  - 20:18:17] 2025/10/19 20:18:17 background refresh finished after 4.267469ms

[Error - 20:18:35] 2025/10/19 20:18:35 signature help failed: cannot get type for Fun *ast.Ident (intRunCmd)
	position=128:12

[Info  - 20:18:54] 2025/10/19 20:18:54 background imports cache refresh starting

[Info  - 20:18:54] 2025/10/19 20:18:54 background refresh finished after 3.989529ms

[Error - 20:18:57] 2025/10/19 20:18:57 imports fixes: allImportsFixes: /home/arshan/Code/omni/main/main.go:129:12: expected statement, found ')' (and 11 more errors)
	file="/home/arshan/Code/omni/main/main.go"

[Error - 20:18:58] 2025/10/19 20:18:58 signature help failed: cannot get type for Fun *ast.Ident (intRunCmd)
	position=128:12

[Info  - 20:19:30] 2025/10/19 20:19:30 background imports cache refresh starting

[Info  - 20:19:30] 2025/10/19 20:19:30 background refresh finished after 4.141058ms

[Info  - 20:20:59] 2025/10/19 20:20:59 background imports cache refresh starting

[Info  - 20:20:59] 2025/10/19 20:20:59 background refresh finished after 4.157379ms

[Info  - 15:52:31] 2025/10/20 15:52:31 Shutdown session
	shutdown_session=1

