2025-10-16 18:57:39.327 [info] Extension host with pid 7573 started
2025-10-16 18:57:39.327 [info] Skipping acquiring lock for /home/arshan/.config/Code/User/workspaceStorage/1a559d47fa0d015cf38cef4db9558df6.
2025-10-16 18:57:39.512 [info] ExtensionService#_doActivateExtension vscode.github-authentication, startup: false, activationEvent: 'onAuthenticationRequest:github'
2025-10-16 18:57:39.534 [info] ExtensionService#_doActivateExtension vscode.emmet, startup: false, activationEvent: 'onLanguage'
2025-10-16 18:57:39.550 [info] ExtensionService#_doActivateExtension golang.go, startup: false, activationEvent: 'onLanguage:go'
2025-10-16 18:57:39.619 [info] ExtensionService#_doActivateExtension vscode.extension-editing, startup: false, activationEvent: 'onLanguage:markdown'
2025-10-16 18:57:39.633 [info] ExtensionService#_doActivateExtension vscode.markdown-language-features, startup: false, activationEvent: 'onLanguage:markdown'
2025-10-16 18:57:39.709 [info] ExtensionService#_doActivateExtension yzhang.dictionary-completion, startup: false, activationEvent: 'onLanguage:markdown'
2025-10-16 18:57:39.808 [info] ExtensionService#_doActivateExtension vscode.terminal-suggest, startup: false, activationEvent: 'onTerminalShellIntegration:*'
2025-10-16 18:57:40.012 [info] ExtensionService#_doActivateExtension vscode.git-base, startup: true, activationEvent: '*', root cause: vscode.git
2025-10-16 18:57:40.016 [info] ExtensionService#_doActivateExtension canadaduane.notes, startup: true, activationEvent: '*'
2025-10-16 18:57:40.018 [info] ExtensionService#_doActivateExtension icrawl.discord-vscode, startup: true, activationEvent: '*'
2025-10-16 18:57:40.167 [info] ExtensionService#_doActivateExtension vscode.git, startup: true, activationEvent: '*'
2025-10-16 18:57:40.225 [info] ExtensionService#_doActivateExtension vscode.github, startup: true, activationEvent: '*'
2025-10-16 18:57:40.255 [info] ExtensionService#_doActivateExtension vscode.markdown-math, startup: false, activationEvent: 'api', root cause: vscode.markdown-language-features
2025-10-16 18:57:40.420 [info] Eager extensions activated
2025-10-16 18:57:40.454 [info] ExtensionService#_doActivateExtension vscode.debug-auto-launch, startup: false, activationEvent: 'onStartupFinished'
2025-10-16 18:57:40.456 [info] ExtensionService#_doActivateExtension vscode.merge-conflict, startup: false, activationEvent: 'onStartupFinished'
2025-10-16 18:57:40.473 [info] ExtensionService#_doActivateExtension Catppuccin.catppuccin-vsc, startup: false, activationEvent: 'onStartupFinished'
2025-10-16 18:57:40.477 [info] ExtensionService#_doActivateExtension formulahendry.code-runner, startup: false, activationEvent: 'onStartupFinished'
2025-10-16 18:57:40.500 [info] ExtensionService#_doActivateExtension rpinski.shebang-snippets, startup: false, activationEvent: 'onStartupFinished'
2025-10-16 18:57:40.505 [info] ExtensionService#_doActivateExtension zhuangtongfa.material-theme, startup: false, activationEvent: 'onStartupFinished'
2025-10-16 19:02:40.569 [info] ExtensionService#_doActivateExtension vscode.npm, startup: false, activationEvent: 'onTerminalQuickFixRequest:ms-vscode.npm-command'
2025-10-16 19:03:40.095 [error] [golang.go] provider FAILED
2025-10-16 19:03:40.097 [error] Error: 14:28: missing ',' in argument list
	at handleResponse (/home/arshan/.vscode/extensions/golang.go-0.50.0/dist/goMain.js:8582:40)
	at handleMessage (/home/arshan/.vscode/extensions/golang.go-0.50.0/dist/goMain.js:8392:11)
	at processMessageQueue (/home/arshan/.vscode/extensions/golang.go-0.50.0/dist/goMain.js:8407:13)
	at Immediate.<anonymous> (/home/arshan/.vscode/extensions/golang.go-0.50.0/dist/goMain.js:8383:11)
	at process.processImmediate (node:internal/timers:485:21)
2025-10-16 19:09:30.846 [error] [golang.go] provider FAILED
2025-10-16 19:09:30.846 [error] Error: no package data for import "\ttime"
	at handleResponse (/home/arshan/.vscode/extensions/golang.go-0.50.0/dist/goMain.js:8582:40)
	at handleMessage (/home/arshan/.vscode/extensions/golang.go-0.50.0/dist/goMain.js:8392:11)
	at processMessageQueue (/home/arshan/.vscode/extensions/golang.go-0.50.0/dist/goMain.js:8407:13)
	at Immediate.<anonymous> (/home/arshan/.vscode/extensions/golang.go-0.50.0/dist/goMain.js:8383:11)
	at process.processImmediate (node:internal/timers:485:21)
2025-10-16 19:09:31.641 [error] [golang.go] provider FAILED
2025-10-16 19:09:31.641 [error] Error: no package data for import "\ttime"
	at handleResponse (/home/arshan/.vscode/extensions/golang.go-0.50.0/dist/goMain.js:8582:40)
	at handleMessage (/home/arshan/.vscode/extensions/golang.go-0.50.0/dist/goMain.js:8392:11)
	at processMessageQueue (/home/arshan/.vscode/extensions/golang.go-0.50.0/dist/goMain.js:8407:13)
	at Immediate.<anonymous> (/home/arshan/.vscode/extensions/golang.go-0.50.0/dist/goMain.js:8383:11)
	at process.processImmediate (node:internal/timers:485:21)
2025-10-16 19:13:49.473 [info] ExtensionService#_doActivateExtension ms-python.python, startup: false, activationEvent: 'onLanguage:python', root cause: ms-python.debugpy
2025-10-16 19:13:49.616 [info] ExtensionService#_doActivateExtension ms-python.vscode-pylance, startup: false, activationEvent: 'onLanguage:python'
2025-10-16 19:13:49.986 [info] ExtensionService#_doActivateExtension ms-python.vscode-python-envs, startup: false, activationEvent: 'onLanguage:python'
2025-10-16 19:13:50.250 [info] ExtensionService#_doActivateExtension ms-python.debugpy, startup: false, activationEvent: 'onLanguage:python'
2025-10-16 19:13:51.408 [warning] DiagnosticCollection with name 'pylance' does already exist.
2025-10-16 19:13:51.518 [warning] DiagnosticCollection with name 'pylance' does already exist.
2025-10-16 19:13:51.535 [warning] DiagnosticCollection with name 'pylance' does already exist.
2025-10-16 19:18:34.528 [error] Error: Traceback (most recent call last):

	at s (/home/arshan/.vscode/extensions/ms-python.python-2025.16.0-linux-x64/out/client/extension.js:2:277856)
	at Socket.<anonymous> (/home/arshan/.vscode/extensions/ms-python.python-2025.16.0-linux-x64/out/client/extension.js:2:278152)
	at Socket.emit (node:events:519:28)
	at addChunk (node:internal/streams/readable:561:12)
	at readableAddChunkPushByteMode (node:internal/streams/readable:512:3)
	at Readable.push (node:internal/streams/readable:392:5)
	at Pipe.onStreamRead (node:internal/stream_base_commons:189:23)
2025-10-16 19:27:58.304 [info] Extension host terminating: renderer closed the MessagePort
2025-10-16 19:27:58.336 [error] TypeError: Cannot read properties of undefined (reading 'subscriptions')
	at Object.X [as deactivate] (/home/arshan/.vscode/extensions/ms-python.vscode-python-envs-1.10.0-linux-x64/dist/extension.js:2:668401)
	at SZ.eb (file:///opt/visual-studio-code/resources/app/out/vs/workbench/api/node/extensionHostProcess.js:118:11797)
	at file:///opt/visual-studio-code/resources/app/out/vs/workbench/api/node/extensionHostProcess.js:118:9947
	at Array.map (<anonymous>)
	at SZ.$ (file:///opt/visual-studio-code/resources/app/out/vs/workbench/api/node/extensionHostProcess.js:118:9935)
	at SZ.terminate (file:///opt/visual-studio-code/resources/app/out/vs/workbench/api/node/extensionHostProcess.js:118:10178)
	at H3.terminate (file:///opt/visual-studio-code/resources/app/out/vs/workbench/api/node/extensionHostProcess.js:120:914)
	at Ss (file:///opt/visual-studio-code/resources/app/out/vs/workbench/api/node/extensionHostProcess.js:393:10409)
	at MessagePortMain.<anonymous> (file:///opt/visual-studio-code/resources/app/out/vs/workbench/api/node/extensionHostProcess.js:393:6948)
	at MessagePortMain.emit (node:events:519:28)
	at MessagePortMain._internalPort.emit (node:electron/js2c/utility_init:2:2949)
2025-10-16 19:27:58.352 [info] Extension host with pid 7573 exiting with code 0
2025-10-16 19:27:59.401 [info] Extension host with pid 21428 started
2025-10-16 19:27:59.401 [info] Skipping acquiring lock for /home/arshan/.config/Code/User/workspaceStorage/c1f623177dbeafb0d9989580026badbe.
2025-10-16 19:27:59.433 [info] ExtensionService#_doActivateExtension vscode.github-authentication, startup: false, activationEvent: 'onAuthenticationRequest:github'
2025-10-16 19:27:59.464 [info] ExtensionService#_doActivateExtension vscode.emmet, startup: false, activationEvent: 'onLanguage'
2025-10-16 19:27:59.536 [info] ExtensionService#_doActivateExtension vscode.git-base, startup: true, activationEvent: '*', root cause: vscode.git
2025-10-16 19:27:59.538 [info] ExtensionService#_doActivateExtension canadaduane.notes, startup: true, activationEvent: '*'
2025-10-16 19:27:59.539 [info] ExtensionService#_doActivateExtension icrawl.discord-vscode, startup: true, activationEvent: '*'
2025-10-16 19:27:59.600 [info] ExtensionService#_doActivateExtension vscode.git, startup: true, activationEvent: '*'
2025-10-16 19:27:59.637 [info] ExtensionService#_doActivateExtension vscode.github, startup: true, activationEvent: '*'
2025-10-16 19:27:59.794 [info] Eager extensions activated
2025-10-16 19:27:59.800 [info] ExtensionService#_doActivateExtension vscode.debug-auto-launch, startup: false, activationEvent: 'onStartupFinished'
2025-10-16 19:27:59.803 [info] ExtensionService#_doActivateExtension vscode.merge-conflict, startup: false, activationEvent: 'onStartupFinished'
2025-10-16 19:27:59.817 [info] ExtensionService#_doActivateExtension Catppuccin.catppuccin-vsc, startup: false, activationEvent: 'onStartupFinished'
2025-10-16 19:27:59.822 [info] ExtensionService#_doActivateExtension formulahendry.code-runner, startup: false, activationEvent: 'onStartupFinished'
2025-10-16 19:27:59.834 [info] ExtensionService#_doActivateExtension rpinski.shebang-snippets, startup: false, activationEvent: 'onStartupFinished'
2025-10-16 19:27:59.837 [info] ExtensionService#_doActivateExtension zhuangtongfa.material-theme, startup: false, activationEvent: 'onStartupFinished'
2025-10-16 19:28:02.334 [info] ExtensionService#_doActivateExtension ms-python.python, startup: false, activationEvent: 'onLanguage:python', root cause: ms-python.debugpy
2025-10-16 19:28:02.522 [info] ExtensionService#_doActivateExtension ms-python.vscode-pylance, startup: false, activationEvent: 'onLanguage:python'
2025-10-16 19:28:02.854 [info] ExtensionService#_doActivateExtension ms-python.vscode-python-envs, startup: false, activationEvent: 'onLanguage:python'
2025-10-16 19:28:02.886 [info] ExtensionService#_doActivateExtension yzhang.dictionary-completion, startup: false, activationEvent: 'onLanguage:python'
2025-10-16 19:28:03.063 [info] ExtensionService#_doActivateExtension ms-python.debugpy, startup: false, activationEvent: 'onLanguage:python'
2025-10-16 19:28:03.320 [info] ExtensionService#_doActivateExtension vscode.terminal-suggest, startup: false, activationEvent: 'onTerminalShellIntegration:*'
2025-10-16 19:28:04.225 [warning] DiagnosticCollection with name 'pylance' does already exist.
2025-10-16 19:28:04.295 [warning] DiagnosticCollection with name 'pylance' does already exist.
2025-10-16 19:28:04.309 [warning] DiagnosticCollection with name 'pylance' does already exist.
2025-10-16 19:28:04.776 [info] ExtensionService#_doActivateExtension vscode.json-language-features, startup: false, activationEvent: 'onCommand:json.validate'
2025-10-16 19:28:08.883 [warning] DiagnosticCollection with name 'pylance' does already exist.
2025-10-16 19:28:13.840 [info] ExtensionService#_doActivateExtension vscode.npm, startup: false, activationEvent: 'onTerminalQuickFixRequest:ms-vscode.npm-command'
2025-10-16 19:29:09.785 [warning] DiagnosticCollection with name 'pylance' does already exist.
2025-10-16 19:29:15.259 [warning] DiagnosticCollection with name 'pylance' does already exist.
2025-10-16 19:33:06.490 [error] TypeError: terminated
	at Fetch.onAborted (/opt/visual-studio-code/resources/app/node_modules/undici/lib/web/fetch/index.js:2042:49)
	at Fetch.emit (node:events:519:28)
	at Fetch.terminate (/opt/visual-studio-code/resources/app/node_modules/undici/lib/web/fetch/index.js:92:10)
	at Object.onError (/opt/visual-studio-code/resources/app/node_modules/undici/lib/web/fetch/index.js:2223:34)
	at Request.onError (node:internal/deps/undici/undici:2094:31)
	at Object.errorRequest (node:internal/deps/undici/undici:1591:17)
	at Socket.<anonymous> (node:internal/deps/undici/undici:6319:16)
	at Socket.emit (node:events:531:35)
	at TCP.<anonymous> (node:net:346:12)
2025-10-16 19:33:23.772 [warning] DiagnosticCollection with name 'pylance' does already exist.
2025-10-16 19:36:46.293 [warning] DiagnosticCollection with name 'pylance' does already exist.
2025-10-16 19:38:08.248 [error] TypeError: terminated
	at Fetch.onAborted (/opt/visual-studio-code/resources/app/node_modules/undici/lib/web/fetch/index.js:2042:49)
	at Fetch.emit (node:events:519:28)
	at Fetch.terminate (/opt/visual-studio-code/resources/app/node_modules/undici/lib/web/fetch/index.js:92:10)
	at Object.onError (/opt/visual-studio-code/resources/app/node_modules/undici/lib/web/fetch/index.js:2223:34)
	at Request.onError (node:internal/deps/undici/undici:2094:31)
	at Object.errorRequest (node:internal/deps/undici/undici:1591:17)
	at Socket.<anonymous> (node:internal/deps/undici/undici:6319:16)
	at Socket.emit (node:events:531:35)
	at TCP.<anonymous> (node:net:346:12)
2025-10-16 19:38:51.486 [warning] DiagnosticCollection with name 'pylance' does already exist.
2025-10-16 19:43:09.978 [error] TypeError: terminated
	at Fetch.onAborted (/opt/visual-studio-code/resources/app/node_modules/undici/lib/web/fetch/index.js:2042:49)
	at Fetch.emit (node:events:519:28)
	at Fetch.terminate (/opt/visual-studio-code/resources/app/node_modules/undici/lib/web/fetch/index.js:92:10)
	at Object.onError (/opt/visual-studio-code/resources/app/node_modules/undici/lib/web/fetch/index.js:2223:34)
	at Request.onError (node:internal/deps/undici/undici:2094:31)
	at Object.errorRequest (node:internal/deps/undici/undici:1591:17)
	at Socket.<anonymous> (node:internal/deps/undici/undici:6319:16)
	at Socket.emit (node:events:531:35)
	at TCP.<anonymous> (node:net:346:12)
2025-10-16 19:48:11.710 [error] TypeError: terminated
	at Fetch.onAborted (/opt/visual-studio-code/resources/app/node_modules/undici/lib/web/fetch/index.js:2042:49)
	at Fetch.emit (node:events:519:28)
	at Fetch.terminate (/opt/visual-studio-code/resources/app/node_modules/undici/lib/web/fetch/index.js:92:10)
	at Object.onError (/opt/visual-studio-code/resources/app/node_modules/undici/lib/web/fetch/index.js:2223:34)
	at Request.onError (node:internal/deps/undici/undici:2094:31)
	at Object.errorRequest (node:internal/deps/undici/undici:1591:17)
	at Socket.<anonymous> (node:internal/deps/undici/undici:6319:16)
	at Socket.emit (node:events:531:35)
	at TCP.<anonymous> (node:net:346:12)
2025-10-16 19:49:25.561 [warning] DiagnosticCollection with name 'pylance' does already exist.
2025-10-16 19:49:25.635 [warning] DiagnosticCollection with name 'pylance' does already exist.
2025-10-16 19:49:25.714 [warning] DiagnosticCollection with name 'pylance' does already exist.
2025-10-16 19:53:13.426 [error] TypeError: terminated
	at Fetch.onAborted (/opt/visual-studio-code/resources/app/node_modules/undici/lib/web/fetch/index.js:2042:49)
	at Fetch.emit (node:events:519:28)
	at Fetch.terminate (/opt/visual-studio-code/resources/app/node_modules/undici/lib/web/fetch/index.js:92:10)
	at Object.onError (/opt/visual-studio-code/resources/app/node_modules/undici/lib/web/fetch/index.js:2223:34)
	at Request.onError (node:internal/deps/undici/undici:2094:31)
	at Object.errorRequest (node:internal/deps/undici/undici:1591:17)
	at Socket.<anonymous> (node:internal/deps/undici/undici:6319:16)
	at Socket.emit (node:events:531:35)
	at TCP.<anonymous> (node:net:346:12)
2025-10-16 19:58:15.152 [error] TypeError: terminated
	at Fetch.onAborted (/opt/visual-studio-code/resources/app/node_modules/undici/lib/web/fetch/index.js:2042:49)
	at Fetch.emit (node:events:519:28)
	at Fetch.terminate (/opt/visual-studio-code/resources/app/node_modules/undici/lib/web/fetch/index.js:92:10)
	at Object.onError (/opt/visual-studio-code/resources/app/node_modules/undici/lib/web/fetch/index.js:2223:34)
	at Request.onError (node:internal/deps/undici/undici:2094:31)
	at Object.errorRequest (node:internal/deps/undici/undici:1591:17)
	at Socket.<anonymous> (node:internal/deps/undici/undici:6319:16)
	at Socket.emit (node:events:531:35)
	at TCP.<anonymous> (node:net:346:12)
