2025-10-16 19:13:50.127 [info] Native locator: Refresh started
2025-10-16 19:13:50.203 [info] Native locator: Refresh started
2025-10-16 19:13:50.329 [info] > pyenv which python
2025-10-16 19:13:50.329 [info] cwd: .
2025-10-16 19:13:50.345 [info] Python interpreter path: /usr/bin/python
2025-10-16 19:13:50.348 [info] Native locator: Refresh finished in 302 ms
2025-10-16 19:13:51.339 [info] Starting Pylance language server.
2025-10-16 19:13:56.679 [info] Discover tests for workspace name: omni - uri: /home/arshan/Code/omni/g.py
2025-10-16 19:13:57.870 [info] Discover tests for workspace name: omni - uri: /home/arshan/Code/omni/g.py
2025-10-16 19:14:25.758 [info] Discover tests for workspace name: omni - uri: /home/arshan/Code/omni/g.py
2025-10-16 19:14:40.468 [info] Discover tests for workspace name: omni - uri: /home/arshan/Code/omni/g.py
2025-10-16 19:14:53.044 [info] Python interpreter path: /bin/python
2025-10-16 19:15:07.006 [info] Discover tests for workspace name: omni - uri: /home/arshan/Code/omni/g.py
2025-10-16 19:15:25.181 [info] Discover tests for workspace name: omni - uri: /home/arshan/Code/omni/g.py
2025-10-16 19:15:27.524 [info] Discover tests for workspace name: omni - uri: /home/arshan/Code/omni/g.py
2025-10-16 19:15:32.200 [info] > /bin/python ~/.vscode/extensions/ms-python.python-2025.16.0-linux-x64/python_files/normalizeSelection.py
2025-10-16 19:15:32.444 [info] > /bin/python ~/.vscode/extensions/ms-python.python-2025.16.0-linux-x64/python_files/normalizeSelection.py
2025-10-16 19:15:32.460 [info] Send text to terminal: /bin/python
2025-10-16 19:15:32.487 [info] Selected file contains invalid Python or Deprecated Python 2 code
2025-10-16 19:15:33.167 [info] Discover tests for workspace name: omni - uri: /home/arshan/Code/omni/g.py
2025-10-16 19:15:41.382 [info] Discover tests for workspace name: omni - uri: /home/arshan/Code/omni/g.py
2025-10-16 19:15:44.139 [info] Discover tests for workspace name: omni - uri: /home/arshan/Code/omni/g.py
2025-10-16 19:15:48.873 [info] Discover tests for workspace name: omni - uri: /home/arshan/Code/omni/g.py
2025-10-16 19:15:51.972 [info] Discover tests for workspace name: omni - uri: /home/arshan/Code/omni/g.py
2025-10-16 19:16:02.280 [info] Discover tests for workspace name: omni - uri: /home/arshan/Code/omni/g.py
2025-10-16 19:16:09.874 [info] Discover tests for workspace name: omni - uri: /home/arshan/Code/omni/g.py
2025-10-16 19:16:11.139 [info] Discover tests for workspace name: omni - uri: /home/arshan/Code/omni/g.py
2025-10-16 19:16:20.410 [info] Discover tests for workspace name: omni - uri: /home/arshan/Code/omni/g.py
2025-10-16 19:16:26.490 [info] Discover tests for workspace name: omni - uri: /home/arshan/Code/omni/g.py
2025-10-16 19:16:28.986 [info] Discover tests for workspace name: omni - uri: /home/arshan/Code/omni/g.py
2025-10-16 19:16:30.069 [info] Discover tests for workspace name: omni - uri: /home/arshan/Code/omni/g.py
2025-10-16 19:18:13.974 [info] Discover tests for workspace name: omni - uri: /home/arshan/Code/omni/g.py
2025-10-16 19:18:22.023 [info] Discover tests for workspace name: omni - uri: /home/arshan/Code/omni/g.py
2025-10-16 19:18:25.151 [info] Discover tests for workspace name: omni - uri: /home/arshan/Code/omni/g.py
2025-10-16 19:18:27.403 [info] Discover tests for workspace name: omni - uri: /home/arshan/Code/omni/g.py
2025-10-16 19:18:30.060 [info] Discover tests for workspace name: omni - uri: /home/arshan/Code/omni/g.py
2025-10-16 19:18:34.508 [info] > /bin/python ~/.vscode/extensions/ms-python.python-2025.16.0-linux-x64/python_files/normalizeSelection.py
2025-10-16 19:18:35.395 [info] Discover tests for workspace name: omni - uri: /home/arshan/Code/omni/g.py
2025-10-16 19:18:36.006 [info] > /bin/python ~/.vscode/extensions/ms-python.python-2025.16.0-linux-x64/python_files/normalizeSelection.py
2025-10-16 19:18:36.031 [info] Send text to terminal: hi

2025-10-16 19:18:36.767 [info] Discover tests for workspace name: omni - uri: /home/arshan/Code/omni/g.py
2025-10-16 19:18:38.935 [info] Discover tests for workspace name: omni - uri: /home/arshan/Code/omni/g.py
2025-10-16 19:18:43.372 [info] Discover tests for workspace name: omni - uri: /home/arshan/Code/omni/g.py
2025-10-16 19:18:46.481 [info] Discover tests for workspace name: omni - uri: /home/arshan/Code/omni/g.py
2025-10-16 19:18:47.791 [info] Discover tests for workspace name: omni - uri: /home/arshan/Code/omni/g.py
2025-10-16 19:18:50.912 [info] Discover tests for workspace name: omni - uri: /home/arshan/Code/omni/g.py
2025-10-16 19:18:52.179 [info] Discover tests for workspace name: omni - uri: /home/arshan/Code/omni/g.py
2025-10-16 19:18:54.787 [info] Discover tests for workspace name: omni - uri: /home/arshan/Code/omni/g.py
2025-10-16 19:18:56.753 [info] Discover tests for workspace name: omni - uri: /home/arshan/Code/omni/g.py
2025-10-16 19:18:58.381 [info] Discover tests for workspace name: omni - uri: /home/arshan/Code/omni/g.py
2025-10-16 19:19:00.975 [info] Discover tests for workspace name: omni - uri: /home/arshan/Code/omni/g.py
2025-10-16 19:19:06.185 [info] Discover tests for workspace name: omni - uri: /home/arshan/Code/omni/g.py
2025-10-16 19:19:09.157 [info] Discover tests for workspace name: omni - uri: /home/arshan/Code/omni/g.py
2025-10-16 19:19:15.711 [info] Discover tests for workspace name: omni - uri: /home/arshan/Code/omni/g.py
2025-10-16 19:19:19.523 [info] Discover tests for workspace name: omni - uri: /home/arshan/Code/omni/g.py
2025-10-16 19:19:24.683 [info] Discover tests for workspace name: omni - uri: /home/arshan/Code/omni/g.py
2025-10-16 19:19:27.715 [info] Discover tests for workspace name: omni - uri: /home/arshan/Code/omni/g.py
2025-10-16 19:19:29.559 [info] Discover tests for workspace name: omni - uri: /home/arshan/Code/omni/g.py
2025-10-16 19:19:35.686 [info] Discover tests for workspace name: omni - uri: /home/arshan/Code/omni/g.py
2025-10-16 19:19:38.906 [info] Discover tests for workspace name: omni - uri: /home/arshan/Code/omni/g.py
2025-10-16 19:19:43.632 [info] Discover tests for workspace name: omni - uri: /home/arshan/Code/omni/g.py
2025-10-16 19:19:47.703 [info] Discover tests for workspace name: omni - uri: /home/arshan/Code/omni/g.py
2025-10-16 19:19:58.397 [info] Discover tests for workspace name: omni - uri: /home/arshan/Code/omni/g.py
2025-10-16 19:20:08.507 [info] Discover tests for workspace name: omni - uri: /home/arshan/Code/omni/g.py
2025-10-16 19:20:13.262 [info] Discover tests for workspace name: omni - uri: /home/arshan/Code/omni/g.py
2025-10-16 19:20:18.830 [info] Discover tests for workspace name: omni - uri: /home/arshan/Code/omni/g.py
2025-10-16 19:20:22.659 [info] Discover tests for workspace name: omni - uri: /home/arshan/Code/omni/g.py
2025-10-16 19:20:38.515 [info] Discover tests for workspace name: omni - uri: /home/arshan/Code/omni/g.py
2025-10-16 19:20:40.591 [info] Discover tests for workspace name: omni - uri: /home/arshan/Code/omni/g.py
2025-10-16 19:20:44.568 [info] Discover tests for workspace name: omni - uri: /home/arshan/Code/omni/g.py
2025-10-16 19:20:46.518 [info] Discover tests for workspace name: omni - uri: /home/arshan/Code/omni/g.py
2025-10-16 19:20:48.323 [info] Discover tests for workspace name: omni - uri: /home/arshan/Code/omni/g.py
2025-10-16 19:28:02.968 [info] Native locator: Refresh started
2025-10-16 19:28:03.008 [info] Native locator: Refresh started
2025-10-16 19:28:03.008 [info] Native locator: Refresh started
2025-10-16 19:28:03.170 [info] Native locator: Refresh finished in 263 ms
2025-10-16 19:28:03.175 [info] > pyenv which python
2025-10-16 19:28:03.175 [info] cwd: .
2025-10-16 19:28:03.197 [info] Python interpreter path: /bin/python
2025-10-16 19:28:04.175 [info] Starting Pylance language server.
2025-10-16 19:29:15.135 [info] Active interpreter [/home/arshan/Code/summarizer.py]:  /home/arshan/Code/summarizer.py/venv/bin/python
2025-10-16 19:29:15.142 [info] Discover tests for workspace name: summarizer.py - uri: /home/arshan/Code/summarizer.py
2025-10-16 19:29:15.142 [info] Python interpreter path: ./venv/bin/python
2025-10-16 19:42:14.571 [info] Discover tests for workspace name: summarizer.py - uri: /home/arshan/Code/summarizer.py/bot.py
2025-10-16 19:42:23.283 [info] Discover tests for workspace name: summarizer.py - uri: /home/arshan/Code/summarizer.py/bot.py
2025-10-16 19:42:27.443 [info] Discover tests for workspace name: summarizer.py - uri: /home/arshan/Code/summarizer.py/bot.py
2025-10-16 19:44:39.796 [info] Discover tests for workspace name: summarizer.py - uri: /home/arshan/Code/summarizer.py/bot.py
2025-10-16 19:46:02.992 [info] Discover tests for workspace name: summarizer.py - uri: /home/arshan/Code/summarizer.py/bot.py
2025-10-16 19:48:06.642 [info] Discover tests for workspace name: summarizer.py - uri: /home/arshan/Code/summarizer.py/bot.py
2025-10-16 19:48:13.799 [info] Discover tests for workspace name: summarizer.py - uri: /home/arshan/Code/summarizer.py/bot.py
2025-10-16 19:48:23.459 [info] Discover tests for workspace name: summarizer.py - uri: /home/arshan/Code/summarizer.py/bot.py
2025-10-16 19:48:36.496 [info] Discover tests for workspace name: summarizer.py - uri: /home/arshan/Code/summarizer.py/bot.py
2025-10-16 19:48:50.530 [info] Native locator: Refresh started
2025-10-16 19:48:50.788 [info] Native locator: Refresh finished in 258 ms
2025-10-16 19:48:50.788 [info] Discover tests for workspace name: summarizer.py - uri: /home/arshan/Code/summarizer.py
2025-10-16 19:49:25.525 [info] Active interpreter [/home/arshan/Code/summarizer.py]:  /home/arshan/Code/summarizer.py/.venv/bin/python
2025-10-16 19:49:25.547 [info] Discover tests for workspace name: summarizer.py - uri: /home/arshan/Code/summarizer.py
2025-10-16 19:49:25.547 [info] Python interpreter path: ./.venv/bin/python
2025-10-16 19:49:58.156 [info] Send text to terminal: source /home/arshan/Code/summarizer.py/.venv/bin/activate.fish
2025-10-16 19:50:23.003 [info] Discover tests for workspace name: summarizer.py - uri: /home/arshan/Code/summarizer.py/bot.py
2025-10-16 19:51:31.808 [info] Discover tests for workspace name: summarizer.py - uri: /home/arshan/Code/summarizer.py/bot.py
2025-10-16 19:51:32.889 [info] Discover tests for workspace name: summarizer.py - uri: /home/arshan/Code/summarizer.py/bot.py
2025-10-16 19:52:04.316 [info] Discover tests for workspace name: summarizer.py - uri: /home/arshan/Code/summarizer.py/bot.py
2025-10-16 19:52:48.568 [info] Discover tests for workspace name: summarizer.py - uri: /home/arshan/Code/summarizer.py/bot.py
2025-10-16 19:52:48.959 [info] Discover tests for workspace name: summarizer.py - uri: /home/arshan/Code/summarizer.py/bot.py
2025-10-16 19:53:46.887 [info] Discover tests for workspace name: summarizer.py - uri: /home/arshan/Code/summarizer.py/bot.py
2025-10-16 19:53:55.357 [info] Discover tests for workspace name: summarizer.py - uri: /home/arshan/Code/summarizer.py/bot.py
2025-10-16 19:53:56.286 [info] Discover tests for workspace name: summarizer.py - uri: /home/arshan/Code/summarizer.py/bot.py
2025-10-16 19:53:57.278 [info] Discover tests for workspace name: summarizer.py - uri: /home/arshan/Code/summarizer.py/bot.py
2025-10-16 19:57:46.711 [info] Discover tests for workspace name: summarizer.py - uri: /home/arshan/Code/summarizer.py/bot.py
2025-10-16 19:58:25.418 [info] Discover tests for workspace name: summarizer.py - uri: /home/arshan/Code/summarizer.py/bot.py
