2025-10-16 19:13:50.127 [info] Starting Python Locator /home/arshan/.vscode/extensions/ms-python.python-2025.16.0-linux-x64/python-env-tools/bin/pet server
2025-10-16 19:13:50.217 [info] Discovered env: /bin/python
2025-10-16 19:13:50.225 [info] Discovered env: /usr/bin/python
2025-10-16 19:13:50.330 [info] Env ("/usr/sbin/python") in Path resolved as ResolvedPythonEnv { executable: "/usr/sbin/python", prefix: "/usr", version: "3.13.7.final.0", is64_bit: true, symlinks: Some(["/usr/sbin/python"]) } and reported as Some(GlobalPaths)
2025-10-16 19:13:50.341 [info] Discovered env: /usr/sbin/python
2025-10-16 19:13:50.344 [info] Env ("/sbin/python") in Path resolved as ResolvedPythonEnv { executable: "/sbin/python", prefix: "/usr", version: "3.13.7.final.0", is64_bit: true, symlinks: Some(["/sbin/python"]) } and reported as Some(GlobalPaths)
2025-10-16 19:13:50.344 [info] Discovered env: /sbin/python
2025-10-16 19:13:50.345 [info] Resolved Python Environment /usr/bin/python
2025-10-16 19:13:50.346 [info] Env ("/usr/sbin/python3") in Path resolved as ResolvedPythonEnv { executable: "/usr/sbin/python3", prefix: "/usr", version: "3.13.7.final.0", is64_bit: true, symlinks: Some(["/usr/sbin/python3"]) } and reported as Some(GlobalPaths)
2025-10-16 19:13:50.346 [info] Discovered env: /usr/sbin/python3
2025-10-16 19:13:50.347 [info] Env ("/sbin/python3") in Path resolved as ResolvedPythonEnv { executable: "/sbin/python3", prefix: "/usr", version: "3.13.7.final.0", is64_bit: true, symlinks: Some(["/sbin/python3"]) } and reported as Some(GlobalPaths)
2025-10-16 19:13:50.347 [info] Discovered env: /sbin/python3
2025-10-16 19:13:50.347 [info] Env ("/usr/sbin/python3.13") in Path resolved as ResolvedPythonEnv { executable: "/usr/sbin/python3.13", prefix: "/usr", version: "3.13.7.final.0", is64_bit: true, symlinks: Some(["/usr/sbin/python3.13"]) } and reported as Some(GlobalPaths)
2025-10-16 19:13:50.347 [info] Discovered env: /usr/sbin/python3.13
2025-10-16 19:13:50.347 [info] Env ("/sbin/python3.13") in Path resolved as ResolvedPythonEnv { executable: "/sbin/python3.13", prefix: "/usr", version: "3.13.7.final.0", is64_bit: true, symlinks: Some(["/sbin/python3.13"]) } and reported as Some(GlobalPaths)
2025-10-16 19:13:50.347 [info] Discovered env: /sbin/python3.13
2025-10-16 19:13:50.347 [info] Locator Conda took 165.485079ms
2025-10-16 19:13:50.347 [info] Locator Homebrew took 185.583µs
2025-10-16 19:13:50.347 [info] Locator LinuxGlobal took 166.402496ms
2025-10-16 19:13:50.347 [info] Locator PipEnv took 34.473µs
2025-10-16 19:13:50.347 [info] Locator Pixi took 48.934µs
2025-10-16 19:13:50.347 [info] Locator Poetry took 228.676µs
2025-10-16 19:13:50.347 [info] Locator PyEnv took 498.074µs
2025-10-16 19:13:50.347 [info] Locator Venv took 12.688µs
2025-10-16 19:13:50.348 [info] Locator VirtualEnv took 27.672µs
2025-10-16 19:13:50.348 [info] Locator VirtualEnvWrapper took 36.773µs
2025-10-16 19:13:50.348 [info] Locator GlobalVirtualEnvs took 189.379µs
2025-10-16 19:13:50.348 [info] Locator Locators took 167.139026ms
2025-10-16 19:13:50.348 [info] Locator Path took 268.558303ms
2025-10-16 19:13:50.348 [info] Locator Workspaces took 524.769µs
2025-10-16 19:13:50.348 [info] Refresh completed in 268ms
2025-10-16 19:13:50.353 [info] Resolved Python Environment /bin/python
2025-10-16 19:14:42.361 [info] Resolved Python Environment /bin/python
2025-10-16 19:15:14.388 [info] Resolved Python Environment /bin/python
2025-10-16 19:15:53.591 [info] Resolved Python Environment /bin/python
2025-10-16 19:18:17.181 [info] Resolved Python Environment /bin/python
2025-10-16 19:19:50.868 [info] Resolved Python Environment /bin/python
2025-10-16 19:20:22.330 [info] Resolved Python Environment /bin/python
2025-10-16 19:20:53.527 [info] Resolved Python Environment /bin/python
2025-10-16 19:24:12.378 [info] Resolved Python Environment /bin/python
2025-10-16 19:28:02.968 [info] Starting Python Locator /home/arshan/.vscode/extensions/ms-python.python-2025.16.0-linux-x64/python-env-tools/bin/pet server
2025-10-16 19:28:03.114 [info] Discovered env: /bin/python
2025-10-16 19:28:03.116 [info] Discovered env: /usr/bin/python
2025-10-16 19:28:03.117 [info] Env ("/usr/sbin/python") in Path resolved as ResolvedPythonEnv { executable: "/usr/sbin/python", prefix: "/usr", version: "3.13.7.final.0", is64_bit: true, symlinks: Some(["/usr/sbin/python"]) } and reported as Some(GlobalPaths)
2025-10-16 19:28:03.117 [info] Discovered env: /usr/sbin/python
2025-10-16 19:28:03.117 [info] Env ("/sbin/python") in Path resolved as ResolvedPythonEnv { executable: "/sbin/python", prefix: "/usr", version: "3.13.7.final.0", is64_bit: true, symlinks: Some(["/sbin/python"]) } and reported as Some(GlobalPaths)
2025-10-16 19:28:03.117 [info] Discovered env: /sbin/python
2025-10-16 19:28:03.123 [info] Env ("/usr/sbin/python3") in Path resolved as ResolvedPythonEnv { executable: "/usr/sbin/python3", prefix: "/usr", version: "3.13.7.final.0", is64_bit: true, symlinks: Some(["/usr/sbin/python3"]) } and reported as Some(GlobalPaths)
2025-10-16 19:28:03.124 [info] Discovered env: /usr/sbin/python3
2025-10-16 19:28:03.165 [info] Env ("/sbin/python3") in Path resolved as ResolvedPythonEnv { executable: "/sbin/python3", prefix: "/usr", version: "3.13.7.final.0", is64_bit: true, symlinks: Some(["/sbin/python3"]) } and reported as Some(GlobalPaths)
2025-10-16 19:28:03.166 [info] Discovered env: /sbin/python3
2025-10-16 19:28:03.166 [info] Env ("/usr/sbin/python3.13") in Path resolved as ResolvedPythonEnv { executable: "/usr/sbin/python3.13", prefix: "/usr", version: "3.13.7.final.0", is64_bit: true, symlinks: Some(["/usr/sbin/python3.13"]) } and reported as Some(GlobalPaths)
2025-10-16 19:28:03.166 [info] Discovered env: /usr/sbin/python3.13
2025-10-16 19:28:03.169 [info] Env ("/sbin/python3.13") in Path resolved as ResolvedPythonEnv { executable: "/sbin/python3.13", prefix: "/usr", version: "3.13.7.final.0", is64_bit: true, symlinks: Some(["/sbin/python3.13"]) } and reported as Some(GlobalPaths)
2025-10-16 19:28:03.169 [info] Discovered env: /sbin/python3.13
2025-10-16 19:28:03.169 [info] Locator Conda took 164.181713ms
2025-10-16 19:28:03.169 [info] Locator Homebrew took 319.633µs
2025-10-16 19:28:03.169 [info] Locator LinuxGlobal took 160.020441ms
2025-10-16 19:28:03.170 [info] Locator PipEnv took 47.946µs
2025-10-16 19:28:03.170 [info] Locator Pixi took 63.545µs
2025-10-16 19:28:03.170 [info] Locator Poetry took 292.761µs
2025-10-16 19:28:03.170 [info] Locator PyEnv took 306.189µs
2025-10-16 19:28:03.170 [info] Locator Venv took 33.462µs
2025-10-16 19:28:03.170 [info] Locator VirtualEnv took 54.677µs
2025-10-16 19:28:03.170 [info] Locator VirtualEnvWrapper took 62.604µs
2025-10-16 19:28:03.170 [info] Locator GlobalVirtualEnvs took 241.791µs
2025-10-16 19:28:03.170 [info] Locator Locators took 164.337851ms
2025-10-16 19:28:03.170 [info] Locator Path took 247.434974ms
2025-10-16 19:28:03.170 [info] Locator Workspaces took 642.382µs
2025-10-16 19:28:03.170 [info] Refresh completed in 247ms
2025-10-16 19:28:03.196 [info] Resolved Python Environment /bin/python
2025-10-16 19:29:06.735 [info] Resolved Python Environment /bin/python
2025-10-16 19:29:12.386 [info] Resolved Python Environment /home/arshan/Code/summarizer.py/venv/bin/python
2025-10-16 19:29:15.141 [info] Resolved Python Environment /home/arshan/Code/summarizer.py/venv/bin/python
2025-10-16 19:29:58.046 [info] Resolved Python Environment /home/arshan/Code/summarizer.py/venv/bin/python
2025-10-16 19:33:23.685 [info] Env ("/home/arshan/Code/summarizer.py/venv/bin/python") in Path resolved as ResolvedPythonEnv { executable: "/home/arshan/Code/summarizer.py/venv/bin/python", prefix: "/home/arshan/Code/summarizer.py/venv", version: "3.13.7.final.0", is64_bit: true, symlinks: Some(["/home/arshan/Code/summarizer.py/venv/bin/python", "/home/arshan/Code/summarizer.py/venv/bin/python3", "/home/arshan/Code/summarizer.py/venv/bin/python3.13"]) } and reported as None
2025-10-16 19:33:23.686 [info] Resolved Python Environment /home/arshan/Code/summarizer.py/venv/bin/python
2025-10-16 19:36:46.279 [info] Env ("/home/arshan/Code/summarizer.py/venv/bin/python") in Path resolved as ResolvedPythonEnv { executable: "/home/arshan/Code/summarizer.py/venv/bin/python", prefix: "/home/arshan/Code/summarizer.py/venv", version: "3.13.7.final.0", is64_bit: true, symlinks: Some(["/home/arshan/Code/summarizer.py/venv/bin/python", "/home/arshan/Code/summarizer.py/venv/bin/python3", "/home/arshan/Code/summarizer.py/venv/bin/python3.13"]) } and reported as None
2025-10-16 19:36:46.279 [info] Resolved Python Environment /home/arshan/Code/summarizer.py/venv/bin/python
2025-10-16 19:37:54.068 [info] Env ("/home/arshan/Code/summarizer.py/venv/bin/python") in Path resolved as ResolvedPythonEnv { executable: "/home/arshan/Code/summarizer.py/venv/bin/python", prefix: "/home/arshan/Code/summarizer.py/venv", version: "3.13.7.final.0", is64_bit: true, symlinks: Some(["/home/arshan/Code/summarizer.py/venv/bin/python", "/home/arshan/Code/summarizer.py/venv/bin/python3", "/home/arshan/Code/summarizer.py/venv/bin/python3.13"]) } and reported as None
2025-10-16 19:37:54.068 [info] Resolved Python Environment /home/arshan/Code/summarizer.py/venv/bin/python
2025-10-16 19:38:51.477 [info] Env ("/home/arshan/Code/summarizer.py/venv/bin/python") in Path resolved as ResolvedPythonEnv { executable: "/home/arshan/Code/summarizer.py/venv/bin/python", prefix: "/home/arshan/Code/summarizer.py/venv", version: "3.13.7.final.0", is64_bit: true, symlinks: Some(["/home/arshan/Code/summarizer.py/venv/bin/python", "/home/arshan/Code/summarizer.py/venv/bin/python3", "/home/arshan/Code/summarizer.py/venv/bin/python3.13"]) } and reported as None
2025-10-16 19:38:51.477 [info] Resolved Python Environment /home/arshan/Code/summarizer.py/venv/bin/python
2025-10-16 19:42:13.217 [info] Env ("/home/arshan/Code/summarizer.py/venv/bin/python") in Path resolved as ResolvedPythonEnv { executable: "/home/arshan/Code/summarizer.py/venv/bin/python", prefix: "/home/arshan/Code/summarizer.py/venv", version: "3.13.7.final.0", is64_bit: true, symlinks: Some(["/home/arshan/Code/summarizer.py/venv/bin/python", "/home/arshan/Code/summarizer.py/venv/bin/python3", "/home/arshan/Code/summarizer.py/venv/bin/python3.13"]) } and reported as None
2025-10-16 19:42:13.217 [info] Resolved Python Environment /home/arshan/Code/summarizer.py/venv/bin/python
2025-10-16 19:48:10.305 [info] Env ("/home/arshan/Code/summarizer.py/venv/bin/python") in Path resolved as ResolvedPythonEnv { executable: "/home/arshan/Code/summarizer.py/venv/bin/python", prefix: "/home/arshan/Code/summarizer.py/venv", version: "3.13.7.final.0", is64_bit: true, symlinks: Some(["/home/arshan/Code/summarizer.py/venv/bin/python", "/home/arshan/Code/summarizer.py/venv/bin/python3", "/home/arshan/Code/summarizer.py/venv/bin/python3.13"]) } and reported as None
2025-10-16 19:48:10.305 [info] Resolved Python Environment /home/arshan/Code/summarizer.py/venv/bin/python
2025-10-16 19:48:50.539 [info] Discovered env: /home/arshan/Code/summarizer.py/.venv/bin/python
2025-10-16 19:48:50.696 [info] Discovered env: /bin/python
2025-10-16 19:48:50.712 [info] Env ("/home/arshan/Code/summarizer.py/venv/bin/python") in Path resolved as ResolvedPythonEnv { executable: "/home/arshan/Code/summarizer.py/venv/bin/python", prefix: "/home/arshan/Code/summarizer.py/venv", version: "3.13.7.final.0", is64_bit: true, symlinks: Some(["/home/arshan/Code/summarizer.py/venv/bin/python", "/home/arshan/Code/summarizer.py/venv/bin/python3", "/home/arshan/Code/summarizer.py/venv/bin/python3.13"]) } and reported as None
2025-10-16 19:48:50.712 [info] Discovered env: /usr/bin/python
2025-10-16 19:48:50.713 [info] Resolved Python Environment /home/arshan/Code/summarizer.py/venv/bin/python
2025-10-16 19:48:50.714 [info] Env ("/sbin/python") in Path resolved as ResolvedPythonEnv { executable: "/sbin/python", prefix: "/usr", version: "3.13.7.final.0", is64_bit: true, symlinks: Some(["/sbin/python"]) } and reported as Some(GlobalPaths)
2025-10-16 19:48:50.714 [info] Discovered env: /sbin/python
2025-10-16 19:48:50.715 [info] Env ("/usr/sbin/python") in Path resolved as ResolvedPythonEnv { executable: "/usr/sbin/python", prefix: "/usr", version: "3.13.7.final.0", is64_bit: true, symlinks: Some(["/usr/sbin/python"]) } and reported as Some(GlobalPaths)
2025-10-16 19:48:50.715 [info] Discovered env: /usr/sbin/python
2025-10-16 19:48:50.748 [info] Env ("/usr/sbin/python3") in Path resolved as ResolvedPythonEnv { executable: "/usr/sbin/python3", prefix: "/usr", version: "3.13.7.final.0", is64_bit: true, symlinks: Some(["/usr/sbin/python3"]) } and reported as Some(GlobalPaths)
2025-10-16 19:48:50.748 [info] Discovered env: /usr/sbin/python3
2025-10-16 19:48:50.749 [info] Env ("/sbin/python3") in Path resolved as ResolvedPythonEnv { executable: "/sbin/python3", prefix: "/usr", version: "3.13.7.final.0", is64_bit: true, symlinks: Some(["/sbin/python3"]) } and reported as Some(GlobalPaths)
2025-10-16 19:48:50.749 [info] Discovered env: /sbin/python3
2025-10-16 19:48:50.785 [info] Env ("/usr/sbin/python3.13") in Path resolved as ResolvedPythonEnv { executable: "/usr/sbin/python3.13", prefix: "/usr", version: "3.13.7.final.0", is64_bit: true, symlinks: Some(["/usr/sbin/python3.13"]) } and reported as Some(GlobalPaths)
2025-10-16 19:48:50.786 [info] Discovered env: /usr/sbin/python3.13
2025-10-16 19:48:50.786 [info] Env ("/sbin/python3.13") in Path resolved as ResolvedPythonEnv { executable: "/sbin/python3.13", prefix: "/usr", version: "3.13.7.final.0", is64_bit: true, symlinks: Some(["/sbin/python3.13"]) } and reported as Some(GlobalPaths)
2025-10-16 19:48:50.786 [info] Discovered env: /sbin/python3.13
2025-10-16 19:48:50.786 [info] Locator Conda took 181.401781ms
2025-10-16 19:48:50.786 [info] Locator Homebrew took 331.904µs
2025-10-16 19:48:50.786 [info] Locator LinuxGlobal took 180.045192ms
2025-10-16 19:48:50.786 [info] Locator PipEnv took 66.82µs
2025-10-16 19:48:50.786 [info] Locator Pixi took 15.706µs
2025-10-16 19:48:50.786 [info] Locator Poetry took 120.897µs
2025-10-16 19:48:50.786 [info] Locator PyEnv took 175.037µs
2025-10-16 19:48:50.786 [info] Locator Venv took 19.832µs
2025-10-16 19:48:50.786 [info] Locator VirtualEnv took 737.904µs
2025-10-16 19:48:50.786 [info] Locator VirtualEnvWrapper took 153.881µs
2025-10-16 19:48:50.786 [info] Locator GlobalVirtualEnvs took 124.938µs
2025-10-16 19:48:50.786 [info] Locator Locators took 181.580207ms
2025-10-16 19:48:50.786 [info] Locator Path took 254.611877ms
2025-10-16 19:48:50.786 [info] Locator Workspaces took 5.716802ms
2025-10-16 19:48:50.786 [info] Refresh completed in 254ms
2025-10-16 19:49:25.546 [info] Resolved Python Environment /home/arshan/Code/summarizer.py/.venv/bin/python
2025-10-16 19:49:58.104 [info] Resolved Python Environment /home/arshan/Code/summarizer.py/.venv/bin/python
2025-10-16 19:51:35.191 [info] Resolved Python Environment /home/arshan/Code/summarizer.py/.venv/bin/python
2025-10-16 19:52:37.392 [info] Resolved Python Environment /home/arshan/Code/summarizer.py/.venv/bin/python
2025-10-16 19:53:59.626 [info] Resolved Python Environment /home/arshan/Code/summarizer.py/.venv/bin/python
2025-10-16 19:54:39.095 [info] Resolved Python Environment /home/arshan/Code/summarizer.py/.venv/bin/python
