2025-10-12 13:55:06.258 [info] Getting Manifest... chadbaileyvh.oled-pure-black---vscode
2025-10-12 13:55:06.331 [info] Installing extension: chadbaileyvh.oled-pure-black---vscode {"isMachineScoped":false,"installPreReleaseVersion":false,"pinned":false,"profileLocation":{"$mid":1,"external":"vscode-userdata:/home/arshan/.vscode/extensions/extensions.json","path":"/home/arshan/.vscode/extensions/extensions.json","scheme":"vscode-userdata"},"isApplicationScoped":false,"productVersion":{"version":"1.105.0","date":"2025-10-08T14:09:35.891Z"}}
2025-10-12 13:55:07.515 [info] Extension signature verification result for chadbaileyvh.oled-pure-black---vscode: Success. Internal Code: 0. Executed: true. Duration: 476ms.
2025-10-12 13:55:07.523 [info] Extracted extension to file:///home/arshan/.vscode/extensions/chadbaileyvh.oled-pure-black---vscode-1.0.1: chadbaileyvh.oled-pure-black---vscode
2025-10-12 13:55:07.525 [info] Renamed to /home/arshan/.vscode/extensions/chadbaileyvh.oled-pure-black---vscode-1.0.1
2025-10-12 13:55:07.537 [info] Extension installed successfully: chadbaileyvh.oled-pure-black---vscode vscode-userdata:/home/arshan/.vscode/extensions/extensions.json
2025-10-12 13:58:16.998 [info] Getting Manifest... eels.vscode-comfort-theme
2025-10-12 13:58:17.066 [info] Installing extension: eels.vscode-comfort-theme {"isMachineScoped":false,"installPreReleaseVersion":false,"pinned":false,"profileLocation":{"$mid":1,"external":"vscode-userdata:/home/arshan/.vscode/extensions/extensions.json","path":"/home/arshan/.vscode/extensions/extensions.json","scheme":"vscode-userdata"},"isApplicationScoped":false,"productVersion":{"version":"1.105.0","date":"2025-10-08T14:09:35.891Z"}}
2025-10-12 13:58:18.248 [info] Extension signature verification result for eels.vscode-comfort-theme: Success. Internal Code: 0. Executed: true. Duration: 471ms.
2025-10-12 13:58:18.257 [info] Extracted extension to file:///home/arshan/.vscode/extensions/eels.vscode-comfort-theme-0.3.3: eels.vscode-comfort-theme
2025-10-12 13:58:18.259 [info] Renamed to /home/arshan/.vscode/extensions/eels.vscode-comfort-theme-0.3.3
2025-10-12 13:58:18.273 [info] Extension installed successfully: eels.vscode-comfort-theme vscode-userdata:/home/arshan/.vscode/extensions/extensions.json
2025-10-12 13:58:30.937 [info] Getting Manifest... catppuccin.catppuccin-vsc
2025-10-12 13:58:31.017 [info] Installing extension: catppuccin.catppuccin-vsc {"isMachineScoped":false,"installPreReleaseVersion":false,"pinned":false,"profileLocation":{"$mid":1,"external":"vscode-userdata:/home/arshan/.vscode/extensions/extensions.json","path":"/home/arshan/.vscode/extensions/extensions.json","scheme":"vscode-userdata"},"isApplicationScoped":false,"productVersion":{"version":"1.105.0","date":"2025-10-08T14:09:35.891Z"}}
2025-10-12 13:58:31.747 [info] Extension signature verification result for catppuccin.catppuccin-vsc: Success. Internal Code: 0. Executed: true. Duration: 500ms.
2025-10-12 13:58:31.754 [info] Extracted extension to file:///home/arshan/.vscode/extensions/catppuccin.catppuccin-vsc-3.18.0: catppuccin.catppuccin-vsc
2025-10-12 13:58:31.756 [info] Renamed to /home/arshan/.vscode/extensions/catppuccin.catppuccin-vsc-3.18.0
2025-10-12 13:58:31.768 [info] Extension installed successfully: catppuccin.catppuccin-vsc vscode-userdata:/home/arshan/.vscode/extensions/extensions.json
2025-10-12 13:59:37.880 [info] Getting Manifest... miguelsolorio.fluent-icons
2025-10-12 13:59:37.952 [info] Installing extension: miguelsolorio.fluent-icons {"isMachineScoped":false,"installPreReleaseVersion":false,"pinned":false,"profileLocation":{"$mid":1,"external":"vscode-userdata:/home/arshan/.vscode/extensions/extensions.json","path":"/home/arshan/.vscode/extensions/extensions.json","scheme":"vscode-userdata"},"isApplicationScoped":false,"productVersion":{"version":"1.105.0","date":"2025-10-08T14:09:35.891Z"}}
2025-10-12 13:59:39.489 [info] Extension signature verification result for miguelsolorio.fluent-icons: Success. Internal Code: 0. Executed: true. Duration: 466ms.
2025-10-12 13:59:39.535 [info] Extracted extension to file:///home/arshan/.vscode/extensions/miguelsolorio.fluent-icons-0.0.19: miguelsolorio.fluent-icons
2025-10-12 13:59:39.538 [info] Renamed to /home/arshan/.vscode/extensions/miguelsolorio.fluent-icons-0.0.19
2025-10-12 13:59:39.552 [info] Extension installed successfully: miguelsolorio.fluent-icons vscode-userdata:/home/arshan/.vscode/extensions/extensions.json
2025-10-12 14:01:28.902 [info] Getting Manifest... dunkelfalke80.dunkelfalke80-easy-on-the-eyes-color-theme
2025-10-12 14:01:28.969 [info] Installing extension: dunkelfalke80.dunkelfalke80-easy-on-the-eyes-color-theme {"isMachineScoped":false,"installPreReleaseVersion":false,"pinned":false,"profileLocation":{"$mid":1,"external":"vscode-userdata:/home/arshan/.vscode/extensions/extensions.json","path":"/home/arshan/.vscode/extensions/extensions.json","scheme":"vscode-userdata"},"isApplicationScoped":false,"productVersion":{"version":"1.105.0","date":"2025-10-08T14:09:35.891Z"}}
2025-10-12 14:01:30.212 [info] Extension signature verification result for dunkelfalke80.dunkelfalke80-easy-on-the-eyes-color-theme: Success. Internal Code: 0. Executed: true. Duration: 465ms.
2025-10-12 14:01:30.218 [info] Extracted extension to file:///home/arshan/.vscode/extensions/dunkelfalke80.dunkelfalke80-easy-on-the-eyes-color-theme-1.0.2: dunkelfalke80.dunkelfalke80-easy-on-the-eyes-color-theme
2025-10-12 14:01:30.220 [info] Renamed to /home/arshan/.vscode/extensions/dunkelfalke80.dunkelfalke80-easy-on-the-eyes-color-theme-1.0.2
2025-10-12 14:01:30.230 [info] Extension installed successfully: dunkelfalke80.dunkelfalke80-easy-on-the-eyes-color-theme vscode-userdata:/home/arshan/.vscode/extensions/extensions.json
2025-10-12 14:01:39.343 [info] Getting Manifest... nazmussayad.one-eye-care
2025-10-12 14:01:39.423 [info] Installing extension: nazmussayad.one-eye-care {"isMachineScoped":false,"installPreReleaseVersion":false,"pinned":false,"profileLocation":{"$mid":1,"external":"vscode-userdata:/home/arshan/.vscode/extensions/extensions.json","path":"/home/arshan/.vscode/extensions/extensions.json","scheme":"vscode-userdata"},"isApplicationScoped":false,"productVersion":{"version":"1.105.0","date":"2025-10-08T14:09:35.891Z"}}
2025-10-12 14:01:40.678 [info] Extension signature verification result for nazmussayad.one-eye-care: Success. Internal Code: 0. Executed: true. Duration: 463ms.
2025-10-12 14:01:40.683 [info] Extracted extension to file:///home/arshan/.vscode/extensions/nazmussayad.one-eye-care-1.0.0: nazmussayad.one-eye-care
2025-10-12 14:01:40.685 [info] Renamed to /home/arshan/.vscode/extensions/nazmussayad.one-eye-care-1.0.0
2025-10-12 14:01:40.704 [info] Extension installed successfully: nazmussayad.one-eye-care vscode-userdata:/home/arshan/.vscode/extensions/extensions.json
