2025-10-18 16:45:33.048 [info] Native locator: Refresh started
2025-10-18 16:45:33.110 [info] Native locator: Refresh started
2025-10-18 16:45:33.358 [info] > pyenv which python
2025-10-18 16:45:33.358 [info] cwd: .
2025-10-18 16:45:33.406 [info] Native locator: Refresh finished in 752 ms
2025-10-18 16:45:33.408 [info] Python interpreter path: ./.venv/bin/python
2025-10-18 16:45:35.588 [info] Starting Pylance language server.
2025-10-18 19:32:24.860 [info] Native locator: Refresh started
2025-10-18 19:32:24.971 [info] Native locator: Refresh started
2025-10-18 19:32:25.015 [info] > pyenv which python
2025-10-18 19:32:25.015 [info] cwd: .
2025-10-18 19:32:25.173 [info] Python interpreter path: /bin/python
2025-10-18 19:32:25.214 [info] Native locator: Refresh finished in 452 ms
2025-10-18 19:32:26.773 [info] Starting Pylance language server.
2025-10-18 19:48:53.860 [info] Native locator: Refresh started
2025-10-18 19:48:54.009 [info] Native locator: Refresh started
2025-10-18 19:48:54.202 [info] > pyenv which python
2025-10-18 19:48:54.202 [info] cwd: .
2025-10-18 19:48:54.374 [info] Python interpreter path: ./.venv/bin/python
2025-10-18 19:48:54.768 [info] Native locator: Refresh finished in 1016 ms
2025-10-18 19:48:56.440 [info] Starting Pylance language server.
2025-10-18 19:50:39.658 [info] Send text to terminal: source /home/arshan/Code/scripts/.venv/bin/activate.fish
2025-10-18 19:50:46.348 [info] Send text to terminal: source /home/arshan/Code/scripts/.venv/bin/activate.fish
2025-10-18 19:50:56.382 [info] Send text to terminal: source /home/arshan/Code/scripts/.venv/bin/activate.fish
