2025-10-21 18:46:59.332 [info] [main] Log level: Info
2025-10-21 18:46:59.332 [info] [main] Validating found git in: "git"
2025-10-21 18:46:59.332 [info] [main] Using git "2.51.1" from "git"
2025-10-21 18:46:59.332 [info] [Model][doInitialScan] Initial repository scan started
2025-10-21 18:46:59.332 [info] > git rev-parse --show-toplevel [3ms]
2025-10-21 18:46:59.332 [info] fatal: not a git repository (or any parent up to mount point /)
Stopping at filesystem boundary (GIT_DISCOVERY_ACROSS_FILESYSTEM not set).
2025-10-21 18:46:59.332 [info] > git rev-parse --show-toplevel [7ms]
2025-10-21 18:46:59.332 [info] fatal: not a git repository (or any parent up to mount point /)
Stopping at filesystem boundary (GIT_DISCOVERY_ACROSS_FILESYSTEM not set).
2025-10-21 18:46:59.332 [info] > git rev-parse --show-toplevel [2ms]
2025-10-21 18:46:59.332 [info] fatal: not a git repository (or any parent up to mount point /)
Stopping at filesystem boundary (GIT_DISCOVERY_ACROSS_FILESYSTEM not set).
2025-10-21 18:46:59.332 [info] > git rev-parse --show-toplevel [2ms]
2025-10-21 18:46:59.332 [info] fatal: not a git repository (or any parent up to mount point /)
Stopping at filesystem boundary (GIT_DISCOVERY_ACROSS_FILESYSTEM not set).
2025-10-21 18:46:59.332 [info] > git rev-parse --show-toplevel [1ms]
2025-10-21 18:46:59.332 [info] fatal: not a git repository (or any parent up to mount point /)
Stopping at filesystem boundary (GIT_DISCOVERY_ACROSS_FILESYSTEM not set).
2025-10-21 18:46:59.332 [info] [Model][doInitialScan] Initial repository scan completed - repositories (0), closed repositories (0), parent repositories (0), unsafe repositories (0)
2025-10-21 18:46:59.672 [info] > git rev-parse --show-toplevel [6ms]
2025-10-21 18:46:59.672 [info] fatal: not a git repository (or any parent up to mount point /)
Stopping at filesystem boundary (GIT_DISCOVERY_ACROSS_FILESYSTEM not set).
2025-10-21 18:46:59.732 [info] > git rev-parse --show-toplevel [2ms]
2025-10-21 18:46:59.732 [info] fatal: not a git repository (or any parent up to mount point /)
Stopping at filesystem boundary (GIT_DISCOVERY_ACROSS_FILESYSTEM not set).
2025-10-21 18:46:59.900 [info] > git rev-parse --show-toplevel [1ms]
2025-10-21 18:46:59.900 [info] fatal: not a git repository (or any parent up to mount point /)
Stopping at filesystem boundary (GIT_DISCOVERY_ACROSS_FILESYSTEM not set).
