2025-10-15 18:30:14.779 [info] Deleted marked for removal extension from disk ms-python.debugpy /home/arshan/.vscode/extensions/ms-python.debugpy-2025.14.0-linux-x64
2025-10-15 18:40:23.625 [info] Getting Manifest... dionmunk.vscode-notes
2025-10-15 18:40:23.709 [info] Installing extension: dionmunk.vscode-notes {"isMachineScoped":false,"installPreReleaseVersion":false,"pinned":false,"profileLocation":{"$mid":1,"external":"vscode-userdata:/home/arshan/.vscode/extensions/extensions.json","path":"/home/arshan/.vscode/extensions/extensions.json","scheme":"vscode-userdata"},"isApplicationScoped":false,"productVersion":{"version":"1.105.0","date":"2025-10-08T14:09:35.891Z"}}
2025-10-15 18:40:24.784 [info] Extension signature verification result for dionmunk.vscode-notes: Success. Internal Code: 0. Executed: true. Duration: 445ms.
2025-10-15 18:40:24.804 [info] Extracted extension to file:///home/arshan/.vscode/extensions/dionmunk.vscode-notes-2.0.0: dionmunk.vscode-notes
2025-10-15 18:40:24.807 [info] Renamed to /home/arshan/.vscode/extensions/dionmunk.vscode-notes-2.0.0
2025-10-15 18:40:24.821 [info] Extension installed successfully: dionmunk.vscode-notes vscode-userdata:/home/arshan/.vscode/extensions/extensions.json
2025-10-15 18:40:40.843 [info] Getting Manifest... canadaduane.notes
2025-10-15 18:40:40.943 [info] Installing extension: canadaduane.notes {"isMachineScoped":false,"installPreReleaseVersion":false,"pinned":false,"profileLocation":{"$mid":1,"external":"vscode-userdata:/home/arshan/.vscode/extensions/extensions.json","path":"/home/arshan/.vscode/extensions/extensions.json","scheme":"vscode-userdata"},"isApplicationScoped":false,"productVersion":{"version":"1.105.0","date":"2025-10-08T14:09:35.891Z"}}
2025-10-15 18:40:42.019 [info] Extension signature verification result for canadaduane.notes: Success. Internal Code: 0. Executed: true. Duration: 457ms.
2025-10-15 18:40:42.029 [info] Extracted extension to file:///home/arshan/.vscode/extensions/canadaduane.notes-1.3.0: canadaduane.notes
2025-10-15 18:40:42.031 [info] Renamed to /home/arshan/.vscode/extensions/canadaduane.notes-1.3.0
2025-10-15 18:40:42.042 [info] Extension installed successfully: canadaduane.notes vscode-userdata:/home/arshan/.vscode/extensions/extensions.json
2025-10-15 18:44:07.829 [info] Getting Manifest... dendron.dendron
2025-10-15 18:44:07.912 [info] Installing extension: dendron.dendron {"isMachineScoped":false,"installPreReleaseVersion":false,"pinned":false,"profileLocation":{"$mid":1,"external":"vscode-userdata:/home/arshan/.vscode/extensions/extensions.json","path":"/home/arshan/.vscode/extensions/extensions.json","scheme":"vscode-userdata"},"isApplicationScoped":false,"productVersion":{"version":"1.105.0","date":"2025-10-08T14:09:35.891Z"}}
2025-10-15 18:44:09.496 [info] Extension signature verification result for dendron.dendron: Success. Internal Code: 0. Executed: true. Duration: 465ms.
2025-10-15 18:44:09.655 [info] Extracted extension to file:///home/arshan/.vscode/extensions/dendron.dendron-0.124.0: dendron.dendron
2025-10-15 18:44:09.660 [info] Renamed to /home/arshan/.vscode/extensions/dendron.dendron-0.124.0
2025-10-15 18:44:09.677 [info] Extension installed successfully: dendron.dendron vscode-userdata:/home/arshan/.vscode/extensions/extensions.json
2025-10-15 18:44:57.015 [info] Uninstalling extension from the profile: dendron.dendron@0.124.0 vscode-userdata:/home/arshan/.vscode/extensions/extensions.json
2025-10-15 18:44:57.031 [info] Marked extension as removed dendron.dendron-0.124.0
2025-10-15 18:44:57.159 [info] Successfully uninstalled extension from the profile dendron.dendron@0.124.0 vscode-userdata:/home/arshan/.vscode/extensions/extensions.json
