[Info  - 19:51:03] 2025/10/18 19:51:03 Created View (#1)
	directory=/home/arshan/Code/omni
	view_type="GoMod"
	root_dir="file:///home/arshan/Code/omni"
	go_version="go version go1.25.2 linux/amd64"
	build_flags=[]
	env={GOOS:linux GOARCH:amd64 GOCACHE:/home/arshan/.cache/go-build GOMODCACHE:/home/arshan/go/pkg/mod GOPATH:/home/arshan/go GOPRIVATE: GOFLAGS: GO111MODULE: GOTOOLCHAIN:auto GOROOT:/usr/lib/go GoVersion:25 GoVersionOutput:go version go1.25.2 linux/amd64
 ExplicitGOWORK: EffectiveGOPACKAGESDRIVER:}
	env_overlay=[]

[Info  - 19:51:03] 2025/10/18 19:51:03 go/packages.Load #1
	view_id="1"
	snapshot=0
	directory=/home/arshan/Code/omni
	query=[/home/arshan/Code/omni/... builtin]
	packages=3
	duration=77.414592ms

[Error - 19:51:04] 2025/10/18 19:51:04 imports fixes: allImportsFixes: /home/arshan/Code/omni/cmd/main.go:111:5: missing condition in if statement
	file="/home/arshan/Code/omni/cmd/main.go"

[Info  - 19:51:33] 2025/10/18 19:51:33 background imports cache refresh starting

[Info  - 19:51:33] 2025/10/18 19:51:33 background refresh finished after 50.673788ms

[Info  - 19:52:04] 2025/10/18 19:52:04 background imports cache refresh starting

[Info  - 19:52:04] 2025/10/18 19:52:04 background refresh finished after 5.014217ms

[Info  - 19:52:40] 2025/10/18 19:52:40 background imports cache refresh starting

[Info  - 19:52:40] 2025/10/18 19:52:40 background refresh finished after 3.67471ms

