[18/10/2025 19:51:03 - INFO] Discord Presence activated
[18/10/2025 19:51:03 - INFO] Creating discord-rpc client
[18/10/2025 19:51:04 - INFO] Successfully connected to Discord
[18/10/2025 19:51:04 - DEBUG] Loading git extension
[18/10/2025 19:51:04 - TRACE] Git extension not activated, activating...
[18/10/2025 19:51:04 - DEBUG] Loading git extension
[18/10/2025 19:51:04 - TRACE] Git extension not activated, activating...
[18/10/2025 19:51:04 - TRACE] VSCode language id: go
[18/10/2025 19:51:05 - TRACE] VSCode language id: go
[18/10/2025 19:51:07 - TRACE] VSCode language id: go
[18/10/2025 19:51:32 - TRACE] VSCode language id: go
[18/10/2025 19:51:34 - TRACE] VSCode language id: go
[18/10/2025 19:51:36 - TRACE] VSCode language id: go
[18/10/2025 19:51:38 - TRACE] VSCode language id: go
[18/10/2025 19:51:40 - TRACE] VSCode language id: go
[18/10/2025 19:52:06 - TRACE] VSCode language id: go
[18/10/2025 19:52:08 - TRACE] VSCode language id: go
[18/10/2025 19:52:10 - TRACE] VSCode language id: go
[18/10/2025 19:52:12 - TRACE] VSCode language id: go
[18/10/2025 19:52:14 - TRACE] VSCode language id: go
[18/10/2025 19:52:16 - TRACE] VSCode language id: go
[18/10/2025 19:52:26 - TRACE] VSCode language id: go
