2025-10-21 16:51:47.600 [info] [main] Log level: Info
2025-10-21 16:51:47.600 [info] [main] Validating found git in: "git"
2025-10-21 16:51:47.600 [info] [main] Using git "2.51.1.dirty" from "git"
2025-10-21 16:51:47.600 [info] [Model][doInitialScan] Initial repository scan started
2025-10-21 16:51:47.600 [info] > git rev-parse --show-toplevel [104ms]
2025-10-21 16:51:47.600 [info] fatal: not a git repository (or any parent up to mount point /)
Stopping at filesystem boundary (GIT_DISCOVERY_ACROSS_FILESYSTEM not set).
2025-10-21 16:51:47.600 [info] > git rev-parse --show-toplevel [48ms]
2025-10-21 16:51:47.600 [info] fatal: not a git repository (or any parent up to mount point /)
Stopping at filesystem boundary (GIT_DISCOVERY_ACROSS_FILESYSTEM not set).
2025-10-21 16:51:47.606 [info] > git rev-parse --show-toplevel [9ms]
2025-10-21 16:51:47.607 [info] fatal: not a git repository (or any parent up to mount point /)
Stopping at filesystem boundary (GIT_DISCOVERY_ACROSS_FILESYSTEM not set).
2025-10-21 16:51:47.624 [info] > git rev-parse --show-toplevel [4ms]
2025-10-21 16:51:47.624 [info] fatal: not a git repository (or any parent up to mount point /)
Stopping at filesystem boundary (GIT_DISCOVERY_ACROSS_FILESYSTEM not set).
2025-10-21 16:51:47.638 [info] > git rev-parse --show-toplevel [7ms]
2025-10-21 16:51:47.639 [info] fatal: not a git repository (or any parent up to mount point /)
Stopping at filesystem boundary (GIT_DISCOVERY_ACROSS_FILESYSTEM not set).
2025-10-21 16:51:47.649 [info] > git rev-parse --show-toplevel [1ms]
2025-10-21 16:51:47.649 [info] fatal: not a git repository (or any parent up to mount point /)
Stopping at filesystem boundary (GIT_DISCOVERY_ACROSS_FILESYSTEM not set).
2025-10-21 16:51:47.655 [info] [Model][doInitialScan] Initial repository scan completed - repositories (0), closed repositories (0), parent repositories (0), unsafe repositories (0)
2025-10-21 16:51:47.670 [info] > git rev-parse --show-toplevel [6ms]
2025-10-21 16:51:47.670 [info] fatal: not a git repository (or any parent up to mount point /)
Stopping at filesystem boundary (GIT_DISCOVERY_ACROSS_FILESYSTEM not set).
