info: {"ctx":"Logger:configure","msg":"exit","logLevel":"info"}
info: {"ctx":"_activate","stage":"prod","isDebug":false,"logLevel":"info","logPath":"/home/arshan/.config/Code/logs/20251015T183012/window1/exthost/dendron.dendron","extensionPath":"/home/arshan/.vscode/extensions/dendron.dendron-0.124.0","extensionUri":"/home/arshan/.vscode/extensions/dendron.dendron-0.124.0","workspaceFile":"/home/arshan/Dendron/dendron.code-workspace","workspaceFolders":["/home/arshan/Dendron/notes"]}
info: {"ctx":"DendronExtension","msg":"initialized"}
info: {"ctx":"_activate","msg":"initializeWorkspace","wsType":"CODE","currentVersion":"0.124.0","previousGlobalVersion":"0.124.0","extensionInstallStatus":"NO_CHANGE"}
info: {"msg":"User specified note traits not initialized because workspace is not trusted."}
info: {"ctx":"WorkspaceActivator.init:postSetupTraits","wsRoot":"/home/arshan/Dendron"}
info: {"ctx":"runMigrationsIfNecessary","changes":[],"workspaceInstallStatus":"INITIAL_INSTALL"}
info: {"ctx":"WorkspaceActivator.init:postMigration","wsRoot":"/home/arshan/Dendron"}
info: {"ctx":"WorkspaceActivator.init:postWsServiceInitialize","wsRoot":"/home/arshan/Dendron"}
info: {"ctx":"handleServerProcess","msg":"subprocess running","pid":12464}
info: {"ctx":"startServerProcess","msg":"post-start-server","port":41871,"durationStartServer":503}
info: {"ctx":"WorkspaceActivator.init:verifyOrStartServerProcess","port":41871}
info: {"ctx":"WorkspaceActivator.init:exit"}
info: {"msg":"Telemetry is disabled? false"}
info: {"msg":"Segment Residual Cache Path is at /home/arshan/.config/Code/User/globalStorage/dendron.dendron/segmentresidualcache.log"}
info: {"ctx":"_activate:postSetupWorkspace","platform":"linux","extensions":[{"id":"dendron.dendron","version":"0.124.0","active":true},{"id":"dendron.dendron-paste-image"},{"id":"dendron.dendron-markdown-shortcuts"},{"id":"redhat.vscode-yaml"}],"vaults":[{"fsPath":".","selfContained":true,"name":"Dendron"}]}
info: {"ctx":"dendron.reloadIndex:run","msg":"pre-execute"}
info: {"ctx":"ReloadIndex.execute","msg":"enter"}
info: {"ctx":"ReloadIndex.execute","durationEngineInit":95}
info: {"ctx":"ReloadIndex.execute","msg":"exit"}
info: {"ctx":"dendron.reloadIndex:run","msg":"post-execute"}
info: {"ctx":"reloadWorkspace","msg":"post-ws.reloadWorkspace"}
info: {"ctx":"reloadWorkspace","msg":"exit"}
info: {"ctx":"postReloadWorkspace","msg":"same wsVersion"}
info: {"ctx":"postReloadWorkspace","msg":"exit"}
info: {"ctx":"setupViews","msg":"init:treeViewV2"}
info: {"ctx":"setupBacklinkTreeView","msg":"init:backlinks"}
info: {"ctx":"WorkspaceActivator:activate","msg":"fin startClient","durationReloadWorkspace":109}
info: {"ctx":"activateWorkspace","stage":"prod","msg":"enter"}
info: {"ctx":"togglePluginActiveContext","state":"togglePluginActiveContext: true"}
debug: {"msg":"Note opened","fname":"tutorial"}
info: {"ctx":"showWelcomeOrWhatsNew","version":"0.124.0","previousExtensionVersion":"0.0.0"}
info: {"ctx":"WindowWatcher:onDidChangeVisibleTextEditors","editorPaths":["/home/arshan/Dendron/notes/tutorial.md"]}
info: {"ctx":"refreshBacklinksChangeActiveTextEditor"}
debug: {"msg":"Marking note as having opened for the first time this session","fname":"tutorial"}
info: {"ctx":"WorkspaceWatcher:onFirstOpen","msg":"enter","fname":"tutorial"}
info: {"ctx":"WorkspaceWatcher:onFirstOpen","msg":"exit","fname":"tutorial"}
info: {"ctx":"WindowWatcher:onDidChangeActiveTextEditor","editor":"/home/arshan/Dendron/notes/tutorial.md"}
debug: {"ctx":"updateDecorations","msg":"enter"}
info: {"ctx":"updateDecorations","msg":"decorating...","payload":{"decorationsLength":2,"diagnosticsLength":0}}
info: {"ctx":"onDidReceiveMessage","data":{"type":"init","data":{"src":"DendronVSCodeApp"},"source":"webClient"}}
info: {"ctx":"onDidReceiveMessage","data":{"type":"messageDispatcherReady","data":{},"source":"webClient"}}
info: {"ctx":"GraphPanel(side):onDidReceiveMessage","data":{"type":"onRequestGraphOpts","data":{},"source":"webClient"}}
info: {"ctx":"GraphPanel(side):onDidReceiveMessage","data":{"type":"init","data":{"src":"DendronVSCodeApp"},"source":"webClient"}}
info: {"ctx":"GraphPanel(side):onDidReceiveMessage","data":{"type":"messageDispatcherReady","data":{},"source":"webClient"}}
debug: {"ctx":"GraphPanel(side):onDidReceiveMessage","msg":"got active note","note":{"fname":"tutorial","id":"c1bs7wsjfbhb0zipaywqv1","children":[],"vault":{"fsPath":".","selfContained":true,"name":"Dendron"},"parent":"root"}}
debug: {"ctx":"WindowWatcher:onDidChangeTextEditorVisibleRanges","editor":"/home/arshan/Dendron/notes/tutorial.md"}
debug: {"ctx":"WindowWatcher:onDidChangeTextEditorVisibleRanges","editor":"/home/arshan/Dendron/notes/tutorial.md"}
debug: {"ctx":"updateDecorations","msg":"enter"}
debug: {"ctx":"TextDocumentService:applyTextDocument","uri":"/home/arshan/Dendron/notes/tutorial.md"}
debug: {"ctx":"TextDocumentService:applyTextDocument","uri":"/home/arshan/Dendron/notes/tutorial.md","msg":"note content unchanged, returning original note"}
info: {"ctx":"updateDecorations","msg":"decorating...","payload":{"decorationsLength":2,"diagnosticsLength":0}}
debug: {"ctx":"ShowPreview:onDidReceiveMessage","msgType":"init"}
debug: {"ctx":"ShowPreview:onDidReceiveMessage","msgType":"messageDispatcherReady"}
debug: {"ctx":"ShowPreview:onDidReceiveMessage","msg":"got active note","note":{"fname":"tutorial","id":"c1bs7wsjfbhb0zipaywqv1","children":[],"vault":{"fsPath":".","selfContained":true,"name":"Dendron"},"parent":"root"}}
debug: {"ctx":"TextDocumentService:applyTextDocument","uri":"/home/arshan/Dendron/notes/tutorial.md"}
debug: {"ctx":"TextDocumentService:applyTextDocument","uri":"/home/arshan/Dendron/notes/tutorial.md","msg":"note content unchanged, returning original note"}
info: sendSavedAnalytics
info: {"ctx":"AnalyticsUtils.sendSavedAnalytics","message":"start"}
info: {"ctx":"deactivateWorkspace"}
info: {"ctx":"togglePluginActiveContext","state":"togglePluginActiveContext: false"}
info: {"ctx":"handleServerProcess","msg":"kill server start"}
info: {"ctx":"handleServerProcess","msg":"kill server end"}
