2025-10-17 17:43:58.308 [info] Starting Python Locator /home/arshan/.vscode/extensions/ms-python.python-2025.16.0-linux-x64/python-env-tools/bin/pet server
2025-10-17 17:43:58.314 [info] Discovered env: /home/arshan/Code/summarizer.py/.venv/bin/python
2025-10-17 17:43:58.751 [info] Discovered env: /bin/python
2025-10-17 17:43:58.897 [info] Discovered env: /usr/bin/python
2025-10-17 17:43:58.906 [info] Env ("/usr/sbin/python") in Path resolved as ResolvedPythonEnv { executable: "/usr/sbin/python", prefix: "/usr", version: "3.13.7.final.0", is64_bit: true, symlinks: Some(["/usr/sbin/python"]) } and reported as Some(GlobalPaths)
2025-10-17 17:43:58.906 [info] Discovered env: /usr/sbin/python
2025-10-17 17:43:58.906 [info] Env ("/sbin/python") in Path resolved as ResolvedPythonEnv { executable: "/sbin/python", prefix: "/usr", version: "3.13.7.final.0", is64_bit: true, symlinks: Some(["/sbin/python"]) } and reported as Some(GlobalPaths)
2025-10-17 17:43:58.906 [info] Discovered env: /sbin/python
2025-10-17 17:43:58.907 [info] Env ("/usr/sbin/python3") in Path resolved as ResolvedPythonEnv { executable: "/usr/sbin/python3", prefix: "/usr", version: "3.13.7.final.0", is64_bit: true, symlinks: Some(["/usr/sbin/python3"]) } and reported as Some(GlobalPaths)
2025-10-17 17:43:58.907 [info] Discovered env: /usr/sbin/python3
2025-10-17 17:43:58.907 [info] Env ("/sbin/python3") in Path resolved as ResolvedPythonEnv { executable: "/sbin/python3", prefix: "/usr", version: "3.13.7.final.0", is64_bit: true, symlinks: Some(["/sbin/python3"]) } and reported as Some(GlobalPaths)
2025-10-17 17:43:58.907 [info] Discovered env: /sbin/python3
2025-10-17 17:43:58.907 [info] Env ("/usr/sbin/python3.13") in Path resolved as ResolvedPythonEnv { executable: "/usr/sbin/python3.13", prefix: "/usr", version: "3.13.7.final.0", is64_bit: true, symlinks: Some(["/usr/sbin/python3.13"]) } and reported as Some(GlobalPaths)
2025-10-17 17:43:58.908 [info] Discovered env: /usr/sbin/python3.13
2025-10-17 17:43:58.908 [info] Env ("/sbin/python3.13") in Path resolved as ResolvedPythonEnv { executable: "/sbin/python3.13", prefix: "/usr", version: "3.13.7.final.0", is64_bit: true, symlinks: Some(["/sbin/python3.13"]) } and reported as Some(GlobalPaths)
2025-10-17 17:43:58.908 [info] Discovered env: /sbin/python3.13
2025-10-17 17:43:58.908 [info] Locator Conda took 157.728053ms
2025-10-17 17:43:58.908 [info] Locator Homebrew took 536.305µs
2025-10-17 17:43:58.908 [info] Locator LinuxGlobal took 159.089459ms
2025-10-17 17:43:58.908 [info] Locator PipEnv took 24.408µs
2025-10-17 17:43:58.908 [info] Locator Pixi took 16.339µs
2025-10-17 17:43:58.908 [info] Locator Poetry took 514.531µs
2025-10-17 17:43:58.908 [info] Locator PyEnv took 698.432µs
2025-10-17 17:43:58.908 [info] Locator Venv took 23.387µs
2025-10-17 17:43:58.908 [info] Locator VirtualEnv took 230.117µs
2025-10-17 17:43:58.908 [info] Locator VirtualEnvWrapper took 103.287µs
2025-10-17 17:43:58.908 [info] Locator GlobalVirtualEnvs took 263.442µs
2025-10-17 17:43:58.908 [info] Locator Locators took 160.256827ms
2025-10-17 17:43:58.908 [info] Locator Path took 254.374816ms
2025-10-17 17:43:58.908 [info] Locator Workspaces took 14.538111ms
2025-10-17 17:43:58.908 [info] Refresh completed in 254ms
2025-10-17 17:43:58.909 [info] Resolved Python Environment /home/arshan/Code/summarizer.py/.venv/bin/python
2025-10-17 17:59:26.476 [info] Starting Python Locator /home/arshan/.vscode/extensions/ms-python.python-2025.16.0-linux-x64/python-env-tools/bin/pet server
2025-10-17 17:59:26.652 [info] Discovered env: /bin/python
2025-10-17 17:59:26.654 [info] Discovered env: /usr/bin/python
2025-10-17 17:59:26.654 [info] Env ("/usr/sbin/python") in Path resolved as ResolvedPythonEnv { executable: "/usr/sbin/python", prefix: "/usr", version: "3.13.7.final.0", is64_bit: true, symlinks: Some(["/usr/sbin/python"]) } and reported as Some(GlobalPaths)
2025-10-17 17:59:26.654 [info] Discovered env: /usr/sbin/python
2025-10-17 17:59:26.655 [info] Env ("/sbin/python") in Path resolved as ResolvedPythonEnv { executable: "/sbin/python", prefix: "/usr", version: "3.13.7.final.0", is64_bit: true, symlinks: Some(["/sbin/python"]) } and reported as Some(GlobalPaths)
2025-10-17 17:59:26.655 [info] Discovered env: /sbin/python
2025-10-17 17:59:26.656 [info] Resolved Python Environment /bin/python
2025-10-17 17:59:26.658 [info] Env ("/usr/sbin/python3") in Path resolved as ResolvedPythonEnv { executable: "/usr/sbin/python3", prefix: "/usr", version: "3.13.7.final.0", is64_bit: true, symlinks: Some(["/usr/sbin/python3"]) } and reported as Some(GlobalPaths)
2025-10-17 17:59:26.658 [info] Discovered env: /usr/sbin/python3
2025-10-17 17:59:26.658 [info] Env ("/sbin/python3") in Path resolved as ResolvedPythonEnv { executable: "/sbin/python3", prefix: "/usr", version: "3.13.7.final.0", is64_bit: true, symlinks: Some(["/sbin/python3"]) } and reported as Some(GlobalPaths)
2025-10-17 17:59:26.658 [info] Discovered env: /sbin/python3
2025-10-17 17:59:26.732 [info] Env ("/usr/sbin/python3.13") in Path resolved as ResolvedPythonEnv { executable: "/usr/sbin/python3.13", prefix: "/usr", version: "3.13.7.final.0", is64_bit: true, symlinks: Some(["/usr/sbin/python3.13"]) } and reported as Some(GlobalPaths)
2025-10-17 17:59:26.733 [info] Discovered env: /usr/sbin/python3.13
2025-10-17 17:59:26.733 [info] Env ("/sbin/python3.13") in Path resolved as ResolvedPythonEnv { executable: "/sbin/python3.13", prefix: "/usr", version: "3.13.7.final.0", is64_bit: true, symlinks: Some(["/sbin/python3.13"]) } and reported as Some(GlobalPaths)
2025-10-17 17:59:26.733 [info] Discovered env: /sbin/python3.13
2025-10-17 17:59:26.733 [info] Locator Conda took 237.765988ms
2025-10-17 17:59:26.733 [info] Locator Homebrew took 413.885µs
2025-10-17 17:59:26.733 [info] Locator LinuxGlobal took 146.525314ms
2025-10-17 17:59:26.734 [info] Locator PipEnv took 11.051µs
2025-10-17 17:59:26.734 [info] Locator Pixi took 21.684µs
2025-10-17 17:59:26.734 [info] Locator Poetry took 789.988µs
2025-10-17 17:59:26.734 [info] Locator PyEnv took 1.30396ms
2025-10-17 17:59:26.734 [info] Locator Venv took 84.973µs
2025-10-17 17:59:26.734 [info] Locator VirtualEnv took 17.88µs
2025-10-17 17:59:26.734 [info] Locator VirtualEnvWrapper took 32.619µs
2025-10-17 17:59:26.734 [info] Locator GlobalVirtualEnvs took 254.908µs
2025-10-17 17:59:26.734 [info] Locator Locators took 237.898526ms
2025-10-17 17:59:26.734 [info] Locator Path took 263.156704ms
2025-10-17 17:59:26.734 [info] Locator Workspaces took 581.74µs
2025-10-17 17:59:26.734 [info] Refresh completed in 263ms
2025-10-17 18:00:11.101 [info] Resolved Python Environment /bin/python
2025-10-17 18:00:43.468 [info] Resolved Python Environment /bin/python
2025-10-17 18:03:42.870 [info] Resolved Python Environment /bin/python
2025-10-17 18:05:24.764 [info] Resolved Python Environment /bin/python
2025-10-17 18:06:17.170 [info] Resolved Python Environment /bin/python
2025-10-17 18:08:36.084 [info] Resolved Python Environment /bin/python
2025-10-17 18:09:32.535 [info] Resolved Python Environment /bin/python
2025-10-17 18:10:11.546 [info] Resolved Python Environment /bin/python
2025-10-17 18:19:49.071 [info] Resolved Python Environment /bin/python
