2025-10-15 18:30:15.716 [info] [main] Log level: Info
2025-10-15 18:30:15.717 [info] [main] Validating found git in: "git"
2025-10-15 18:30:15.717 [info] [main] Using git "2.51.0" from "git"
2025-10-15 18:30:15.717 [info] [Model][doInitialScan] Initial repository scan started
2025-10-15 18:30:15.717 [info] > git rev-parse --show-toplevel [2ms]
2025-10-15 18:30:15.717 [info] fatal: not a git repository (or any parent up to mount point /)
Stopping at filesystem boundary (GIT_DISCOVERY_ACROSS_FILESYSTEM not set).
2025-10-15 18:30:15.717 [info] > git rev-parse --show-toplevel [2ms]
2025-10-15 18:30:15.717 [info] fatal: not a git repository (or any parent up to mount point /)
Stopping at filesystem boundary (GIT_DISCOVERY_ACROSS_FILESYSTEM not set).
2025-10-15 18:30:15.717 [info] > git rev-parse --show-toplevel [1ms]
2025-10-15 18:30:15.717 [info] fatal: not a git repository (or any parent up to mount point /)
Stopping at filesystem boundary (GIT_DISCOVERY_ACROSS_FILESYSTEM not set).
2025-10-15 18:30:15.717 [info] [Model][doInitialScan] Initial repository scan completed - repositories (0), closed repositories (0), parent repositories (0), unsafe repositories (0)
2025-10-15 18:30:15.941 [info] > git rev-parse --show-toplevel [5ms]
2025-10-15 18:30:15.941 [info] fatal: not a git repository (or any parent up to mount point /)
Stopping at filesystem boundary (GIT_DISCOVERY_ACROSS_FILESYSTEM not set).
2025-10-15 18:30:15.946 [info] > git rev-parse --show-toplevel [2ms]
2025-10-15 18:30:15.946 [info] fatal: not a git repository (or any parent up to mount point /)
Stopping at filesystem boundary (GIT_DISCOVERY_ACROSS_FILESYSTEM not set).
2025-10-15 18:30:16.152 [info] > git rev-parse --show-toplevel [1ms]
2025-10-15 18:30:16.152 [info] fatal: not a git repository (or any parent up to mount point /)
Stopping at filesystem boundary (GIT_DISCOVERY_ACROSS_FILESYSTEM not set).
2025-10-15 18:30:16.800 [info] > git rev-parse --show-toplevel [1ms]
2025-10-15 18:30:16.800 [info] fatal: not a git repository (or any parent up to mount point /)
Stopping at filesystem boundary (GIT_DISCOVERY_ACROSS_FILESYSTEM not set).
2025-10-15 18:33:18.801 [info] > git rev-parse --show-toplevel [1ms]
2025-10-15 18:33:18.801 [info] fatal: not a git repository (or any parent up to mount point /)
Stopping at filesystem boundary (GIT_DISCOVERY_ACROSS_FILESYSTEM not set).
2025-10-15 18:33:33.012 [info] > git rev-parse --show-toplevel [3ms]
2025-10-15 18:33:33.012 [info] fatal: not a git repository (or any parent up to mount point /)
Stopping at filesystem boundary (GIT_DISCOVERY_ACROSS_FILESYSTEM not set).
2025-10-15 18:33:34.923 [info] > git rev-parse --show-toplevel [2ms]
2025-10-15 18:33:34.923 [info] fatal: not a git repository (or any parent up to mount point /)
Stopping at filesystem boundary (GIT_DISCOVERY_ACROSS_FILESYSTEM not set).
2025-10-15 18:33:35.372 [info] > git rev-parse --show-toplevel [3ms]
2025-10-15 18:33:35.372 [info] fatal: not a git repository (or any parent up to mount point /)
Stopping at filesystem boundary (GIT_DISCOVERY_ACROSS_FILESYSTEM not set).
2025-10-15 18:33:40.353 [info] > git rev-parse --show-toplevel [2ms]
2025-10-15 18:33:40.353 [info] fatal: not a git repository (or any parent up to mount point /)
Stopping at filesystem boundary (GIT_DISCOVERY_ACROSS_FILESYSTEM not set).
2025-10-15 18:35:30.357 [info] > git rev-parse --show-toplevel [3ms]
2025-10-15 18:35:30.357 [info] fatal: not a git repository (or any parent up to mount point /)
Stopping at filesystem boundary (GIT_DISCOVERY_ACROSS_FILESYSTEM not set).
2025-10-15 18:38:04.854 [info] > git rev-parse --show-toplevel [3ms]
2025-10-15 18:38:04.854 [info] fatal: not a git repository (or any parent up to mount point /)
Stopping at filesystem boundary (GIT_DISCOVERY_ACROSS_FILESYSTEM not set).
2025-10-15 18:38:27.790 [info] > git rev-parse --show-toplevel [2ms]
2025-10-15 18:38:27.790 [info] fatal: not a git repository (or any parent up to mount point /)
Stopping at filesystem boundary (GIT_DISCOVERY_ACROSS_FILESYSTEM not set).
2025-10-15 18:38:51.107 [info] [main] Log level: Info
2025-10-15 18:38:51.107 [info] [main] Validating found git in: "git"
2025-10-15 18:38:51.107 [info] [main] Using git "2.51.0" from "git"
2025-10-15 18:38:51.107 [info] [Model][doInitialScan] Initial repository scan started
2025-10-15 18:38:51.107 [info] > git rev-parse --show-toplevel [19ms]
2025-10-15 18:38:51.107 [info] fatal: not a git repository (or any parent up to mount point /)
Stopping at filesystem boundary (GIT_DISCOVERY_ACROSS_FILESYSTEM not set).
2025-10-15 18:38:51.125 [info] > git rev-parse --show-toplevel [87ms]
2025-10-15 18:38:51.125 [info] fatal: not a git repository (or any parent up to mount point /)
Stopping at filesystem boundary (GIT_DISCOVERY_ACROSS_FILESYSTEM not set).
2025-10-15 18:38:51.253 [info] > git rev-parse --show-toplevel [59ms]
2025-10-15 18:38:51.253 [info] fatal: not a git repository (or any parent up to mount point /)
Stopping at filesystem boundary (GIT_DISCOVERY_ACROSS_FILESYSTEM not set).
2025-10-15 18:38:51.255 [info] [Model][doInitialScan] Initial repository scan completed - repositories (0), closed repositories (0), parent repositories (0), unsafe repositories (0)
2025-10-15 18:40:24.867 [info] > git rev-parse --show-toplevel [1ms]
2025-10-15 18:40:24.867 [info] fatal: not a git repository (or any parent up to mount point /)
Stopping at filesystem boundary (GIT_DISCOVERY_ACROSS_FILESYSTEM not set).
2025-10-15 18:40:42.076 [info] > git rev-parse --show-toplevel [3ms]
2025-10-15 18:40:42.076 [info] fatal: not a git repository (or any parent up to mount point /)
Stopping at filesystem boundary (GIT_DISCOVERY_ACROSS_FILESYSTEM not set).
2025-10-15 18:41:23.588 [info] > git rev-parse --show-toplevel [1ms]
2025-10-15 18:41:23.588 [info] fatal: not a git repository (or any parent up to mount point /)
Stopping at filesystem boundary (GIT_DISCOVERY_ACROSS_FILESYSTEM not set).
2025-10-15 18:41:28.320 [info] [main] Log level: Info
2025-10-15 18:41:28.321 [info] [main] Validating found git in: "git"
2025-10-15 18:41:28.321 [info] [main] Using git "2.51.0" from "git"
2025-10-15 18:41:28.321 [info] [Model][doInitialScan] Initial repository scan started
2025-10-15 18:41:28.321 [info] > git rev-parse --show-toplevel [1ms]
2025-10-15 18:41:28.321 [info] fatal: not a git repository (or any parent up to mount point /)
Stopping at filesystem boundary (GIT_DISCOVERY_ACROSS_FILESYSTEM not set).
2025-10-15 18:41:28.321 [info] > git rev-parse --show-toplevel [1ms]
2025-10-15 18:41:28.321 [info] fatal: not a git repository (or any parent up to mount point /)
Stopping at filesystem boundary (GIT_DISCOVERY_ACROSS_FILESYSTEM not set).
2025-10-15 18:41:28.321 [info] > git rev-parse --show-toplevel [1ms]
2025-10-15 18:41:28.321 [info] fatal: not a git repository (or any parent up to mount point /)
Stopping at filesystem boundary (GIT_DISCOVERY_ACROSS_FILESYSTEM not set).
2025-10-15 18:41:28.321 [info] [Model][doInitialScan] Initial repository scan completed - repositories (0), closed repositories (0), parent repositories (0), unsafe repositories (0)
2025-10-15 18:41:28.433 [info] > git rev-parse --show-toplevel [3ms]
2025-10-15 18:41:28.433 [info] fatal: not a git repository (or any parent up to mount point /)
Stopping at filesystem boundary (GIT_DISCOVERY_ACROSS_FILESYSTEM not set).
2025-10-15 18:41:28.558 [info] > git rev-parse --show-toplevel [0ms]
2025-10-15 18:41:28.558 [info] fatal: not a git repository (or any parent up to mount point /)
Stopping at filesystem boundary (GIT_DISCOVERY_ACROSS_FILESYSTEM not set).
2025-10-15 18:41:28.628 [info] > git rev-parse --show-toplevel [1ms]
2025-10-15 18:41:28.628 [info] fatal: not a git repository (or any parent up to mount point /)
Stopping at filesystem boundary (GIT_DISCOVERY_ACROSS_FILESYSTEM not set).
2025-10-15 18:41:28.869 [info] > git rev-parse --show-toplevel [1ms]
2025-10-15 18:41:28.870 [info] fatal: not a git repository (or any parent up to mount point /)
Stopping at filesystem boundary (GIT_DISCOVERY_ACROSS_FILESYSTEM not set).
2025-10-15 18:41:29.988 [info] > git rev-parse --show-toplevel [1ms]
2025-10-15 18:41:29.988 [info] fatal: not a git repository (or any parent up to mount point /)
Stopping at filesystem boundary (GIT_DISCOVERY_ACROSS_FILESYSTEM not set).
2025-10-15 18:41:33.399 [info] > git rev-parse --show-toplevel [9ms]
2025-10-15 18:41:33.399 [info] fatal: not a git repository (or any parent up to mount point /)
Stopping at filesystem boundary (GIT_DISCOVERY_ACROSS_FILESYSTEM not set).
2025-10-15 18:42:11.467 [info] > git rev-parse --show-toplevel [2ms]
2025-10-15 18:42:11.467 [info] fatal: not a git repository (or any parent up to mount point /)
Stopping at filesystem boundary (GIT_DISCOVERY_ACROSS_FILESYSTEM not set).
2025-10-15 18:42:19.876 [info] > git rev-parse --show-toplevel [2ms]
2025-10-15 18:42:19.876 [info] fatal: not a git repository (or any parent up to mount point /)
Stopping at filesystem boundary (GIT_DISCOVERY_ACROSS_FILESYSTEM not set).
2025-10-15 18:42:21.696 [info] > git rev-parse --show-toplevel [1ms]
2025-10-15 18:42:21.696 [info] fatal: not a git repository (or any parent up to mount point /)
Stopping at filesystem boundary (GIT_DISCOVERY_ACROSS_FILESYSTEM not set).
2025-10-15 18:42:21.702 [info] > git rev-parse --show-toplevel [1ms]
2025-10-15 18:42:21.702 [info] fatal: not a git repository (or any parent up to mount point /)
Stopping at filesystem boundary (GIT_DISCOVERY_ACROSS_FILESYSTEM not set).
2025-10-15 18:42:21.707 [info] > git rev-parse --show-toplevel [1ms]
2025-10-15 18:42:21.707 [info] fatal: not a git repository (or any parent up to mount point /)
Stopping at filesystem boundary (GIT_DISCOVERY_ACROSS_FILESYSTEM not set).
2025-10-15 18:44:02.276 [info] > git rev-parse --show-toplevel [1ms]
2025-10-15 18:44:02.276 [info] fatal: not a git repository (or any parent up to mount point /)
Stopping at filesystem boundary (GIT_DISCOVERY_ACROSS_FILESYSTEM not set).
2025-10-15 18:44:09.717 [info] > git rev-parse --show-toplevel [1ms]
2025-10-15 18:44:09.717 [info] fatal: not a git repository (or any parent up to mount point /)
Stopping at filesystem boundary (GIT_DISCOVERY_ACROSS_FILESYSTEM not set).
2025-10-15 18:44:16.987 [info] [main] Log level: Info
2025-10-15 18:44:16.987 [info] [main] Validating found git in: "git"
2025-10-15 18:44:16.987 [info] [main] Using git "2.51.0" from "git"
2025-10-15 18:44:16.987 [info] [Model][doInitialScan] Initial repository scan started
2025-10-15 18:44:16.987 [info] > git rev-parse --show-toplevel [6ms]
2025-10-15 18:44:16.987 [info] fatal: not a git repository (or any parent up to mount point /)
Stopping at filesystem boundary (GIT_DISCOVERY_ACROSS_FILESYSTEM not set).
2025-10-15 18:44:16.987 [info] > git rev-parse --show-toplevel [1ms]
2025-10-15 18:44:16.987 [info] fatal: not a git repository (or any parent up to mount point /)
Stopping at filesystem boundary (GIT_DISCOVERY_ACROSS_FILESYSTEM not set).
2025-10-15 18:44:16.992 [info] > git rev-parse --show-toplevel [1ms]
2025-10-15 18:44:16.992 [info] fatal: not a git repository (or any parent up to mount point /)
Stopping at filesystem boundary (GIT_DISCOVERY_ACROSS_FILESYSTEM not set).
2025-10-15 18:44:16.996 [info] > git rev-parse --show-toplevel [1ms]
2025-10-15 18:44:16.996 [info] fatal: not a git repository (or any parent up to mount point /)
Stopping at filesystem boundary (GIT_DISCOVERY_ACROSS_FILESYSTEM not set).
2025-10-15 18:44:16.998 [info] [Model][doInitialScan] Initial repository scan completed - repositories (0), closed repositories (0), parent repositories (0), unsafe repositories (0)
2025-10-15 18:44:17.353 [info] > git rev-parse --show-toplevel [1ms]
2025-10-15 18:44:17.353 [info] fatal: not a git repository (or any parent up to mount point /)
Stopping at filesystem boundary (GIT_DISCOVERY_ACROSS_FILESYSTEM not set).
2025-10-15 18:44:44.492 [info] [main] Log level: Info
2025-10-15 18:44:44.492 [info] [main] Validating found git in: "git"
2025-10-15 18:44:44.492 [info] [main] Using git "2.51.0" from "git"
2025-10-15 18:44:44.492 [info] [Model][doInitialScan] Initial repository scan started
2025-10-15 18:44:44.492 [info] > git rev-parse --show-toplevel [65ms]
2025-10-15 18:44:44.492 [info] fatal: not a git repository (or any parent up to mount point /)
Stopping at filesystem boundary (GIT_DISCOVERY_ACROSS_FILESYSTEM not set).
2025-10-15 18:44:44.501 [info] > git rev-parse --show-toplevel [47ms]
2025-10-15 18:44:44.501 [info] fatal: not a git repository (or any parent up to mount point /)
Stopping at filesystem boundary (GIT_DISCOVERY_ACROSS_FILESYSTEM not set).
2025-10-15 18:44:44.525 [info] > git rev-parse --show-toplevel [3ms]
2025-10-15 18:44:44.525 [info] fatal: not a git repository (or any parent up to mount point /)
Stopping at filesystem boundary (GIT_DISCOVERY_ACROSS_FILESYSTEM not set).
2025-10-15 18:44:44.531 [info] > git rev-parse --show-toplevel [2ms]
2025-10-15 18:44:44.531 [info] fatal: not a git repository (or any parent up to mount point /)
Stopping at filesystem boundary (GIT_DISCOVERY_ACROSS_FILESYSTEM not set).
2025-10-15 18:44:44.533 [info] [Model][doInitialScan] Initial repository scan completed - repositories (0), closed repositories (0), parent repositories (0), unsafe repositories (0)
2025-10-15 18:44:44.896 [info] > git rev-parse --show-toplevel [2ms]
2025-10-15 18:44:44.896 [info] fatal: not a git repository (or any parent up to mount point /)
Stopping at filesystem boundary (GIT_DISCOVERY_ACROSS_FILESYSTEM not set).
2025-10-15 18:44:55.941 [info] > git rev-parse --show-toplevel [0ms]
2025-10-15 18:44:55.941 [info] fatal: not a git repository (or any parent up to mount point /)
Stopping at filesystem boundary (GIT_DISCOVERY_ACROSS_FILESYSTEM not set).
2025-10-15 18:44:59.192 [info] [main] Log level: Info
2025-10-15 18:44:59.192 [info] [main] Validating found git in: "git"
2025-10-15 18:44:59.192 [info] [main] Using git "2.51.0" from "git"
2025-10-15 18:44:59.192 [info] [Model][doInitialScan] Initial repository scan started
2025-10-15 18:44:59.192 [info] > git rev-parse --show-toplevel [26ms]
2025-10-15 18:44:59.192 [info] fatal: not a git repository (or any parent up to mount point /)
Stopping at filesystem boundary (GIT_DISCOVERY_ACROSS_FILESYSTEM not set).
2025-10-15 18:44:59.220 [info] > git rev-parse --show-toplevel [25ms]
2025-10-15 18:44:59.220 [info] fatal: not a git repository (or any parent up to mount point /)
Stopping at filesystem boundary (GIT_DISCOVERY_ACROSS_FILESYSTEM not set).
2025-10-15 18:44:59.229 [info] > git rev-parse --show-toplevel [7ms]
2025-10-15 18:44:59.229 [info] fatal: not a git repository (or any parent up to mount point /)
Stopping at filesystem boundary (GIT_DISCOVERY_ACROSS_FILESYSTEM not set).
2025-10-15 18:44:59.231 [info] [Model][doInitialScan] Initial repository scan completed - repositories (0), closed repositories (0), parent repositories (0), unsafe repositories (0)
2025-10-15 18:45:01.848 [info] > git rev-parse --show-toplevel [1ms]
2025-10-15 18:45:01.848 [info] fatal: not a git repository (or any parent up to mount point /)
Stopping at filesystem boundary (GIT_DISCOVERY_ACROSS_FILESYSTEM not set).
2025-10-15 18:45:01.852 [info] > git rev-parse --show-toplevel [1ms]
2025-10-15 18:45:01.852 [info] fatal: not a git repository (or any parent up to mount point /)
Stopping at filesystem boundary (GIT_DISCOVERY_ACROSS_FILESYSTEM not set).
2025-10-15 18:45:03.602 [info] > git rev-parse --show-toplevel [1ms]
2025-10-15 18:45:03.602 [info] fatal: not a git repository (or any parent up to mount point /)
Stopping at filesystem boundary (GIT_DISCOVERY_ACROSS_FILESYSTEM not set).
2025-10-15 18:45:04.532 [info] > git rev-parse --show-toplevel [2ms]
2025-10-15 18:45:04.532 [info] fatal: not a git repository (or any parent up to mount point /)
Stopping at filesystem boundary (GIT_DISCOVERY_ACROSS_FILESYSTEM not set).
2025-10-15 18:45:04.537 [info] > git rev-parse --show-toplevel [1ms]
2025-10-15 18:45:04.537 [info] fatal: not a git repository (or any parent up to mount point /)
Stopping at filesystem boundary (GIT_DISCOVERY_ACROSS_FILESYSTEM not set).
