[Info  - 17:45:35] 2025/10/17 17:45:35 Created View (#1)
	directory=/home/arshan/Code/omni
	view_type="GoMod"
	root_dir="file:///home/arshan/Code/omni"
	go_version="go version go1.25.1 linux/amd64"
	build_flags=[]
	env={GOOS:linux GOARCH:amd64 GOCACHE:/home/arshan/.cache/go-build GOMODCACHE:/home/arshan/go/pkg/mod GOPATH:/home/arshan/go GOPRIVATE: GOFLAGS: GO111MODULE: GOTOOLCHAIN:auto GOROOT:/usr/lib/go GoVersion:25 GoVersionOutput:go version go1.25.1 linux/amd64
 ExplicitGOWORK: EffectiveGOPACKAGESDRIVER:}
	env_overlay=[]

[Info  - 17:45:36] 2025/10/17 17:45:35 go/packages.Load #1
	view_id="1"
	snapshot=0
	directory=/home/arshan/Code/omni
	query=[/home/arshan/Code/omni/... builtin]
	packages=3
	duration=154.899672ms

[Info  - 17:45:41] 2025/10/17 17:45:41 go/packages.Load #3
	view_id="1"
	snapshot=14
	directory=/home/arshan/Code/omni
	query=[file=/home/arshan/Code/omni/cmd/main.go]
	packages=1
	duration=36.160641ms

[Info  - 17:45:41] 2025/10/17 17:45:41 go/packages.Load #4
	view_id="1"
	snapshot=14
	directory=/home/arshan/Code/omni
	query=[file=/home/arshan/Code/omni/cmd/main.go]
	packages=1
	duration=36.490544ms

[Error - 17:45:43] 2025/10/17 17:45:43 signature help failed: call operand is not a func or type: *ast.SelectorExpr (&{os Args})
	position=9:9

[Info  - 17:46:05] 2025/10/17 17:46:05 background imports cache refresh starting

[Info  - 17:46:05] 2025/10/17 17:46:05 background refresh finished after 2.647741ms

[Info  - 17:47:10] 2025/10/17 17:47:10 go/packages.Load #6
	view_id="1"
	snapshot=63
	directory=/home/arshan/Code/omni
	query=[file=/home/arshan/Code/omni/cmd/main.go]
	packages=1
	duration=39.824649ms

[Info  - 17:47:10] 2025/10/17 17:47:10 go/packages.Load #7
	view_id="1"
	snapshot=63
	directory=/home/arshan/Code/omni
	query=[file=/home/arshan/Code/omni/cmd/main.go]
	packages=1
	duration=39.948419ms

[Error - 17:47:10] 2025/10/17 17:47:10 signature help failed: cannot get type for Fun *ast.SelectorExpr (&{cmd IsExitCoder})
	position=16:17

[Info  - 17:47:12] 2025/10/17 17:47:12 go/packages.Load #8
	view_id="1"
	snapshot=65
	directory=/home/arshan/Code/omni
	query=[file=/home/arshan/Code/omni/cmd/main.go]
	packages=1
	duration=34.027455ms

[Info  - 17:47:12] 2025/10/17 17:47:12 go/packages.Load #9
	view_id="1"
	snapshot=65
	directory=/home/arshan/Code/omni
	query=[file=/home/arshan/Code/omni/cmd/main.go]
	packages=1
	duration=34.077432ms

[Info  - 17:47:34] 2025/10/17 17:47:34 background imports cache refresh starting

[Info  - 17:47:34] 2025/10/17 17:47:34 background refresh finished after 4.101918ms

[Info  - 17:47:43] 2025/10/17 17:47:43 go/packages.Load #13
	view_id="1"
	snapshot=90
	directory=/home/arshan/Code/omni
	query=[file=/home/arshan/Code/omni/cmd/main.go]
	packages=1
	duration=42.578987ms

[Info  - 17:47:43] 2025/10/17 17:47:43 go/packages.Load #12
	view_id="1"
	snapshot=90
	directory=/home/arshan/Code/omni
	query=[file=/home/arshan/Code/omni/cmd/main.go]
	packages=1
	duration=48.453953ms

[Info  - 17:48:08] 2025/10/17 17:48:08 background imports cache refresh starting

[Info  - 17:48:08] 2025/10/17 17:48:08 background refresh finished after 3.816156ms

[Error - 17:48:34] 2025/10/17 17:48:34 imports fixes: allImportsFixes: /home/arshan/Code/omni/cmd/main.go:13:40: string literal not terminated (and 7 more errors)
	file="/home/arshan/Code/omni/cmd/main.go"

[Info  - 17:49:14] 2025/10/17 17:49:14 go/packages.Load #15
	view_id="1"
	snapshot=232
	directory=/home/arshan/Code/omni
	query=[file=/home/arshan/Code/omni/cmd/main.go]
	packages=1
	duration=38.556769ms

[Info  - 17:49:14] 2025/10/17 17:49:14 go/packages.Load #16
	view_id="1"
	snapshot=232
	directory=/home/arshan/Code/omni
	query=[file=/home/arshan/Code/omni/cmd/main.go]
	packages=1
	duration=42.284682ms

[Info  - 17:49:34] 2025/10/17 17:49:34 background imports cache refresh starting

[Info  - 17:49:34] 2025/10/17 17:49:34 background refresh finished after 3.84805ms

[Info  - 17:49:46] 2025/10/17 17:49:46 go/packages.Load #18
	view_id="1"
	snapshot=340
	directory=/home/arshan/Code/omni
	query=[file=/home/arshan/Code/omni/cmd/main.go]
	packages=1
	duration=42.925324ms

[Info  - 17:49:46] 2025/10/17 17:49:46 go/packages.Load #19
	view_id="1"
	snapshot=340
	directory=/home/arshan/Code/omni
	query=[file=/home/arshan/Code/omni/cmd/main.go]
	packages=1
	duration=43.010325ms

[Info  - 17:50:04] 2025/10/17 17:50:04 background imports cache refresh starting

[Info  - 17:50:04] 2025/10/17 17:50:04 background refresh finished after 4.739895ms

[Error - 17:50:38] 2025/10/17 17:50:38 imports fixes: allImportsFixes: /home/arshan/Code/omni/cmd/main.go:25:7: expected '(', found newline (and 2 more errors)
	file="/home/arshan/Code/omni/cmd/main.go"

[Error - 17:50:39] 2025/10/17 17:50:39 imports fixes: allImportsFixes: /home/arshan/Code/omni/cmd/main.go:25:9: expected '(', found newline (and 2 more errors)
	file="/home/arshan/Code/omni/cmd/main.go"

[Error - 17:50:40] 2025/10/17 17:50:40 imports fixes: allImportsFixes: /home/arshan/Code/omni/cmd/main.go:25:9: expected '(', found newline (and 2 more errors)
	file="/home/arshan/Code/omni/cmd/main.go"

[Error - 17:50:40] 2025/10/17 17:50:40 imports fixes: allImportsFixes: /home/arshan/Code/omni/cmd/main.go:25:9: expected '(', found newline (and 2 more errors)
	file="/home/arshan/Code/omni/cmd/main.go"

[Info  - 17:50:41] 2025/10/17 17:50:41 background imports cache refresh starting

[Info  - 17:50:41] 2025/10/17 17:50:41 background refresh finished after 6.3265ms

[Error - 17:50:41] 2025/10/17 17:50:41 imports fixes: allImportsFixes: /home/arshan/Code/omni/cmd/main.go:25:12: expected '(', found newline (and 2 more errors)
	file="/home/arshan/Code/omni/cmd/main.go"

[Info  - 17:50:52] 2025/10/17 17:50:52 go/packages.Load #21
	view_id="1"
	snapshot=462
	directory=/home/arshan/Code/omni
	query=[file=/home/arshan/Code/omni/cmd/main.go]
	packages=1
	duration=39.118301ms

[Info  - 17:50:52] 2025/10/17 17:50:52 go/packages.Load #22
	view_id="1"
	snapshot=462
	directory=/home/arshan/Code/omni
	query=[file=/home/arshan/Code/omni/cmd/main.go]
	packages=1
	duration=42.534242ms

[Info  - 17:50:53] 2025/10/17 17:50:53 go/packages.Load #23
	view_id="1"
	snapshot=464
	directory=/home/arshan/Code/omni
	query=[file=/home/arshan/Code/omni/cmd/main.go]
	packages=1
	duration=38.484373ms

[Info  - 17:50:53] 2025/10/17 17:50:53 go/packages.Load #24
	view_id="1"
	snapshot=464
	directory=/home/arshan/Code/omni
	query=[file=/home/arshan/Code/omni/cmd/main.go]
	packages=1
	duration=40.390001ms

[Info  - 17:51:14] 2025/10/17 17:51:14 background imports cache refresh starting

[Info  - 17:51:14] 2025/10/17 17:51:14 background refresh finished after 4.260036ms

[Info  - 17:51:58] 2025/10/17 17:51:58 background imports cache refresh starting

[Info  - 17:51:58] 2025/10/17 17:51:58 background refresh finished after 3.806402ms

[Error - 17:51:58] 2025/10/17 17:51:58 imports fixes: allImportsFixes: /home/arshan/Code/omni/cmd/main.go:29:12: expected '(', found newline (and 2 more errors)
	file="/home/arshan/Code/omni/cmd/main.go"

[Error - 17:52:10] 2025/10/17 17:52:10 imports fixes: allImportsFixes: /home/arshan/Code/omni/cmd/main.go:29:24: missing parameter type
	file="/home/arshan/Code/omni/cmd/main.go"

[Error - 17:52:11] 2025/10/17 17:52:11 imports fixes: allImportsFixes: /home/arshan/Code/omni/cmd/main.go:29:34: missing parameter type
	file="/home/arshan/Code/omni/cmd/main.go"

[Info  - 17:52:30] 2025/10/17 17:52:30 background imports cache refresh starting

[Info  - 17:52:30] 2025/10/17 17:52:30 background refresh finished after 4.898312ms

[Info  - 17:53:47] 2025/10/17 17:53:47 background imports cache refresh starting

[Info  - 17:53:47] 2025/10/17 17:53:47 background refresh finished after 4.860626ms

[Error - 17:54:14] 2025/10/17 17:54:14 imports fixes: allImportsFixes: /home/arshan/Code/omni/cmd/main.go:29:10: expected '(', found newline (and 2 more errors)
	file="/home/arshan/Code/omni/cmd/main.go"

[Error - 17:54:16] 2025/10/17 17:54:16 imports fixes: allImportsFixes: /home/arshan/Code/omni/cmd/main.go:29:12: expected '(', found newline (and 2 more errors)
	file="/home/arshan/Code/omni/cmd/main.go"

[Error - 17:54:17] 2025/10/17 17:54:17 imports fixes: allImportsFixes: /home/arshan/Code/omni/cmd/main.go:29:12: expected '(', found newline (and 2 more errors)
	file="/home/arshan/Code/omni/cmd/main.go"

[Error - 17:54:17] 2025/10/17 17:54:17 imports fixes: allImportsFixes: /home/arshan/Code/omni/cmd/main.go:29:12: expected '(', found newline (and 2 more errors)
	file="/home/arshan/Code/omni/cmd/main.go"

[Error - 17:54:22] 2025/10/17 17:54:22 imports fixes: allImportsFixes: /home/arshan/Code/omni/cmd/main.go:29:19: expected '(', found newline (and 2 more errors)
	file="/home/arshan/Code/omni/cmd/main.go"

[Error - 17:54:23] 2025/10/17 17:54:23 imports fixes: allImportsFixes: /home/arshan/Code/omni/cmd/main.go:29:17: expected '(', found newline (and 2 more errors)
	file="/home/arshan/Code/omni/cmd/main.go"

[Error - 17:54:25] 2025/10/17 17:54:25 imports fixes: allImportsFixes: /home/arshan/Code/omni/cmd/main.go:29:22: expected '(', found newline (and 2 more errors)
	file="/home/arshan/Code/omni/cmd/main.go"

[Error - 17:54:25] 2025/10/17 17:54:25 imports fixes: allImportsFixes: /home/arshan/Code/omni/cmd/main.go:29:20: expected '(', found newline (and 2 more errors)
	file="/home/arshan/Code/omni/cmd/main.go"

[Error - 17:54:27] 2025/10/17 17:54:27 imports fixes: allImportsFixes: /home/arshan/Code/omni/cmd/main.go:29:19: expected '(', found newline (and 2 more errors)
	file="/home/arshan/Code/omni/cmd/main.go"

[Error - 17:54:27] 2025/10/17 17:54:27 imports fixes: allImportsFixes: /home/arshan/Code/omni/cmd/main.go:29:20: expected '(', found newline (and 2 more errors)
	file="/home/arshan/Code/omni/cmd/main.go"

[Info  - 17:54:40] 2025/10/17 17:54:40 background imports cache refresh starting

[Info  - 17:54:40] 2025/10/17 17:54:40 background refresh finished after 4.078148ms

[Error - 17:54:40] 2025/10/17 17:54:40 imports fixes: allImportsFixes: /home/arshan/Code/omni/cmd/main.go:29:19: expected '(', found newline (and 2 more errors)
	file="/home/arshan/Code/omni/cmd/main.go"

[Info  - 17:55:13] 2025/10/17 17:55:13 go/packages.Load #26
	view_id="1"
	snapshot=799
	directory=/home/arshan/Code/omni
	query=[file=/home/arshan/Code/omni/cmd/main.go]
	packages=1
	duration=43.580436ms

[Info  - 17:55:13] 2025/10/17 17:55:13 go/packages.Load #27
	view_id="1"
	snapshot=799
	directory=/home/arshan/Code/omni
	query=[file=/home/arshan/Code/omni/cmd/main.go]
	packages=1
	duration=40.885303ms

[Info  - 17:55:24] 2025/10/17 17:55:24 background imports cache refresh starting

[Info  - 17:55:24] 2025/10/17 17:55:24 background refresh finished after 3.9404ms

[Error - 17:55:49] 2025/10/17 17:55:49 signature help failed: call operand is not a func or type: *ast.Ident (len)
	position=31:8

[Error - 17:55:55] 2025/10/17 17:55:55 imports fixes: allImportsFixes: /home/arshan/Code/omni/cmd/main.go:33:1: expected operand, found '}' (and 5 more errors)
	file="/home/arshan/Code/omni/cmd/main.go"

[Error - 17:55:55] 2025/10/17 17:55:55 imports fixes: allImportsFixes: /home/arshan/Code/omni/cmd/main.go:33:1: expected operand, found '}' (and 5 more errors)
	file="/home/arshan/Code/omni/cmd/main.go"

[Error - 17:55:56] 2025/10/17 17:55:56 imports fixes: allImportsFixes: /home/arshan/Code/omni/cmd/main.go:33:1: expected operand, found '}' (and 5 more errors)
	file="/home/arshan/Code/omni/cmd/main.go"

[Info  - 17:56:12] 2025/10/17 17:56:12 background imports cache refresh starting

[Info  - 17:56:12] 2025/10/17 17:56:12 background refresh finished after 4.64132ms

[Error - 17:56:46] 2025/10/17 17:56:46 imports fixes: allImportsFixes: /home/arshan/Code/omni/cmd/main.go:37:33: expected operand, found ']'
	file="/home/arshan/Code/omni/cmd/main.go"

[Info  - 17:57:02] 2025/10/17 17:57:02 background imports cache refresh starting

[Info  - 17:57:02] 2025/10/17 17:57:02 background refresh finished after 4.232517ms

[Info  - 17:57:37] 2025/10/17 17:57:37 background imports cache refresh starting

[Info  - 17:57:37] 2025/10/17 17:57:37 background refresh finished after 4.42532ms

[Error - 17:57:45] 2025/10/17 17:57:45 signature help failed: cannot get type for Fun *ast.SelectorExpr (&{cmd CombinedOutput})
	position=37:35

[Info  - 17:58:09] 2025/10/17 17:58:09 background imports cache refresh starting

[Info  - 17:58:09] 2025/10/17 17:58:09 background refresh finished after 3.834518ms

[Error - 17:58:26] 2025/10/17 17:58:26 imports fixes: allImportsFixes: /home/arshan/Code/omni/cmd/main.go:38:40: expected ';', found runCmd (and 1 more errors)
	file="/home/arshan/Code/omni/cmd/main.go"

[Error - 17:58:27] 2025/10/17 17:58:27 imports fixes: allImportsFixes: /home/arshan/Code/omni/cmd/main.go:38:40: expected ';', found runCmd (and 1 more errors)
	file="/home/arshan/Code/omni/cmd/main.go"

[Info  - 17:58:42] 2025/10/17 17:58:42 background imports cache refresh starting

[Info  - 17:58:42] 2025/10/17 17:58:42 background refresh finished after 4.123037ms

[Info  - 17:59:13] 2025/10/17 17:59:13 background imports cache refresh starting

[Info  - 17:59:13] 2025/10/17 17:59:13 background refresh finished after 4.414674ms

[Info  - 17:59:43] 2025/10/17 17:59:43 background imports cache refresh starting

[Info  - 17:59:43] 2025/10/17 17:59:43 background refresh finished after 4.575364ms

[Info  - 18:00:42] 2025/10/17 18:00:42 background imports cache refresh starting

[Info  - 18:00:42] 2025/10/17 18:00:42 background refresh finished after 7.19649ms

[Error - 18:00:47] 2025/10/17 18:00:47 imports fixes: allImportsFixes: /home/arshan/Code/omni/timetest.go:10:18: expected operand, found ';' (and 7 more errors)
	file="/home/arshan/Code/omni/timetest.go"

[Error - 18:00:58] 2025/10/17 18:00:58 imports fixes: allImportsFixes: /home/arshan/Code/omni/timetest.go:10:18: expected operand, found ';' (and 7 more errors)
	file="/home/arshan/Code/omni/timetest.go"

[Info  - 18:01:32] 2025/10/17 18:01:32 background imports cache refresh starting

[Info  - 18:01:32] 2025/10/17 18:01:32 background refresh finished after 3.74969ms

[Info  - 18:02:58] 2025/10/17 18:02:58 background imports cache refresh starting

[Info  - 18:02:58] 2025/10/17 18:02:58 background refresh finished after 4.679676ms

[Error - 18:03:23] 2025/10/17 18:03:23 imports fixes: allImportsFixes: /home/arshan/Code/omni/cmd/main.go:31:10: expected '(', found newline (and 2 more errors)
	file="/home/arshan/Code/omni/cmd/main.go"

[Info  - 18:03:31] 2025/10/17 18:03:31 background imports cache refresh starting

[Info  - 18:03:31] 2025/10/17 18:03:31 background refresh finished after 4.118286ms

[Info  - 18:03:40] 2025/10/17 18:03:40 go/packages.Load #32
	view_id="1"
	snapshot=1458
	directory=/home/arshan/Code/omni
	query=[file=/home/arshan/Code/omni/cmd/main.go]
	packages=1
	duration=56.161855ms

[Info  - 18:03:40] 2025/10/17 18:03:40 go/packages.Load #31
	view_id="1"
	snapshot=1458
	directory=/home/arshan/Code/omni
	query=[file=/home/arshan/Code/omni/cmd/main.go]
	packages=1
	duration=59.138185ms

[Info  - 18:04:05] 2025/10/17 18:04:05 background imports cache refresh starting

[Info  - 18:04:05] 2025/10/17 18:04:05 background refresh finished after 4.422397ms

[Info  - 18:04:51] 2025/10/17 18:04:51 go/packages.Load #34
	view_id="1"
	snapshot=1507
	directory=/home/arshan/Code/omni
	query=[file=/home/arshan/Code/omni/cmd/main.go]
	packages=1
	duration=38.052097ms

[Info  - 18:04:51] 2025/10/17 18:04:51 go/packages.Load #35
	view_id="1"
	snapshot=1507
	directory=/home/arshan/Code/omni
	query=[file=/home/arshan/Code/omni/cmd/main.go]
	packages=1
	duration=38.290351ms

[Info  - 18:05:09] 2025/10/17 18:05:09 background imports cache refresh starting

[Info  - 18:05:09] 2025/10/17 18:05:09 background refresh finished after 3.945891ms

[Info  - 18:05:49] 2025/10/17 18:05:49 background imports cache refresh starting

[Info  - 18:05:49] 2025/10/17 18:05:49 background refresh finished after 3.70705ms

[Error - 18:07:49] 2025/10/17 18:07:49 imports fixes: allImportsFixes: /home/arshan/Code/omni/cmd/main.go:28:20: missing ',' before newline in argument list (and 6 more errors)
	file="/home/arshan/Code/omni/cmd/main.go"

[Info  - 18:08:16] 2025/10/17 18:08:16 background imports cache refresh starting

[Info  - 18:08:16] 2025/10/17 18:08:16 background refresh finished after 4.572238ms

[Info  - 18:08:56] 2025/10/17 18:08:56 background imports cache refresh starting

[Info  - 18:08:56] 2025/10/17 18:08:56 background refresh finished after 3.960883ms

[Info  - 18:09:53] 2025/10/17 18:09:53 go/packages.Load #36
	view_id="1"
	snapshot=1752
	directory=/home/arshan/Code/omni
	query=[/home/arshan/Code/omni/... builtin]
	packages=3
	duration=30.870329ms

[Info  - 18:09:54] 2025/10/17 18:09:54 go/packages.Load #37
	view_id="1"
	snapshot=1753
	directory=/home/arshan/Code/omni
	query=[/home/arshan/Code/omni/... builtin]
	packages=3
	duration=34.204138ms

[Info  - 18:09:56] 2025/10/17 18:09:56 go/packages.Load #38
	view_id="1"
	snapshot=1754
	directory=/home/arshan/Code/omni
	query=[/home/arshan/Code/omni/... builtin]
	packages=3
	duration=31.647492ms

[Info  - 18:09:57] 2025/10/17 18:09:57 go/packages.Load #39
	view_id="1"
	snapshot=1755
	directory=/home/arshan/Code/omni
	query=[/home/arshan/Code/omni/... builtin]
	packages=3
	duration=32.782189ms

[Info  - 18:10:05] 2025/10/17 18:10:05 go/packages.Load #41
	view_id="1"
	snapshot=1777
	directory=/home/arshan/Code/omni
	query=[file=/home/arshan/Code/omni/cmd/main.go]
	packages=1
	duration=36.436504ms

[Info  - 18:10:05] 2025/10/17 18:10:05 go/packages.Load #42
	view_id="1"
	snapshot=1777
	directory=/home/arshan/Code/omni
	query=[file=/home/arshan/Code/omni/cmd/main.go]
	packages=1
	duration=34.835378ms

[Info  - 18:10:12] 2025/10/17 18:10:12 go/packages.Load #43
	view_id="1"
	snapshot=1789
	directory=/home/arshan/Code/omni
	query=[/home/arshan/Code/omni/... builtin]
	packages=3
	duration=30.963265ms

[Info  - 18:10:13] 2025/10/17 18:10:13 go/packages.Load #44
	view_id="1"
	snapshot=1790
	directory=/home/arshan/Code/omni
	query=[/home/arshan/Code/omni/... builtin]
	packages=3
	duration=38.18937ms

[Info  - 18:10:28] 2025/10/17 18:10:28 background imports cache refresh starting

[Info  - 18:10:28] 2025/10/17 18:10:28 background refresh finished after 3.910887ms

[Error - 18:10:43] 2025/10/17 18:10:43 imports fixes: allImportsFixes: /home/arshan/Code/omni/cmd/main.go:31:7: expected '(', found newline (and 2 more errors)
	file="/home/arshan/Code/omni/cmd/main.go"

[Error - 18:10:44] 2025/10/17 18:10:44 imports fixes: allImportsFixes: /home/arshan/Code/omni/cmd/main.go:31:9: expected '(', found newline (and 2 more errors)
	file="/home/arshan/Code/omni/cmd/main.go"

[Error - 18:10:45] 2025/10/17 18:10:45 imports fixes: allImportsFixes: /home/arshan/Code/omni/cmd/main.go:31:8: expected '(', found newline (and 2 more errors)
	file="/home/arshan/Code/omni/cmd/main.go"

[Error - 18:10:47] 2025/10/17 18:10:47 imports fixes: allImportsFixes: /home/arshan/Code/omni/cmd/main.go:31:15: expected '(', found newline (and 2 more errors)
	file="/home/arshan/Code/omni/cmd/main.go"

[Error - 18:10:48] 2025/10/17 18:10:48 imports fixes: allImportsFixes: /home/arshan/Code/omni/cmd/main.go:31:17: expected '(', found newline (and 2 more errors)
	file="/home/arshan/Code/omni/cmd/main.go"

[Error - 18:10:48] 2025/10/17 18:10:48 imports fixes: allImportsFixes: /home/arshan/Code/omni/cmd/main.go:31:18: expected '(', found newline (and 2 more errors)
	file="/home/arshan/Code/omni/cmd/main.go"

[Error - 18:10:48] 2025/10/17 18:10:48 imports fixes: allImportsFixes: /home/arshan/Code/omni/cmd/main.go:31:19: expected '(', found newline (and 2 more errors)
	file="/home/arshan/Code/omni/cmd/main.go"

[Error - 18:10:49] 2025/10/17 18:10:49 imports fixes: allImportsFixes: /home/arshan/Code/omni/cmd/main.go:31:19: expected '(', found newline (and 2 more errors)
	file="/home/arshan/Code/omni/cmd/main.go"

[Error - 18:10:50] 2025/10/17 18:10:50 imports fixes: allImportsFixes: /home/arshan/Code/omni/cmd/main.go:31:19: expected '(', found newline (and 2 more errors)
	file="/home/arshan/Code/omni/cmd/main.go"

[Error - 18:10:51] 2025/10/17 18:10:51 imports fixes: allImportsFixes: /home/arshan/Code/omni/cmd/main.go:31:18: expected '(', found newline (and 2 more errors)
	file="/home/arshan/Code/omni/cmd/main.go"

[Error - 18:10:52] 2025/10/17 18:10:52 imports fixes: allImportsFixes: /home/arshan/Code/omni/cmd/main.go:31:18: expected '(', found newline (and 2 more errors)
	file="/home/arshan/Code/omni/cmd/main.go"

[Error - 18:10:52] 2025/10/17 18:10:52 imports fixes: allImportsFixes: /home/arshan/Code/omni/cmd/main.go:31:18: expected '(', found newline (and 2 more errors)
	file="/home/arshan/Code/omni/cmd/main.go"

[Info  - 18:10:58] 2025/10/17 18:10:58 background imports cache refresh starting

[Info  - 18:10:58] 2025/10/17 18:10:58 background refresh finished after 4.443229ms

[Error - 18:13:01] 2025/10/17 18:13:01 imports fixes: allImportsFixes: /home/arshan/Code/omni/cmd/main.go:31:19: expected '(', found newline (and 2 more errors)
	file="/home/arshan/Code/omni/cmd/main.go"

[Error - 18:13:01] 2025/10/17 18:13:01 imports fixes: allImportsFixes: /home/arshan/Code/omni/cmd/main.go:31:18: expected '(', found newline (and 2 more errors)
	file="/home/arshan/Code/omni/cmd/main.go"

[Error - 18:13:02] 2025/10/17 18:13:02 imports fixes: allImportsFixes: /home/arshan/Code/omni/cmd/main.go:31:17: expected '(', found newline (and 2 more errors)
	file="/home/arshan/Code/omni/cmd/main.go"

[Error - 18:13:02] 2025/10/17 18:13:02 imports fixes: allImportsFixes: /home/arshan/Code/omni/cmd/main.go:31:14: expected '(', found newline (and 2 more errors)
	file="/home/arshan/Code/omni/cmd/main.go"

[Error - 18:13:03] 2025/10/17 18:13:03 imports fixes: allImportsFixes: /home/arshan/Code/omni/cmd/main.go:31:15: expected '(', found newline (and 2 more errors)
	file="/home/arshan/Code/omni/cmd/main.go"

[Error - 18:13:04] 2025/10/17 18:13:04 imports fixes: allImportsFixes: /home/arshan/Code/omni/cmd/main.go:31:14: expected '(', found newline (and 2 more errors)
	file="/home/arshan/Code/omni/cmd/main.go"

[Error - 18:13:04] 2025/10/17 18:13:04 imports fixes: allImportsFixes: /home/arshan/Code/omni/cmd/main.go:31:14: expected '(', found newline (and 2 more errors)
	file="/home/arshan/Code/omni/cmd/main.go"

[Error - 18:13:05] 2025/10/17 18:13:05 imports fixes: allImportsFixes: /home/arshan/Code/omni/cmd/main.go:31:13: expected '(', found newline (and 2 more errors)
	file="/home/arshan/Code/omni/cmd/main.go"

[Error - 18:13:07] 2025/10/17 18:13:07 imports fixes: allImportsFixes: /home/arshan/Code/omni/cmd/main.go:31:12: expected '(', found newline (and 2 more errors)
	file="/home/arshan/Code/omni/cmd/main.go"

[Error - 18:13:09] 2025/10/17 18:13:09 imports fixes: allImportsFixes: /home/arshan/Code/omni/cmd/main.go:31:12: expected '(', found newline (and 2 more errors)
	file="/home/arshan/Code/omni/cmd/main.go"

[Error - 18:13:09] 2025/10/17 18:13:09 imports fixes: allImportsFixes: /home/arshan/Code/omni/cmd/main.go:31:13: expected '(', found newline (and 2 more errors)
	file="/home/arshan/Code/omni/cmd/main.go"

[Error - 18:13:10] 2025/10/17 18:13:10 imports fixes: allImportsFixes: /home/arshan/Code/omni/cmd/main.go:31:12: expected '(', found newline (and 2 more errors)
	file="/home/arshan/Code/omni/cmd/main.go"

[Error - 18:13:11] 2025/10/17 18:13:11 imports fixes: allImportsFixes: /home/arshan/Code/omni/cmd/main.go:31:11: expected '(', found newline (and 2 more errors)
	file="/home/arshan/Code/omni/cmd/main.go"

[Error - 18:13:12] 2025/10/17 18:13:12 imports fixes: allImportsFixes: /home/arshan/Code/omni/cmd/main.go:31:7: expected '(', found newline (and 2 more errors)
	file="/home/arshan/Code/omni/cmd/main.go"

[Error - 18:13:13] 2025/10/17 18:13:13 imports fixes: allImportsFixes: /home/arshan/Code/omni/cmd/main.go:31:12: expected '(', found newline (and 2 more errors)
	file="/home/arshan/Code/omni/cmd/main.go"

[Error - 18:13:14] 2025/10/17 18:13:14 imports fixes: allImportsFixes: /home/arshan/Code/omni/cmd/main.go:31:11: expected '(', found newline (and 2 more errors)
	file="/home/arshan/Code/omni/cmd/main.go"

[Error - 18:13:15] 2025/10/17 18:13:15 imports fixes: allImportsFixes: /home/arshan/Code/omni/cmd/main.go:31:15: expected '(', found newline (and 2 more errors)
	file="/home/arshan/Code/omni/cmd/main.go"

[Info  - 18:13:36] 2025/10/17 18:13:36 background imports cache refresh starting

[Info  - 18:13:36] 2025/10/17 18:13:36 background refresh finished after 4.696917ms

[Info  - 18:15:21] 2025/10/17 18:15:21 background imports cache refresh starting

[Info  - 18:15:21] 2025/10/17 18:15:21 background refresh finished after 6.707144ms

[Info  - 18:15:52] 2025/10/17 18:15:52 background imports cache refresh starting

[Info  - 18:15:52] 2025/10/17 18:15:52 background refresh finished after 3.795032ms

[Error - 18:16:28] 2025/10/17 18:16:28 imports fixes: allImportsFixes: /home/arshan/Code/omni/cmd/main.go:37:12: expression in defer must be function call
	file="/home/arshan/Code/omni/cmd/main.go"

[Error - 18:16:29] 2025/10/17 18:16:29 imports fixes: allImportsFixes: /home/arshan/Code/omni/cmd/main.go:37:12: expression in defer must be function call
	file="/home/arshan/Code/omni/cmd/main.go"

[Error - 18:16:29] 2025/10/17 18:16:29 imports fixes: allImportsFixes: /home/arshan/Code/omni/cmd/main.go:37:12: expression in defer must be function call
	file="/home/arshan/Code/omni/cmd/main.go"

[Info  - 18:16:31] 2025/10/17 18:16:31 background imports cache refresh starting

[Info  - 18:16:31] 2025/10/17 18:16:31 background refresh finished after 3.937762ms

[Error - 18:17:03] 2025/10/17 18:17:03 imports fixes: allImportsFixes: /home/arshan/Code/omni/cmd/main.go:38:12: expression in go must be function call
	file="/home/arshan/Code/omni/cmd/main.go"

[Error - 18:17:18] 2025/10/17 18:17:18 imports fixes: allImportsFixes: /home/arshan/Code/omni/cmd/main.go:38:19: expected operand, found '}' (and 6 more errors)
	file="/home/arshan/Code/omni/cmd/main.go"

[Error - 18:17:19] 2025/10/17 18:17:19 imports fixes: allImportsFixes: /home/arshan/Code/omni/cmd/main.go:38:19: expected operand, found '}' (and 6 more errors)
	file="/home/arshan/Code/omni/cmd/main.go"

[Error - 18:17:20] 2025/10/17 18:17:20 imports fixes: allImportsFixes: /home/arshan/Code/omni/cmd/main.go:38:19: expected operand, found '}' (and 6 more errors)
	file="/home/arshan/Code/omni/cmd/main.go"

[Error - 18:17:21] 2025/10/17 18:17:21 imports fixes: allImportsFixes: /home/arshan/Code/omni/cmd/main.go:38:25: expression in go must be function call
	file="/home/arshan/Code/omni/cmd/main.go"

[Info  - 18:17:23] 2025/10/17 18:17:23 go/packages.Load #46
	view_id="1"
	snapshot=2290
	directory=/home/arshan/Code/omni
	query=[file=/home/arshan/Code/omni/cmd/main.go]
	packages=1
	duration=47.730347ms

[Info  - 18:17:23] 2025/10/17 18:17:23 go/packages.Load #47
	view_id="1"
	snapshot=2290
	directory=/home/arshan/Code/omni
	query=[file=/home/arshan/Code/omni/cmd/main.go]
	packages=1
	duration=43.333203ms

[Info  - 18:17:30] 2025/10/17 18:17:30 background imports cache refresh starting

[Info  - 18:17:30] 2025/10/17 18:17:30 background refresh finished after 3.742552ms

[Error - 18:18:00] 2025/10/17 18:18:00 imports fixes: allImportsFixes: /home/arshan/Code/omni/cmd/main.go:39:30: expression in go must be function call
	file="/home/arshan/Code/omni/cmd/main.go"

[Error - 18:18:01] 2025/10/17 18:18:01 imports fixes: allImportsFixes: /home/arshan/Code/omni/cmd/main.go:39:30: expression in go must be function call
	file="/home/arshan/Code/omni/cmd/main.go"

[Error - 18:18:02] 2025/10/17 18:18:02 imports fixes: allImportsFixes: /home/arshan/Code/omni/cmd/main.go:39:30: expression in go must be function call
	file="/home/arshan/Code/omni/cmd/main.go"

[Error - 18:18:03] 2025/10/17 18:18:03 imports fixes: allImportsFixes: /home/arshan/Code/omni/cmd/main.go:39:30: expression in go must be function call
	file="/home/arshan/Code/omni/cmd/main.go"

[Error - 18:18:06] 2025/10/17 18:18:06 imports fixes: allImportsFixes: /home/arshan/Code/omni/cmd/main.go:39:36: expression in go must be function call
	file="/home/arshan/Code/omni/cmd/main.go"

[Error - 18:18:09] 2025/10/17 18:18:09 imports fixes: allImportsFixes: /home/arshan/Code/omni/cmd/main.go:39:40: expression in go must be function call
	file="/home/arshan/Code/omni/cmd/main.go"

[Error - 18:18:13] 2025/10/17 18:18:13 imports fixes: allImportsFixes: /home/arshan/Code/omni/cmd/main.go:39:44: expression in go must be function call
	file="/home/arshan/Code/omni/cmd/main.go"

[Info  - 18:18:35] 2025/10/17 18:18:35 background imports cache refresh starting

[Info  - 18:18:35] 2025/10/17 18:18:35 background refresh finished after 4.205697ms

[Info  - 18:19:05] 2025/10/17 18:19:05 background imports cache refresh starting

[Info  - 18:19:05] 2025/10/17 18:19:05 background refresh finished after 4.76505ms

[Info  - 18:19:37] 2025/10/17 18:19:37 background imports cache refresh starting

[Info  - 18:19:37] 2025/10/17 18:19:37 background refresh finished after 3.745118ms

[Info  - 18:20:12] 2025/10/17 18:20:12 background imports cache refresh starting

[Info  - 18:20:12] 2025/10/17 18:20:12 background refresh finished after 4.665631ms

[Info  - 18:23:01] 2025/10/17 18:23:01 Shutdown session
	shutdown_session=1

