[Info  - 12:41:47] 2025/10/10 12:41:47 Created View (#1)
	directory=/home/arshan/Code/gotut
	view_type="AdHoc"
	root_dir="file:///home/arshan/Code/gotut"
	go_version="go version go1.25.1 linux/amd64"
	build_flags=[]
	env={GOOS:linux GOARCH:amd64 GOCACHE:/home/arshan/.cache/go-build GOMODCACHE:/home/arshan/go/pkg/mod GOPATH:/home/arshan/go GOPRIVATE: GOFLAGS: GO111MODULE: GOTOOLCHAIN:auto GOROOT:/usr/lib/go GoVersion:25 GoVersionOutput:go version go1.25.1 linux/amd64
 ExplicitGOWORK: EffectiveGOPACKAGESDRIVER:}
	env_overlay=[]

[Info  - 12:41:47] 2025/10/10 12:41:47 go/packages.Load #1
	view_id="1"
	snapshot=0
	directory=/home/arshan/Code/gotut
	query=[./ builtin]
	packages=2
	duration=124.922342ms

[Info  - 12:42:17] 2025/10/10 12:42:17 background imports cache refresh starting

[Info  - 12:42:17] 2025/10/10 12:42:17 background refresh finished after 1.965747ms

[Info  - 12:42:47] 2025/10/10 12:42:47 Shutdown session
	shutdown_session=1

