2025-10-19 10:53:01.990 [info] Revived process, old id 1a559d47fa0d015cf38cef4db9558df6-11 -> new id 1
2025-10-19 10:53:01.990 [info] Revived process, old id 1a559d47fa0d015cf38cef4db9558df6-12 -> new id 2
2025-10-19 10:53:02.288 [info] Expanding terminal instance, old id 1a559d47fa0d015cf38cef4db9558df6-11 -> new id 1
2025-10-19 10:53:02.290 [info] Expanding terminal instance, old id 1a559d47fa0d015cf38cef4db9558df6-12 -> new id 2
2025-10-19 10:53:03.086 [warning] Persistent process "2": Process had no disconnect runners but was an orphan
2025-10-19 10:53:03.087 [info] Persistent process reconnection "2"
2025-10-19 10:53:03.087 [warning] Persistent process "1": Process had no disconnect runners but was an orphan
2025-10-19 10:53:03.087 [info] Persistent process reconnection "1"
2025-10-19 10:53:03.248 [info] Persistent process "2": Replaying 757 chars and 1 size events
2025-10-19 10:53:03.266 [info] Persistent process "1": Replaying 372 chars and 1 size events
2025-10-19 19:12:06.846 [info] Revived process, old id bd306b4bf75c1612df1200c4814549f4-7 -> new id 4
2025-10-19 19:18:58.453 [info] Revived process, old id 1a559d47fa0d015cf38cef4db9558df6-1 -> new id 6
2025-10-19 19:18:58.453 [info] Revived process, old id 1a559d47fa0d015cf38cef4db9558df6-2 -> new id 7
2025-10-19 19:18:58.525 [info] Expanding terminal instance, old id 1a559d47fa0d015cf38cef4db9558df6-1 -> new id 6
2025-10-19 19:18:58.525 [info] Expanding terminal instance, old id 1a559d47fa0d015cf38cef4db9558df6-2 -> new id 7
2025-10-19 19:18:59.365 [warning] Persistent process "6": Process had no disconnect runners but was an orphan
2025-10-19 19:18:59.365 [info] Persistent process reconnection "6"
2025-10-19 19:18:59.366 [warning] Persistent process "7": Process had no disconnect runners but was an orphan
2025-10-19 19:18:59.366 [info] Persistent process reconnection "7"
2025-10-19 19:18:59.424 [info] Persistent process "6": Replaying 499 chars and 1 size events
2025-10-19 19:18:59.465 [info] Persistent process "7": Replaying 2213 chars and 1 size events
