2025-10-13 11:03:24.742 [info] [main] Log level: Info
2025-10-13 11:03:24.742 [info] [main] Validating found git in: "git"
2025-10-13 11:03:24.742 [info] [main] Using git "2.51.0" from "git"
2025-10-13 11:03:24.742 [info] [Model][doInitialScan] Initial repository scan started
2025-10-13 11:03:24.742 [info] > git rev-parse --show-toplevel [7ms]
2025-10-13 11:03:24.742 [info] fatal: not a git repository (or any parent up to mount point /)
Stopping at filesystem boundary (GIT_DISCOVERY_ACROSS_FILESYSTEM not set).
2025-10-13 11:03:24.742 [info] > git rev-parse --show-toplevel [7ms]
2025-10-13 11:03:24.742 [info] fatal: not a git repository (or any parent up to mount point /)
Stopping at filesystem boundary (GIT_DISCOVERY_ACROSS_FILESYSTEM not set).
2025-10-13 11:03:24.742 [info] > git rev-parse --show-toplevel [1ms]
2025-10-13 11:03:24.742 [info] fatal: not a git repository (or any parent up to mount point /)
Stopping at filesystem boundary (GIT_DISCOVERY_ACROSS_FILESYSTEM not set).
2025-10-13 11:03:24.742 [info] [Model][doInitialScan] Initial repository scan completed - repositories (0), closed repositories (0), parent repositories (0), unsafe repositories (0)
2025-10-13 11:03:24.789 [info] > git rev-parse --show-toplevel [1ms]
2025-10-13 11:03:24.789 [info] fatal: not a git repository (or any parent up to mount point /)
Stopping at filesystem boundary (GIT_DISCOVERY_ACROSS_FILESYSTEM not set).
2025-10-13 11:03:24.920 [info] > git rev-parse --show-toplevel [1ms]
2025-10-13 11:03:24.920 [info] fatal: not a git repository (or any parent up to mount point /)
Stopping at filesystem boundary (GIT_DISCOVERY_ACROSS_FILESYSTEM not set).
2025-10-13 11:03:25.067 [info] > git rev-parse --show-toplevel [2ms]
2025-10-13 11:03:25.067 [info] fatal: not a git repository (or any parent up to mount point /)
Stopping at filesystem boundary (GIT_DISCOVERY_ACROSS_FILESYSTEM not set).
2025-10-13 11:03:25.455 [info] > git rev-parse --show-toplevel [14ms]
2025-10-13 11:03:25.455 [info] fatal: not a git repository (or any parent up to mount point /)
Stopping at filesystem boundary (GIT_DISCOVERY_ACROSS_FILESYSTEM not set).
2025-10-13 11:03:25.594 [info] > git rev-parse --show-toplevel [1ms]
2025-10-13 11:03:25.595 [info] fatal: not a git repository (or any parent up to mount point /)
Stopping at filesystem boundary (GIT_DISCOVERY_ACROSS_FILESYSTEM not set).
2025-10-13 11:03:26.134 [info] > git rev-parse --show-toplevel [1ms]
2025-10-13 11:03:26.134 [info] fatal: not a git repository (or any parent up to mount point /)
Stopping at filesystem boundary (GIT_DISCOVERY_ACROSS_FILESYSTEM not set).
